INFO - 2023-10-18 04:36:15 --> Session: Class initialized using 'CodeIgniter\Session\Handlers\FileHandler' driver.
INFO - 2023-10-18 07:54:06 --> Session: Class initialized using 'CodeIgniter\Session\Handlers\FileHandler' driver.
INFO - 2023-10-18 13:02:56 --> Session: Class initialized using 'CodeIgniter\Session\Handlers\FileHandler' driver.
INFO - 2023-10-18 13:45:12 --> Session: Class initialized using 'CodeIgniter\Session\Handlers\FileHandler' driver.
INFO - 2023-10-18 13:45:13 --> Session: Class initialized using 'CodeIgniter\Session\Handlers\FileHandler' driver.
INFO - 2023-10-18 13:45:35 --> Session: Class initialized using 'CodeIgniter\Session\Handlers\FileHandler' driver.
INFO - 2023-10-18 13:45:35 --> Session: Class initialized using 'CodeIgniter\Session\Handlers\FileHandler' driver.
INFO - 2023-10-18 13:45:40 --> Session: Class initialized using 'CodeIgniter\Session\Handlers\FileHandler' driver.
INFO - 2023-10-18 13:46:26 --> Session: Class initialized using 'CodeIgniter\Session\Handlers\FileHandler' driver.
INFO - 2023-10-18 13:46:26 --> Session: Class initialized using 'CodeIgniter\Session\Handlers\FileHandler' driver.
ERROR - 2023-10-18 13:46:26 --> mysqli_sql_exception: You have an error in your SQL syntax; check the manual that corresponds to your MySQL server version for the right syntax to use near 'GROUP BY a.contact_id
    ) as A' at line 5 in /home/congreg8/public_html/app.congreg8.org/system/Database/MySQLi/Connection.php:295
Stack trace:
#0 /home/congreg8/public_html/app.congreg8.org/system/Database/MySQLi/Connection.php(295): mysqli->query('SELECT count(*)...', 0)
#1 /home/congreg8/public_html/app.congreg8.org/system/Database/BaseConnection.php(691): CodeIgniter\Database\MySQLi\Connection->execute('SELECT count(*)...')
#2 /home/congreg8/public_html/app.congreg8.org/system/Database/BaseConnection.php(605): CodeIgniter\Database\BaseConnection->simpleQuery('SELECT count(*)...')
#3 /home/congreg8/public_html/app.congreg8.org/app/Helpers/custom_helper.php(353): CodeIgniter\Database\BaseConnection->query('SELECT count(*)...')
#4 /home/congreg8/public_html/app.congreg8.org/app/Controllers/Dashboard.php(63): get_All_visitors(NULL, '', '')
#5 /home/congreg8/public_html/app.congreg8.org/system/CodeIgniter.php(934): App\Controllers\Dashboard->getvalues()
#6 /home/congreg8/public_html/app.congreg8.org/system/CodeIgniter.php(499): CodeIgniter\CodeIgniter->runController(Object(App\Controllers\Dashboard))
#7 /home/congreg8/public_html/app.congreg8.org/system/CodeIgniter.php(368): CodeIgniter\CodeIgniter->handleRequest(NULL, Object(Config\Cache), false)
#8 /home/congreg8/public_html/app.congreg8.org/index.php(67): CodeIgniter\CodeIgniter->run()
#9 {main}
CRITICAL - 2023-10-18 13:46:26 --> You have an error in your SQL syntax; check the manual that corresponds to your MySQL server version for the right syntax to use near 'GROUP BY a.contact_id
    ) as A' at line 5
in SYSTEMPATH/Database/BaseConnection.php on line 645.
 1 APPPATH/Helpers/custom_helper.php(353): CodeIgniter\Database\BaseConnection->query('SELECT count(*) as cntt FROM (
        SELECT a.contact_id as cnt
        FROM `tab_attandance` a
        LEFT JOIN contacts c ON c.id = a.contact_id
        WHERE c.r_status = \'Y\' AND a.rstatus = \'Y\' AND form_type = \'Visitor\' AND a.church_id =  GROUP BY a.contact_id
    ) as A')
 2 APPPATH/Controllers/Dashboard.php(63): get_All_visitors(null, '/home/congreg8/public_html/app.congreg8.org', '/home/congreg8/public_html/app.congreg8.org')
 3 SYSTEMPATH/CodeIgniter.php(934): App\Controllers\Dashboard->getvalues()
 4 SYSTEMPATH/CodeIgniter.php(499): CodeIgniter\CodeIgniter->runController(Object(App\Controllers\Dashboard))
 5 SYSTEMPATH/CodeIgniter.php(368): CodeIgniter\CodeIgniter->handleRequest(null, Object(Config\Cache), false)
 6 FCPATH/index.php(67): CodeIgniter\CodeIgniter->run()
INFO - 2023-10-18 13:46:26 --> Session: Class initialized using 'CodeIgniter\Session\Handlers\FileHandler' driver.
INFO - 2023-10-18 13:46:32 --> Session: Class initialized using 'CodeIgniter\Session\Handlers\FileHandler' driver.
INFO - 2023-10-18 13:46:33 --> Session: Class initialized using 'CodeIgniter\Session\Handlers\FileHandler' driver.
ERROR - 2023-10-18 13:46:33 --> mysqli_sql_exception: You have an error in your SQL syntax; check the manual that corresponds to your MySQL server version for the right syntax to use near 'GROUP BY a.contact_id
    ) as A' at line 5 in /home/congreg8/public_html/app.congreg8.org/system/Database/MySQLi/Connection.php:295
Stack trace:
#0 /home/congreg8/public_html/app.congreg8.org/system/Database/MySQLi/Connection.php(295): mysqli->query('SELECT count(*)...', 0)
#1 /home/congreg8/public_html/app.congreg8.org/system/Database/BaseConnection.php(691): CodeIgniter\Database\MySQLi\Connection->execute('SELECT count(*)...')
#2 /home/congreg8/public_html/app.congreg8.org/system/Database/BaseConnection.php(605): CodeIgniter\Database\BaseConnection->simpleQuery('SELECT count(*)...')
#3 /home/congreg8/public_html/app.congreg8.org/app/Helpers/custom_helper.php(353): CodeIgniter\Database\BaseConnection->query('SELECT count(*)...')
#4 /home/congreg8/public_html/app.congreg8.org/app/Controllers/Dashboard.php(63): get_All_visitors(NULL, '', '')
#5 /home/congreg8/public_html/app.congreg8.org/system/CodeIgniter.php(934): App\Controllers\Dashboard->getvalues()
#6 /home/congreg8/public_html/app.congreg8.org/system/CodeIgniter.php(499): CodeIgniter\CodeIgniter->runController(Object(App\Controllers\Dashboard))
#7 /home/congreg8/public_html/app.congreg8.org/system/CodeIgniter.php(368): CodeIgniter\CodeIgniter->handleRequest(NULL, Object(Config\Cache), false)
#8 /home/congreg8/public_html/app.congreg8.org/index.php(67): CodeIgniter\CodeIgniter->run()
#9 {main}
CRITICAL - 2023-10-18 13:46:33 --> You have an error in your SQL syntax; check the manual that corresponds to your MySQL server version for the right syntax to use near 'GROUP BY a.contact_id
    ) as A' at line 5
in SYSTEMPATH/Database/BaseConnection.php on line 645.
 1 APPPATH/Helpers/custom_helper.php(353): CodeIgniter\Database\BaseConnection->query('SELECT count(*) as cntt FROM (
        SELECT a.contact_id as cnt
        FROM `tab_attandance` a
        LEFT JOIN contacts c ON c.id = a.contact_id
        WHERE c.r_status = \'Y\' AND a.rstatus = \'Y\' AND form_type = \'Visitor\' AND a.church_id =  GROUP BY a.contact_id
    ) as A')
 2 APPPATH/Controllers/Dashboard.php(63): get_All_visitors(null, '/home/congreg8/public_html/app.congreg8.org', '/home/congreg8/public_html/app.congreg8.org')
 3 SYSTEMPATH/CodeIgniter.php(934): App\Controllers\Dashboard->getvalues()
 4 SYSTEMPATH/CodeIgniter.php(499): CodeIgniter\CodeIgniter->runController(Object(App\Controllers\Dashboard))
 5 SYSTEMPATH/CodeIgniter.php(368): CodeIgniter\CodeIgniter->handleRequest(null, Object(Config\Cache), false)
 6 FCPATH/index.php(67): CodeIgniter\CodeIgniter->run()
INFO - 2023-10-18 13:46:33 --> Session: Class initialized using 'CodeIgniter\Session\Handlers\FileHandler' driver.
INFO - 2023-10-18 13:46:37 --> Session: Class initialized using 'CodeIgniter\Session\Handlers\FileHandler' driver.
INFO - 2023-10-18 13:46:42 --> Session: Class initialized using 'CodeIgniter\Session\Handlers\FileHandler' driver.
INFO - 2023-10-18 13:46:43 --> Session: Class initialized using 'CodeIgniter\Session\Handlers\FileHandler' driver.
ERROR - 2023-10-18 13:46:43 --> mysqli_sql_exception: You have an error in your SQL syntax; check the manual that corresponds to your MySQL server version for the right syntax to use near 'GROUP BY a.contact_id
    ) as A' at line 5 in /home/congreg8/public_html/app.congreg8.org/system/Database/MySQLi/Connection.php:295
Stack trace:
#0 /home/congreg8/public_html/app.congreg8.org/system/Database/MySQLi/Connection.php(295): mysqli->query('SELECT count(*)...', 0)
#1 /home/congreg8/public_html/app.congreg8.org/system/Database/BaseConnection.php(691): CodeIgniter\Database\MySQLi\Connection->execute('SELECT count(*)...')
#2 /home/congreg8/public_html/app.congreg8.org/system/Database/BaseConnection.php(605): CodeIgniter\Database\BaseConnection->simpleQuery('SELECT count(*)...')
#3 /home/congreg8/public_html/app.congreg8.org/app/Helpers/custom_helper.php(353): CodeIgniter\Database\BaseConnection->query('SELECT count(*)...')
#4 /home/congreg8/public_html/app.congreg8.org/app/Controllers/Dashboard.php(63): get_All_visitors(NULL, '', '')
#5 /home/congreg8/public_html/app.congreg8.org/system/CodeIgniter.php(934): App\Controllers\Dashboard->getvalues()
#6 /home/congreg8/public_html/app.congreg8.org/system/CodeIgniter.php(499): CodeIgniter\CodeIgniter->runController(Object(App\Controllers\Dashboard))
#7 /home/congreg8/public_html/app.congreg8.org/system/CodeIgniter.php(368): CodeIgniter\CodeIgniter->handleRequest(NULL, Object(Config\Cache), false)
#8 /home/congreg8/public_html/app.congreg8.org/index.php(67): CodeIgniter\CodeIgniter->run()
#9 {main}
CRITICAL - 2023-10-18 13:46:43 --> You have an error in your SQL syntax; check the manual that corresponds to your MySQL server version for the right syntax to use near 'GROUP BY a.contact_id
    ) as A' at line 5
in SYSTEMPATH/Database/BaseConnection.php on line 645.
 1 APPPATH/Helpers/custom_helper.php(353): CodeIgniter\Database\BaseConnection->query('SELECT count(*) as cntt FROM (
        SELECT a.contact_id as cnt
        FROM `tab_attandance` a
        LEFT JOIN contacts c ON c.id = a.contact_id
        WHERE c.r_status = \'Y\' AND a.rstatus = \'Y\' AND form_type = \'Visitor\' AND a.church_id =  GROUP BY a.contact_id
    ) as A')
 2 APPPATH/Controllers/Dashboard.php(63): get_All_visitors(null, '/home/congreg8/public_html/app.congreg8.org', '/home/congreg8/public_html/app.congreg8.org')
 3 SYSTEMPATH/CodeIgniter.php(934): App\Controllers\Dashboard->getvalues()
 4 SYSTEMPATH/CodeIgniter.php(499): CodeIgniter\CodeIgniter->runController(Object(App\Controllers\Dashboard))
 5 SYSTEMPATH/CodeIgniter.php(368): CodeIgniter\CodeIgniter->handleRequest(null, Object(Config\Cache), false)
 6 FCPATH/index.php(67): CodeIgniter\CodeIgniter->run()
INFO - 2023-10-18 13:46:43 --> Session: Class initialized using 'CodeIgniter\Session\Handlers\FileHandler' driver.
INFO - 2023-10-18 13:46:44 --> Session: Class initialized using 'CodeIgniter\Session\Handlers\FileHandler' driver.
INFO - 2023-10-18 13:46:45 --> Session: Class initialized using 'CodeIgniter\Session\Handlers\FileHandler' driver.
ERROR - 2023-10-18 13:46:45 --> mysqli_sql_exception: You have an error in your SQL syntax; check the manual that corresponds to your MySQL server version for the right syntax to use near 'GROUP BY a.contact_id
    ) as A' at line 5 in /home/congreg8/public_html/app.congreg8.org/system/Database/MySQLi/Connection.php:295
Stack trace:
#0 /home/congreg8/public_html/app.congreg8.org/system/Database/MySQLi/Connection.php(295): mysqli->query('SELECT count(*)...', 0)
#1 /home/congreg8/public_html/app.congreg8.org/system/Database/BaseConnection.php(691): CodeIgniter\Database\MySQLi\Connection->execute('SELECT count(*)...')
#2 /home/congreg8/public_html/app.congreg8.org/system/Database/BaseConnection.php(605): CodeIgniter\Database\BaseConnection->simpleQuery('SELECT count(*)...')
#3 /home/congreg8/public_html/app.congreg8.org/app/Helpers/custom_helper.php(353): CodeIgniter\Database\BaseConnection->query('SELECT count(*)...')
#4 /home/congreg8/public_html/app.congreg8.org/app/Controllers/Dashboard.php(63): get_All_visitors(NULL, '', '')
#5 /home/congreg8/public_html/app.congreg8.org/system/CodeIgniter.php(934): App\Controllers\Dashboard->getvalues()
#6 /home/congreg8/public_html/app.congreg8.org/system/CodeIgniter.php(499): CodeIgniter\CodeIgniter->runController(Object(App\Controllers\Dashboard))
#7 /home/congreg8/public_html/app.congreg8.org/system/CodeIgniter.php(368): CodeIgniter\CodeIgniter->handleRequest(NULL, Object(Config\Cache), false)
#8 /home/congreg8/public_html/app.congreg8.org/index.php(67): CodeIgniter\CodeIgniter->run()
#9 {main}
CRITICAL - 2023-10-18 13:46:45 --> You have an error in your SQL syntax; check the manual that corresponds to your MySQL server version for the right syntax to use near 'GROUP BY a.contact_id
    ) as A' at line 5
in SYSTEMPATH/Database/BaseConnection.php on line 645.
 1 APPPATH/Helpers/custom_helper.php(353): CodeIgniter\Database\BaseConnection->query('SELECT count(*) as cntt FROM (
        SELECT a.contact_id as cnt
        FROM `tab_attandance` a
        LEFT JOIN contacts c ON c.id = a.contact_id
        WHERE c.r_status = \'Y\' AND a.rstatus = \'Y\' AND form_type = \'Visitor\' AND a.church_id =  GROUP BY a.contact_id
    ) as A')
 2 APPPATH/Controllers/Dashboard.php(63): get_All_visitors(null, '/home/congreg8/public_html/app.congreg8.org', '/home/congreg8/public_html/app.congreg8.org')
 3 SYSTEMPATH/CodeIgniter.php(934): App\Controllers\Dashboard->getvalues()
 4 SYSTEMPATH/CodeIgniter.php(499): CodeIgniter\CodeIgniter->runController(Object(App\Controllers\Dashboard))
 5 SYSTEMPATH/CodeIgniter.php(368): CodeIgniter\CodeIgniter->handleRequest(null, Object(Config\Cache), false)
 6 FCPATH/index.php(67): CodeIgniter\CodeIgniter->run()
INFO - 2023-10-18 13:46:45 --> Session: Class initialized using 'CodeIgniter\Session\Handlers\FileHandler' driver.
INFO - 2023-10-18 13:47:02 --> Session: Class initialized using 'CodeIgniter\Session\Handlers\FileHandler' driver.
INFO - 2023-10-18 13:47:03 --> Session: Class initialized using 'CodeIgniter\Session\Handlers\FileHandler' driver.
INFO - 2023-10-18 13:52:48 --> Session: Class initialized using 'CodeIgniter\Session\Handlers\FileHandler' driver.
INFO - 2023-10-18 13:52:49 --> Session: Class initialized using 'CodeIgniter\Session\Handlers\FileHandler' driver.
ERROR - 2023-10-18 13:52:49 --> mysqli_sql_exception: You have an error in your SQL syntax; check the manual that corresponds to your MySQL server version for the right syntax to use near 'GROUP BY a.contact_id
    ) as A' at line 5 in /home/congreg8/public_html/app.congreg8.org/system/Database/MySQLi/Connection.php:295
Stack trace:
#0 /home/congreg8/public_html/app.congreg8.org/system/Database/MySQLi/Connection.php(295): mysqli->query('SELECT count(*)...', 0)
#1 /home/congreg8/public_html/app.congreg8.org/system/Database/BaseConnection.php(691): CodeIgniter\Database\MySQLi\Connection->execute('SELECT count(*)...')
#2 /home/congreg8/public_html/app.congreg8.org/system/Database/BaseConnection.php(605): CodeIgniter\Database\BaseConnection->simpleQuery('SELECT count(*)...')
#3 /home/congreg8/public_html/app.congreg8.org/app/Helpers/custom_helper.php(353): CodeIgniter\Database\BaseConnection->query('SELECT count(*)...')
#4 /home/congreg8/public_html/app.congreg8.org/app/Controllers/Dashboard.php(63): get_All_visitors(NULL, '', '')
#5 /home/congreg8/public_html/app.congreg8.org/system/CodeIgniter.php(934): App\Controllers\Dashboard->getvalues()
#6 /home/congreg8/public_html/app.congreg8.org/system/CodeIgniter.php(499): CodeIgniter\CodeIgniter->runController(Object(App\Controllers\Dashboard))
#7 /home/congreg8/public_html/app.congreg8.org/system/CodeIgniter.php(368): CodeIgniter\CodeIgniter->handleRequest(NULL, Object(Config\Cache), false)
#8 /home/congreg8/public_html/app.congreg8.org/index.php(67): CodeIgniter\CodeIgniter->run()
#9 {main}
CRITICAL - 2023-10-18 13:52:49 --> You have an error in your SQL syntax; check the manual that corresponds to your MySQL server version for the right syntax to use near 'GROUP BY a.contact_id
    ) as A' at line 5
in SYSTEMPATH/Database/BaseConnection.php on line 645.
 1 APPPATH/Helpers/custom_helper.php(353): CodeIgniter\Database\BaseConnection->query('SELECT count(*) as cntt FROM (
        SELECT a.contact_id as cnt
        FROM `tab_attandance` a
        LEFT JOIN contacts c ON c.id = a.contact_id
        WHERE c.r_status = \'Y\' AND a.rstatus = \'Y\' AND form_type = \'Visitor\' AND a.church_id =  GROUP BY a.contact_id
    ) as A')
 2 APPPATH/Controllers/Dashboard.php(63): get_All_visitors(null, '/home/congreg8/public_html/app.congreg8.org', '/home/congreg8/public_html/app.congreg8.org')
 3 SYSTEMPATH/CodeIgniter.php(934): App\Controllers\Dashboard->getvalues()
 4 SYSTEMPATH/CodeIgniter.php(499): CodeIgniter\CodeIgniter->runController(Object(App\Controllers\Dashboard))
 5 SYSTEMPATH/CodeIgniter.php(368): CodeIgniter\CodeIgniter->handleRequest(null, Object(Config\Cache), false)
 6 FCPATH/index.php(67): CodeIgniter\CodeIgniter->run()
INFO - 2023-10-18 13:52:49 --> Session: Class initialized using 'CodeIgniter\Session\Handlers\FileHandler' driver.
INFO - 2023-10-18 13:53:05 --> Session: Class initialized using 'CodeIgniter\Session\Handlers\FileHandler' driver.
INFO - 2023-10-18 13:53:05 --> Session: Class initialized using 'CodeIgniter\Session\Handlers\FileHandler' driver.
INFO - 2023-10-18 13:53:05 --> Session: Class initialized using 'CodeIgniter\Session\Handlers\FileHandler' driver.
ERROR - 2023-10-18 13:53:05 --> mysqli_sql_exception: You have an error in your SQL syntax; check the manual that corresponds to your MySQL server version for the right syntax to use near 'GROUP BY a.contact_id
    ) as A' at line 5 in /home/congreg8/public_html/app.congreg8.org/system/Database/MySQLi/Connection.php:295
Stack trace:
#0 /home/congreg8/public_html/app.congreg8.org/system/Database/MySQLi/Connection.php(295): mysqli->query('SELECT count(*)...', 0)
#1 /home/congreg8/public_html/app.congreg8.org/system/Database/BaseConnection.php(691): CodeIgniter\Database\MySQLi\Connection->execute('SELECT count(*)...')
#2 /home/congreg8/public_html/app.congreg8.org/system/Database/BaseConnection.php(605): CodeIgniter\Database\BaseConnection->simpleQuery('SELECT count(*)...')
#3 /home/congreg8/public_html/app.congreg8.org/app/Helpers/custom_helper.php(353): CodeIgniter\Database\BaseConnection->query('SELECT count(*)...')
#4 /home/congreg8/public_html/app.congreg8.org/app/Controllers/Dashboard.php(63): get_All_visitors(NULL, '', '')
#5 /home/congreg8/public_html/app.congreg8.org/system/CodeIgniter.php(934): App\Controllers\Dashboard->getvalues()
#6 /home/congreg8/public_html/app.congreg8.org/system/CodeIgniter.php(499): CodeIgniter\CodeIgniter->runController(Object(App\Controllers\Dashboard))
#7 /home/congreg8/public_html/app.congreg8.org/system/CodeIgniter.php(368): CodeIgniter\CodeIgniter->handleRequest(NULL, Object(Config\Cache), false)
#8 /home/congreg8/public_html/app.congreg8.org/index.php(67): CodeIgniter\CodeIgniter->run()
#9 {main}
CRITICAL - 2023-10-18 13:53:05 --> You have an error in your SQL syntax; check the manual that corresponds to your MySQL server version for the right syntax to use near 'GROUP BY a.contact_id
    ) as A' at line 5
in SYSTEMPATH/Database/BaseConnection.php on line 645.
 1 APPPATH/Helpers/custom_helper.php(353): CodeIgniter\Database\BaseConnection->query('SELECT count(*) as cntt FROM (
        SELECT a.contact_id as cnt
        FROM `tab_attandance` a
        LEFT JOIN contacts c ON c.id = a.contact_id
        WHERE c.r_status = \'Y\' AND a.rstatus = \'Y\' AND form_type = \'Visitor\' AND a.church_id =  GROUP BY a.contact_id
    ) as A')
 2 APPPATH/Controllers/Dashboard.php(63): get_All_visitors(null, '/home/congreg8/public_html/app.congreg8.org', '/home/congreg8/public_html/app.congreg8.org')
 3 SYSTEMPATH/CodeIgniter.php(934): App\Controllers\Dashboard->getvalues()
 4 SYSTEMPATH/CodeIgniter.php(499): CodeIgniter\CodeIgniter->runController(Object(App\Controllers\Dashboard))
 5 SYSTEMPATH/CodeIgniter.php(368): CodeIgniter\CodeIgniter->handleRequest(null, Object(Config\Cache), false)
 6 FCPATH/index.php(67): CodeIgniter\CodeIgniter->run()
INFO - 2023-10-18 13:53:35 --> Session: Class initialized using 'CodeIgniter\Session\Handlers\FileHandler' driver.
INFO - 2023-10-18 13:53:35 --> Session: Class initialized using 'CodeIgniter\Session\Handlers\FileHandler' driver.
ERROR - 2023-10-18 13:53:35 --> mysqli_sql_exception: You have an error in your SQL syntax; check the manual that corresponds to your MySQL server version for the right syntax to use near 'GROUP BY a.contact_id
    ) as A' at line 5 in /home/congreg8/public_html/app.congreg8.org/system/Database/MySQLi/Connection.php:295
Stack trace:
#0 /home/congreg8/public_html/app.congreg8.org/system/Database/MySQLi/Connection.php(295): mysqli->query('SELECT count(*)...', 0)
#1 /home/congreg8/public_html/app.congreg8.org/system/Database/BaseConnection.php(691): CodeIgniter\Database\MySQLi\Connection->execute('SELECT count(*)...')
#2 /home/congreg8/public_html/app.congreg8.org/system/Database/BaseConnection.php(605): CodeIgniter\Database\BaseConnection->simpleQuery('SELECT count(*)...')
#3 /home/congreg8/public_html/app.congreg8.org/app/Helpers/custom_helper.php(353): CodeIgniter\Database\BaseConnection->query('SELECT count(*)...')
#4 /home/congreg8/public_html/app.congreg8.org/app/Controllers/Dashboard.php(63): get_All_visitors(NULL, '', '')
#5 /home/congreg8/public_html/app.congreg8.org/system/CodeIgniter.php(934): App\Controllers\Dashboard->getvalues()
#6 /home/congreg8/public_html/app.congreg8.org/system/CodeIgniter.php(499): CodeIgniter\CodeIgniter->runController(Object(App\Controllers\Dashboard))
#7 /home/congreg8/public_html/app.congreg8.org/system/CodeIgniter.php(368): CodeIgniter\CodeIgniter->handleRequest(NULL, Object(Config\Cache), false)
#8 /home/congreg8/public_html/app.congreg8.org/index.php(67): CodeIgniter\CodeIgniter->run()
#9 {main}
CRITICAL - 2023-10-18 13:53:35 --> You have an error in your SQL syntax; check the manual that corresponds to your MySQL server version for the right syntax to use near 'GROUP BY a.contact_id
    ) as A' at line 5
in SYSTEMPATH/Database/BaseConnection.php on line 645.
 1 APPPATH/Helpers/custom_helper.php(353): CodeIgniter\Database\BaseConnection->query('SELECT count(*) as cntt FROM (
        SELECT a.contact_id as cnt
        FROM `tab_attandance` a
        LEFT JOIN contacts c ON c.id = a.contact_id
        WHERE c.r_status = \'Y\' AND a.rstatus = \'Y\' AND form_type = \'Visitor\' AND a.church_id =  GROUP BY a.contact_id
    ) as A')
 2 APPPATH/Controllers/Dashboard.php(63): get_All_visitors(null, '/home/congreg8/public_html/app.congreg8.org', '/home/congreg8/public_html/app.congreg8.org')
 3 SYSTEMPATH/CodeIgniter.php(934): App\Controllers\Dashboard->getvalues()
 4 SYSTEMPATH/CodeIgniter.php(499): CodeIgniter\CodeIgniter->runController(Object(App\Controllers\Dashboard))
 5 SYSTEMPATH/CodeIgniter.php(368): CodeIgniter\CodeIgniter->handleRequest(null, Object(Config\Cache), false)
 6 FCPATH/index.php(67): CodeIgniter\CodeIgniter->run()
INFO - 2023-10-18 13:53:35 --> Session: Class initialized using 'CodeIgniter\Session\Handlers\FileHandler' driver.
INFO - 2023-10-18 13:53:39 --> Session: Class initialized using 'CodeIgniter\Session\Handlers\FileHandler' driver.
INFO - 2023-10-18 13:53:40 --> Session: Class initialized using 'CodeIgniter\Session\Handlers\FileHandler' driver.
ERROR - 2023-10-18 13:53:40 --> mysqli_sql_exception: You have an error in your SQL syntax; check the manual that corresponds to your MySQL server version for the right syntax to use near 'GROUP BY a.contact_id
    ) as A' at line 5 in /home/congreg8/public_html/app.congreg8.org/system/Database/MySQLi/Connection.php:295
Stack trace:
#0 /home/congreg8/public_html/app.congreg8.org/system/Database/MySQLi/Connection.php(295): mysqli->query('SELECT count(*)...', 0)
#1 /home/congreg8/public_html/app.congreg8.org/system/Database/BaseConnection.php(691): CodeIgniter\Database\MySQLi\Connection->execute('SELECT count(*)...')
#2 /home/congreg8/public_html/app.congreg8.org/system/Database/BaseConnection.php(605): CodeIgniter\Database\BaseConnection->simpleQuery('SELECT count(*)...')
#3 /home/congreg8/public_html/app.congreg8.org/app/Helpers/custom_helper.php(353): CodeIgniter\Database\BaseConnection->query('SELECT count(*)...')
#4 /home/congreg8/public_html/app.congreg8.org/app/Controllers/Dashboard.php(63): get_All_visitors(NULL, '', '')
#5 /home/congreg8/public_html/app.congreg8.org/system/CodeIgniter.php(934): App\Controllers\Dashboard->getvalues()
#6 /home/congreg8/public_html/app.congreg8.org/system/CodeIgniter.php(499): CodeIgniter\CodeIgniter->runController(Object(App\Controllers\Dashboard))
#7 /home/congreg8/public_html/app.congreg8.org/system/CodeIgniter.php(368): CodeIgniter\CodeIgniter->handleRequest(NULL, Object(Config\Cache), false)
#8 /home/congreg8/public_html/app.congreg8.org/index.php(67): CodeIgniter\CodeIgniter->run()
#9 {main}
CRITICAL - 2023-10-18 13:53:40 --> You have an error in your SQL syntax; check the manual that corresponds to your MySQL server version for the right syntax to use near 'GROUP BY a.contact_id
    ) as A' at line 5
in SYSTEMPATH/Database/BaseConnection.php on line 645.
 1 APPPATH/Helpers/custom_helper.php(353): CodeIgniter\Database\BaseConnection->query('SELECT count(*) as cntt FROM (
        SELECT a.contact_id as cnt
        FROM `tab_attandance` a
        LEFT JOIN contacts c ON c.id = a.contact_id
        WHERE c.r_status = \'Y\' AND a.rstatus = \'Y\' AND form_type = \'Visitor\' AND a.church_id =  GROUP BY a.contact_id
    ) as A')
 2 APPPATH/Controllers/Dashboard.php(63): get_All_visitors(null, '/home/congreg8/public_html/app.congreg8.org', '/home/congreg8/public_html/app.congreg8.org')
 3 SYSTEMPATH/CodeIgniter.php(934): App\Controllers\Dashboard->getvalues()
 4 SYSTEMPATH/CodeIgniter.php(499): CodeIgniter\CodeIgniter->runController(Object(App\Controllers\Dashboard))
 5 SYSTEMPATH/CodeIgniter.php(368): CodeIgniter\CodeIgniter->handleRequest(null, Object(Config\Cache), false)
 6 FCPATH/index.php(67): CodeIgniter\CodeIgniter->run()
INFO - 2023-10-18 13:53:40 --> Session: Class initialized using 'CodeIgniter\Session\Handlers\FileHandler' driver.
INFO - 2023-10-18 13:53:48 --> Session: Class initialized using 'CodeIgniter\Session\Handlers\FileHandler' driver.
INFO - 2023-10-18 13:53:49 --> Session: Class initialized using 'CodeIgniter\Session\Handlers\FileHandler' driver.
ERROR - 2023-10-18 13:53:49 --> mysqli_sql_exception: You have an error in your SQL syntax; check the manual that corresponds to your MySQL server version for the right syntax to use near 'GROUP BY a.contact_id
    ) as A' at line 5 in /home/congreg8/public_html/app.congreg8.org/system/Database/MySQLi/Connection.php:295
Stack trace:
#0 /home/congreg8/public_html/app.congreg8.org/system/Database/MySQLi/Connection.php(295): mysqli->query('SELECT count(*)...', 0)
#1 /home/congreg8/public_html/app.congreg8.org/system/Database/BaseConnection.php(691): CodeIgniter\Database\MySQLi\Connection->execute('SELECT count(*)...')
#2 /home/congreg8/public_html/app.congreg8.org/system/Database/BaseConnection.php(605): CodeIgniter\Database\BaseConnection->simpleQuery('SELECT count(*)...')
#3 /home/congreg8/public_html/app.congreg8.org/app/Helpers/custom_helper.php(353): CodeIgniter\Database\BaseConnection->query('SELECT count(*)...')
#4 /home/congreg8/public_html/app.congreg8.org/app/Controllers/Dashboard.php(63): get_All_visitors(NULL, '', '')
#5 /home/congreg8/public_html/app.congreg8.org/system/CodeIgniter.php(934): App\Controllers\Dashboard->getvalues()
#6 /home/congreg8/public_html/app.congreg8.org/system/CodeIgniter.php(499): CodeIgniter\CodeIgniter->runController(Object(App\Controllers\Dashboard))
#7 /home/congreg8/public_html/app.congreg8.org/system/CodeIgniter.php(368): CodeIgniter\CodeIgniter->handleRequest(NULL, Object(Config\Cache), false)
#8 /home/congreg8/public_html/app.congreg8.org/index.php(67): CodeIgniter\CodeIgniter->run()
#9 {main}
CRITICAL - 2023-10-18 13:53:49 --> You have an error in your SQL syntax; check the manual that corresponds to your MySQL server version for the right syntax to use near 'GROUP BY a.contact_id
    ) as A' at line 5
in SYSTEMPATH/Database/BaseConnection.php on line 645.
 1 APPPATH/Helpers/custom_helper.php(353): CodeIgniter\Database\BaseConnection->query('SELECT count(*) as cntt FROM (
        SELECT a.contact_id as cnt
        FROM `tab_attandance` a
        LEFT JOIN contacts c ON c.id = a.contact_id
        WHERE c.r_status = \'Y\' AND a.rstatus = \'Y\' AND form_type = \'Visitor\' AND a.church_id =  GROUP BY a.contact_id
    ) as A')
 2 APPPATH/Controllers/Dashboard.php(63): get_All_visitors(null, '/home/congreg8/public_html/app.congreg8.org', '/home/congreg8/public_html/app.congreg8.org')
 3 SYSTEMPATH/CodeIgniter.php(934): App\Controllers\Dashboard->getvalues()
 4 SYSTEMPATH/CodeIgniter.php(499): CodeIgniter\CodeIgniter->runController(Object(App\Controllers\Dashboard))
 5 SYSTEMPATH/CodeIgniter.php(368): CodeIgniter\CodeIgniter->handleRequest(null, Object(Config\Cache), false)
 6 FCPATH/index.php(67): CodeIgniter\CodeIgniter->run()
INFO - 2023-10-18 13:53:49 --> Session: Class initialized using 'CodeIgniter\Session\Handlers\FileHandler' driver.
INFO - 2023-10-18 13:53:53 --> Session: Class initialized using 'CodeIgniter\Session\Handlers\FileHandler' driver.
INFO - 2023-10-18 13:53:54 --> Session: Class initialized using 'CodeIgniter\Session\Handlers\FileHandler' driver.
ERROR - 2023-10-18 13:53:54 --> mysqli_sql_exception: You have an error in your SQL syntax; check the manual that corresponds to your MySQL server version for the right syntax to use near 'GROUP BY a.contact_id
    ) as A' at line 5 in /home/congreg8/public_html/app.congreg8.org/system/Database/MySQLi/Connection.php:295
Stack trace:
#0 /home/congreg8/public_html/app.congreg8.org/system/Database/MySQLi/Connection.php(295): mysqli->query('SELECT count(*)...', 0)
#1 /home/congreg8/public_html/app.congreg8.org/system/Database/BaseConnection.php(691): CodeIgniter\Database\MySQLi\Connection->execute('SELECT count(*)...')
#2 /home/congreg8/public_html/app.congreg8.org/system/Database/BaseConnection.php(605): CodeIgniter\Database\BaseConnection->simpleQuery('SELECT count(*)...')
#3 /home/congreg8/public_html/app.congreg8.org/app/Helpers/custom_helper.php(353): CodeIgniter\Database\BaseConnection->query('SELECT count(*)...')
#4 /home/congreg8/public_html/app.congreg8.org/app/Controllers/Dashboard.php(63): get_All_visitors(NULL, '', '')
#5 /home/congreg8/public_html/app.congreg8.org/system/CodeIgniter.php(934): App\Controllers\Dashboard->getvalues()
#6 /home/congreg8/public_html/app.congreg8.org/system/CodeIgniter.php(499): CodeIgniter\CodeIgniter->runController(Object(App\Controllers\Dashboard))
#7 /home/congreg8/public_html/app.congreg8.org/system/CodeIgniter.php(368): CodeIgniter\CodeIgniter->handleRequest(NULL, Object(Config\Cache), false)
#8 /home/congreg8/public_html/app.congreg8.org/index.php(67): CodeIgniter\CodeIgniter->run()
#9 {main}
CRITICAL - 2023-10-18 13:53:54 --> You have an error in your SQL syntax; check the manual that corresponds to your MySQL server version for the right syntax to use near 'GROUP BY a.contact_id
    ) as A' at line 5
in SYSTEMPATH/Database/BaseConnection.php on line 645.
 1 APPPATH/Helpers/custom_helper.php(353): CodeIgniter\Database\BaseConnection->query('SELECT count(*) as cntt FROM (
        SELECT a.contact_id as cnt
        FROM `tab_attandance` a
        LEFT JOIN contacts c ON c.id = a.contact_id
        WHERE c.r_status = \'Y\' AND a.rstatus = \'Y\' AND form_type = \'Visitor\' AND a.church_id =  GROUP BY a.contact_id
    ) as A')
 2 APPPATH/Controllers/Dashboard.php(63): get_All_visitors(null, '/home/congreg8/public_html/app.congreg8.org', '/home/congreg8/public_html/app.congreg8.org')
 3 SYSTEMPATH/CodeIgniter.php(934): App\Controllers\Dashboard->getvalues()
 4 SYSTEMPATH/CodeIgniter.php(499): CodeIgniter\CodeIgniter->runController(Object(App\Controllers\Dashboard))
 5 SYSTEMPATH/CodeIgniter.php(368): CodeIgniter\CodeIgniter->handleRequest(null, Object(Config\Cache), false)
 6 FCPATH/index.php(67): CodeIgniter\CodeIgniter->run()
INFO - 2023-10-18 14:05:41 --> Session: Class initialized using 'CodeIgniter\Session\Handlers\FileHandler' driver.
INFO - 2023-10-18 14:05:41 --> Session: Class initialized using 'CodeIgniter\Session\Handlers\FileHandler' driver.
ERROR - 2023-10-18 14:05:41 --> mysqli_sql_exception: You have an error in your SQL syntax; check the manual that corresponds to your MySQL server version for the right syntax to use near 'GROUP BY a.contact_id
    ) as A' at line 5 in /home/congreg8/public_html/app.congreg8.org/system/Database/MySQLi/Connection.php:295
Stack trace:
#0 /home/congreg8/public_html/app.congreg8.org/system/Database/MySQLi/Connection.php(295): mysqli->query('SELECT count(*)...', 0)
#1 /home/congreg8/public_html/app.congreg8.org/system/Database/BaseConnection.php(691): CodeIgniter\Database\MySQLi\Connection->execute('SELECT count(*)...')
#2 /home/congreg8/public_html/app.congreg8.org/system/Database/BaseConnection.php(605): CodeIgniter\Database\BaseConnection->simpleQuery('SELECT count(*)...')
#3 /home/congreg8/public_html/app.congreg8.org/app/Helpers/custom_helper.php(353): CodeIgniter\Database\BaseConnection->query('SELECT count(*)...')
#4 /home/congreg8/public_html/app.congreg8.org/app/Controllers/Dashboard.php(63): get_All_visitors(NULL, '', '')
#5 /home/congreg8/public_html/app.congreg8.org/system/CodeIgniter.php(934): App\Controllers\Dashboard->getvalues()
#6 /home/congreg8/public_html/app.congreg8.org/system/CodeIgniter.php(499): CodeIgniter\CodeIgniter->runController(Object(App\Controllers\Dashboard))
#7 /home/congreg8/public_html/app.congreg8.org/system/CodeIgniter.php(368): CodeIgniter\CodeIgniter->handleRequest(NULL, Object(Config\Cache), false)
#8 /home/congreg8/public_html/app.congreg8.org/index.php(67): CodeIgniter\CodeIgniter->run()
#9 {main}
CRITICAL - 2023-10-18 14:05:41 --> You have an error in your SQL syntax; check the manual that corresponds to your MySQL server version for the right syntax to use near 'GROUP BY a.contact_id
    ) as A' at line 5
in SYSTEMPATH/Database/BaseConnection.php on line 645.
 1 APPPATH/Helpers/custom_helper.php(353): CodeIgniter\Database\BaseConnection->query('SELECT count(*) as cntt FROM (
        SELECT a.contact_id as cnt
        FROM `tab_attandance` a
        LEFT JOIN contacts c ON c.id = a.contact_id
        WHERE c.r_status = \'Y\' AND a.rstatus = \'Y\' AND form_type = \'Visitor\' AND a.church_id =  GROUP BY a.contact_id
    ) as A')
 2 APPPATH/Controllers/Dashboard.php(63): get_All_visitors(null, '/home/congreg8/public_html/app.congreg8.org', '/home/congreg8/public_html/app.congreg8.org')
 3 SYSTEMPATH/CodeIgniter.php(934): App\Controllers\Dashboard->getvalues()
 4 SYSTEMPATH/CodeIgniter.php(499): CodeIgniter\CodeIgniter->runController(Object(App\Controllers\Dashboard))
 5 SYSTEMPATH/CodeIgniter.php(368): CodeIgniter\CodeIgniter->handleRequest(null, Object(Config\Cache), false)
 6 FCPATH/index.php(67): CodeIgniter\CodeIgniter->run()
INFO - 2023-10-18 14:05:41 --> Session: Class initialized using 'CodeIgniter\Session\Handlers\FileHandler' driver.
INFO - 2023-10-18 14:05:53 --> Session: Class initialized using 'CodeIgniter\Session\Handlers\FileHandler' driver.
INFO - 2023-10-18 14:05:53 --> Session: Class initialized using 'CodeIgniter\Session\Handlers\FileHandler' driver.
ERROR - 2023-10-18 14:05:53 --> mysqli_sql_exception: You have an error in your SQL syntax; check the manual that corresponds to your MySQL server version for the right syntax to use near 'GROUP BY a.contact_id
    ) as A' at line 5 in /home/congreg8/public_html/app.congreg8.org/system/Database/MySQLi/Connection.php:295
Stack trace:
#0 /home/congreg8/public_html/app.congreg8.org/system/Database/MySQLi/Connection.php(295): mysqli->query('SELECT count(*)...', 0)
#1 /home/congreg8/public_html/app.congreg8.org/system/Database/BaseConnection.php(691): CodeIgniter\Database\MySQLi\Connection->execute('SELECT count(*)...')
#2 /home/congreg8/public_html/app.congreg8.org/system/Database/BaseConnection.php(605): CodeIgniter\Database\BaseConnection->simpleQuery('SELECT count(*)...')
#3 /home/congreg8/public_html/app.congreg8.org/app/Helpers/custom_helper.php(353): CodeIgniter\Database\BaseConnection->query('SELECT count(*)...')
#4 /home/congreg8/public_html/app.congreg8.org/app/Controllers/Dashboard.php(63): get_All_visitors(NULL, '', '')
#5 /home/congreg8/public_html/app.congreg8.org/system/CodeIgniter.php(934): App\Controllers\Dashboard->getvalues()
#6 /home/congreg8/public_html/app.congreg8.org/system/CodeIgniter.php(499): CodeIgniter\CodeIgniter->runController(Object(App\Controllers\Dashboard))
#7 /home/congreg8/public_html/app.congreg8.org/system/CodeIgniter.php(368): CodeIgniter\CodeIgniter->handleRequest(NULL, Object(Config\Cache), false)
#8 /home/congreg8/public_html/app.congreg8.org/index.php(67): CodeIgniter\CodeIgniter->run()
#9 {main}
CRITICAL - 2023-10-18 14:05:53 --> You have an error in your SQL syntax; check the manual that corresponds to your MySQL server version for the right syntax to use near 'GROUP BY a.contact_id
    ) as A' at line 5
in SYSTEMPATH/Database/BaseConnection.php on line 645.
 1 APPPATH/Helpers/custom_helper.php(353): CodeIgniter\Database\BaseConnection->query('SELECT count(*) as cntt FROM (
        SELECT a.contact_id as cnt
        FROM `tab_attandance` a
        LEFT JOIN contacts c ON c.id = a.contact_id
        WHERE c.r_status = \'Y\' AND a.rstatus = \'Y\' AND form_type = \'Visitor\' AND a.church_id =  GROUP BY a.contact_id
    ) as A')
 2 APPPATH/Controllers/Dashboard.php(63): get_All_visitors(null, '/home/congreg8/public_html/app.congreg8.org', '/home/congreg8/public_html/app.congreg8.org')
 3 SYSTEMPATH/CodeIgniter.php(934): App\Controllers\Dashboard->getvalues()
 4 SYSTEMPATH/CodeIgniter.php(499): CodeIgniter\CodeIgniter->runController(Object(App\Controllers\Dashboard))
 5 SYSTEMPATH/CodeIgniter.php(368): CodeIgniter\CodeIgniter->handleRequest(null, Object(Config\Cache), false)
 6 FCPATH/index.php(67): CodeIgniter\CodeIgniter->run()
INFO - 2023-10-18 14:05:56 --> Session: Class initialized using 'CodeIgniter\Session\Handlers\FileHandler' driver.
INFO - 2023-10-18 14:05:56 --> Session: Class initialized using 'CodeIgniter\Session\Handlers\FileHandler' driver.
INFO - 2023-10-18 14:05:56 --> Session: Class initialized using 'CodeIgniter\Session\Handlers\FileHandler' driver.
ERROR - 2023-10-18 14:05:56 --> mysqli_sql_exception: You have an error in your SQL syntax; check the manual that corresponds to your MySQL server version for the right syntax to use near 'GROUP BY a.contact_id
    ) as A' at line 5 in /home/congreg8/public_html/app.congreg8.org/system/Database/MySQLi/Connection.php:295
Stack trace:
#0 /home/congreg8/public_html/app.congreg8.org/system/Database/MySQLi/Connection.php(295): mysqli->query('SELECT count(*)...', 0)
#1 /home/congreg8/public_html/app.congreg8.org/system/Database/BaseConnection.php(691): CodeIgniter\Database\MySQLi\Connection->execute('SELECT count(*)...')
#2 /home/congreg8/public_html/app.congreg8.org/system/Database/BaseConnection.php(605): CodeIgniter\Database\BaseConnection->simpleQuery('SELECT count(*)...')
#3 /home/congreg8/public_html/app.congreg8.org/app/Helpers/custom_helper.php(353): CodeIgniter\Database\BaseConnection->query('SELECT count(*)...')
#4 /home/congreg8/public_html/app.congreg8.org/app/Controllers/Dashboard.php(63): get_All_visitors(NULL, '', '')
#5 /home/congreg8/public_html/app.congreg8.org/system/CodeIgniter.php(934): App\Controllers\Dashboard->getvalues()
#6 /home/congreg8/public_html/app.congreg8.org/system/CodeIgniter.php(499): CodeIgniter\CodeIgniter->runController(Object(App\Controllers\Dashboard))
#7 /home/congreg8/public_html/app.congreg8.org/system/CodeIgniter.php(368): CodeIgniter\CodeIgniter->handleRequest(NULL, Object(Config\Cache), false)
#8 /home/congreg8/public_html/app.congreg8.org/index.php(67): CodeIgniter\CodeIgniter->run()
#9 {main}
CRITICAL - 2023-10-18 14:05:56 --> You have an error in your SQL syntax; check the manual that corresponds to your MySQL server version for the right syntax to use near 'GROUP BY a.contact_id
    ) as A' at line 5
in SYSTEMPATH/Database/BaseConnection.php on line 645.
 1 APPPATH/Helpers/custom_helper.php(353): CodeIgniter\Database\BaseConnection->query('SELECT count(*) as cntt FROM (
        SELECT a.contact_id as cnt
        FROM `tab_attandance` a
        LEFT JOIN contacts c ON c.id = a.contact_id
        WHERE c.r_status = \'Y\' AND a.rstatus = \'Y\' AND form_type = \'Visitor\' AND a.church_id =  GROUP BY a.contact_id
    ) as A')
 2 APPPATH/Controllers/Dashboard.php(63): get_All_visitors(null, '/home/congreg8/public_html/app.congreg8.org', '/home/congreg8/public_html/app.congreg8.org')
 3 SYSTEMPATH/CodeIgniter.php(934): App\Controllers\Dashboard->getvalues()
 4 SYSTEMPATH/CodeIgniter.php(499): CodeIgniter\CodeIgniter->runController(Object(App\Controllers\Dashboard))
 5 SYSTEMPATH/CodeIgniter.php(368): CodeIgniter\CodeIgniter->handleRequest(null, Object(Config\Cache), false)
 6 FCPATH/index.php(67): CodeIgniter\CodeIgniter->run()
INFO - 2023-10-18 14:05:56 --> Session: Class initialized using 'CodeIgniter\Session\Handlers\FileHandler' driver.
INFO - 2023-10-18 14:06:06 --> Session: Class initialized using 'CodeIgniter\Session\Handlers\FileHandler' driver.
INFO - 2023-10-18 14:06:06 --> Session: Class initialized using 'CodeIgniter\Session\Handlers\FileHandler' driver.
ERROR - 2023-10-18 14:06:07 --> mysqli_sql_exception: You have an error in your SQL syntax; check the manual that corresponds to your MySQL server version for the right syntax to use near 'GROUP BY a.contact_id
    ) as A' at line 5 in /home/congreg8/public_html/app.congreg8.org/system/Database/MySQLi/Connection.php:295
Stack trace:
#0 /home/congreg8/public_html/app.congreg8.org/system/Database/MySQLi/Connection.php(295): mysqli->query('SELECT count(*)...', 0)
#1 /home/congreg8/public_html/app.congreg8.org/system/Database/BaseConnection.php(691): CodeIgniter\Database\MySQLi\Connection->execute('SELECT count(*)...')
#2 /home/congreg8/public_html/app.congreg8.org/system/Database/BaseConnection.php(605): CodeIgniter\Database\BaseConnection->simpleQuery('SELECT count(*)...')
#3 /home/congreg8/public_html/app.congreg8.org/app/Helpers/custom_helper.php(353): CodeIgniter\Database\BaseConnection->query('SELECT count(*)...')
#4 /home/congreg8/public_html/app.congreg8.org/app/Controllers/Dashboard.php(63): get_All_visitors(NULL, '', '')
#5 /home/congreg8/public_html/app.congreg8.org/system/CodeIgniter.php(934): App\Controllers\Dashboard->getvalues()
#6 /home/congreg8/public_html/app.congreg8.org/system/CodeIgniter.php(499): CodeIgniter\CodeIgniter->runController(Object(App\Controllers\Dashboard))
#7 /home/congreg8/public_html/app.congreg8.org/system/CodeIgniter.php(368): CodeIgniter\CodeIgniter->handleRequest(NULL, Object(Config\Cache), false)
#8 /home/congreg8/public_html/app.congreg8.org/index.php(67): CodeIgniter\CodeIgniter->run()
#9 {main}
CRITICAL - 2023-10-18 14:06:07 --> You have an error in your SQL syntax; check the manual that corresponds to your MySQL server version for the right syntax to use near 'GROUP BY a.contact_id
    ) as A' at line 5
in SYSTEMPATH/Database/BaseConnection.php on line 645.
 1 APPPATH/Helpers/custom_helper.php(353): CodeIgniter\Database\BaseConnection->query('SELECT count(*) as cntt FROM (
        SELECT a.contact_id as cnt
        FROM `tab_attandance` a
        LEFT JOIN contacts c ON c.id = a.contact_id
        WHERE c.r_status = \'Y\' AND a.rstatus = \'Y\' AND form_type = \'Visitor\' AND a.church_id =  GROUP BY a.contact_id
    ) as A')
 2 APPPATH/Controllers/Dashboard.php(63): get_All_visitors(null, '/home/congreg8/public_html/app.congreg8.org', '/home/congreg8/public_html/app.congreg8.org')
 3 SYSTEMPATH/CodeIgniter.php(934): App\Controllers\Dashboard->getvalues()
 4 SYSTEMPATH/CodeIgniter.php(499): CodeIgniter\CodeIgniter->runController(Object(App\Controllers\Dashboard))
 5 SYSTEMPATH/CodeIgniter.php(368): CodeIgniter\CodeIgniter->handleRequest(null, Object(Config\Cache), false)
 6 FCPATH/index.php(67): CodeIgniter\CodeIgniter->run()
INFO - 2023-10-18 14:06:56 --> Session: Class initialized using 'CodeIgniter\Session\Handlers\FileHandler' driver.
INFO - 2023-10-18 14:06:56 --> Session: Class initialized using 'CodeIgniter\Session\Handlers\FileHandler' driver.
INFO - 2023-10-18 14:06:57 --> Session: Class initialized using 'CodeIgniter\Session\Handlers\FileHandler' driver.
ERROR - 2023-10-18 14:06:57 --> mysqli_sql_exception: You have an error in your SQL syntax; check the manual that corresponds to your MySQL server version for the right syntax to use near 'GROUP BY a.contact_id
    ) as A' at line 5 in /home/congreg8/public_html/app.congreg8.org/system/Database/MySQLi/Connection.php:295
Stack trace:
#0 /home/congreg8/public_html/app.congreg8.org/system/Database/MySQLi/Connection.php(295): mysqli->query('SELECT count(*)...', 0)
#1 /home/congreg8/public_html/app.congreg8.org/system/Database/BaseConnection.php(691): CodeIgniter\Database\MySQLi\Connection->execute('SELECT count(*)...')
#2 /home/congreg8/public_html/app.congreg8.org/system/Database/BaseConnection.php(605): CodeIgniter\Database\BaseConnection->simpleQuery('SELECT count(*)...')
#3 /home/congreg8/public_html/app.congreg8.org/app/Helpers/custom_helper.php(353): CodeIgniter\Database\BaseConnection->query('SELECT count(*)...')
#4 /home/congreg8/public_html/app.congreg8.org/app/Controllers/Dashboard.php(63): get_All_visitors(NULL, '', '')
#5 /home/congreg8/public_html/app.congreg8.org/system/CodeIgniter.php(934): App\Controllers\Dashboard->getvalues()
#6 /home/congreg8/public_html/app.congreg8.org/system/CodeIgniter.php(499): CodeIgniter\CodeIgniter->runController(Object(App\Controllers\Dashboard))
#7 /home/congreg8/public_html/app.congreg8.org/system/CodeIgniter.php(368): CodeIgniter\CodeIgniter->handleRequest(NULL, Object(Config\Cache), false)
#8 /home/congreg8/public_html/app.congreg8.org/index.php(67): CodeIgniter\CodeIgniter->run()
#9 {main}
CRITICAL - 2023-10-18 14:06:57 --> You have an error in your SQL syntax; check the manual that corresponds to your MySQL server version for the right syntax to use near 'GROUP BY a.contact_id
    ) as A' at line 5
in SYSTEMPATH/Database/BaseConnection.php on line 645.
 1 APPPATH/Helpers/custom_helper.php(353): CodeIgniter\Database\BaseConnection->query('SELECT count(*) as cntt FROM (
        SELECT a.contact_id as cnt
        FROM `tab_attandance` a
        LEFT JOIN contacts c ON c.id = a.contact_id
        WHERE c.r_status = \'Y\' AND a.rstatus = \'Y\' AND form_type = \'Visitor\' AND a.church_id =  GROUP BY a.contact_id
    ) as A')
 2 APPPATH/Controllers/Dashboard.php(63): get_All_visitors(null, '/home/congreg8/public_html/app.congreg8.org', '/home/congreg8/public_html/app.congreg8.org')
 3 SYSTEMPATH/CodeIgniter.php(934): App\Controllers\Dashboard->getvalues()
 4 SYSTEMPATH/CodeIgniter.php(499): CodeIgniter\CodeIgniter->runController(Object(App\Controllers\Dashboard))
 5 SYSTEMPATH/CodeIgniter.php(368): CodeIgniter\CodeIgniter->handleRequest(null, Object(Config\Cache), false)
 6 FCPATH/index.php(67): CodeIgniter\CodeIgniter->run()
INFO - 2023-10-18 14:06:57 --> Session: Class initialized using 'CodeIgniter\Session\Handlers\FileHandler' driver.
INFO - 2023-10-18 14:07:00 --> Session: Class initialized using 'CodeIgniter\Session\Handlers\FileHandler' driver.
INFO - 2023-10-18 14:07:01 --> Session: Class initialized using 'CodeIgniter\Session\Handlers\FileHandler' driver.
ERROR - 2023-10-18 14:07:01 --> mysqli_sql_exception: You have an error in your SQL syntax; check the manual that corresponds to your MySQL server version for the right syntax to use near 'GROUP BY a.contact_id
    ) as A' at line 5 in /home/congreg8/public_html/app.congreg8.org/system/Database/MySQLi/Connection.php:295
Stack trace:
#0 /home/congreg8/public_html/app.congreg8.org/system/Database/MySQLi/Connection.php(295): mysqli->query('SELECT count(*)...', 0)
#1 /home/congreg8/public_html/app.congreg8.org/system/Database/BaseConnection.php(691): CodeIgniter\Database\MySQLi\Connection->execute('SELECT count(*)...')
#2 /home/congreg8/public_html/app.congreg8.org/system/Database/BaseConnection.php(605): CodeIgniter\Database\BaseConnection->simpleQuery('SELECT count(*)...')
#3 /home/congreg8/public_html/app.congreg8.org/app/Helpers/custom_helper.php(353): CodeIgniter\Database\BaseConnection->query('SELECT count(*)...')
#4 /home/congreg8/public_html/app.congreg8.org/app/Controllers/Dashboard.php(63): get_All_visitors(NULL, '', '')
#5 /home/congreg8/public_html/app.congreg8.org/system/CodeIgniter.php(934): App\Controllers\Dashboard->getvalues()
#6 /home/congreg8/public_html/app.congreg8.org/system/CodeIgniter.php(499): CodeIgniter\CodeIgniter->runController(Object(App\Controllers\Dashboard))
#7 /home/congreg8/public_html/app.congreg8.org/system/CodeIgniter.php(368): CodeIgniter\CodeIgniter->handleRequest(NULL, Object(Config\Cache), false)
#8 /home/congreg8/public_html/app.congreg8.org/index.php(67): CodeIgniter\CodeIgniter->run()
#9 {main}
CRITICAL - 2023-10-18 14:07:01 --> You have an error in your SQL syntax; check the manual that corresponds to your MySQL server version for the right syntax to use near 'GROUP BY a.contact_id
    ) as A' at line 5
in SYSTEMPATH/Database/BaseConnection.php on line 645.
 1 APPPATH/Helpers/custom_helper.php(353): CodeIgniter\Database\BaseConnection->query('SELECT count(*) as cntt FROM (
        SELECT a.contact_id as cnt
        FROM `tab_attandance` a
        LEFT JOIN contacts c ON c.id = a.contact_id
        WHERE c.r_status = \'Y\' AND a.rstatus = \'Y\' AND form_type = \'Visitor\' AND a.church_id =  GROUP BY a.contact_id
    ) as A')
 2 APPPATH/Controllers/Dashboard.php(63): get_All_visitors(null, '/home/congreg8/public_html/app.congreg8.org', '/home/congreg8/public_html/app.congreg8.org')
 3 SYSTEMPATH/CodeIgniter.php(934): App\Controllers\Dashboard->getvalues()
 4 SYSTEMPATH/CodeIgniter.php(499): CodeIgniter\CodeIgniter->runController(Object(App\Controllers\Dashboard))
 5 SYSTEMPATH/CodeIgniter.php(368): CodeIgniter\CodeIgniter->handleRequest(null, Object(Config\Cache), false)
 6 FCPATH/index.php(67): CodeIgniter\CodeIgniter->run()
INFO - 2023-10-18 14:07:01 --> Session: Class initialized using 'CodeIgniter\Session\Handlers\FileHandler' driver.
INFO - 2023-10-18 14:07:04 --> Session: Class initialized using 'CodeIgniter\Session\Handlers\FileHandler' driver.
INFO - 2023-10-18 14:07:05 --> Session: Class initialized using 'CodeIgniter\Session\Handlers\FileHandler' driver.
ERROR - 2023-10-18 14:07:05 --> mysqli_sql_exception: You have an error in your SQL syntax; check the manual that corresponds to your MySQL server version for the right syntax to use near 'GROUP BY a.contact_id
    ) as A' at line 5 in /home/congreg8/public_html/app.congreg8.org/system/Database/MySQLi/Connection.php:295
Stack trace:
#0 /home/congreg8/public_html/app.congreg8.org/system/Database/MySQLi/Connection.php(295): mysqli->query('SELECT count(*)...', 0)
#1 /home/congreg8/public_html/app.congreg8.org/system/Database/BaseConnection.php(691): CodeIgniter\Database\MySQLi\Connection->execute('SELECT count(*)...')
#2 /home/congreg8/public_html/app.congreg8.org/system/Database/BaseConnection.php(605): CodeIgniter\Database\BaseConnection->simpleQuery('SELECT count(*)...')
#3 /home/congreg8/public_html/app.congreg8.org/app/Helpers/custom_helper.php(353): CodeIgniter\Database\BaseConnection->query('SELECT count(*)...')
#4 /home/congreg8/public_html/app.congreg8.org/app/Controllers/Dashboard.php(63): get_All_visitors(NULL, '', '')
#5 /home/congreg8/public_html/app.congreg8.org/system/CodeIgniter.php(934): App\Controllers\Dashboard->getvalues()
#6 /home/congreg8/public_html/app.congreg8.org/system/CodeIgniter.php(499): CodeIgniter\CodeIgniter->runController(Object(App\Controllers\Dashboard))
#7 /home/congreg8/public_html/app.congreg8.org/system/CodeIgniter.php(368): CodeIgniter\CodeIgniter->handleRequest(NULL, Object(Config\Cache), false)
#8 /home/congreg8/public_html/app.congreg8.org/index.php(67): CodeIgniter\CodeIgniter->run()
#9 {main}
CRITICAL - 2023-10-18 14:07:05 --> You have an error in your SQL syntax; check the manual that corresponds to your MySQL server version for the right syntax to use near 'GROUP BY a.contact_id
    ) as A' at line 5
in SYSTEMPATH/Database/BaseConnection.php on line 645.
 1 APPPATH/Helpers/custom_helper.php(353): CodeIgniter\Database\BaseConnection->query('SELECT count(*) as cntt FROM (
        SELECT a.contact_id as cnt
        FROM `tab_attandance` a
        LEFT JOIN contacts c ON c.id = a.contact_id
        WHERE c.r_status = \'Y\' AND a.rstatus = \'Y\' AND form_type = \'Visitor\' AND a.church_id =  GROUP BY a.contact_id
    ) as A')
 2 APPPATH/Controllers/Dashboard.php(63): get_All_visitors(null, '/home/congreg8/public_html/app.congreg8.org', '/home/congreg8/public_html/app.congreg8.org')
 3 SYSTEMPATH/CodeIgniter.php(934): App\Controllers\Dashboard->getvalues()
 4 SYSTEMPATH/CodeIgniter.php(499): CodeIgniter\CodeIgniter->runController(Object(App\Controllers\Dashboard))
 5 SYSTEMPATH/CodeIgniter.php(368): CodeIgniter\CodeIgniter->handleRequest(null, Object(Config\Cache), false)
 6 FCPATH/index.php(67): CodeIgniter\CodeIgniter->run()
INFO - 2023-10-18 14:07:05 --> Session: Class initialized using 'CodeIgniter\Session\Handlers\FileHandler' driver.
INFO - 2023-10-18 14:07:06 --> Session: Class initialized using 'CodeIgniter\Session\Handlers\FileHandler' driver.
INFO - 2023-10-18 14:07:25 --> Session: Class initialized using 'CodeIgniter\Session\Handlers\FileHandler' driver.
INFO - 2023-10-18 14:07:30 --> Session: Class initialized using 'CodeIgniter\Session\Handlers\FileHandler' driver.
INFO - 2023-10-18 14:07:41 --> Session: Class initialized using 'CodeIgniter\Session\Handlers\FileHandler' driver.
INFO - 2023-10-18 14:07:41 --> Session: Class initialized using 'CodeIgniter\Session\Handlers\FileHandler' driver.
INFO - 2023-10-18 14:07:47 --> Session: Class initialized using 'CodeIgniter\Session\Handlers\FileHandler' driver.
INFO - 2023-10-18 14:07:48 --> Session: Class initialized using 'CodeIgniter\Session\Handlers\FileHandler' driver.
ERROR - 2023-10-18 14:07:48 --> mysqli_sql_exception: You have an error in your SQL syntax; check the manual that corresponds to your MySQL server version for the right syntax to use near 'GROUP BY a.contact_id
    ) as A' at line 5 in /home/congreg8/public_html/app.congreg8.org/system/Database/MySQLi/Connection.php:295
Stack trace:
#0 /home/congreg8/public_html/app.congreg8.org/system/Database/MySQLi/Connection.php(295): mysqli->query('SELECT count(*)...', 0)
#1 /home/congreg8/public_html/app.congreg8.org/system/Database/BaseConnection.php(691): CodeIgniter\Database\MySQLi\Connection->execute('SELECT count(*)...')
#2 /home/congreg8/public_html/app.congreg8.org/system/Database/BaseConnection.php(605): CodeIgniter\Database\BaseConnection->simpleQuery('SELECT count(*)...')
#3 /home/congreg8/public_html/app.congreg8.org/app/Helpers/custom_helper.php(353): CodeIgniter\Database\BaseConnection->query('SELECT count(*)...')
#4 /home/congreg8/public_html/app.congreg8.org/app/Controllers/Dashboard.php(63): get_All_visitors(NULL, '', '')
#5 /home/congreg8/public_html/app.congreg8.org/system/CodeIgniter.php(934): App\Controllers\Dashboard->getvalues()
#6 /home/congreg8/public_html/app.congreg8.org/system/CodeIgniter.php(499): CodeIgniter\CodeIgniter->runController(Object(App\Controllers\Dashboard))
#7 /home/congreg8/public_html/app.congreg8.org/system/CodeIgniter.php(368): CodeIgniter\CodeIgniter->handleRequest(NULL, Object(Config\Cache), false)
#8 /home/congreg8/public_html/app.congreg8.org/index.php(67): CodeIgniter\CodeIgniter->run()
#9 {main}
CRITICAL - 2023-10-18 14:07:48 --> You have an error in your SQL syntax; check the manual that corresponds to your MySQL server version for the right syntax to use near 'GROUP BY a.contact_id
    ) as A' at line 5
in SYSTEMPATH/Database/BaseConnection.php on line 645.
 1 APPPATH/Helpers/custom_helper.php(353): CodeIgniter\Database\BaseConnection->query('SELECT count(*) as cntt FROM (
        SELECT a.contact_id as cnt
        FROM `tab_attandance` a
        LEFT JOIN contacts c ON c.id = a.contact_id
        WHERE c.r_status = \'Y\' AND a.rstatus = \'Y\' AND form_type = \'Visitor\' AND a.church_id =  GROUP BY a.contact_id
    ) as A')
 2 APPPATH/Controllers/Dashboard.php(63): get_All_visitors(null, '/home/congreg8/public_html/app.congreg8.org', '/home/congreg8/public_html/app.congreg8.org')
 3 SYSTEMPATH/CodeIgniter.php(934): App\Controllers\Dashboard->getvalues()
 4 SYSTEMPATH/CodeIgniter.php(499): CodeIgniter\CodeIgniter->runController(Object(App\Controllers\Dashboard))
 5 SYSTEMPATH/CodeIgniter.php(368): CodeIgniter\CodeIgniter->handleRequest(null, Object(Config\Cache), false)
 6 FCPATH/index.php(67): CodeIgniter\CodeIgniter->run()
INFO - 2023-10-18 14:07:48 --> Session: Class initialized using 'CodeIgniter\Session\Handlers\FileHandler' driver.
INFO - 2023-10-18 14:07:51 --> Session: Class initialized using 'CodeIgniter\Session\Handlers\FileHandler' driver.
INFO - 2023-10-18 14:07:52 --> Session: Class initialized using 'CodeIgniter\Session\Handlers\FileHandler' driver.
ERROR - 2023-10-18 14:07:52 --> mysqli_sql_exception: You have an error in your SQL syntax; check the manual that corresponds to your MySQL server version for the right syntax to use near 'GROUP BY a.contact_id
    ) as A' at line 5 in /home/congreg8/public_html/app.congreg8.org/system/Database/MySQLi/Connection.php:295
Stack trace:
#0 /home/congreg8/public_html/app.congreg8.org/system/Database/MySQLi/Connection.php(295): mysqli->query('SELECT count(*)...', 0)
#1 /home/congreg8/public_html/app.congreg8.org/system/Database/BaseConnection.php(691): CodeIgniter\Database\MySQLi\Connection->execute('SELECT count(*)...')
#2 /home/congreg8/public_html/app.congreg8.org/system/Database/BaseConnection.php(605): CodeIgniter\Database\BaseConnection->simpleQuery('SELECT count(*)...')
#3 /home/congreg8/public_html/app.congreg8.org/app/Helpers/custom_helper.php(353): CodeIgniter\Database\BaseConnection->query('SELECT count(*)...')
#4 /home/congreg8/public_html/app.congreg8.org/app/Controllers/Dashboard.php(63): get_All_visitors(NULL, '', '')
#5 /home/congreg8/public_html/app.congreg8.org/system/CodeIgniter.php(934): App\Controllers\Dashboard->getvalues()
#6 /home/congreg8/public_html/app.congreg8.org/system/CodeIgniter.php(499): CodeIgniter\CodeIgniter->runController(Object(App\Controllers\Dashboard))
#7 /home/congreg8/public_html/app.congreg8.org/system/CodeIgniter.php(368): CodeIgniter\CodeIgniter->handleRequest(NULL, Object(Config\Cache), false)
#8 /home/congreg8/public_html/app.congreg8.org/index.php(67): CodeIgniter\CodeIgniter->run()
#9 {main}
CRITICAL - 2023-10-18 14:07:52 --> You have an error in your SQL syntax; check the manual that corresponds to your MySQL server version for the right syntax to use near 'GROUP BY a.contact_id
    ) as A' at line 5
in SYSTEMPATH/Database/BaseConnection.php on line 645.
 1 APPPATH/Helpers/custom_helper.php(353): CodeIgniter\Database\BaseConnection->query('SELECT count(*) as cntt FROM (
        SELECT a.contact_id as cnt
        FROM `tab_attandance` a
        LEFT JOIN contacts c ON c.id = a.contact_id
        WHERE c.r_status = \'Y\' AND a.rstatus = \'Y\' AND form_type = \'Visitor\' AND a.church_id =  GROUP BY a.contact_id
    ) as A')
 2 APPPATH/Controllers/Dashboard.php(63): get_All_visitors(null, '/home/congreg8/public_html/app.congreg8.org', '/home/congreg8/public_html/app.congreg8.org')
 3 SYSTEMPATH/CodeIgniter.php(934): App\Controllers\Dashboard->getvalues()
 4 SYSTEMPATH/CodeIgniter.php(499): CodeIgniter\CodeIgniter->runController(Object(App\Controllers\Dashboard))
 5 SYSTEMPATH/CodeIgniter.php(368): CodeIgniter\CodeIgniter->handleRequest(null, Object(Config\Cache), false)
 6 FCPATH/index.php(67): CodeIgniter\CodeIgniter->run()
INFO - 2023-10-18 14:07:52 --> Session: Class initialized using 'CodeIgniter\Session\Handlers\FileHandler' driver.
INFO - 2023-10-18 17:22:06 --> Session: Class initialized using 'CodeIgniter\Session\Handlers\FileHandler' driver.
INFO - 2023-10-18 17:22:06 --> Session: Class initialized using 'CodeIgniter\Session\Handlers\FileHandler' driver.
INFO - 2023-10-18 17:22:53 --> Session: Class initialized using 'CodeIgniter\Session\Handlers\FileHandler' driver.
INFO - 2023-10-18 17:22:54 --> Session: Class initialized using 'CodeIgniter\Session\Handlers\FileHandler' driver.
INFO - 2023-10-18 17:25:25 --> Session: Class initialized using 'CodeIgniter\Session\Handlers\FileHandler' driver.
INFO - 2023-10-18 17:25:31 --> Session: Class initialized using 'CodeIgniter\Session\Handlers\FileHandler' driver.
INFO - 2023-10-18 17:26:53 --> Session: Class initialized using 'CodeIgniter\Session\Handlers\FileHandler' driver.
INFO - 2023-10-18 17:36:40 --> Session: Class initialized using 'CodeIgniter\Session\Handlers\FileHandler' driver.
INFO - 2023-10-18 17:36:40 --> Session: Class initialized using 'CodeIgniter\Session\Handlers\FileHandler' driver.
INFO - 2023-10-18 18:10:21 --> Session: Class initialized using 'CodeIgniter\Session\Handlers\FileHandler' driver.
INFO - 2023-10-18 18:10:23 --> Session: Class initialized using 'CodeIgniter\Session\Handlers\FileHandler' driver.
INFO - 2023-10-18 21:13:47 --> Session: Class initialized using 'CodeIgniter\Session\Handlers\FileHandler' driver.
INFO - 2023-10-18 23:47:29 --> Session: Class initialized using 'CodeIgniter\Session\Handlers\FileHandler' driver.
