INFO - 2023-03-14 05:03:12 --> Session: Class initialized using 'CodeIgniter\Session\Handlers\FileHandler' driver.
INFO - 2023-03-14 05:03:17 --> Session: Class initialized using 'CodeIgniter\Session\Handlers\FileHandler' driver.
INFO - 2023-03-14 16:38:24 --> Session: Class initialized using 'CodeIgniter\Session\Handlers\FileHandler' driver.
INFO - 2023-03-14 16:38:25 --> Session: Class initialized using 'CodeIgniter\Session\Handlers\FileHandler' driver.
INFO - 2023-03-14 16:39:16 --> Session: Class initialized using 'CodeIgniter\Session\Handlers\FileHandler' driver.
INFO - 2023-03-14 16:39:16 --> Session: Class initialized using 'CodeIgniter\Session\Handlers\FileHandler' driver.
INFO - 2023-03-14 16:56:01 --> Session: Class initialized using 'CodeIgniter\Session\Handlers\FileHandler' driver.
INFO - 2023-03-14 16:56:14 --> Session: Class initialized using 'CodeIgniter\Session\Handlers\FileHandler' driver.
INFO - 2023-03-14 16:56:47 --> Session: Class initialized using 'CodeIgniter\Session\Handlers\FileHandler' driver.
INFO - 2023-03-14 16:56:49 --> Session: Class initialized using 'CodeIgniter\Session\Handlers\FileHandler' driver.
INFO - 2023-03-14 17:15:43 --> Session: Class initialized using 'CodeIgniter\Session\Handlers\FileHandler' driver.
INFO - 2023-03-14 17:15:45 --> Session: Class initialized using 'CodeIgniter\Session\Handlers\FileHandler' driver.
INFO - 2023-03-14 17:15:55 --> Session: Class initialized using 'CodeIgniter\Session\Handlers\FileHandler' driver.
CRITICAL - 2023-03-14 17:15:55 --> Cannot use object of type stdClass as array
in APPPATH/Views/integration/index.php on line 151.
 1 SYSTEMPATH/View/View.php(213): include()
 2 SYSTEMPATH/View/View.php(216): CodeIgniter\View\View->CodeIgniter\View\{closure}()
 3 SYSTEMPATH/Common.php(1184): CodeIgniter\View\View->render('integration/index', [], true)
 4 APPPATH/Controllers/Integration.php(368): view('integration/index')
 5 SYSTEMPATH/CodeIgniter.php(934): App\Controllers\Integration->index()
 6 SYSTEMPATH/CodeIgniter.php(499): CodeIgniter\CodeIgniter->runController(Object(App\Controllers\Integration))
 7 SYSTEMPATH/CodeIgniter.php(368): CodeIgniter\CodeIgniter->handleRequest(null, Object(Config\Cache), false)
 8 FCPATH/index.php(67): CodeIgniter\CodeIgniter->run()
INFO - 2023-03-14 17:17:16 --> Session: Class initialized using 'CodeIgniter\Session\Handlers\FileHandler' driver.
INFO - 2023-03-14 17:23:49 --> Session: Class initialized using 'CodeIgniter\Session\Handlers\FileHandler' driver.
INFO - 2023-03-14 17:24:27 --> Session: Class initialized using 'CodeIgniter\Session\Handlers\FileHandler' driver.
INFO - 2023-03-14 17:24:30 --> Session: Class initialized using 'CodeIgniter\Session\Handlers\FileHandler' driver.
INFO - 2023-03-14 17:24:33 --> Session: Class initialized using 'CodeIgniter\Session\Handlers\FileHandler' driver.
INFO - 2023-03-14 17:24:42 --> Session: Class initialized using 'CodeIgniter\Session\Handlers\FileHandler' driver.
INFO - 2023-03-14 17:24:59 --> Session: Class initialized using 'CodeIgniter\Session\Handlers\FileHandler' driver.
INFO - 2023-03-14 17:30:29 --> Session: Class initialized using 'CodeIgniter\Session\Handlers\FileHandler' driver.
INFO - 2023-03-14 17:48:35 --> Session: Class initialized using 'CodeIgniter\Session\Handlers\FileHandler' driver.
INFO - 2023-03-14 17:48:39 --> Session: Class initialized using 'CodeIgniter\Session\Handlers\FileHandler' driver.
INFO - 2023-03-14 17:50:18 --> Session: Class initialized using 'CodeIgniter\Session\Handlers\FileHandler' driver.
CRITICAL - 2023-03-14 17:50:18 --> Too few arguments to function App\Controllers\Tasks::index(), 0 passed in /home/congreg8/public_html/app.congreg8.org/system/CodeIgniter.php on line 934 and exactly 1 expected
in APPPATH/Controllers/Tasks.php on line 14.
 1 SYSTEMPATH/CodeIgniter.php(934): App\Controllers\Tasks->index()
 2 SYSTEMPATH/CodeIgniter.php(499): CodeIgniter\CodeIgniter->runController(Object(App\Controllers\Tasks))
 3 SYSTEMPATH/CodeIgniter.php(368): CodeIgniter\CodeIgniter->handleRequest(null, Object(Config\Cache), false)
 4 FCPATH/index.php(67): CodeIgniter\CodeIgniter->run()
INFO - 2023-03-14 17:50:36 --> Session: Class initialized using 'CodeIgniter\Session\Handlers\FileHandler' driver.
INFO - 2023-03-14 17:51:17 --> Session: Class initialized using 'CodeIgniter\Session\Handlers\FileHandler' driver.
CRITICAL - 2023-03-14 17:51:17 --> Too few arguments to function App\Controllers\Tasks::index(), 0 passed in /home/congreg8/public_html/app.congreg8.org/system/CodeIgniter.php on line 934 and exactly 1 expected
in APPPATH/Controllers/Tasks.php on line 14.
 1 SYSTEMPATH/CodeIgniter.php(934): App\Controllers\Tasks->index()
 2 SYSTEMPATH/CodeIgniter.php(499): CodeIgniter\CodeIgniter->runController(Object(App\Controllers\Tasks))
 3 SYSTEMPATH/CodeIgniter.php(368): CodeIgniter\CodeIgniter->handleRequest(null, Object(Config\Cache), false)
 4 FCPATH/index.php(67): CodeIgniter\CodeIgniter->run()
INFO - 2023-03-14 17:53:15 --> Session: Class initialized using 'CodeIgniter\Session\Handlers\FileHandler' driver.
CRITICAL - 2023-03-14 17:53:15 --> Undefined variable: foractive
in APPPATH/Views/include/userleftmenu.php on line 14.
 1 APPPATH/Views/include/userleftmenu.php(14): CodeIgniter\Debug\Exceptions->errorHandler(8, 'Undefined variable: foractive', 'APPPATH/Views/include/userleftmenu.php', 14, [...])
 2 SYSTEMPATH/View/View.php(213): include('APPPATH/Views/include/userleftmenu.php')
 3 SYSTEMPATH/View/View.php(216): CodeIgniter\View\View->CodeIgniter\View\{closure}()
 4 SYSTEMPATH/Common.php(1184): CodeIgniter\View\View->render('include/userleftmenu', [], true)
 5 APPPATH/Views/profile/users-profile.php(122): view('include/userleftmenu', [...])
 6 SYSTEMPATH/View/View.php(213): include('APPPATH/Views/profile/users-profile.php')
 7 SYSTEMPATH/View/View.php(216): CodeIgniter\View\View->CodeIgniter\View\{closure}()
 8 SYSTEMPATH/Common.php(1184): CodeIgniter\View\View->render('profile/users-profile', [], true)
 9 APPPATH/Controllers/UserController.php(1564): view('profile/users-profile')
10 SYSTEMPATH/CodeIgniter.php(934): App\Controllers\UserController->Profile('73')
11 SYSTEMPATH/CodeIgniter.php(499): CodeIgniter\CodeIgniter->runController(Object(App\Controllers\UserController))
12 SYSTEMPATH/CodeIgniter.php(368): CodeIgniter\CodeIgniter->handleRequest(null, Object(Config\Cache), false)
13 FCPATH/index.php(67): CodeIgniter\CodeIgniter->run()
INFO - 2023-03-14 17:54:43 --> Session: Class initialized using 'CodeIgniter\Session\Handlers\FileHandler' driver.
INFO - 2023-03-14 17:56:42 --> Session: Class initialized using 'CodeIgniter\Session\Handlers\FileHandler' driver.
INFO - 2023-03-14 17:56:50 --> Session: Class initialized using 'CodeIgniter\Session\Handlers\FileHandler' driver.
INFO - 2023-03-14 17:57:00 --> Session: Class initialized using 'CodeIgniter\Session\Handlers\FileHandler' driver.
INFO - 2023-03-14 17:57:48 --> Session: Class initialized using 'CodeIgniter\Session\Handlers\FileHandler' driver.
INFO - 2023-03-14 17:58:21 --> Session: Class initialized using 'CodeIgniter\Session\Handlers\FileHandler' driver.
CRITICAL - 2023-03-14 17:58:21 --> Class 'App\Models\NotesModel' not found
in APPPATH/Controllers/Tasks.php on line 18.
 1 SYSTEMPATH/CodeIgniter.php(934): App\Controllers\Tasks->index('73')
 2 SYSTEMPATH/CodeIgniter.php(499): CodeIgniter\CodeIgniter->runController(Object(App\Controllers\Tasks))
 3 SYSTEMPATH/CodeIgniter.php(368): CodeIgniter\CodeIgniter->handleRequest(null, Object(Config\Cache), false)
 4 FCPATH/index.php(67): CodeIgniter\CodeIgniter->run()
INFO - 2023-03-14 18:00:15 --> Session: Class initialized using 'CodeIgniter\Session\Handlers\FileHandler' driver.
CRITICAL - 2023-03-14 18:00:15 --> Undefined variable: users
in APPPATH/Views/tasks/index.php on line 88.
 1 APPPATH/Views/tasks/index.php(88): CodeIgniter\Debug\Exceptions->errorHandler(8, 'Undefined variable: users', 'APPPATH/Views/tasks/index.php', 88, [...])
 2 SYSTEMPATH/View/View.php(213): include('APPPATH/Views/tasks/index.php')
 3 SYSTEMPATH/View/View.php(216): CodeIgniter\View\View->CodeIgniter\View\{closure}()
 4 SYSTEMPATH/Common.php(1184): CodeIgniter\View\View->render('tasks/index', [], true)
 5 APPPATH/Controllers/Tasks.php(36): view('tasks/index')
 6 SYSTEMPATH/CodeIgniter.php(934): App\Controllers\Tasks->index('73')
 7 SYSTEMPATH/CodeIgniter.php(499): CodeIgniter\CodeIgniter->runController(Object(App\Controllers\Tasks))
 8 SYSTEMPATH/CodeIgniter.php(368): CodeIgniter\CodeIgniter->handleRequest(null, Object(Config\Cache), false)
 9 FCPATH/index.php(67): CodeIgniter\CodeIgniter->run()
INFO - 2023-03-14 18:00:41 --> Session: Class initialized using 'CodeIgniter\Session\Handlers\FileHandler' driver.
CRITICAL - 2023-03-14 18:00:41 --> Invalid file: "includes/userleftmenu.php"
in SYSTEMPATH/Exceptions/FrameworkException.php on line 33.
 1 SYSTEMPATH/View/View.php(201): CodeIgniter\Exceptions\FrameworkException::forInvalidFile('includes/userleftmenu.php')
 2 SYSTEMPATH/Common.php(1184): CodeIgniter\View\View->render('includes/userleftmenu.php', [], true)
 3 APPPATH/Views/tasks/index.php(124): view('includes/userleftmenu.php')
 4 SYSTEMPATH/View/View.php(213): include('APPPATH/Views/tasks/index.php')
 5 SYSTEMPATH/View/View.php(216): CodeIgniter\View\View->CodeIgniter\View\{closure}()
 6 SYSTEMPATH/Common.php(1184): CodeIgniter\View\View->render('tasks/index', [], true)
 7 APPPATH/Controllers/Tasks.php(36): view('tasks/index')
 8 SYSTEMPATH/CodeIgniter.php(934): App\Controllers\Tasks->index('73')
 9 SYSTEMPATH/CodeIgniter.php(499): CodeIgniter\CodeIgniter->runController(Object(App\Controllers\Tasks))
10 SYSTEMPATH/CodeIgniter.php(368): CodeIgniter\CodeIgniter->handleRequest(null, Object(Config\Cache), false)
11 FCPATH/index.php(67): CodeIgniter\CodeIgniter->run()
INFO - 2023-03-14 18:01:38 --> Session: Class initialized using 'CodeIgniter\Session\Handlers\FileHandler' driver.
CRITICAL - 2023-03-14 18:01:38 --> Undefined variable: foractive
in APPPATH/Views/include/userleftmenu.php on line 14.
 1 APPPATH/Views/include/userleftmenu.php(14): CodeIgniter\Debug\Exceptions->errorHandler(8, 'Undefined variable: foractive', 'APPPATH/Views/include/userleftmenu.php', 14, [...])
 2 SYSTEMPATH/View/View.php(213): include('APPPATH/Views/include/userleftmenu.php')
 3 SYSTEMPATH/View/View.php(216): CodeIgniter\View\View->CodeIgniter\View\{closure}()
 4 SYSTEMPATH/Common.php(1184): CodeIgniter\View\View->render('include/userleftmenu.php', [], true)
 5 APPPATH/Views/tasks/index.php(124): view('include/userleftmenu.php')
 6 SYSTEMPATH/View/View.php(213): include('APPPATH/Views/tasks/index.php')
 7 SYSTEMPATH/View/View.php(216): CodeIgniter\View\View->CodeIgniter\View\{closure}()
 8 SYSTEMPATH/Common.php(1184): CodeIgniter\View\View->render('tasks/index', [], true)
 9 APPPATH/Controllers/Tasks.php(36): view('tasks/index')
10 SYSTEMPATH/CodeIgniter.php(934): App\Controllers\Tasks->index('73')
11 SYSTEMPATH/CodeIgniter.php(499): CodeIgniter\CodeIgniter->runController(Object(App\Controllers\Tasks))
12 SYSTEMPATH/CodeIgniter.php(368): CodeIgniter\CodeIgniter->handleRequest(null, Object(Config\Cache), false)
13 FCPATH/index.php(67): CodeIgniter\CodeIgniter->run()
INFO - 2023-03-14 18:02:44 --> Session: Class initialized using 'CodeIgniter\Session\Handlers\FileHandler' driver.
INFO - 2023-03-14 18:06:51 --> Session: Class initialized using 'CodeIgniter\Session\Handlers\FileHandler' driver.
INFO - 2023-03-14 18:10:10 --> Session: Class initialized using 'CodeIgniter\Session\Handlers\FileHandler' driver.
CRITICAL - 2023-03-14 18:10:10 --> Undefined variable: urole
in APPPATH/Views/notes/index.php on line 21.
 1 APPPATH/Views/notes/index.php(21): CodeIgniter\Debug\Exceptions->errorHandler(8, 'Undefined variable: urole', 'APPPATH/Views/notes/index.php', 21, [...])
 2 SYSTEMPATH/View/View.php(213): include('APPPATH/Views/notes/index.php')
 3 SYSTEMPATH/View/View.php(216): CodeIgniter\View\View->CodeIgniter\View\{closure}()
 4 SYSTEMPATH/Common.php(1184): CodeIgniter\View\View->render('notes/index', [], true)
 5 APPPATH/Controllers/Notes.php(37): view('notes/index')
 6 SYSTEMPATH/CodeIgniter.php(934): App\Controllers\Notes->index('73')
 7 SYSTEMPATH/CodeIgniter.php(499): CodeIgniter\CodeIgniter->runController(Object(App\Controllers\Notes))
 8 SYSTEMPATH/CodeIgniter.php(368): CodeIgniter\CodeIgniter->handleRequest(null, Object(Config\Cache), false)
 9 FCPATH/index.php(67): CodeIgniter\CodeIgniter->run()
INFO - 2023-03-14 18:10:49 --> Session: Class initialized using 'CodeIgniter\Session\Handlers\FileHandler' driver.
CRITICAL - 2023-03-14 18:10:49 --> Undefined variable: users
in APPPATH/Views/notes/index.php on line 167.
 1 APPPATH/Views/notes/index.php(167): CodeIgniter\Debug\Exceptions->errorHandler(8, 'Undefined variable: users', 'APPPATH/Views/notes/index.php', 167, [...])
 2 SYSTEMPATH/View/View.php(213): include('APPPATH/Views/notes/index.php')
 3 SYSTEMPATH/View/View.php(216): CodeIgniter\View\View->CodeIgniter\View\{closure}()
 4 SYSTEMPATH/Common.php(1184): CodeIgniter\View\View->render('notes/index', [], true)
 5 APPPATH/Controllers/Notes.php(37): view('notes/index')
 6 SYSTEMPATH/CodeIgniter.php(934): App\Controllers\Notes->index('73')
 7 SYSTEMPATH/CodeIgniter.php(499): CodeIgniter\CodeIgniter->runController(Object(App\Controllers\Notes))
 8 SYSTEMPATH/CodeIgniter.php(368): CodeIgniter\CodeIgniter->handleRequest(null, Object(Config\Cache), false)
 9 FCPATH/index.php(67): CodeIgniter\CodeIgniter->run()
INFO - 2023-03-14 18:12:49 --> Session: Class initialized using 'CodeIgniter\Session\Handlers\FileHandler' driver.
CRITICAL - 2023-03-14 18:12:49 --> Invalid file: "includes/userleftmenu.php"
in SYSTEMPATH/Exceptions/FrameworkException.php on line 33.
 1 SYSTEMPATH/View/View.php(201): CodeIgniter\Exceptions\FrameworkException::forInvalidFile('includes/userleftmenu.php')
 2 SYSTEMPATH/Common.php(1184): CodeIgniter\View\View->render('includes/userleftmenu.php', [], true)
 3 APPPATH/Views/notes/index.php(289): view('includes/userleftmenu.php')
 4 SYSTEMPATH/View/View.php(213): include('APPPATH/Views/notes/index.php')
 5 SYSTEMPATH/View/View.php(216): CodeIgniter\View\View->CodeIgniter\View\{closure}()
 6 SYSTEMPATH/Common.php(1184): CodeIgniter\View\View->render('notes/index', [], true)
 7 APPPATH/Controllers/Notes.php(37): view('notes/index')
 8 SYSTEMPATH/CodeIgniter.php(934): App\Controllers\Notes->index('73')
 9 SYSTEMPATH/CodeIgniter.php(499): CodeIgniter\CodeIgniter->runController(Object(App\Controllers\Notes))
10 SYSTEMPATH/CodeIgniter.php(368): CodeIgniter\CodeIgniter->handleRequest(null, Object(Config\Cache), false)
11 FCPATH/index.php(67): CodeIgniter\CodeIgniter->run()
INFO - 2023-03-14 18:13:10 --> Session: Class initialized using 'CodeIgniter\Session\Handlers\FileHandler' driver.
INFO - 2023-03-14 18:14:44 --> Session: Class initialized using 'CodeIgniter\Session\Handlers\FileHandler' driver.
INFO - 2023-03-14 18:21:07 --> Session: Class initialized using 'CodeIgniter\Session\Handlers\FileHandler' driver.
INFO - 2023-03-14 18:21:25 --> Session: Class initialized using 'CodeIgniter\Session\Handlers\FileHandler' driver.
CRITICAL - 2023-03-14 18:21:25 --> Undefined variable: title
in APPPATH/Views/include/head.php on line 19.
 1 APPPATH/Views/include/head.php(19): CodeIgniter\Debug\Exceptions->errorHandler(8, 'Undefined variable: title', 'APPPATH/Views/include/head.php', 19, [...])
 2 SYSTEMPATH/View/View.php(213): include('APPPATH/Views/include/head.php')
 3 SYSTEMPATH/View/View.php(216): CodeIgniter\View\View->CodeIgniter\View\{closure}()
 4 SYSTEMPATH/Common.php(1184): CodeIgniter\View\View->render('/include/head', [], true)
 5 APPPATH/Controllers/Attendance.php(68): view('/include/head', [...])
 6 SYSTEMPATH/CodeIgniter.php(934): App\Controllers\Attendance->userattendance('73')
 7 SYSTEMPATH/CodeIgniter.php(499): CodeIgniter\CodeIgniter->runController(Object(App\Controllers\Attendance))
 8 SYSTEMPATH/CodeIgniter.php(368): CodeIgniter\CodeIgniter->handleRequest(null, Object(Config\Cache), false)
 9 FCPATH/index.php(67): CodeIgniter\CodeIgniter->run()
INFO - 2023-03-14 18:21:48 --> Session: Class initialized using 'CodeIgniter\Session\Handlers\FileHandler' driver.
CRITICAL - 2023-03-14 18:21:48 --> Invalid file: "includes/userleftmenu.php"
in SYSTEMPATH/Exceptions/FrameworkException.php on line 33.
 1 SYSTEMPATH/View/View.php(201): CodeIgniter\Exceptions\FrameworkException::forInvalidFile('includes/userleftmenu.php')
 2 SYSTEMPATH/Common.php(1184): CodeIgniter\View\View->render('includes/userleftmenu.php', [], true)
 3 APPPATH/Views/attendance/userattendance.php(242): view('includes/userleftmenu.php')
 4 SYSTEMPATH/View/View.php(213): include('APPPATH/Views/attendance/userattendance.php')
 5 SYSTEMPATH/View/View.php(216): CodeIgniter\View\View->CodeIgniter\View\{closure}()
 6 SYSTEMPATH/Common.php(1184): CodeIgniter\View\View->render('attendance/userattendance', [], true)
 7 APPPATH/Controllers/Attendance.php(76): view('attendance/userattendance')
 8 SYSTEMPATH/CodeIgniter.php(934): App\Controllers\Attendance->userattendance('73')
 9 SYSTEMPATH/CodeIgniter.php(499): CodeIgniter\CodeIgniter->runController(Object(App\Controllers\Attendance))
10 SYSTEMPATH/CodeIgniter.php(368): CodeIgniter\CodeIgniter->handleRequest(null, Object(Config\Cache), false)
11 FCPATH/index.php(67): CodeIgniter\CodeIgniter->run()
INFO - 2023-03-14 18:22:07 --> Session: Class initialized using 'CodeIgniter\Session\Handlers\FileHandler' driver.
INFO - 2023-03-14 18:31:31 --> Session: Class initialized using 'CodeIgniter\Session\Handlers\FileHandler' driver.
CRITICAL - 2023-03-14 18:31:31 --> Class 'App\Models\SurveySubmissionModel' not found
in APPPATH/Controllers/Survey.php on line 115.
 1 SYSTEMPATH/CodeIgniter.php(934): App\Controllers\Survey->prayer_request('73')
 2 SYSTEMPATH/CodeIgniter.php(499): CodeIgniter\CodeIgniter->runController(Object(App\Controllers\Survey))
 3 SYSTEMPATH/CodeIgniter.php(368): CodeIgniter\CodeIgniter->handleRequest(null, Object(Config\Cache), false)
 4 FCPATH/index.php(67): CodeIgniter\CodeIgniter->run()
INFO - 2023-03-14 18:36:19 --> Session: Class initialized using 'CodeIgniter\Session\Handlers\FileHandler' driver.
INFO - 2023-03-14 18:36:22 --> Session: Class initialized using 'CodeIgniter\Session\Handlers\FileHandler' driver.
INFO - 2023-03-14 18:36:33 --> Session: Class initialized using 'CodeIgniter\Session\Handlers\FileHandler' driver.
CRITICAL - 2023-03-14 18:36:33 --> Undefined variable: urole
in APPPATH/Views/survey/prayer-request.php on line 37.
 1 APPPATH/Views/survey/prayer-request.php(37): CodeIgniter\Debug\Exceptions->errorHandler(8, 'Undefined variable: urole', 'APPPATH/Views/survey/prayer-request.php', 37, [...])
 2 SYSTEMPATH/View/View.php(213): include('APPPATH/Views/survey/prayer-request.php')
 3 SYSTEMPATH/View/View.php(216): CodeIgniter\View\View->CodeIgniter\View\{closure}()
 4 SYSTEMPATH/Common.php(1184): CodeIgniter\View\View->render('survey/prayer-request', [], true)
 5 APPPATH/Controllers/Survey.php(153): view('survey/prayer-request')
 6 SYSTEMPATH/CodeIgniter.php(934): App\Controllers\Survey->prayer_request('73')
 7 SYSTEMPATH/CodeIgniter.php(499): CodeIgniter\CodeIgniter->runController(Object(App\Controllers\Survey))
 8 SYSTEMPATH/CodeIgniter.php(368): CodeIgniter\CodeIgniter->handleRequest(null, Object(Config\Cache), false)
 9 FCPATH/index.php(67): CodeIgniter\CodeIgniter->run()
INFO - 2023-03-14 18:37:07 --> Session: Class initialized using 'CodeIgniter\Session\Handlers\FileHandler' driver.
CRITICAL - 2023-03-14 18:37:08 --> Undefined index: user_role
in APPPATH/Views/survey/prayer-request.php on line 165.
 1 APPPATH/Views/survey/prayer-request.php(165): CodeIgniter\Debug\Exceptions->errorHandler(8, 'Undefined index: user_role', 'APPPATH/Views/survey/prayer-request.php', 165, [...])
 2 SYSTEMPATH/View/View.php(213): include('APPPATH/Views/survey/prayer-request.php')
 3 SYSTEMPATH/View/View.php(216): CodeIgniter\View\View->CodeIgniter\View\{closure}()
 4 SYSTEMPATH/Common.php(1184): CodeIgniter\View\View->render('survey/prayer-request', [], true)
 5 APPPATH/Controllers/Survey.php(153): view('survey/prayer-request')
 6 SYSTEMPATH/CodeIgniter.php(934): App\Controllers\Survey->prayer_request('73')
 7 SYSTEMPATH/CodeIgniter.php(499): CodeIgniter\CodeIgniter->runController(Object(App\Controllers\Survey))
 8 SYSTEMPATH/CodeIgniter.php(368): CodeIgniter\CodeIgniter->handleRequest(null, Object(Config\Cache), false)
 9 FCPATH/index.php(67): CodeIgniter\CodeIgniter->run()
INFO - 2023-03-14 18:38:01 --> Session: Class initialized using 'CodeIgniter\Session\Handlers\FileHandler' driver.
INFO - 2023-03-14 18:38:28 --> Session: Class initialized using 'CodeIgniter\Session\Handlers\FileHandler' driver.
INFO - 2023-03-14 18:38:57 --> Session: Class initialized using 'CodeIgniter\Session\Handlers\FileHandler' driver.
INFO - 2023-03-14 18:39:25 --> Session: Class initialized using 'CodeIgniter\Session\Handlers\FileHandler' driver.
INFO - 2023-03-14 18:39:45 --> Session: Class initialized using 'CodeIgniter\Session\Handlers\FileHandler' driver.
INFO - 2023-03-14 18:40:45 --> Session: Class initialized using 'CodeIgniter\Session\Handlers\FileHandler' driver.
INFO - 2023-03-14 18:41:00 --> Session: Class initialized using 'CodeIgniter\Session\Handlers\FileHandler' driver.
INFO - 2023-03-14 18:44:04 --> Session: Class initialized using 'CodeIgniter\Session\Handlers\FileHandler' driver.
INFO - 2023-03-14 18:44:47 --> Session: Class initialized using 'CodeIgniter\Session\Handlers\FileHandler' driver.
CRITICAL - 2023-03-14 18:44:47 --> Undefined variable: urole
in APPPATH/Views/survey/baptism-request.php on line 37.
 1 APPPATH/Views/survey/baptism-request.php(37): CodeIgniter\Debug\Exceptions->errorHandler(8, 'Undefined variable: urole', 'APPPATH/Views/survey/baptism-request.php', 37, [...])
 2 SYSTEMPATH/View/View.php(213): include('APPPATH/Views/survey/baptism-request.php')
 3 SYSTEMPATH/View/View.php(216): CodeIgniter\View\View->CodeIgniter\View\{closure}()
 4 SYSTEMPATH/Common.php(1184): CodeIgniter\View\View->render('survey/baptism-request', [], true)
 5 APPPATH/Controllers/Survey.php(207): view('survey/baptism-request')
 6 SYSTEMPATH/CodeIgniter.php(934): App\Controllers\Survey->biptism_request('73')
 7 SYSTEMPATH/CodeIgniter.php(499): CodeIgniter\CodeIgniter->runController(Object(App\Controllers\Survey))
 8 SYSTEMPATH/CodeIgniter.php(368): CodeIgniter\CodeIgniter->handleRequest(null, Object(Config\Cache), false)
 9 FCPATH/index.php(67): CodeIgniter\CodeIgniter->run()
INFO - 2023-03-14 18:45:46 --> Session: Class initialized using 'CodeIgniter\Session\Handlers\FileHandler' driver.
INFO - 2023-03-14 18:45:55 --> Session: Class initialized using 'CodeIgniter\Session\Handlers\FileHandler' driver.
INFO - 2023-03-14 18:49:02 --> Session: Class initialized using 'CodeIgniter\Session\Handlers\FileHandler' driver.
INFO - 2023-03-14 18:49:09 --> Session: Class initialized using 'CodeIgniter\Session\Handlers\FileHandler' driver.
CRITICAL - 2023-03-14 18:49:09 --> Invalid file: "survey/bible_study.php"
in SYSTEMPATH/Exceptions/FrameworkException.php on line 33.
 1 SYSTEMPATH/View/View.php(201): CodeIgniter\Exceptions\FrameworkException::forInvalidFile('survey/bible_study.php')
 2 SYSTEMPATH/Common.php(1184): CodeIgniter\View\View->render('survey/bible_study', [], true)
 3 APPPATH/Controllers/Survey.php(262): view('survey/bible_study')
 4 SYSTEMPATH/CodeIgniter.php(934): App\Controllers\Survey->bible_study('73')
 5 SYSTEMPATH/CodeIgniter.php(499): CodeIgniter\CodeIgniter->runController(Object(App\Controllers\Survey))
 6 SYSTEMPATH/CodeIgniter.php(368): CodeIgniter\CodeIgniter->handleRequest(null, Object(Config\Cache), false)
 7 FCPATH/index.php(67): CodeIgniter\CodeIgniter->run()
INFO - 2023-03-14 18:49:27 --> Session: Class initialized using 'CodeIgniter\Session\Handlers\FileHandler' driver.
INFO - 2023-03-14 18:49:33 --> Session: Class initialized using 'CodeIgniter\Session\Handlers\FileHandler' driver.
INFO - 2023-03-14 18:49:49 --> Session: Class initialized using 'CodeIgniter\Session\Handlers\FileHandler' driver.
