INFO - 2023-02-28 11:11:36 --> Session: Class initialized using 'CodeIgniter\Session\Handlers\FileHandler' driver.
ERROR - 2023-02-28 11:11:36 --> mysqli_sql_exception: You have an error in your SQL syntax; check the manual that corresponds to your MySQL server version for the right syntax to use near '' at line 1 in /home/congreg8/public_html/app.congreg8.org/system/Database/MySQLi/Connection.php:295
Stack trace:
#0 /home/congreg8/public_html/app.congreg8.org/system/Database/MySQLi/Connection.php(295): mysqli->query('SELECT role fro...', 0)
#1 /home/congreg8/public_html/app.congreg8.org/system/Database/BaseConnection.php(691): CodeIgniter\Database\MySQLi\Connection->execute('SELECT role fro...')
#2 /home/congreg8/public_html/app.congreg8.org/system/Database/BaseConnection.php(605): CodeIgniter\Database\BaseConnection->simpleQuery('SELECT role fro...')
#3 /home/congreg8/public_html/app.congreg8.org/app/Helpers/custom_helper.php(29): CodeIgniter\Database\BaseConnection->query('SELECT role fro...')
#4 /home/congreg8/public_html/app.congreg8.org/app/Views/include/topheader.php(14): get_user_role(NULL)
#5 /home/congreg8/public_html/app.congreg8.org/system/View/View.php(213): include('/home/congreg8/...')
#6 /home/congreg8/public_html/app.congreg8.org/system/View/View.php(216): CodeIgniter\View\View->CodeIgniter\View\{closure}()
#7 /home/congreg8/public_html/app.congreg8.org/system/Common.php(1184): CodeIgniter\View\View->render('/include/tophea...', Array, true)
#8 /home/congreg8/public_html/app.congreg8.org/app/Controllers/Dashboard.php(15): view('/include/tophea...', Array)
#9 /home/congreg8/public_html/app.congreg8.org/system/CodeIgniter.php(934): App\Controllers\Dashboard->index()
#10 /home/congreg8/public_html/app.congreg8.org/system/CodeIgniter.php(499): CodeIgniter\CodeIgniter->runController(Object(App\Controllers\Dashboard))
#11 /home/congreg8/public_html/app.congreg8.org/system/CodeIgniter.php(368): CodeIgniter\CodeIgniter->handleRequest(NULL, Object(Config\Cache), false)
#12 /home/congreg8/public_html/app.congreg8.org/index.php(67): CodeIgniter\CodeIgniter->run()
#13 {main}
CRITICAL - 2023-02-28 11:11:36 --> You have an error in your SQL syntax; check the manual that corresponds to your MySQL server version for the right syntax to use near '' at line 1
in SYSTEMPATH/Database/BaseConnection.php on line 645.
 1 APPPATH/Helpers/custom_helper.php(29): CodeIgniter\Database\BaseConnection->query('SELECT role from users where id =  ')
 2 APPPATH/Views/include/topheader.php(14): get_user_role(null)
 3 SYSTEMPATH/View/View.php(213): include('APPPATH/Views/include/topheader.php')
 4 SYSTEMPATH/View/View.php(216): CodeIgniter\View\View->CodeIgniter\View\{closure}()
 5 SYSTEMPATH/Common.php(1184): CodeIgniter\View\View->render('/include/topheader', [], true)
 6 APPPATH/Controllers/Dashboard.php(15): view('/include/topheader', [...])
 7 SYSTEMPATH/CodeIgniter.php(934): App\Controllers\Dashboard->index()
 8 SYSTEMPATH/CodeIgniter.php(499): CodeIgniter\CodeIgniter->runController(Object(App\Controllers\Dashboard))
 9 SYSTEMPATH/CodeIgniter.php(368): CodeIgniter\CodeIgniter->handleRequest(null, Object(Config\Cache), false)
10 FCPATH/index.php(67): CodeIgniter\CodeIgniter->run()
INFO - 2023-02-28 11:11:37 --> Session: Class initialized using 'CodeIgniter\Session\Handlers\FileHandler' driver.
ERROR - 2023-02-28 11:11:37 --> mysqli_sql_exception: You have an error in your SQL syntax; check the manual that corresponds to your MySQL server version for the right syntax to use near '' at line 1 in /home/congreg8/public_html/app.congreg8.org/system/Database/MySQLi/Connection.php:295
Stack trace:
#0 /home/congreg8/public_html/app.congreg8.org/system/Database/MySQLi/Connection.php(295): mysqli->query('SELECT role fro...', 0)
#1 /home/congreg8/public_html/app.congreg8.org/system/Database/BaseConnection.php(691): CodeIgniter\Database\MySQLi\Connection->execute('SELECT role fro...')
#2 /home/congreg8/public_html/app.congreg8.org/system/Database/BaseConnection.php(605): CodeIgniter\Database\BaseConnection->simpleQuery('SELECT role fro...')
#3 /home/congreg8/public_html/app.congreg8.org/app/Helpers/custom_helper.php(29): CodeIgniter\Database\BaseConnection->query('SELECT role fro...')
#4 /home/congreg8/public_html/app.congreg8.org/app/Views/include/topheader.php(14): get_user_role(NULL)
#5 /home/congreg8/public_html/app.congreg8.org/system/View/View.php(213): include('/home/congreg8/...')
#6 /home/congreg8/public_html/app.congreg8.org/system/View/View.php(216): CodeIgniter\View\View->CodeIgniter\View\{closure}()
#7 /home/congreg8/public_html/app.congreg8.org/system/Common.php(1184): CodeIgniter\View\View->render('/include/tophea...', Array, true)
#8 /home/congreg8/public_html/app.congreg8.org/app/Controllers/Dashboard.php(15): view('/include/tophea...', Array)
#9 /home/congreg8/public_html/app.congreg8.org/system/CodeIgniter.php(934): App\Controllers\Dashboard->index()
#10 /home/congreg8/public_html/app.congreg8.org/system/CodeIgniter.php(499): CodeIgniter\CodeIgniter->runController(Object(App\Controllers\Dashboard))
#11 /home/congreg8/public_html/app.congreg8.org/system/CodeIgniter.php(368): CodeIgniter\CodeIgniter->handleRequest(NULL, Object(Config\Cache), false)
#12 /home/congreg8/public_html/app.congreg8.org/index.php(67): CodeIgniter\CodeIgniter->run()
#13 {main}
CRITICAL - 2023-02-28 11:11:37 --> You have an error in your SQL syntax; check the manual that corresponds to your MySQL server version for the right syntax to use near '' at line 1
in SYSTEMPATH/Database/BaseConnection.php on line 645.
 1 APPPATH/Helpers/custom_helper.php(29): CodeIgniter\Database\BaseConnection->query('SELECT role from users where id =  ')
 2 APPPATH/Views/include/topheader.php(14): get_user_role(null)
 3 SYSTEMPATH/View/View.php(213): include('APPPATH/Views/include/topheader.php')
 4 SYSTEMPATH/View/View.php(216): CodeIgniter\View\View->CodeIgniter\View\{closure}()
 5 SYSTEMPATH/Common.php(1184): CodeIgniter\View\View->render('/include/topheader', [], true)
 6 APPPATH/Controllers/Dashboard.php(15): view('/include/topheader', [...])
 7 SYSTEMPATH/CodeIgniter.php(934): App\Controllers\Dashboard->index()
 8 SYSTEMPATH/CodeIgniter.php(499): CodeIgniter\CodeIgniter->runController(Object(App\Controllers\Dashboard))
 9 SYSTEMPATH/CodeIgniter.php(368): CodeIgniter\CodeIgniter->handleRequest(null, Object(Config\Cache), false)
10 FCPATH/index.php(67): CodeIgniter\CodeIgniter->run()
INFO - 2023-02-28 12:12:04 --> Session: Class initialized using 'CodeIgniter\Session\Handlers\FileHandler' driver.
ERROR - 2023-02-28 12:12:04 --> mysqli_sql_exception: You have an error in your SQL syntax; check the manual that corresponds to your MySQL server version for the right syntax to use near '' at line 1 in /home/congreg8/public_html/app.congreg8.org/system/Database/MySQLi/Connection.php:295
Stack trace:
#0 /home/congreg8/public_html/app.congreg8.org/system/Database/MySQLi/Connection.php(295): mysqli->query('SELECT role fro...', 0)
#1 /home/congreg8/public_html/app.congreg8.org/system/Database/BaseConnection.php(691): CodeIgniter\Database\MySQLi\Connection->execute('SELECT role fro...')
#2 /home/congreg8/public_html/app.congreg8.org/system/Database/BaseConnection.php(605): CodeIgniter\Database\BaseConnection->simpleQuery('SELECT role fro...')
#3 /home/congreg8/public_html/app.congreg8.org/app/Helpers/custom_helper.php(29): CodeIgniter\Database\BaseConnection->query('SELECT role fro...')
#4 /home/congreg8/public_html/app.congreg8.org/app/Views/include/topheader.php(14): get_user_role(NULL)
#5 /home/congreg8/public_html/app.congreg8.org/system/View/View.php(213): include('/home/congreg8/...')
#6 /home/congreg8/public_html/app.congreg8.org/system/View/View.php(216): CodeIgniter\View\View->CodeIgniter\View\{closure}()
#7 /home/congreg8/public_html/app.congreg8.org/system/Common.php(1184): CodeIgniter\View\View->render('/include/tophea...', Array, true)
#8 /home/congreg8/public_html/app.congreg8.org/app/Controllers/Dashboard.php(15): view('/include/tophea...', Array)
#9 /home/congreg8/public_html/app.congreg8.org/system/CodeIgniter.php(934): App\Controllers\Dashboard->index()
#10 /home/congreg8/public_html/app.congreg8.org/system/CodeIgniter.php(499): CodeIgniter\CodeIgniter->runController(Object(App\Controllers\Dashboard))
#11 /home/congreg8/public_html/app.congreg8.org/system/CodeIgniter.php(368): CodeIgniter\CodeIgniter->handleRequest(NULL, Object(Config\Cache), false)
#12 /home/congreg8/public_html/app.congreg8.org/index.php(67): CodeIgniter\CodeIgniter->run()
#13 {main}
CRITICAL - 2023-02-28 12:12:04 --> You have an error in your SQL syntax; check the manual that corresponds to your MySQL server version for the right syntax to use near '' at line 1
in SYSTEMPATH/Database/BaseConnection.php on line 645.
 1 APPPATH/Helpers/custom_helper.php(29): CodeIgniter\Database\BaseConnection->query('SELECT role from users where id =  ')
 2 APPPATH/Views/include/topheader.php(14): get_user_role(null)
 3 SYSTEMPATH/View/View.php(213): include('APPPATH/Views/include/topheader.php')
 4 SYSTEMPATH/View/View.php(216): CodeIgniter\View\View->CodeIgniter\View\{closure}()
 5 SYSTEMPATH/Common.php(1184): CodeIgniter\View\View->render('/include/topheader', [], true)
 6 APPPATH/Controllers/Dashboard.php(15): view('/include/topheader', [...])
 7 SYSTEMPATH/CodeIgniter.php(934): App\Controllers\Dashboard->index()
 8 SYSTEMPATH/CodeIgniter.php(499): CodeIgniter\CodeIgniter->runController(Object(App\Controllers\Dashboard))
 9 SYSTEMPATH/CodeIgniter.php(368): CodeIgniter\CodeIgniter->handleRequest(null, Object(Config\Cache), false)
10 FCPATH/index.php(67): CodeIgniter\CodeIgniter->run()
INFO - 2023-02-28 12:13:57 --> Session: Class initialized using 'CodeIgniter\Session\Handlers\FileHandler' driver.
INFO - 2023-02-28 12:13:58 --> Session: Class initialized using 'CodeIgniter\Session\Handlers\FileHandler' driver.
INFO - 2023-02-28 12:14:18 --> Session: Class initialized using 'CodeIgniter\Session\Handlers\FileHandler' driver.
INFO - 2023-02-28 12:14:22 --> Session: Class initialized using 'CodeIgniter\Session\Handlers\FileHandler' driver.
INFO - 2023-02-28 12:14:25 --> Session: Class initialized using 'CodeIgniter\Session\Handlers\FileHandler' driver.
INFO - 2023-02-28 12:14:25 --> Session: Class initialized using 'CodeIgniter\Session\Handlers\FileHandler' driver.
INFO - 2023-02-28 13:07:26 --> Session: Class initialized using 'CodeIgniter\Session\Handlers\FileHandler' driver.
INFO - 2023-02-28 13:07:30 --> Session: Class initialized using 'CodeIgniter\Session\Handlers\FileHandler' driver.
CRITICAL - 2023-02-28 16:09:06 --> The namespace delimiter is a backslash (\), not a slash (/). Route handler: "\App\Controllers\/"
in SYSTEMPATH/Router/Router.php on line 474.
 1 SYSTEMPATH/Router/Router.php(474): CodeIgniter\Router\Exceptions\RouterException::forInvalidControllerName('\\App\\Controllers\\/')
 2 SYSTEMPATH/Router/Router.php(182): CodeIgniter\Router\Router->checkRoutes('contacts')
 3 SYSTEMPATH/CodeIgniter.php(815): CodeIgniter\Router\Router->handle('contacts')
 4 SYSTEMPATH/CodeIgniter.php(449): CodeIgniter\CodeIgniter->tryToRouteIt(Object(CodeIgniter\Router\RouteCollection))
 5 SYSTEMPATH/CodeIgniter.php(368): CodeIgniter\CodeIgniter->handleRequest(null, Object(Config\Cache), false)
 6 FCPATH/index.php(67): CodeIgniter\CodeIgniter->run()
INFO - 2023-02-28 16:24:29 --> Session: Class initialized using 'CodeIgniter\Session\Handlers\FileHandler' driver.
INFO - 2023-02-28 16:24:29 --> Session: Class initialized using 'CodeIgniter\Session\Handlers\FileHandler' driver.
INFO - 2023-02-28 16:24:33 --> Session: Class initialized using 'CodeIgniter\Session\Handlers\FileHandler' driver.
INFO - 2023-02-28 16:24:33 --> Session: Class initialized using 'CodeIgniter\Session\Handlers\FileHandler' driver.
CRITICAL - 2023-02-28 16:24:38 --> The namespace delimiter is a backslash (\), not a slash (/). Route handler: "\App\Controllers\/"
in SYSTEMPATH/Router/Router.php on line 474.
 1 SYSTEMPATH/Router/Router.php(474): CodeIgniter\Router\Exceptions\RouterException::forInvalidControllerName('\\App\\Controllers\\/')
 2 SYSTEMPATH/Router/Router.php(182): CodeIgniter\Router\Router->checkRoutes('contacts')
 3 SYSTEMPATH/CodeIgniter.php(815): CodeIgniter\Router\Router->handle('contacts')
 4 SYSTEMPATH/CodeIgniter.php(449): CodeIgniter\CodeIgniter->tryToRouteIt(Object(CodeIgniter\Router\RouteCollection))
 5 SYSTEMPATH/CodeIgniter.php(368): CodeIgniter\CodeIgniter->handleRequest(null, Object(Config\Cache), false)
 6 FCPATH/index.php(67): CodeIgniter\CodeIgniter->run()
CRITICAL - 2023-02-28 16:33:13 --> The namespace delimiter is a backslash (\), not a slash (/). Route handler: "\App\Controllers\/"
in SYSTEMPATH/Router/Router.php on line 474.
 1 SYSTEMPATH/Router/Router.php(474): CodeIgniter\Router\Exceptions\RouterException::forInvalidControllerName('\\App\\Controllers\\/')
 2 SYSTEMPATH/Router/Router.php(182): CodeIgniter\Router\Router->checkRoutes('contacts')
 3 SYSTEMPATH/CodeIgniter.php(815): CodeIgniter\Router\Router->handle('contacts')
 4 SYSTEMPATH/CodeIgniter.php(449): CodeIgniter\CodeIgniter->tryToRouteIt(Object(CodeIgniter\Router\RouteCollection))
 5 SYSTEMPATH/CodeIgniter.php(368): CodeIgniter\CodeIgniter->handleRequest(null, Object(Config\Cache), false)
 6 FCPATH/index.php(67): CodeIgniter\CodeIgniter->run()
INFO - 2023-02-28 16:34:37 --> Session: Class initialized using 'CodeIgniter\Session\Handlers\FileHandler' driver.
CRITICAL - 2023-02-28 16:34:37 --> Undefined index: user_role
in APPPATH/Views/contacts/index.php on line 77.
 1 APPPATH/Views/contacts/index.php(77): CodeIgniter\Debug\Exceptions->errorHandler(8, 'Undefined index: user_role', 'APPPATH/Views/contacts/index.php', 77, [...])
 2 SYSTEMPATH/View/View.php(213): include('APPPATH/Views/contacts/index.php')
 3 SYSTEMPATH/View/View.php(216): CodeIgniter\View\View->CodeIgniter\View\{closure}()
 4 SYSTEMPATH/Common.php(1184): CodeIgniter\View\View->render('contacts/index', [], true)
 5 APPPATH/Controllers/Contacts.php(249): view('contacts/index', [...])
 6 SYSTEMPATH/CodeIgniter.php(934): App\Controllers\Contacts->index()
 7 SYSTEMPATH/CodeIgniter.php(499): CodeIgniter\CodeIgniter->runController(Object(App\Controllers\Contacts))
 8 SYSTEMPATH/CodeIgniter.php(368): CodeIgniter\CodeIgniter->handleRequest(null, Object(Config\Cache), false)
 9 FCPATH/index.php(67): CodeIgniter\CodeIgniter->run()
INFO - 2023-02-28 16:46:59 --> Session: Class initialized using 'CodeIgniter\Session\Handlers\FileHandler' driver.
INFO - 2023-02-28 16:57:59 --> Session: Class initialized using 'CodeIgniter\Session\Handlers\FileHandler' driver.
INFO - 2023-02-28 17:00:20 --> Session: Class initialized using 'CodeIgniter\Session\Handlers\FileHandler' driver.
INFO - 2023-02-28 17:03:10 --> Session: Class initialized using 'CodeIgniter\Session\Handlers\FileHandler' driver.
INFO - 2023-02-28 17:04:32 --> Session: Class initialized using 'CodeIgniter\Session\Handlers\FileHandler' driver.
INFO - 2023-02-28 17:06:51 --> Session: Class initialized using 'CodeIgniter\Session\Handlers\FileHandler' driver.
INFO - 2023-02-28 17:07:40 --> Session: Class initialized using 'CodeIgniter\Session\Handlers\FileHandler' driver.
INFO - 2023-02-28 17:08:42 --> Session: Class initialized using 'CodeIgniter\Session\Handlers\FileHandler' driver.
CRITICAL - 2023-02-28 17:08:42 --> Undefined index: draw
in APPPATH/Controllers/Contacts.php on line 20.
 1 APPPATH/Controllers/Contacts.php(20): CodeIgniter\Debug\Exceptions->errorHandler(8, 'Undefined index: draw', 'APPPATH/Controllers/Contacts.php', 20, [...])
 2 SYSTEMPATH/CodeIgniter.php(934): App\Controllers\Contacts->get_contacts()
 3 SYSTEMPATH/CodeIgniter.php(499): CodeIgniter\CodeIgniter->runController(Object(App\Controllers\Contacts))
 4 SYSTEMPATH/CodeIgniter.php(368): CodeIgniter\CodeIgniter->handleRequest(null, Object(Config\Cache), false)
 5 FCPATH/index.php(67): CodeIgniter\CodeIgniter->run()
INFO - 2023-02-28 17:09:56 --> Session: Class initialized using 'CodeIgniter\Session\Handlers\FileHandler' driver.
INFO - 2023-02-28 17:10:01 --> Session: Class initialized using 'CodeIgniter\Session\Handlers\FileHandler' driver.
CRITICAL - 2023-02-28 17:10:01 --> Undefined index: searchByTag
in APPPATH/Controllers/Contacts.php on line 37.
 1 APPPATH/Controllers/Contacts.php(37): CodeIgniter\Debug\Exceptions->errorHandler(8, 'Undefined index: searchByTag', 'APPPATH/Controllers/Contacts.php', 37, [...])
 2 SYSTEMPATH/CodeIgniter.php(934): App\Controllers\Contacts->get_contacts()
 3 SYSTEMPATH/CodeIgniter.php(499): CodeIgniter\CodeIgniter->runController(Object(App\Controllers\Contacts))
 4 SYSTEMPATH/CodeIgniter.php(368): CodeIgniter\CodeIgniter->handleRequest(null, Object(Config\Cache), false)
 5 FCPATH/index.php(67): CodeIgniter\CodeIgniter->run()
INFO - 2023-02-28 17:11:21 --> Session: Class initialized using 'CodeIgniter\Session\Handlers\FileHandler' driver.
INFO - 2023-02-28 17:11:30 --> Session: Class initialized using 'CodeIgniter\Session\Handlers\FileHandler' driver.
CRITICAL - 2023-02-28 17:11:30 --> Undefined index: searchByTag
in APPPATH/Controllers/Contacts.php on line 37.
 1 APPPATH/Controllers/Contacts.php(37): CodeIgniter\Debug\Exceptions->errorHandler(8, 'Undefined index: searchByTag', 'APPPATH/Controllers/Contacts.php', 37, [...])
 2 SYSTEMPATH/CodeIgniter.php(934): App\Controllers\Contacts->get_contacts()
 3 SYSTEMPATH/CodeIgniter.php(499): CodeIgniter\CodeIgniter->runController(Object(App\Controllers\Contacts))
 4 SYSTEMPATH/CodeIgniter.php(368): CodeIgniter\CodeIgniter->handleRequest(null, Object(Config\Cache), false)
 5 FCPATH/index.php(67): CodeIgniter\CodeIgniter->run()
INFO - 2023-02-28 17:13:10 --> Session: Class initialized using 'CodeIgniter\Session\Handlers\FileHandler' driver.
INFO - 2023-02-28 17:13:14 --> Session: Class initialized using 'CodeIgniter\Session\Handlers\FileHandler' driver.
CRITICAL - 2023-02-28 17:13:14 --> Undefined index: searchByTag
in APPPATH/Controllers/Contacts.php on line 37.
 1 APPPATH/Controllers/Contacts.php(37): CodeIgniter\Debug\Exceptions->errorHandler(8, 'Undefined index: searchByTag', 'APPPATH/Controllers/Contacts.php', 37, [...])
 2 SYSTEMPATH/CodeIgniter.php(934): App\Controllers\Contacts->get_contacts()
 3 SYSTEMPATH/CodeIgniter.php(499): CodeIgniter\CodeIgniter->runController(Object(App\Controllers\Contacts))
 4 SYSTEMPATH/CodeIgniter.php(368): CodeIgniter\CodeIgniter->handleRequest(null, Object(Config\Cache), false)
 5 FCPATH/index.php(67): CodeIgniter\CodeIgniter->run()
INFO - 2023-02-28 17:13:24 --> Session: Class initialized using 'CodeIgniter\Session\Handlers\FileHandler' driver.
CRITICAL - 2023-02-28 17:13:24 --> Undefined index: draw
in APPPATH/Controllers/Contacts.php on line 20.
 1 APPPATH/Controllers/Contacts.php(20): CodeIgniter\Debug\Exceptions->errorHandler(8, 'Undefined index: draw', 'APPPATH/Controllers/Contacts.php', 20, [...])
 2 SYSTEMPATH/CodeIgniter.php(934): App\Controllers\Contacts->get_contacts()
 3 SYSTEMPATH/CodeIgniter.php(499): CodeIgniter\CodeIgniter->runController(Object(App\Controllers\Contacts))
 4 SYSTEMPATH/CodeIgniter.php(368): CodeIgniter\CodeIgniter->handleRequest(null, Object(Config\Cache), false)
 5 FCPATH/index.php(67): CodeIgniter\CodeIgniter->run()
INFO - 2023-02-28 17:13:34 --> Session: Class initialized using 'CodeIgniter\Session\Handlers\FileHandler' driver.
INFO - 2023-02-28 17:13:38 --> Session: Class initialized using 'CodeIgniter\Session\Handlers\FileHandler' driver.
CRITICAL - 2023-02-28 17:13:38 --> Undefined index: searchByTag
in APPPATH/Controllers/Contacts.php on line 37.
 1 APPPATH/Controllers/Contacts.php(37): CodeIgniter\Debug\Exceptions->errorHandler(8, 'Undefined index: searchByTag', 'APPPATH/Controllers/Contacts.php', 37, [...])
 2 SYSTEMPATH/CodeIgniter.php(934): App\Controllers\Contacts->get_contacts()
 3 SYSTEMPATH/CodeIgniter.php(499): CodeIgniter\CodeIgniter->runController(Object(App\Controllers\Contacts))
 4 SYSTEMPATH/CodeIgniter.php(368): CodeIgniter\CodeIgniter->handleRequest(null, Object(Config\Cache), false)
 5 FCPATH/index.php(67): CodeIgniter\CodeIgniter->run()
INFO - 2023-02-28 17:20:00 --> Session: Class initialized using 'CodeIgniter\Session\Handlers\FileHandler' driver.
INFO - 2023-02-28 17:20:06 --> Session: Class initialized using 'CodeIgniter\Session\Handlers\FileHandler' driver.
CRITICAL - 2023-02-28 17:20:06 --> Undefined index: searchByTag
in APPPATH/Controllers/Contacts.php on line 37.
 1 APPPATH/Controllers/Contacts.php(37): CodeIgniter\Debug\Exceptions->errorHandler(8, 'Undefined index: searchByTag', 'APPPATH/Controllers/Contacts.php', 37, [...])
 2 SYSTEMPATH/CodeIgniter.php(934): App\Controllers\Contacts->get_contacts()
 3 SYSTEMPATH/CodeIgniter.php(499): CodeIgniter\CodeIgniter->runController(Object(App\Controllers\Contacts))
 4 SYSTEMPATH/CodeIgniter.php(368): CodeIgniter\CodeIgniter->handleRequest(null, Object(Config\Cache), false)
 5 FCPATH/index.php(67): CodeIgniter\CodeIgniter->run()
INFO - 2023-02-28 17:20:19 --> Session: Class initialized using 'CodeIgniter\Session\Handlers\FileHandler' driver.
CRITICAL - 2023-02-28 17:20:19 --> Undefined index: draw
in APPPATH/Controllers/Contacts.php on line 20.
 1 APPPATH/Controllers/Contacts.php(20): CodeIgniter\Debug\Exceptions->errorHandler(8, 'Undefined index: draw', 'APPPATH/Controllers/Contacts.php', 20, [...])
 2 SYSTEMPATH/CodeIgniter.php(934): App\Controllers\Contacts->get_contacts()
 3 SYSTEMPATH/CodeIgniter.php(499): CodeIgniter\CodeIgniter->runController(Object(App\Controllers\Contacts))
 4 SYSTEMPATH/CodeIgniter.php(368): CodeIgniter\CodeIgniter->handleRequest(null, Object(Config\Cache), false)
 5 FCPATH/index.php(67): CodeIgniter\CodeIgniter->run()
INFO - 2023-02-28 17:21:26 --> Session: Class initialized using 'CodeIgniter\Session\Handlers\FileHandler' driver.
INFO - 2023-02-28 17:21:29 --> Session: Class initialized using 'CodeIgniter\Session\Handlers\FileHandler' driver.
CRITICAL - 2023-02-28 17:21:29 --> Undefined index: searchByTag
in APPPATH/Controllers/Contacts.php on line 37.
 1 APPPATH/Controllers/Contacts.php(37): CodeIgniter\Debug\Exceptions->errorHandler(8, 'Undefined index: searchByTag', 'APPPATH/Controllers/Contacts.php', 37, [...])
 2 SYSTEMPATH/CodeIgniter.php(934): App\Controllers\Contacts->get_contacts()
 3 SYSTEMPATH/CodeIgniter.php(499): CodeIgniter\CodeIgniter->runController(Object(App\Controllers\Contacts))
 4 SYSTEMPATH/CodeIgniter.php(368): CodeIgniter\CodeIgniter->handleRequest(null, Object(Config\Cache), false)
 5 FCPATH/index.php(67): CodeIgniter\CodeIgniter->run()
INFO - 2023-02-28 17:25:09 --> Session: Class initialized using 'CodeIgniter\Session\Handlers\FileHandler' driver.
CRITICAL - 2023-02-28 17:25:09 --> Undefined index: draw
in APPPATH/Controllers/Contacts.php on line 20.
 1 APPPATH/Controllers/Contacts.php(20): CodeIgniter\Debug\Exceptions->errorHandler(8, 'Undefined index: draw', 'APPPATH/Controllers/Contacts.php', 20, [...])
 2 SYSTEMPATH/CodeIgniter.php(934): App\Controllers\Contacts->get_contacts()
 3 SYSTEMPATH/CodeIgniter.php(499): CodeIgniter\CodeIgniter->runController(Object(App\Controllers\Contacts))
 4 SYSTEMPATH/CodeIgniter.php(368): CodeIgniter\CodeIgniter->handleRequest(null, Object(Config\Cache), false)
 5 FCPATH/index.php(67): CodeIgniter\CodeIgniter->run()
INFO - 2023-02-28 17:25:15 --> Session: Class initialized using 'CodeIgniter\Session\Handlers\FileHandler' driver.
INFO - 2023-02-28 17:25:20 --> Session: Class initialized using 'CodeIgniter\Session\Handlers\FileHandler' driver.
CRITICAL - 2023-02-28 17:25:20 --> Undefined index: searchByTag
in APPPATH/Controllers/Contacts.php on line 37.
 1 APPPATH/Controllers/Contacts.php(37): CodeIgniter\Debug\Exceptions->errorHandler(8, 'Undefined index: searchByTag', 'APPPATH/Controllers/Contacts.php', 37, [...])
 2 SYSTEMPATH/CodeIgniter.php(934): App\Controllers\Contacts->get_contacts()
 3 SYSTEMPATH/CodeIgniter.php(499): CodeIgniter\CodeIgniter->runController(Object(App\Controllers\Contacts))
 4 SYSTEMPATH/CodeIgniter.php(368): CodeIgniter\CodeIgniter->handleRequest(null, Object(Config\Cache), false)
 5 FCPATH/index.php(67): CodeIgniter\CodeIgniter->run()
INFO - 2023-02-28 17:26:09 --> Session: Class initialized using 'CodeIgniter\Session\Handlers\FileHandler' driver.
INFO - 2023-02-28 17:26:17 --> Session: Class initialized using 'CodeIgniter\Session\Handlers\FileHandler' driver.
CRITICAL - 2023-02-28 17:26:17 --> Undefined index: searchByTag
in APPPATH/Controllers/Contacts.php on line 37.
 1 APPPATH/Controllers/Contacts.php(37): CodeIgniter\Debug\Exceptions->errorHandler(8, 'Undefined index: searchByTag', 'APPPATH/Controllers/Contacts.php', 37, [...])
 2 SYSTEMPATH/CodeIgniter.php(934): App\Controllers\Contacts->get_contacts()
 3 SYSTEMPATH/CodeIgniter.php(499): CodeIgniter\CodeIgniter->runController(Object(App\Controllers\Contacts))
 4 SYSTEMPATH/CodeIgniter.php(368): CodeIgniter\CodeIgniter->handleRequest(null, Object(Config\Cache), false)
 5 FCPATH/index.php(67): CodeIgniter\CodeIgniter->run()
INFO - 2023-02-28 17:26:27 --> Session: Class initialized using 'CodeIgniter\Session\Handlers\FileHandler' driver.
CRITICAL - 2023-02-28 17:26:27 --> Undefined index: draw
in APPPATH/Controllers/Contacts.php on line 20.
 1 APPPATH/Controllers/Contacts.php(20): CodeIgniter\Debug\Exceptions->errorHandler(8, 'Undefined index: draw', 'APPPATH/Controllers/Contacts.php', 20, [...])
 2 SYSTEMPATH/CodeIgniter.php(934): App\Controllers\Contacts->get_contacts()
 3 SYSTEMPATH/CodeIgniter.php(499): CodeIgniter\CodeIgniter->runController(Object(App\Controllers\Contacts))
 4 SYSTEMPATH/CodeIgniter.php(368): CodeIgniter\CodeIgniter->handleRequest(null, Object(Config\Cache), false)
 5 FCPATH/index.php(67): CodeIgniter\CodeIgniter->run()
INFO - 2023-02-28 17:28:14 --> Session: Class initialized using 'CodeIgniter\Session\Handlers\FileHandler' driver.
INFO - 2023-02-28 17:28:19 --> Session: Class initialized using 'CodeIgniter\Session\Handlers\FileHandler' driver.
CRITICAL - 2023-02-28 17:28:19 --> Undefined index: searchByTag
in APPPATH/Controllers/Contacts.php on line 37.
 1 APPPATH/Controllers/Contacts.php(37): CodeIgniter\Debug\Exceptions->errorHandler(8, 'Undefined index: searchByTag', 'APPPATH/Controllers/Contacts.php', 37, [...])
 2 SYSTEMPATH/CodeIgniter.php(934): App\Controllers\Contacts->get_contacts()
 3 SYSTEMPATH/CodeIgniter.php(499): CodeIgniter\CodeIgniter->runController(Object(App\Controllers\Contacts))
 4 SYSTEMPATH/CodeIgniter.php(368): CodeIgniter\CodeIgniter->handleRequest(null, Object(Config\Cache), false)
 5 FCPATH/index.php(67): CodeIgniter\CodeIgniter->run()
INFO - 2023-02-28 17:33:53 --> Session: Class initialized using 'CodeIgniter\Session\Handlers\FileHandler' driver.
INFO - 2023-02-28 17:33:56 --> Session: Class initialized using 'CodeIgniter\Session\Handlers\FileHandler' driver.
CRITICAL - 2023-02-28 17:33:56 --> Undefined index: searchByTag
in APPPATH/Controllers/Contacts.php on line 37.
 1 APPPATH/Controllers/Contacts.php(37): CodeIgniter\Debug\Exceptions->errorHandler(8, 'Undefined index: searchByTag', 'APPPATH/Controllers/Contacts.php', 37, [...])
 2 SYSTEMPATH/CodeIgniter.php(934): App\Controllers\Contacts->get_contacts()
 3 SYSTEMPATH/CodeIgniter.php(499): CodeIgniter\CodeIgniter->runController(Object(App\Controllers\Contacts))
 4 SYSTEMPATH/CodeIgniter.php(368): CodeIgniter\CodeIgniter->handleRequest(null, Object(Config\Cache), false)
 5 FCPATH/index.php(67): CodeIgniter\CodeIgniter->run()
INFO - 2023-02-28 17:34:48 --> Session: Class initialized using 'CodeIgniter\Session\Handlers\FileHandler' driver.
INFO - 2023-02-28 17:34:53 --> Session: Class initialized using 'CodeIgniter\Session\Handlers\FileHandler' driver.
INFO - 2023-02-28 17:36:27 --> Session: Class initialized using 'CodeIgniter\Session\Handlers\FileHandler' driver.
INFO - 2023-02-28 17:36:31 --> Session: Class initialized using 'CodeIgniter\Session\Handlers\FileHandler' driver.
CRITICAL - 2023-02-28 17:36:31 --> Undefined index: searchByTag
in APPPATH/Controllers/Contacts.php on line 38.
 1 APPPATH/Controllers/Contacts.php(38): CodeIgniter\Debug\Exceptions->errorHandler(8, 'Undefined index: searchByTag', 'APPPATH/Controllers/Contacts.php', 38, [...])
 2 SYSTEMPATH/CodeIgniter.php(934): App\Controllers\Contacts->get_contacts()
 3 SYSTEMPATH/CodeIgniter.php(499): CodeIgniter\CodeIgniter->runController(Object(App\Controllers\Contacts))
 4 SYSTEMPATH/CodeIgniter.php(368): CodeIgniter\CodeIgniter->handleRequest(null, Object(Config\Cache), false)
 5 FCPATH/index.php(67): CodeIgniter\CodeIgniter->run()
INFO - 2023-02-28 17:36:39 --> Session: Class initialized using 'CodeIgniter\Session\Handlers\FileHandler' driver.
INFO - 2023-02-28 17:36:43 --> Session: Class initialized using 'CodeIgniter\Session\Handlers\FileHandler' driver.
CRITICAL - 2023-02-28 17:36:43 --> Undefined index: searchByTag
in APPPATH/Controllers/Contacts.php on line 38.
 1 APPPATH/Controllers/Contacts.php(38): CodeIgniter\Debug\Exceptions->errorHandler(8, 'Undefined index: searchByTag', 'APPPATH/Controllers/Contacts.php', 38, [...])
 2 SYSTEMPATH/CodeIgniter.php(934): App\Controllers\Contacts->get_contacts()
 3 SYSTEMPATH/CodeIgniter.php(499): CodeIgniter\CodeIgniter->runController(Object(App\Controllers\Contacts))
 4 SYSTEMPATH/CodeIgniter.php(368): CodeIgniter\CodeIgniter->handleRequest(null, Object(Config\Cache), false)
 5 FCPATH/index.php(67): CodeIgniter\CodeIgniter->run()
INFO - 2023-02-28 17:37:47 --> Session: Class initialized using 'CodeIgniter\Session\Handlers\FileHandler' driver.
INFO - 2023-02-28 17:37:50 --> Session: Class initialized using 'CodeIgniter\Session\Handlers\FileHandler' driver.
CRITICAL - 2023-02-28 17:37:50 --> Undefined index: searchByTag
in APPPATH/Controllers/Contacts.php on line 38.
 1 APPPATH/Controllers/Contacts.php(38): CodeIgniter\Debug\Exceptions->errorHandler(8, 'Undefined index: searchByTag', 'APPPATH/Controllers/Contacts.php', 38, [...])
 2 SYSTEMPATH/CodeIgniter.php(934): App\Controllers\Contacts->get_contacts()
 3 SYSTEMPATH/CodeIgniter.php(499): CodeIgniter\CodeIgniter->runController(Object(App\Controllers\Contacts))
 4 SYSTEMPATH/CodeIgniter.php(368): CodeIgniter\CodeIgniter->handleRequest(null, Object(Config\Cache), false)
 5 FCPATH/index.php(67): CodeIgniter\CodeIgniter->run()
INFO - 2023-02-28 17:44:36 --> Session: Class initialized using 'CodeIgniter\Session\Handlers\FileHandler' driver.
INFO - 2023-02-28 17:44:39 --> Session: Class initialized using 'CodeIgniter\Session\Handlers\FileHandler' driver.
CRITICAL - 2023-02-28 17:44:39 --> Undefined index: searchByTag
in APPPATH/Controllers/Contacts.php on line 38.
 1 APPPATH/Controllers/Contacts.php(38): CodeIgniter\Debug\Exceptions->errorHandler(8, 'Undefined index: searchByTag', 'APPPATH/Controllers/Contacts.php', 38, [...])
 2 SYSTEMPATH/CodeIgniter.php(934): App\Controllers\Contacts->get_contacts()
 3 SYSTEMPATH/CodeIgniter.php(499): CodeIgniter\CodeIgniter->runController(Object(App\Controllers\Contacts))
 4 SYSTEMPATH/CodeIgniter.php(368): CodeIgniter\CodeIgniter->handleRequest(null, Object(Config\Cache), false)
 5 FCPATH/index.php(67): CodeIgniter\CodeIgniter->run()
INFO - 2023-02-28 17:45:23 --> Session: Class initialized using 'CodeIgniter\Session\Handlers\FileHandler' driver.
INFO - 2023-02-28 17:45:26 --> Session: Class initialized using 'CodeIgniter\Session\Handlers\FileHandler' driver.
INFO - 2023-02-28 17:48:28 --> Session: Class initialized using 'CodeIgniter\Session\Handlers\FileHandler' driver.
INFO - 2023-02-28 17:48:31 --> Session: Class initialized using 'CodeIgniter\Session\Handlers\FileHandler' driver.
ERROR - 2023-02-28 17:48:31 --> mysqli_sql_exception: Unknown column 't.contact_id' in 'field list' in /home/congreg8/public_html/app.congreg8.org/system/Database/MySQLi/Connection.php:295
Stack trace:
#0 /home/congreg8/public_html/app.congreg8.org/system/Database/MySQLi/Connection.php(295): mysqli->query('SELECT c.name,c...', 0)
#1 /home/congreg8/public_html/app.congreg8.org/system/Database/BaseConnection.php(691): CodeIgniter\Database\MySQLi\Connection->execute('SELECT c.name,c...')
#2 /home/congreg8/public_html/app.congreg8.org/system/Database/BaseConnection.php(605): CodeIgniter\Database\BaseConnection->simpleQuery('SELECT c.name,c...')
#3 /home/congreg8/public_html/app.congreg8.org/app/Controllers/Contacts.php(123): CodeIgniter\Database\BaseConnection->query('SELECT c.name,c...')
#4 /home/congreg8/public_html/app.congreg8.org/system/CodeIgniter.php(934): App\Controllers\Contacts->get_contacts()
#5 /home/congreg8/public_html/app.congreg8.org/system/CodeIgniter.php(499): CodeIgniter\CodeIgniter->runController(Object(App\Controllers\Contacts))
#6 /home/congreg8/public_html/app.congreg8.org/system/CodeIgniter.php(368): CodeIgniter\CodeIgniter->handleRequest(NULL, Object(Config\Cache), false)
#7 /home/congreg8/public_html/app.congreg8.org/index.php(67): CodeIgniter\CodeIgniter->run()
#8 {main}
CRITICAL - 2023-02-28 17:48:31 --> Unknown column 't.contact_id' in 'field list'
in SYSTEMPATH/Database/BaseConnection.php on line 645.
 1 APPPATH/Controllers/Contacts.php(123): CodeIgniter\Database\BaseConnection->query('SELECT c.name,c.email,c.phone,c.address,c.gender,c.birthday,c.status,c.form_type,c.id as tabid  
				, t.contact_id, t.tags
		       FROM contacts c
			   -- left join tbl_tags t on t.contact_id = c.id
		       /*LEFT JOIN users u on u.id = c.parent*/

			   where c.r_status = \'Y\' and c.name != \'\'

		        order by name asc limit 0,10 ')
 2 SYSTEMPATH/CodeIgniter.php(934): App\Controllers\Contacts->get_contacts()
 3 SYSTEMPATH/CodeIgniter.php(499): CodeIgniter\CodeIgniter->runController(Object(App\Controllers\Contacts))
 4 SYSTEMPATH/CodeIgniter.php(368): CodeIgniter\CodeIgniter->handleRequest(null, Object(Config\Cache), false)
 5 FCPATH/index.php(67): CodeIgniter\CodeIgniter->run()
INFO - 2023-02-28 17:48:59 --> Session: Class initialized using 'CodeIgniter\Session\Handlers\FileHandler' driver.
INFO - 2023-02-28 17:49:02 --> Session: Class initialized using 'CodeIgniter\Session\Handlers\FileHandler' driver.
CRITICAL - 2023-02-28 17:49:02 --> Undefined index: tags
in APPPATH/Controllers/Contacts.php on line 204.
 1 APPPATH/Controllers/Contacts.php(204): CodeIgniter\Debug\Exceptions->errorHandler(8, 'Undefined index: tags', 'APPPATH/Controllers/Contacts.php', 204, [...])
 2 SYSTEMPATH/CodeIgniter.php(934): App\Controllers\Contacts->get_contacts()
 3 SYSTEMPATH/CodeIgniter.php(499): CodeIgniter\CodeIgniter->runController(Object(App\Controllers\Contacts))
 4 SYSTEMPATH/CodeIgniter.php(368): CodeIgniter\CodeIgniter->handleRequest(null, Object(Config\Cache), false)
 5 FCPATH/index.php(67): CodeIgniter\CodeIgniter->run()
INFO - 2023-02-28 17:50:22 --> Session: Class initialized using 'CodeIgniter\Session\Handlers\FileHandler' driver.
INFO - 2023-02-28 17:50:30 --> Session: Class initialized using 'CodeIgniter\Session\Handlers\FileHandler' driver.
CRITICAL - 2023-02-28 17:50:30 --> Undefined index: tags
in APPPATH/Controllers/Contacts.php on line 205.
 1 APPPATH/Controllers/Contacts.php(205): CodeIgniter\Debug\Exceptions->errorHandler(8, 'Undefined index: tags', 'APPPATH/Controllers/Contacts.php', 205, [...])
 2 SYSTEMPATH/CodeIgniter.php(934): App\Controllers\Contacts->get_contacts()
 3 SYSTEMPATH/CodeIgniter.php(499): CodeIgniter\CodeIgniter->runController(Object(App\Controllers\Contacts))
 4 SYSTEMPATH/CodeIgniter.php(368): CodeIgniter\CodeIgniter->handleRequest(null, Object(Config\Cache), false)
 5 FCPATH/index.php(67): CodeIgniter\CodeIgniter->run()
INFO - 2023-02-28 17:51:14 --> Session: Class initialized using 'CodeIgniter\Session\Handlers\FileHandler' driver.
INFO - 2023-02-28 17:51:17 --> Session: Class initialized using 'CodeIgniter\Session\Handlers\FileHandler' driver.
CRITICAL - 2023-02-28 17:51:17 --> Undefined index: tags
in APPPATH/Controllers/Contacts.php on line 203.
 1 APPPATH/Controllers/Contacts.php(203): CodeIgniter\Debug\Exceptions->errorHandler(8, 'Undefined index: tags', 'APPPATH/Controllers/Contacts.php', 203, [...])
 2 SYSTEMPATH/CodeIgniter.php(934): App\Controllers\Contacts->get_contacts()
 3 SYSTEMPATH/CodeIgniter.php(499): CodeIgniter\CodeIgniter->runController(Object(App\Controllers\Contacts))
 4 SYSTEMPATH/CodeIgniter.php(368): CodeIgniter\CodeIgniter->handleRequest(null, Object(Config\Cache), false)
 5 FCPATH/index.php(67): CodeIgniter\CodeIgniter->run()
INFO - 2023-02-28 17:51:38 --> Session: Class initialized using 'CodeIgniter\Session\Handlers\FileHandler' driver.
INFO - 2023-02-28 17:51:42 --> Session: Class initialized using 'CodeIgniter\Session\Handlers\FileHandler' driver.
CRITICAL - 2023-02-28 17:51:43 --> Undefined index: tags
in APPPATH/Controllers/Contacts.php on line 200.
 1 APPPATH/Controllers/Contacts.php(200): CodeIgniter\Debug\Exceptions->errorHandler(8, 'Undefined index: tags', 'APPPATH/Controllers/Contacts.php', 200, [...])
 2 SYSTEMPATH/CodeIgniter.php(934): App\Controllers\Contacts->get_contacts()
 3 SYSTEMPATH/CodeIgniter.php(499): CodeIgniter\CodeIgniter->runController(Object(App\Controllers\Contacts))
 4 SYSTEMPATH/CodeIgniter.php(368): CodeIgniter\CodeIgniter->handleRequest(null, Object(Config\Cache), false)
 5 FCPATH/index.php(67): CodeIgniter\CodeIgniter->run()
INFO - 2023-02-28 17:52:53 --> Session: Class initialized using 'CodeIgniter\Session\Handlers\FileHandler' driver.
INFO - 2023-02-28 17:52:56 --> Session: Class initialized using 'CodeIgniter\Session\Handlers\FileHandler' driver.
CRITICAL - 2023-02-28 17:52:56 --> Undefined index: tags
in APPPATH/Controllers/Contacts.php on line 199.
 1 APPPATH/Controllers/Contacts.php(199): CodeIgniter\Debug\Exceptions->errorHandler(8, 'Undefined index: tags', 'APPPATH/Controllers/Contacts.php', 199, [...])
 2 SYSTEMPATH/CodeIgniter.php(934): App\Controllers\Contacts->get_contacts()
 3 SYSTEMPATH/CodeIgniter.php(499): CodeIgniter\CodeIgniter->runController(Object(App\Controllers\Contacts))
 4 SYSTEMPATH/CodeIgniter.php(368): CodeIgniter\CodeIgniter->handleRequest(null, Object(Config\Cache), false)
 5 FCPATH/index.php(67): CodeIgniter\CodeIgniter->run()
INFO - 2023-02-28 17:54:02 --> Session: Class initialized using 'CodeIgniter\Session\Handlers\FileHandler' driver.
INFO - 2023-02-28 17:54:05 --> Session: Class initialized using 'CodeIgniter\Session\Handlers\FileHandler' driver.
INFO - 2023-02-28 17:55:22 --> Session: Class initialized using 'CodeIgniter\Session\Handlers\FileHandler' driver.
INFO - 2023-02-28 17:55:24 --> Session: Class initialized using 'CodeIgniter\Session\Handlers\FileHandler' driver.
INFO - 2023-02-28 18:07:36 --> Session: Class initialized using 'CodeIgniter\Session\Handlers\FileHandler' driver.
INFO - 2023-02-28 18:07:41 --> Session: Class initialized using 'CodeIgniter\Session\Handlers\FileHandler' driver.
INFO - 2023-02-28 18:11:46 --> Session: Class initialized using 'CodeIgniter\Session\Handlers\FileHandler' driver.
INFO - 2023-02-28 18:11:46 --> Session: Class initialized using 'CodeIgniter\Session\Handlers\FileHandler' driver.
INFO - 2023-02-28 18:11:49 --> Session: Class initialized using 'CodeIgniter\Session\Handlers\FileHandler' driver.
INFO - 2023-02-28 18:11:49 --> Session: Class initialized using 'CodeIgniter\Session\Handlers\FileHandler' driver.
INFO - 2023-02-28 18:11:49 --> Session: Class initialized using 'CodeIgniter\Session\Handlers\FileHandler' driver.
INFO - 2023-02-28 18:11:55 --> Session: Class initialized using 'CodeIgniter\Session\Handlers\FileHandler' driver.
INFO - 2023-02-28 18:11:55 --> Session: Class initialized using 'CodeIgniter\Session\Handlers\FileHandler' driver.
INFO - 2023-02-28 18:11:55 --> Session: Class initialized using 'CodeIgniter\Session\Handlers\FileHandler' driver.
INFO - 2023-02-28 18:17:20 --> Session: Class initialized using 'CodeIgniter\Session\Handlers\FileHandler' driver.
INFO - 2023-02-28 18:17:21 --> Session: Class initialized using 'CodeIgniter\Session\Handlers\FileHandler' driver.
INFO - 2023-02-28 18:17:22 --> Session: Class initialized using 'CodeIgniter\Session\Handlers\FileHandler' driver.
INFO - 2023-02-28 18:17:33 --> Session: Class initialized using 'CodeIgniter\Session\Handlers\FileHandler' driver.
INFO - 2023-02-28 18:17:33 --> Session: Class initialized using 'CodeIgniter\Session\Handlers\FileHandler' driver.
INFO - 2023-02-28 18:17:36 --> Session: Class initialized using 'CodeIgniter\Session\Handlers\FileHandler' driver.
INFO - 2023-02-28 18:17:51 --> Session: Class initialized using 'CodeIgniter\Session\Handlers\FileHandler' driver.
INFO - 2023-02-28 18:17:52 --> Session: Class initialized using 'CodeIgniter\Session\Handlers\FileHandler' driver.
INFO - 2023-02-28 18:17:52 --> Session: Class initialized using 'CodeIgniter\Session\Handlers\FileHandler' driver.
INFO - 2023-02-28 18:18:02 --> Session: Class initialized using 'CodeIgniter\Session\Handlers\FileHandler' driver.
INFO - 2023-02-28 18:18:06 --> Session: Class initialized using 'CodeIgniter\Session\Handlers\FileHandler' driver.
