INFO - 2023-11-26 07:54:07 --> Session: Class initialized using 'CodeIgniter\Session\Handlers\FileHandler' driver.
INFO - 2023-11-26 13:52:30 --> Session: Class initialized using 'CodeIgniter\Session\Handlers\FileHandler' driver.
INFO - 2023-11-26 13:52:31 --> Session: Class initialized using 'CodeIgniter\Session\Handlers\FileHandler' driver.
INFO - 2023-11-26 13:52:54 --> Session: Class initialized using 'CodeIgniter\Session\Handlers\FileHandler' driver.
INFO - 2023-11-26 14:00:33 --> Session: Class initialized using 'CodeIgniter\Session\Handlers\FileHandler' driver.
INFO - 2023-11-26 16:52:35 --> Session: Class initialized using 'CodeIgniter\Session\Handlers\FileHandler' driver.
INFO - 2023-11-26 16:52:35 --> Session: Class initialized using 'CodeIgniter\Session\Handlers\FileHandler' driver.
INFO - 2023-11-26 16:52:38 --> Session: Class initialized using 'CodeIgniter\Session\Handlers\FileHandler' driver.
INFO - 2023-11-26 16:52:38 --> Session: Class initialized using 'CodeIgniter\Session\Handlers\FileHandler' driver.
INFO - 2023-11-26 16:52:39 --> Session: Class initialized using 'CodeIgniter\Session\Handlers\FileHandler' driver.
INFO - 2023-11-26 16:52:43 --> Session: Class initialized using 'CodeIgniter\Session\Handlers\FileHandler' driver.
INFO - 2023-11-26 16:52:44 --> Session: Class initialized using 'CodeIgniter\Session\Handlers\FileHandler' driver.
INFO - 2023-11-26 16:56:12 --> Session: Class initialized using 'CodeIgniter\Session\Handlers\FileHandler' driver.
INFO - 2023-11-26 16:56:13 --> Session: Class initialized using 'CodeIgniter\Session\Handlers\FileHandler' driver.
ERROR - 2023-11-26 16:56:13 --> mysqli_sql_exception: You have an error in your SQL syntax; check the manual that corresponds to your MySQL server version for the right syntax to use near 'GROUP BY a.contact_id
    ) as A' at line 5 in /home/congreg8/public_html/app.congreg8.org/system/Database/MySQLi/Connection.php:295
Stack trace:
#0 /home/congreg8/public_html/app.congreg8.org/system/Database/MySQLi/Connection.php(295): mysqli->query('SELECT count(*)...', 0)
#1 /home/congreg8/public_html/app.congreg8.org/system/Database/BaseConnection.php(691): CodeIgniter\Database\MySQLi\Connection->execute('SELECT count(*)...')
#2 /home/congreg8/public_html/app.congreg8.org/system/Database/BaseConnection.php(605): CodeIgniter\Database\BaseConnection->simpleQuery('SELECT count(*)...')
#3 /home/congreg8/public_html/app.congreg8.org/app/Helpers/custom_helper.php(353): CodeIgniter\Database\BaseConnection->query('SELECT count(*)...')
#4 /home/congreg8/public_html/app.congreg8.org/app/Controllers/Dashboard.php(63): get_All_visitors(NULL, '', '')
#5 /home/congreg8/public_html/app.congreg8.org/system/CodeIgniter.php(934): App\Controllers\Dashboard->getvalues()
#6 /home/congreg8/public_html/app.congreg8.org/system/CodeIgniter.php(499): CodeIgniter\CodeIgniter->runController(Object(App\Controllers\Dashboard))
#7 /home/congreg8/public_html/app.congreg8.org/system/CodeIgniter.php(368): CodeIgniter\CodeIgniter->handleRequest(NULL, Object(Config\Cache), false)
#8 /home/congreg8/public_html/app.congreg8.org/index.php(67): CodeIgniter\CodeIgniter->run()
#9 {main}
CRITICAL - 2023-11-26 16:56:13 --> You have an error in your SQL syntax; check the manual that corresponds to your MySQL server version for the right syntax to use near 'GROUP BY a.contact_id
    ) as A' at line 5
in SYSTEMPATH/Database/BaseConnection.php on line 645.
 1 APPPATH/Helpers/custom_helper.php(353): CodeIgniter\Database\BaseConnection->query('SELECT count(*) as cntt FROM (
        SELECT a.contact_id as cnt
        FROM `tab_attandance` a
        LEFT JOIN contacts c ON c.id = a.contact_id
        WHERE c.r_status = \'Y\' AND a.rstatus = \'Y\' AND form_type = \'Visitor\' AND a.church_id =  GROUP BY a.contact_id
    ) as A')
 2 APPPATH/Controllers/Dashboard.php(63): get_All_visitors(null, '/home/congreg8/public_html/app.congreg8.org', '/home/congreg8/public_html/app.congreg8.org')
 3 SYSTEMPATH/CodeIgniter.php(934): App\Controllers\Dashboard->getvalues()
 4 SYSTEMPATH/CodeIgniter.php(499): CodeIgniter\CodeIgniter->runController(Object(App\Controllers\Dashboard))
 5 SYSTEMPATH/CodeIgniter.php(368): CodeIgniter\CodeIgniter->handleRequest(null, Object(Config\Cache), false)
 6 FCPATH/index.php(67): CodeIgniter\CodeIgniter->run()
INFO - 2023-11-26 16:56:13 --> Session: Class initialized using 'CodeIgniter\Session\Handlers\FileHandler' driver.
INFO - 2023-11-26 16:56:39 --> Session: Class initialized using 'CodeIgniter\Session\Handlers\FileHandler' driver.
INFO - 2023-11-26 16:56:44 --> Session: Class initialized using 'CodeIgniter\Session\Handlers\FileHandler' driver.
INFO - 2023-11-26 16:56:50 --> Session: Class initialized using 'CodeIgniter\Session\Handlers\FileHandler' driver.
INFO - 2023-11-26 16:56:53 --> Session: Class initialized using 'CodeIgniter\Session\Handlers\FileHandler' driver.
INFO - 2023-11-26 16:57:00 --> Session: Class initialized using 'CodeIgniter\Session\Handlers\FileHandler' driver.
INFO - 2023-11-26 17:06:22 --> Session: Class initialized using 'CodeIgniter\Session\Handlers\FileHandler' driver.
INFO - 2023-11-26 17:06:29 --> Session: Class initialized using 'CodeIgniter\Session\Handlers\FileHandler' driver.
INFO - 2023-11-26 17:10:21 --> Session: Class initialized using 'CodeIgniter\Session\Handlers\FileHandler' driver.
INFO - 2023-11-26 19:08:01 --> Session: Class initialized using 'CodeIgniter\Session\Handlers\FileHandler' driver.
INFO - 2023-11-26 20:19:36 --> Session: Class initialized using 'CodeIgniter\Session\Handlers\FileHandler' driver.
INFO - 2023-11-26 20:42:06 --> Session: Class initialized using 'CodeIgniter\Session\Handlers\FileHandler' driver.
