INFO - 2023-03-07 07:45:16 --> Session: Class initialized using 'CodeIgniter\Session\Handlers\FileHandler' driver.
INFO - 2023-03-07 13:21:25 --> Session: Class initialized using 'CodeIgniter\Session\Handlers\FileHandler' driver.
INFO - 2023-03-07 13:21:26 --> Session: Class initialized using 'CodeIgniter\Session\Handlers\FileHandler' driver.
INFO - 2023-03-07 13:22:21 --> Session: Class initialized using 'CodeIgniter\Session\Handlers\FileHandler' driver.
CRITICAL - 2023-03-07 13:22:21 --> Trying to access array offset on value of type null
in APPPATH/Controllers/Login.php on line 34.
 1 APPPATH/Controllers/Login.php(34): CodeIgniter\Debug\Exceptions->errorHandler(8, 'Trying to access array offset on value of type null', 'APPPATH/Controllers/Login.php', 34, [...])
 2 SYSTEMPATH/CodeIgniter.php(934): App\Controllers\Login->index()
 3 SYSTEMPATH/CodeIgniter.php(499): CodeIgniter\CodeIgniter->runController(Object(App\Controllers\Login))
 4 SYSTEMPATH/CodeIgniter.php(368): CodeIgniter\CodeIgniter->handleRequest(null, Object(Config\Cache), false)
 5 FCPATH/index.php(67): CodeIgniter\CodeIgniter->run()
INFO - 2023-03-07 14:46:55 --> Session: Class initialized using 'CodeIgniter\Session\Handlers\FileHandler' driver.
INFO - 2023-03-07 15:15:28 --> Session: Class initialized using 'CodeIgniter\Session\Handlers\FileHandler' driver.
INFO - 2023-03-07 15:15:37 --> Session: Class initialized using 'CodeIgniter\Session\Handlers\FileHandler' driver.
CRITICAL - 2023-03-07 15:15:37 --> Trying to access array offset on value of type null
in APPPATH/Controllers/Login.php on line 34.
 1 APPPATH/Controllers/Login.php(34): CodeIgniter\Debug\Exceptions->errorHandler(8, 'Trying to access array offset on value of type null', 'APPPATH/Controllers/Login.php', 34, [...])
 2 SYSTEMPATH/CodeIgniter.php(934): App\Controllers\Login->index()
 3 SYSTEMPATH/CodeIgniter.php(499): CodeIgniter\CodeIgniter->runController(Object(App\Controllers\Login))
 4 SYSTEMPATH/CodeIgniter.php(368): CodeIgniter\CodeIgniter->handleRequest(null, Object(Config\Cache), false)
 5 FCPATH/index.php(67): CodeIgniter\CodeIgniter->run()
INFO - 2023-03-07 15:15:42 --> Session: Class initialized using 'CodeIgniter\Session\Handlers\FileHandler' driver.
INFO - 2023-03-07 15:15:45 --> Session: Class initialized using 'CodeIgniter\Session\Handlers\FileHandler' driver.
CRITICAL - 2023-03-07 15:15:45 --> Trying to access array offset on value of type null
in APPPATH/Controllers/Login.php on line 26.
 1 APPPATH/Controllers/Login.php(26): CodeIgniter\Debug\Exceptions->errorHandler(8, 'Trying to access array offset on value of type null', 'APPPATH/Controllers/Login.php', 26, [...])
 2 SYSTEMPATH/CodeIgniter.php(934): App\Controllers\Login->index()
 3 SYSTEMPATH/CodeIgniter.php(499): CodeIgniter\CodeIgniter->runController(Object(App\Controllers\Login))
 4 SYSTEMPATH/CodeIgniter.php(368): CodeIgniter\CodeIgniter->handleRequest(null, Object(Config\Cache), false)
 5 FCPATH/index.php(67): CodeIgniter\CodeIgniter->run()
INFO - 2023-03-07 15:16:35 --> Session: Class initialized using 'CodeIgniter\Session\Handlers\FileHandler' driver.
INFO - 2023-03-07 15:16:40 --> Session: Class initialized using 'CodeIgniter\Session\Handlers\FileHandler' driver.
INFO - 2023-03-07 15:16:54 --> Session: Class initialized using 'CodeIgniter\Session\Handlers\FileHandler' driver.
INFO - 2023-03-07 15:37:38 --> Session: Class initialized using 'CodeIgniter\Session\Handlers\FileHandler' driver.
INFO - 2023-03-07 15:37:38 --> Session: Class initialized using 'CodeIgniter\Session\Handlers\FileHandler' driver.
INFO - 2023-03-07 15:39:01 --> Session: Class initialized using 'CodeIgniter\Session\Handlers\FileHandler' driver.
CRITICAL - 2023-03-07 15:39:02 --> Trying to access array offset on value of type null
in APPPATH/Controllers/Login.php on line 26.
 1 APPPATH/Controllers/Login.php(26): CodeIgniter\Debug\Exceptions->errorHandler(8, 'Trying to access array offset on value of type null', 'APPPATH/Controllers/Login.php', 26, [...])
 2 SYSTEMPATH/CodeIgniter.php(934): App\Controllers\Login->index()
 3 SYSTEMPATH/CodeIgniter.php(499): CodeIgniter\CodeIgniter->runController(Object(App\Controllers\Login))
 4 SYSTEMPATH/CodeIgniter.php(368): CodeIgniter\CodeIgniter->handleRequest(null, Object(Config\Cache), false)
 5 FCPATH/index.php(67): CodeIgniter\CodeIgniter->run()
INFO - 2023-03-07 15:41:41 --> Session: Class initialized using 'CodeIgniter\Session\Handlers\FileHandler' driver.
INFO - 2023-03-07 15:42:05 --> Session: Class initialized using 'CodeIgniter\Session\Handlers\FileHandler' driver.
INFO - 2023-03-07 15:42:06 --> Session: Class initialized using 'CodeIgniter\Session\Handlers\FileHandler' driver.
INFO - 2023-03-07 15:42:25 --> Session: Class initialized using 'CodeIgniter\Session\Handlers\FileHandler' driver.
CRITICAL - 2023-03-07 15:42:25 --> Trying to access array offset on value of type null
in APPPATH/Controllers/Login.php on line 26.
 1 APPPATH/Controllers/Login.php(26): CodeIgniter\Debug\Exceptions->errorHandler(8, 'Trying to access array offset on value of type null', 'APPPATH/Controllers/Login.php', 26, [...])
 2 SYSTEMPATH/CodeIgniter.php(934): App\Controllers\Login->index()
 3 SYSTEMPATH/CodeIgniter.php(499): CodeIgniter\CodeIgniter->runController(Object(App\Controllers\Login))
 4 SYSTEMPATH/CodeIgniter.php(368): CodeIgniter\CodeIgniter->handleRequest(null, Object(Config\Cache), false)
 5 FCPATH/index.php(67): CodeIgniter\CodeIgniter->run()
INFO - 2023-03-07 15:58:56 --> Session: Class initialized using 'CodeIgniter\Session\Handlers\FileHandler' driver.
INFO - 2023-03-07 15:58:56 --> Session: Class initialized using 'CodeIgniter\Session\Handlers\FileHandler' driver.
INFO - 2023-03-07 15:58:56 --> Session: Class initialized using 'CodeIgniter\Session\Handlers\FileHandler' driver.
INFO - 2023-03-07 15:58:57 --> Session: Class initialized using 'CodeIgniter\Session\Handlers\FileHandler' driver.
INFO - 2023-03-07 15:59:08 --> Session: Class initialized using 'CodeIgniter\Session\Handlers\FileHandler' driver.
INFO - 2023-03-07 15:59:08 --> Session: Class initialized using 'CodeIgniter\Session\Handlers\FileHandler' driver.
INFO - 2023-03-07 15:59:22 --> Session: Class initialized using 'CodeIgniter\Session\Handlers\FileHandler' driver.
INFO - 2023-03-07 15:59:23 --> Session: Class initialized using 'CodeIgniter\Session\Handlers\FileHandler' driver.
INFO - 2023-03-07 15:59:23 --> Session: Class initialized using 'CodeIgniter\Session\Handlers\FileHandler' driver.
INFO - 2023-03-07 15:59:47 --> Session: Class initialized using 'CodeIgniter\Session\Handlers\FileHandler' driver.
CRITICAL - 2023-03-07 15:59:47 --> Trying to access array offset on value of type null
in APPPATH/Controllers/Login.php on line 26.
 1 APPPATH/Controllers/Login.php(26): CodeIgniter\Debug\Exceptions->errorHandler(8, 'Trying to access array offset on value of type null', 'APPPATH/Controllers/Login.php', 26, [...])
 2 SYSTEMPATH/CodeIgniter.php(934): App\Controllers\Login->index()
 3 SYSTEMPATH/CodeIgniter.php(499): CodeIgniter\CodeIgniter->runController(Object(App\Controllers\Login))
 4 SYSTEMPATH/CodeIgniter.php(368): CodeIgniter\CodeIgniter->handleRequest(null, Object(Config\Cache), false)
 5 FCPATH/index.php(67): CodeIgniter\CodeIgniter->run()
INFO - 2023-03-07 16:02:27 --> Session: Class initialized using 'CodeIgniter\Session\Handlers\FileHandler' driver.
INFO - 2023-03-07 16:02:47 --> Session: Class initialized using 'CodeIgniter\Session\Handlers\FileHandler' driver.
INFO - 2023-03-07 16:02:48 --> Session: Class initialized using 'CodeIgniter\Session\Handlers\FileHandler' driver.
INFO - 2023-03-07 16:02:54 --> Session: Class initialized using 'CodeIgniter\Session\Handlers\FileHandler' driver.
ERROR - 2023-03-07 16:13:17 --> mysqli_sql_exception: You have an error in your SQL syntax; check the manual that corresponds to your MySQL server version for the right syntax to use near '' at line 1 in /home/congreg8/public_html/app.congreg8.org/system/Database/MySQLi/Connection.php:295
Stack trace:
#0 /home/congreg8/public_html/app.congreg8.org/system/Database/MySQLi/Connection.php(295): mysqli->query('SELECT att_link...', 0)
#1 /home/congreg8/public_html/app.congreg8.org/system/Database/BaseConnection.php(691): CodeIgniter\Database\MySQLi\Connection->execute('SELECT att_link...')
#2 /home/congreg8/public_html/app.congreg8.org/system/Database/BaseConnection.php(605): CodeIgniter\Database\BaseConnection->simpleQuery('SELECT att_link...')
#3 /home/congreg8/public_html/app.congreg8.org/app/Helpers/custom_helper.php(15): CodeIgniter\Database\BaseConnection->query('SELECT att_link...')
#4 /home/congreg8/public_html/app.congreg8.org/app/Views/include/sidenavbar.php(7): get_att_link()
#5 /home/congreg8/public_html/app.congreg8.org/system/View/View.php(213): include('/home/congreg8/...')
#6 /home/congreg8/public_html/app.congreg8.org/system/View/View.php(216): CodeIgniter\View\View->CodeIgniter\View\{closure}()
#7 /home/congreg8/public_html/app.congreg8.org/system/Common.php(1184): CodeIgniter\View\View->render('/include/sidena...', Array, true)
#8 /home/congreg8/public_html/app.congreg8.org/app/Controllers/Dashboard.php(27): view('/include/sidena...', Array)
#9 /home/congreg8/public_html/app.congreg8.org/system/CodeIgniter.php(934): App\Controllers\Dashboard->index()
#10 /home/congreg8/public_html/app.congreg8.org/system/CodeIgniter.php(499): CodeIgniter\CodeIgniter->runController(Object(App\Controllers\Dashboard))
#11 /home/congreg8/public_html/app.congreg8.org/system/CodeIgniter.php(368): CodeIgniter\CodeIgniter->handleRequest(NULL, Object(Config\Cache), false)
#12 /home/congreg8/public_html/app.congreg8.org/index.php(67): CodeIgniter\CodeIgniter->run()
#13 {main}
CRITICAL - 2023-03-07 16:13:17 --> You have an error in your SQL syntax; check the manual that corresponds to your MySQL server version for the right syntax to use near '' at line 1
in SYSTEMPATH/Database/BaseConnection.php on line 645.
 1 APPPATH/Helpers/custom_helper.php(15): CodeIgniter\Database\BaseConnection->query('SELECT att_link from manage_church where id =  ')
 2 APPPATH/Views/include/sidenavbar.php(7): get_att_link()
 3 SYSTEMPATH/View/View.php(213): include('APPPATH/Views/include/sidenavbar.php')
 4 SYSTEMPATH/View/View.php(216): CodeIgniter\View\View->CodeIgniter\View\{closure}()
 5 SYSTEMPATH/Common.php(1184): CodeIgniter\View\View->render('/include/sidenavbar', [], true)
 6 APPPATH/Controllers/Dashboard.php(27): view('/include/sidenavbar', [...])
 7 SYSTEMPATH/CodeIgniter.php(934): App\Controllers\Dashboard->index()
 8 SYSTEMPATH/CodeIgniter.php(499): CodeIgniter\CodeIgniter->runController(Object(App\Controllers\Dashboard))
 9 SYSTEMPATH/CodeIgniter.php(368): CodeIgniter\CodeIgniter->handleRequest(null, Object(Config\Cache), false)
10 FCPATH/index.php(67): CodeIgniter\CodeIgniter->run()
ERROR - 2023-03-07 16:46:17 --> mysqli_sql_exception: You have an error in your SQL syntax; check the manual that corresponds to your MySQL server version for the right syntax to use near '' at line 1 in /home/congreg8/public_html/app.congreg8.org/system/Database/MySQLi/Connection.php:295
Stack trace:
#0 /home/congreg8/public_html/app.congreg8.org/system/Database/MySQLi/Connection.php(295): mysqli->query('SELECT att_link...', 0)
#1 /home/congreg8/public_html/app.congreg8.org/system/Database/BaseConnection.php(691): CodeIgniter\Database\MySQLi\Connection->execute('SELECT att_link...')
#2 /home/congreg8/public_html/app.congreg8.org/system/Database/BaseConnection.php(605): CodeIgniter\Database\BaseConnection->simpleQuery('SELECT att_link...')
#3 /home/congreg8/public_html/app.congreg8.org/app/Helpers/custom_helper.php(15): CodeIgniter\Database\BaseConnection->query('SELECT att_link...')
#4 /home/congreg8/public_html/app.congreg8.org/app/Views/include/sidenavbar.php(7): get_att_link()
#5 /home/congreg8/public_html/app.congreg8.org/system/View/View.php(213): include('/home/congreg8/...')
#6 /home/congreg8/public_html/app.congreg8.org/system/View/View.php(216): CodeIgniter\View\View->CodeIgniter\View\{closure}()
#7 /home/congreg8/public_html/app.congreg8.org/system/Common.php(1184): CodeIgniter\View\View->render('/include/sidena...', Array, true)
#8 /home/congreg8/public_html/app.congreg8.org/app/Controllers/Dashboard.php(27): view('/include/sidena...', Array)
#9 /home/congreg8/public_html/app.congreg8.org/system/CodeIgniter.php(934): App\Controllers\Dashboard->index()
#10 /home/congreg8/public_html/app.congreg8.org/system/CodeIgniter.php(499): CodeIgniter\CodeIgniter->runController(Object(App\Controllers\Dashboard))
#11 /home/congreg8/public_html/app.congreg8.org/system/CodeIgniter.php(368): CodeIgniter\CodeIgniter->handleRequest(NULL, Object(Config\Cache), false)
#12 /home/congreg8/public_html/app.congreg8.org/index.php(67): CodeIgniter\CodeIgniter->run()
#13 {main}
CRITICAL - 2023-03-07 16:46:17 --> You have an error in your SQL syntax; check the manual that corresponds to your MySQL server version for the right syntax to use near '' at line 1
in SYSTEMPATH/Database/BaseConnection.php on line 645.
 1 APPPATH/Helpers/custom_helper.php(15): CodeIgniter\Database\BaseConnection->query('SELECT att_link from manage_church where id =  ')
 2 APPPATH/Views/include/sidenavbar.php(7): get_att_link()
 3 SYSTEMPATH/View/View.php(213): include('APPPATH/Views/include/sidenavbar.php')
 4 SYSTEMPATH/View/View.php(216): CodeIgniter\View\View->CodeIgniter\View\{closure}()
 5 SYSTEMPATH/Common.php(1184): CodeIgniter\View\View->render('/include/sidenavbar', [], true)
 6 APPPATH/Controllers/Dashboard.php(27): view('/include/sidenavbar', [...])
 7 SYSTEMPATH/CodeIgniter.php(934): App\Controllers\Dashboard->index()
 8 SYSTEMPATH/CodeIgniter.php(499): CodeIgniter\CodeIgniter->runController(Object(App\Controllers\Dashboard))
 9 SYSTEMPATH/CodeIgniter.php(368): CodeIgniter\CodeIgniter->handleRequest(null, Object(Config\Cache), false)
10 FCPATH/index.php(67): CodeIgniter\CodeIgniter->run()
ERROR - 2023-03-07 16:46:28 --> mysqli_sql_exception: You have an error in your SQL syntax; check the manual that corresponds to your MySQL server version for the right syntax to use near '' at line 1 in /home/congreg8/public_html/app.congreg8.org/system/Database/MySQLi/Connection.php:295
Stack trace:
#0 /home/congreg8/public_html/app.congreg8.org/system/Database/MySQLi/Connection.php(295): mysqli->query('SELECT att_link...', 0)
#1 /home/congreg8/public_html/app.congreg8.org/system/Database/BaseConnection.php(691): CodeIgniter\Database\MySQLi\Connection->execute('SELECT att_link...')
#2 /home/congreg8/public_html/app.congreg8.org/system/Database/BaseConnection.php(605): CodeIgniter\Database\BaseConnection->simpleQuery('SELECT att_link...')
#3 /home/congreg8/public_html/app.congreg8.org/app/Helpers/custom_helper.php(15): CodeIgniter\Database\BaseConnection->query('SELECT att_link...')
#4 /home/congreg8/public_html/app.congreg8.org/app/Views/include/sidenavbar.php(7): get_att_link()
#5 /home/congreg8/public_html/app.congreg8.org/system/View/View.php(213): include('/home/congreg8/...')
#6 /home/congreg8/public_html/app.congreg8.org/system/View/View.php(216): CodeIgniter\View\View->CodeIgniter\View\{closure}()
#7 /home/congreg8/public_html/app.congreg8.org/system/Common.php(1184): CodeIgniter\View\View->render('/include/sidena...', Array, true)
#8 /home/congreg8/public_html/app.congreg8.org/app/Controllers/Dashboard.php(27): view('/include/sidena...', Array)
#9 /home/congreg8/public_html/app.congreg8.org/system/CodeIgniter.php(934): App\Controllers\Dashboard->index()
#10 /home/congreg8/public_html/app.congreg8.org/system/CodeIgniter.php(499): CodeIgniter\CodeIgniter->runController(Object(App\Controllers\Dashboard))
#11 /home/congreg8/public_html/app.congreg8.org/system/CodeIgniter.php(368): CodeIgniter\CodeIgniter->handleRequest(NULL, Object(Config\Cache), false)
#12 /home/congreg8/public_html/app.congreg8.org/index.php(67): CodeIgniter\CodeIgniter->run()
#13 {main}
CRITICAL - 2023-03-07 16:46:28 --> You have an error in your SQL syntax; check the manual that corresponds to your MySQL server version for the right syntax to use near '' at line 1
in SYSTEMPATH/Database/BaseConnection.php on line 645.
 1 APPPATH/Helpers/custom_helper.php(15): CodeIgniter\Database\BaseConnection->query('SELECT att_link from manage_church where id =  ')
 2 APPPATH/Views/include/sidenavbar.php(7): get_att_link()
 3 SYSTEMPATH/View/View.php(213): include('APPPATH/Views/include/sidenavbar.php')
 4 SYSTEMPATH/View/View.php(216): CodeIgniter\View\View->CodeIgniter\View\{closure}()
 5 SYSTEMPATH/Common.php(1184): CodeIgniter\View\View->render('/include/sidenavbar', [], true)
 6 APPPATH/Controllers/Dashboard.php(27): view('/include/sidenavbar', [...])
 7 SYSTEMPATH/CodeIgniter.php(934): App\Controllers\Dashboard->index()
 8 SYSTEMPATH/CodeIgniter.php(499): CodeIgniter\CodeIgniter->runController(Object(App\Controllers\Dashboard))
 9 SYSTEMPATH/CodeIgniter.php(368): CodeIgniter\CodeIgniter->handleRequest(null, Object(Config\Cache), false)
10 FCPATH/index.php(67): CodeIgniter\CodeIgniter->run()
ERROR - 2023-03-07 17:09:31 --> mysqli_sql_exception: You have an error in your SQL syntax; check the manual that corresponds to your MySQL server version for the right syntax to use near '' at line 1 in /home/congreg8/public_html/app.congreg8.org/system/Database/MySQLi/Connection.php:295
Stack trace:
#0 /home/congreg8/public_html/app.congreg8.org/system/Database/MySQLi/Connection.php(295): mysqli->query('SELECT att_link...', 0)
#1 /home/congreg8/public_html/app.congreg8.org/system/Database/BaseConnection.php(691): CodeIgniter\Database\MySQLi\Connection->execute('SELECT att_link...')
#2 /home/congreg8/public_html/app.congreg8.org/system/Database/BaseConnection.php(605): CodeIgniter\Database\BaseConnection->simpleQuery('SELECT att_link...')
#3 /home/congreg8/public_html/app.congreg8.org/app/Helpers/custom_helper.php(15): CodeIgniter\Database\BaseConnection->query('SELECT att_link...')
#4 /home/congreg8/public_html/app.congreg8.org/app/Views/include/sidenavbar.php(7): get_att_link()
#5 /home/congreg8/public_html/app.congreg8.org/system/View/View.php(213): include('/home/congreg8/...')
#6 /home/congreg8/public_html/app.congreg8.org/system/View/View.php(216): CodeIgniter\View\View->CodeIgniter\View\{closure}()
#7 /home/congreg8/public_html/app.congreg8.org/system/Common.php(1184): CodeIgniter\View\View->render('/include/sidena...', Array, true)
#8 /home/congreg8/public_html/app.congreg8.org/app/Controllers/Dashboard.php(27): view('/include/sidena...', Array)
#9 /home/congreg8/public_html/app.congreg8.org/system/CodeIgniter.php(934): App\Controllers\Dashboard->index()
#10 /home/congreg8/public_html/app.congreg8.org/system/CodeIgniter.php(499): CodeIgniter\CodeIgniter->runController(Object(App\Controllers\Dashboard))
#11 /home/congreg8/public_html/app.congreg8.org/system/CodeIgniter.php(368): CodeIgniter\CodeIgniter->handleRequest(NULL, Object(Config\Cache), false)
#12 /home/congreg8/public_html/app.congreg8.org/index.php(67): CodeIgniter\CodeIgniter->run()
#13 {main}
CRITICAL - 2023-03-07 17:09:31 --> You have an error in your SQL syntax; check the manual that corresponds to your MySQL server version for the right syntax to use near '' at line 1
in SYSTEMPATH/Database/BaseConnection.php on line 645.
 1 APPPATH/Helpers/custom_helper.php(15): CodeIgniter\Database\BaseConnection->query('SELECT att_link from manage_church where id =  ')
 2 APPPATH/Views/include/sidenavbar.php(7): get_att_link()
 3 SYSTEMPATH/View/View.php(213): include('APPPATH/Views/include/sidenavbar.php')
 4 SYSTEMPATH/View/View.php(216): CodeIgniter\View\View->CodeIgniter\View\{closure}()
 5 SYSTEMPATH/Common.php(1184): CodeIgniter\View\View->render('/include/sidenavbar', [], true)
 6 APPPATH/Controllers/Dashboard.php(27): view('/include/sidenavbar', [...])
 7 SYSTEMPATH/CodeIgniter.php(934): App\Controllers\Dashboard->index()
 8 SYSTEMPATH/CodeIgniter.php(499): CodeIgniter\CodeIgniter->runController(Object(App\Controllers\Dashboard))
 9 SYSTEMPATH/CodeIgniter.php(368): CodeIgniter\CodeIgniter->handleRequest(null, Object(Config\Cache), false)
10 FCPATH/index.php(67): CodeIgniter\CodeIgniter->run()
INFO - 2023-03-07 17:09:49 --> Session: Class initialized using 'CodeIgniter\Session\Handlers\FileHandler' driver.
ERROR - 2023-03-07 17:09:49 --> mysqli_sql_exception: You have an error in your SQL syntax; check the manual that corresponds to your MySQL server version for the right syntax to use near '' at line 1 in /home/congreg8/public_html/app.congreg8.org/system/Database/MySQLi/Connection.php:295
Stack trace:
#0 /home/congreg8/public_html/app.congreg8.org/system/Database/MySQLi/Connection.php(295): mysqli->query('SELECT att_link...', 0)
#1 /home/congreg8/public_html/app.congreg8.org/system/Database/BaseConnection.php(691): CodeIgniter\Database\MySQLi\Connection->execute('SELECT att_link...')
#2 /home/congreg8/public_html/app.congreg8.org/system/Database/BaseConnection.php(605): CodeIgniter\Database\BaseConnection->simpleQuery('SELECT att_link...')
#3 /home/congreg8/public_html/app.congreg8.org/app/Helpers/custom_helper.php(15): CodeIgniter\Database\BaseConnection->query('SELECT att_link...')
#4 /home/congreg8/public_html/app.congreg8.org/app/Views/include/sidenavbar.php(7): get_att_link()
#5 /home/congreg8/public_html/app.congreg8.org/system/View/View.php(213): include('/home/congreg8/...')
#6 /home/congreg8/public_html/app.congreg8.org/system/View/View.php(216): CodeIgniter\View\View->CodeIgniter\View\{closure}()
#7 /home/congreg8/public_html/app.congreg8.org/system/Common.php(1184): CodeIgniter\View\View->render('/include/sidena...', Array, true)
#8 /home/congreg8/public_html/app.congreg8.org/app/Controllers/Dashboard.php(27): view('/include/sidena...', Array)
#9 /home/congreg8/public_html/app.congreg8.org/system/CodeIgniter.php(934): App\Controllers\Dashboard->index()
#10 /home/congreg8/public_html/app.congreg8.org/system/CodeIgniter.php(499): CodeIgniter\CodeIgniter->runController(Object(App\Controllers\Dashboard))
#11 /home/congreg8/public_html/app.congreg8.org/system/CodeIgniter.php(368): CodeIgniter\CodeIgniter->handleRequest(NULL, Object(Config\Cache), false)
#12 /home/congreg8/public_html/app.congreg8.org/index.php(67): CodeIgniter\CodeIgniter->run()
#13 {main}
CRITICAL - 2023-03-07 17:09:49 --> You have an error in your SQL syntax; check the manual that corresponds to your MySQL server version for the right syntax to use near '' at line 1
in SYSTEMPATH/Database/BaseConnection.php on line 645.
 1 APPPATH/Helpers/custom_helper.php(15): CodeIgniter\Database\BaseConnection->query('SELECT att_link from manage_church where id =  ')
 2 APPPATH/Views/include/sidenavbar.php(7): get_att_link()
 3 SYSTEMPATH/View/View.php(213): include('APPPATH/Views/include/sidenavbar.php')
 4 SYSTEMPATH/View/View.php(216): CodeIgniter\View\View->CodeIgniter\View\{closure}()
 5 SYSTEMPATH/Common.php(1184): CodeIgniter\View\View->render('/include/sidenavbar', [], true)
 6 APPPATH/Controllers/Dashboard.php(27): view('/include/sidenavbar', [...])
 7 SYSTEMPATH/CodeIgniter.php(934): App\Controllers\Dashboard->index()
 8 SYSTEMPATH/CodeIgniter.php(499): CodeIgniter\CodeIgniter->runController(Object(App\Controllers\Dashboard))
 9 SYSTEMPATH/CodeIgniter.php(368): CodeIgniter\CodeIgniter->handleRequest(null, Object(Config\Cache), false)
10 FCPATH/index.php(67): CodeIgniter\CodeIgniter->run()
ERROR - 2023-03-07 17:10:18 --> mysqli_sql_exception: You have an error in your SQL syntax; check the manual that corresponds to your MySQL server version for the right syntax to use near '' at line 1 in /home/congreg8/public_html/app.congreg8.org/system/Database/MySQLi/Connection.php:295
Stack trace:
#0 /home/congreg8/public_html/app.congreg8.org/system/Database/MySQLi/Connection.php(295): mysqli->query('SELECT att_link...', 0)
#1 /home/congreg8/public_html/app.congreg8.org/system/Database/BaseConnection.php(691): CodeIgniter\Database\MySQLi\Connection->execute('SELECT att_link...')
#2 /home/congreg8/public_html/app.congreg8.org/system/Database/BaseConnection.php(605): CodeIgniter\Database\BaseConnection->simpleQuery('SELECT att_link...')
#3 /home/congreg8/public_html/app.congreg8.org/app/Helpers/custom_helper.php(15): CodeIgniter\Database\BaseConnection->query('SELECT att_link...')
#4 /home/congreg8/public_html/app.congreg8.org/app/Views/include/sidenavbar.php(7): get_att_link()
#5 /home/congreg8/public_html/app.congreg8.org/system/View/View.php(213): include('/home/congreg8/...')
#6 /home/congreg8/public_html/app.congreg8.org/system/View/View.php(216): CodeIgniter\View\View->CodeIgniter\View\{closure}()
#7 /home/congreg8/public_html/app.congreg8.org/system/Common.php(1184): CodeIgniter\View\View->render('/include/sidena...', Array, true)
#8 /home/congreg8/public_html/app.congreg8.org/app/Controllers/Dashboard.php(27): view('/include/sidena...', Array)
#9 /home/congreg8/public_html/app.congreg8.org/system/CodeIgniter.php(934): App\Controllers\Dashboard->index()
#10 /home/congreg8/public_html/app.congreg8.org/system/CodeIgniter.php(499): CodeIgniter\CodeIgniter->runController(Object(App\Controllers\Dashboard))
#11 /home/congreg8/public_html/app.congreg8.org/system/CodeIgniter.php(368): CodeIgniter\CodeIgniter->handleRequest(NULL, Object(Config\Cache), false)
#12 /home/congreg8/public_html/app.congreg8.org/index.php(67): CodeIgniter\CodeIgniter->run()
#13 {main}
CRITICAL - 2023-03-07 17:10:18 --> You have an error in your SQL syntax; check the manual that corresponds to your MySQL server version for the right syntax to use near '' at line 1
in SYSTEMPATH/Database/BaseConnection.php on line 645.
 1 APPPATH/Helpers/custom_helper.php(15): CodeIgniter\Database\BaseConnection->query('SELECT att_link from manage_church where id =  ')
 2 APPPATH/Views/include/sidenavbar.php(7): get_att_link()
 3 SYSTEMPATH/View/View.php(213): include('APPPATH/Views/include/sidenavbar.php')
 4 SYSTEMPATH/View/View.php(216): CodeIgniter\View\View->CodeIgniter\View\{closure}()
 5 SYSTEMPATH/Common.php(1184): CodeIgniter\View\View->render('/include/sidenavbar', [], true)
 6 APPPATH/Controllers/Dashboard.php(27): view('/include/sidenavbar', [...])
 7 SYSTEMPATH/CodeIgniter.php(934): App\Controllers\Dashboard->index()
 8 SYSTEMPATH/CodeIgniter.php(499): CodeIgniter\CodeIgniter->runController(Object(App\Controllers\Dashboard))
 9 SYSTEMPATH/CodeIgniter.php(368): CodeIgniter\CodeIgniter->handleRequest(null, Object(Config\Cache), false)
10 FCPATH/index.php(67): CodeIgniter\CodeIgniter->run()
ERROR - 2023-03-07 17:25:30 --> mysqli_sql_exception: You have an error in your SQL syntax; check the manual that corresponds to your MySQL server version for the right syntax to use near '' at line 1 in /home/congreg8/public_html/app.congreg8.org/system/Database/MySQLi/Connection.php:295
Stack trace:
#0 /home/congreg8/public_html/app.congreg8.org/system/Database/MySQLi/Connection.php(295): mysqli->query('SELECT att_link...', 0)
#1 /home/congreg8/public_html/app.congreg8.org/system/Database/BaseConnection.php(691): CodeIgniter\Database\MySQLi\Connection->execute('SELECT att_link...')
#2 /home/congreg8/public_html/app.congreg8.org/system/Database/BaseConnection.php(605): CodeIgniter\Database\BaseConnection->simpleQuery('SELECT att_link...')
#3 /home/congreg8/public_html/app.congreg8.org/app/Helpers/custom_helper.php(15): CodeIgniter\Database\BaseConnection->query('SELECT att_link...')
#4 /home/congreg8/public_html/app.congreg8.org/app/Views/include/sidenavbar.php(7): get_att_link()
#5 /home/congreg8/public_html/app.congreg8.org/system/View/View.php(213): include('/home/congreg8/...')
#6 /home/congreg8/public_html/app.congreg8.org/system/View/View.php(216): CodeIgniter\View\View->CodeIgniter\View\{closure}()
#7 /home/congreg8/public_html/app.congreg8.org/system/Common.php(1184): CodeIgniter\View\View->render('/include/sidena...', Array, true)
#8 /home/congreg8/public_html/app.congreg8.org/app/Controllers/Dashboard.php(27): view('/include/sidena...', Array)
#9 /home/congreg8/public_html/app.congreg8.org/system/CodeIgniter.php(934): App\Controllers\Dashboard->index()
#10 /home/congreg8/public_html/app.congreg8.org/system/CodeIgniter.php(499): CodeIgniter\CodeIgniter->runController(Object(App\Controllers\Dashboard))
#11 /home/congreg8/public_html/app.congreg8.org/system/CodeIgniter.php(368): CodeIgniter\CodeIgniter->handleRequest(NULL, Object(Config\Cache), false)
#12 /home/congreg8/public_html/app.congreg8.org/index.php(67): CodeIgniter\CodeIgniter->run()
#13 {main}
CRITICAL - 2023-03-07 17:25:30 --> You have an error in your SQL syntax; check the manual that corresponds to your MySQL server version for the right syntax to use near '' at line 1
in SYSTEMPATH/Database/BaseConnection.php on line 645.
 1 APPPATH/Helpers/custom_helper.php(15): CodeIgniter\Database\BaseConnection->query('SELECT att_link from manage_church where id =  ')
 2 APPPATH/Views/include/sidenavbar.php(7): get_att_link()
 3 SYSTEMPATH/View/View.php(213): include('APPPATH/Views/include/sidenavbar.php')
 4 SYSTEMPATH/View/View.php(216): CodeIgniter\View\View->CodeIgniter\View\{closure}()
 5 SYSTEMPATH/Common.php(1184): CodeIgniter\View\View->render('/include/sidenavbar', [], true)
 6 APPPATH/Controllers/Dashboard.php(27): view('/include/sidenavbar', [...])
 7 SYSTEMPATH/CodeIgniter.php(934): App\Controllers\Dashboard->index()
 8 SYSTEMPATH/CodeIgniter.php(499): CodeIgniter\CodeIgniter->runController(Object(App\Controllers\Dashboard))
 9 SYSTEMPATH/CodeIgniter.php(368): CodeIgniter\CodeIgniter->handleRequest(null, Object(Config\Cache), false)
10 FCPATH/index.php(67): CodeIgniter\CodeIgniter->run()
ERROR - 2023-03-07 17:41:31 --> mysqli_sql_exception: You have an error in your SQL syntax; check the manual that corresponds to your MySQL server version for the right syntax to use near '' at line 1 in /home/congreg8/public_html/app.congreg8.org/system/Database/MySQLi/Connection.php:295
Stack trace:
#0 /home/congreg8/public_html/app.congreg8.org/system/Database/MySQLi/Connection.php(295): mysqli->query('SELECT att_link...', 0)
#1 /home/congreg8/public_html/app.congreg8.org/system/Database/BaseConnection.php(691): CodeIgniter\Database\MySQLi\Connection->execute('SELECT att_link...')
#2 /home/congreg8/public_html/app.congreg8.org/system/Database/BaseConnection.php(605): CodeIgniter\Database\BaseConnection->simpleQuery('SELECT att_link...')
#3 /home/congreg8/public_html/app.congreg8.org/app/Helpers/custom_helper.php(15): CodeIgniter\Database\BaseConnection->query('SELECT att_link...')
#4 /home/congreg8/public_html/app.congreg8.org/app/Views/include/sidenavbar.php(7): get_att_link()
#5 /home/congreg8/public_html/app.congreg8.org/system/View/View.php(213): include('/home/congreg8/...')
#6 /home/congreg8/public_html/app.congreg8.org/system/View/View.php(216): CodeIgniter\View\View->CodeIgniter\View\{closure}()
#7 /home/congreg8/public_html/app.congreg8.org/system/Common.php(1184): CodeIgniter\View\View->render('/include/sidena...', Array, true)
#8 /home/congreg8/public_html/app.congreg8.org/app/Controllers/Dashboard.php(27): view('/include/sidena...', Array)
#9 /home/congreg8/public_html/app.congreg8.org/system/CodeIgniter.php(934): App\Controllers\Dashboard->index()
#10 /home/congreg8/public_html/app.congreg8.org/system/CodeIgniter.php(499): CodeIgniter\CodeIgniter->runController(Object(App\Controllers\Dashboard))
#11 /home/congreg8/public_html/app.congreg8.org/system/CodeIgniter.php(368): CodeIgniter\CodeIgniter->handleRequest(NULL, Object(Config\Cache), false)
#12 /home/congreg8/public_html/app.congreg8.org/index.php(67): CodeIgniter\CodeIgniter->run()
#13 {main}
CRITICAL - 2023-03-07 17:41:31 --> You have an error in your SQL syntax; check the manual that corresponds to your MySQL server version for the right syntax to use near '' at line 1
in SYSTEMPATH/Database/BaseConnection.php on line 645.
 1 APPPATH/Helpers/custom_helper.php(15): CodeIgniter\Database\BaseConnection->query('SELECT att_link from manage_church where id =  ')
 2 APPPATH/Views/include/sidenavbar.php(7): get_att_link()
 3 SYSTEMPATH/View/View.php(213): include('APPPATH/Views/include/sidenavbar.php')
 4 SYSTEMPATH/View/View.php(216): CodeIgniter\View\View->CodeIgniter\View\{closure}()
 5 SYSTEMPATH/Common.php(1184): CodeIgniter\View\View->render('/include/sidenavbar', [], true)
 6 APPPATH/Controllers/Dashboard.php(27): view('/include/sidenavbar', [...])
 7 SYSTEMPATH/CodeIgniter.php(934): App\Controllers\Dashboard->index()
 8 SYSTEMPATH/CodeIgniter.php(499): CodeIgniter\CodeIgniter->runController(Object(App\Controllers\Dashboard))
 9 SYSTEMPATH/CodeIgniter.php(368): CodeIgniter\CodeIgniter->handleRequest(null, Object(Config\Cache), false)
10 FCPATH/index.php(67): CodeIgniter\CodeIgniter->run()
ERROR - 2023-03-07 17:41:40 --> mysqli_sql_exception: You have an error in your SQL syntax; check the manual that corresponds to your MySQL server version for the right syntax to use near '' at line 1 in /home/congreg8/public_html/app.congreg8.org/system/Database/MySQLi/Connection.php:295
Stack trace:
#0 /home/congreg8/public_html/app.congreg8.org/system/Database/MySQLi/Connection.php(295): mysqli->query('SELECT att_link...', 0)
#1 /home/congreg8/public_html/app.congreg8.org/system/Database/BaseConnection.php(691): CodeIgniter\Database\MySQLi\Connection->execute('SELECT att_link...')
#2 /home/congreg8/public_html/app.congreg8.org/system/Database/BaseConnection.php(605): CodeIgniter\Database\BaseConnection->simpleQuery('SELECT att_link...')
#3 /home/congreg8/public_html/app.congreg8.org/app/Helpers/custom_helper.php(15): CodeIgniter\Database\BaseConnection->query('SELECT att_link...')
#4 /home/congreg8/public_html/app.congreg8.org/app/Views/include/sidenavbar.php(7): get_att_link()
#5 /home/congreg8/public_html/app.congreg8.org/system/View/View.php(213): include('/home/congreg8/...')
#6 /home/congreg8/public_html/app.congreg8.org/system/View/View.php(216): CodeIgniter\View\View->CodeIgniter\View\{closure}()
#7 /home/congreg8/public_html/app.congreg8.org/system/Common.php(1184): CodeIgniter\View\View->render('/include/sidena...', Array, true)
#8 /home/congreg8/public_html/app.congreg8.org/app/Controllers/Dashboard.php(27): view('/include/sidena...', Array)
#9 /home/congreg8/public_html/app.congreg8.org/system/CodeIgniter.php(934): App\Controllers\Dashboard->index()
#10 /home/congreg8/public_html/app.congreg8.org/system/CodeIgniter.php(499): CodeIgniter\CodeIgniter->runController(Object(App\Controllers\Dashboard))
#11 /home/congreg8/public_html/app.congreg8.org/system/CodeIgniter.php(368): CodeIgniter\CodeIgniter->handleRequest(NULL, Object(Config\Cache), false)
#12 /home/congreg8/public_html/app.congreg8.org/index.php(67): CodeIgniter\CodeIgniter->run()
#13 {main}
CRITICAL - 2023-03-07 17:41:40 --> You have an error in your SQL syntax; check the manual that corresponds to your MySQL server version for the right syntax to use near '' at line 1
in SYSTEMPATH/Database/BaseConnection.php on line 645.
 1 APPPATH/Helpers/custom_helper.php(15): CodeIgniter\Database\BaseConnection->query('SELECT att_link from manage_church where id =  ')
 2 APPPATH/Views/include/sidenavbar.php(7): get_att_link()
 3 SYSTEMPATH/View/View.php(213): include('APPPATH/Views/include/sidenavbar.php')
 4 SYSTEMPATH/View/View.php(216): CodeIgniter\View\View->CodeIgniter\View\{closure}()
 5 SYSTEMPATH/Common.php(1184): CodeIgniter\View\View->render('/include/sidenavbar', [], true)
 6 APPPATH/Controllers/Dashboard.php(27): view('/include/sidenavbar', [...])
 7 SYSTEMPATH/CodeIgniter.php(934): App\Controllers\Dashboard->index()
 8 SYSTEMPATH/CodeIgniter.php(499): CodeIgniter\CodeIgniter->runController(Object(App\Controllers\Dashboard))
 9 SYSTEMPATH/CodeIgniter.php(368): CodeIgniter\CodeIgniter->handleRequest(null, Object(Config\Cache), false)
10 FCPATH/index.php(67): CodeIgniter\CodeIgniter->run()
ERROR - 2023-03-07 17:58:57 --> mysqli_sql_exception: Unknown column 'cid' in 'field list' in /home/congreg8/public_html/app.congreg8.org/system/Database/MySQLi/Connection.php:295
Stack trace:
#0 /home/congreg8/public_html/app.congreg8.org/system/Database/MySQLi/Connection.php(295): mysqli->query('SELECT cid,(sel...', 0)
#1 /home/congreg8/public_html/app.congreg8.org/system/Database/BaseConnection.php(691): CodeIgniter\Database\MySQLi\Connection->execute('SELECT cid,(sel...')
#2 /home/congreg8/public_html/app.congreg8.org/system/Database/BaseConnection.php(605): CodeIgniter\Database\BaseConnection->simpleQuery('SELECT cid,(sel...')
#3 /home/congreg8/public_html/app.congreg8.org/app/Helpers/custom_helper.php(119): CodeIgniter\Database\BaseConnection->query('SELECT cid,(sel...')
#4 /home/congreg8/public_html/app.congreg8.org/app/Views/include/topheader.php(499): get_switch_churches()
#5 /home/congreg8/public_html/app.congreg8.org/system/View/View.php(213): include('/home/congreg8/...')
#6 /home/congreg8/public_html/app.congreg8.org/system/View/View.php(216): CodeIgniter\View\View->CodeIgniter\View\{closure}()
#7 /home/congreg8/public_html/app.congreg8.org/system/Common.php(1184): CodeIgniter\View\View->render('/include/tophea...', Array, true)
#8 /home/congreg8/public_html/app.congreg8.org/app/Controllers/Dashboard.php(25): view('/include/tophea...', Array)
#9 /home/congreg8/public_html/app.congreg8.org/system/CodeIgniter.php(934): App\Controllers\Dashboard->index()
#10 /home/congreg8/public_html/app.congreg8.org/system/CodeIgniter.php(499): CodeIgniter\CodeIgniter->runController(Object(App\Controllers\Dashboard))
#11 /home/congreg8/public_html/app.congreg8.org/system/CodeIgniter.php(368): CodeIgniter\CodeIgniter->handleRequest(NULL, Object(Config\Cache), false)
#12 /home/congreg8/public_html/app.congreg8.org/index.php(67): CodeIgniter\CodeIgniter->run()
#13 {main}
CRITICAL - 2023-03-07 17:58:57 --> Unknown column 'cid' in 'field list'
in SYSTEMPATH/Database/BaseConnection.php on line 645.
 1 APPPATH/Helpers/custom_helper.php(119): CodeIgniter\Database\BaseConnection->query('SELECT cid,(select church_name from manage_church where id = church_ref) from user_churches where rstatus = \'Y\' AND user_ref = 42')
 2 APPPATH/Views/include/topheader.php(499): get_switch_churches()
 3 SYSTEMPATH/View/View.php(213): include('APPPATH/Views/include/topheader.php')
 4 SYSTEMPATH/View/View.php(216): CodeIgniter\View\View->CodeIgniter\View\{closure}()
 5 SYSTEMPATH/Common.php(1184): CodeIgniter\View\View->render('/include/topheader', [], true)
 6 APPPATH/Controllers/Dashboard.php(25): view('/include/topheader', [...])
 7 SYSTEMPATH/CodeIgniter.php(934): App\Controllers\Dashboard->index()
 8 SYSTEMPATH/CodeIgniter.php(499): CodeIgniter\CodeIgniter->runController(Object(App\Controllers\Dashboard))
 9 SYSTEMPATH/CodeIgniter.php(368): CodeIgniter\CodeIgniter->handleRequest(null, Object(Config\Cache), false)
10 FCPATH/index.php(67): CodeIgniter\CodeIgniter->run()
ERROR - 2023-03-07 17:58:59 --> mysqli_sql_exception: Unknown column 'cid' in 'field list' in /home/congreg8/public_html/app.congreg8.org/system/Database/MySQLi/Connection.php:295
Stack trace:
#0 /home/congreg8/public_html/app.congreg8.org/system/Database/MySQLi/Connection.php(295): mysqli->query('SELECT cid,(sel...', 0)
#1 /home/congreg8/public_html/app.congreg8.org/system/Database/BaseConnection.php(691): CodeIgniter\Database\MySQLi\Connection->execute('SELECT cid,(sel...')
#2 /home/congreg8/public_html/app.congreg8.org/system/Database/BaseConnection.php(605): CodeIgniter\Database\BaseConnection->simpleQuery('SELECT cid,(sel...')
#3 /home/congreg8/public_html/app.congreg8.org/app/Helpers/custom_helper.php(119): CodeIgniter\Database\BaseConnection->query('SELECT cid,(sel...')
#4 /home/congreg8/public_html/app.congreg8.org/app/Views/include/topheader.php(499): get_switch_churches()
#5 /home/congreg8/public_html/app.congreg8.org/system/View/View.php(213): include('/home/congreg8/...')
#6 /home/congreg8/public_html/app.congreg8.org/system/View/View.php(216): CodeIgniter\View\View->CodeIgniter\View\{closure}()
#7 /home/congreg8/public_html/app.congreg8.org/system/Common.php(1184): CodeIgniter\View\View->render('/include/tophea...', Array, true)
#8 /home/congreg8/public_html/app.congreg8.org/app/Controllers/Dashboard.php(25): view('/include/tophea...', Array)
#9 /home/congreg8/public_html/app.congreg8.org/system/CodeIgniter.php(934): App\Controllers\Dashboard->index()
#10 /home/congreg8/public_html/app.congreg8.org/system/CodeIgniter.php(499): CodeIgniter\CodeIgniter->runController(Object(App\Controllers\Dashboard))
#11 /home/congreg8/public_html/app.congreg8.org/system/CodeIgniter.php(368): CodeIgniter\CodeIgniter->handleRequest(NULL, Object(Config\Cache), false)
#12 /home/congreg8/public_html/app.congreg8.org/index.php(67): CodeIgniter\CodeIgniter->run()
#13 {main}
CRITICAL - 2023-03-07 17:58:59 --> Unknown column 'cid' in 'field list'
in SYSTEMPATH/Database/BaseConnection.php on line 645.
 1 APPPATH/Helpers/custom_helper.php(119): CodeIgniter\Database\BaseConnection->query('SELECT cid,(select church_name from manage_church where id = church_ref) from user_churches where rstatus = \'Y\' AND user_ref = 42')
 2 APPPATH/Views/include/topheader.php(499): get_switch_churches()
 3 SYSTEMPATH/View/View.php(213): include('APPPATH/Views/include/topheader.php')
 4 SYSTEMPATH/View/View.php(216): CodeIgniter\View\View->CodeIgniter\View\{closure}()
 5 SYSTEMPATH/Common.php(1184): CodeIgniter\View\View->render('/include/topheader', [], true)
 6 APPPATH/Controllers/Dashboard.php(25): view('/include/topheader', [...])
 7 SYSTEMPATH/CodeIgniter.php(934): App\Controllers\Dashboard->index()
 8 SYSTEMPATH/CodeIgniter.php(499): CodeIgniter\CodeIgniter->runController(Object(App\Controllers\Dashboard))
 9 SYSTEMPATH/CodeIgniter.php(368): CodeIgniter\CodeIgniter->handleRequest(null, Object(Config\Cache), false)
10 FCPATH/index.php(67): CodeIgniter\CodeIgniter->run()
CRITICAL - 2023-03-07 18:03:17 --> syntax error, unexpected '$style' (T_VARIABLE), expecting ';' or ','
in APPPATH/Views/include/topheader.php on line 497.
 1 SYSTEMPATH/View/View.php(216): CodeIgniter\View\View->CodeIgniter\View\{closure}()
 2 SYSTEMPATH/Common.php(1184): CodeIgniter\View\View->render('/include/topheader', [], true)
 3 APPPATH/Controllers/Dashboard.php(25): view('/include/topheader', [...])
 4 SYSTEMPATH/CodeIgniter.php(934): App\Controllers\Dashboard->index()
 5 SYSTEMPATH/CodeIgniter.php(499): CodeIgniter\CodeIgniter->runController(Object(App\Controllers\Dashboard))
 6 SYSTEMPATH/CodeIgniter.php(368): CodeIgniter\CodeIgniter->handleRequest(null, Object(Config\Cache), false)
 7 FCPATH/index.php(67): CodeIgniter\CodeIgniter->run()
CRITICAL - 2023-03-07 18:03:19 --> syntax error, unexpected '$style' (T_VARIABLE), expecting ';' or ','
in APPPATH/Views/include/topheader.php on line 497.
 1 SYSTEMPATH/View/View.php(216): CodeIgniter\View\View->CodeIgniter\View\{closure}()
 2 SYSTEMPATH/Common.php(1184): CodeIgniter\View\View->render('/include/topheader', [], true)
 3 APPPATH/Controllers/Dashboard.php(25): view('/include/topheader', [...])
 4 SYSTEMPATH/CodeIgniter.php(934): App\Controllers\Dashboard->index()
 5 SYSTEMPATH/CodeIgniter.php(499): CodeIgniter\CodeIgniter->runController(Object(App\Controllers\Dashboard))
 6 SYSTEMPATH/CodeIgniter.php(368): CodeIgniter\CodeIgniter->handleRequest(null, Object(Config\Cache), false)
 7 FCPATH/index.php(67): CodeIgniter\CodeIgniter->run()
