INFO - 2024-11-14 16:03:15 --> Session: Class initialized using 'CodeIgniter\Session\Handlers\FileHandler' driver.
INFO - 2024-11-14 16:04:03 --> Session: Class initialized using 'CodeIgniter\Session\Handlers\FileHandler' driver.
CRITICAL - 2024-11-14 16:04:03 --> Undefined array key "user_church_id"
in APPPATH\Helpers\custom_helper.php on line 209.
 1 APPPATH\Helpers\custom_helper.php(209): CodeIgniter\Debug\Exceptions->errorHandler(2, 'Undefined array key "user_church_id"', 'APPPATH\\Helpers\\custom_helper.php', 209)
 2 APPPATH\Views\signup\verify-email.php(3): getusercurrentplan()
 3 SYSTEMPATH\View\View.php(213): include('APPPATH\\Views\\signup\\verify-email.php')
 4 SYSTEMPATH\View\View.php(216): CodeIgniter\View\View->CodeIgniter\View\{closure}()
 5 SYSTEMPATH\Common.php(1184): CodeIgniter\View\View->render('signup/verify-email', [], true)
 6 APPPATH\Controllers\Signup.php(45): view('signup/verify-email', [...])
 7 SYSTEMPATH\CodeIgniter.php(934): App\Controllers\Signup->verifyemail('c4ebaa17bc59517016790ae88ff0c18d')
 8 SYSTEMPATH\CodeIgniter.php(499): CodeIgniter\CodeIgniter->runController(Object(App\Controllers\Signup))
 9 SYSTEMPATH\CodeIgniter.php(368): CodeIgniter\CodeIgniter->handleRequest(null, Object(Config\Cache), false)
10 FCPATH\index.php(67): CodeIgniter\CodeIgniter->run()
INFO - 2024-11-14 16:04:37 --> Session: Class initialized using 'CodeIgniter\Session\Handlers\FileHandler' driver.
CRITICAL - 2024-11-14 16:04:37 --> Undefined array key "user_church_id"
in APPPATH\Helpers\custom_helper.php on line 209.
 1 APPPATH\Helpers\custom_helper.php(209): CodeIgniter\Debug\Exceptions->errorHandler(2, 'Undefined array key "user_church_id"', 'APPPATH\\Helpers\\custom_helper.php', 209)
 2 APPPATH\Views\signup\verify-email.php(3): getusercurrentplan()
 3 SYSTEMPATH\View\View.php(213): include('APPPATH\\Views\\signup\\verify-email.php')
 4 SYSTEMPATH\View\View.php(216): CodeIgniter\View\View->CodeIgniter\View\{closure}()
 5 SYSTEMPATH\Common.php(1184): CodeIgniter\View\View->render('signup/verify-email', [], true)
 6 APPPATH\Controllers\Signup.php(45): view('signup/verify-email', [...])
 7 SYSTEMPATH\CodeIgniter.php(934): App\Controllers\Signup->verifyemail('c4ebaa17bc59517016790ae88ff0c18d')
 8 SYSTEMPATH\CodeIgniter.php(499): CodeIgniter\CodeIgniter->runController(Object(App\Controllers\Signup))
 9 SYSTEMPATH\CodeIgniter.php(368): CodeIgniter\CodeIgniter->handleRequest(null, Object(Config\Cache), false)
10 FCPATH\index.php(67): CodeIgniter\CodeIgniter->run()
INFO - 2024-11-14 16:06:05 --> Session: Class initialized using 'CodeIgniter\Session\Handlers\FileHandler' driver.
CRITICAL - 2024-11-14 16:06:05 --> Undefined array key "user_church_id"
in APPPATH\Helpers\custom_helper.php on line 209.
 1 APPPATH\Helpers\custom_helper.php(209): CodeIgniter\Debug\Exceptions->errorHandler(2, 'Undefined array key "user_church_id"', 'APPPATH\\Helpers\\custom_helper.php', 209)
 2 APPPATH\Views\signup\verify-email.php(3): getusercurrentplan()
 3 SYSTEMPATH\View\View.php(213): include('APPPATH\\Views\\signup\\verify-email.php')
 4 SYSTEMPATH\View\View.php(216): CodeIgniter\View\View->CodeIgniter\View\{closure}()
 5 SYSTEMPATH\Common.php(1184): CodeIgniter\View\View->render('signup/verify-email', [], true)
 6 APPPATH\Controllers\Signup.php(45): view('signup/verify-email', [...])
 7 SYSTEMPATH\CodeIgniter.php(934): App\Controllers\Signup->verifyemail('c4ebaa17bc59517016790ae88ff0c18d')
 8 SYSTEMPATH\CodeIgniter.php(499): CodeIgniter\CodeIgniter->runController(Object(App\Controllers\Signup))
 9 SYSTEMPATH\CodeIgniter.php(368): CodeIgniter\CodeIgniter->handleRequest(null, Object(Config\Cache), false)
10 FCPATH\index.php(67): CodeIgniter\CodeIgniter->run()
INFO - 2024-11-14 16:06:17 --> Session: Class initialized using 'CodeIgniter\Session\Handlers\FileHandler' driver.
INFO - 2024-11-14 16:06:38 --> Session: Class initialized using 'CodeIgniter\Session\Handlers\FileHandler' driver.
INFO - 2024-11-14 16:06:48 --> Session: Class initialized using 'CodeIgniter\Session\Handlers\FileHandler' driver.
INFO - 2024-11-14 16:06:48 --> Session: Class initialized using 'CodeIgniter\Session\Handlers\FileHandler' driver.
INFO - 2024-11-14 16:06:48 --> Session: Class initialized using 'CodeIgniter\Session\Handlers\FileHandler' driver.
INFO - 2024-11-14 16:06:48 --> Session: Class initialized using 'CodeIgniter\Session\Handlers\FileHandler' driver.
WARNING - 2024-11-14 16:06:49 --> Session: Sessions is enabled, and one exists.Please don't $session->start();
INFO - 2024-11-14 16:07:01 --> Session: Class initialized using 'CodeIgniter\Session\Handlers\FileHandler' driver.
WARNING - 2024-11-14 16:07:01 --> Session: Sessions is enabled, and one exists.Please don't $session->start();
INFO - 2024-11-14 16:07:04 --> Session: Class initialized using 'CodeIgniter\Session\Handlers\FileHandler' driver.
INFO - 2024-11-14 16:07:05 --> Session: Class initialized using 'CodeIgniter\Session\Handlers\FileHandler' driver.
INFO - 2024-11-14 16:07:07 --> Session: Class initialized using 'CodeIgniter\Session\Handlers\FileHandler' driver.
INFO - 2024-11-14 16:07:24 --> Session: Class initialized using 'CodeIgniter\Session\Handlers\FileHandler' driver.
INFO - 2024-11-14 16:08:37 --> Session: Class initialized using 'CodeIgniter\Session\Handlers\FileHandler' driver.
INFO - 2024-11-14 16:09:04 --> Session: Class initialized using 'CodeIgniter\Session\Handlers\FileHandler' driver.
INFO - 2024-11-14 16:11:13 --> Session: Class initialized using 'CodeIgniter\Session\Handlers\FileHandler' driver.
INFO - 2024-11-14 16:11:13 --> Session: Class initialized using 'CodeIgniter\Session\Handlers\FileHandler' driver.
INFO - 2024-11-14 16:11:14 --> Session: Class initialized using 'CodeIgniter\Session\Handlers\FileHandler' driver.
INFO - 2024-11-14 16:12:03 --> Session: Class initialized using 'CodeIgniter\Session\Handlers\FileHandler' driver.
CRITICAL - 2024-11-14 16:12:03 --> Undefined array key "user_church_id"
in APPPATH\Helpers\custom_helper.php on line 208.
 1 APPPATH\Helpers\custom_helper.php(208): CodeIgniter\Debug\Exceptions->errorHandler(2, 'Undefined array key "user_church_id"', 'APPPATH\\Helpers\\custom_helper.php', 208)
 2 APPPATH\Views\signup\verify-email.php(3): getusercurrentplan()
 3 SYSTEMPATH\View\View.php(213): include('APPPATH\\Views\\signup\\verify-email.php')
 4 SYSTEMPATH\View\View.php(216): CodeIgniter\View\View->CodeIgniter\View\{closure}()
 5 SYSTEMPATH\Common.php(1184): CodeIgniter\View\View->render('signup/verify-email', [], true)
 6 APPPATH\Controllers\Signup.php(45): view('signup/verify-email', [...])
 7 SYSTEMPATH\CodeIgniter.php(934): App\Controllers\Signup->verifyemail('e5f4c20272681fa54a0b8ff2ead753f0')
 8 SYSTEMPATH\CodeIgniter.php(499): CodeIgniter\CodeIgniter->runController(Object(App\Controllers\Signup))
 9 SYSTEMPATH\CodeIgniter.php(368): CodeIgniter\CodeIgniter->handleRequest(null, Object(Config\Cache), false)
10 FCPATH\index.php(67): CodeIgniter\CodeIgniter->run()
INFO - 2024-11-14 16:12:20 --> Session: Class initialized using 'CodeIgniter\Session\Handlers\FileHandler' driver.
INFO - 2024-11-14 16:12:26 --> Session: Class initialized using 'CodeIgniter\Session\Handlers\FileHandler' driver.
INFO - 2024-11-14 16:12:27 --> Session: Class initialized using 'CodeIgniter\Session\Handlers\FileHandler' driver.
INFO - 2024-11-14 16:12:27 --> Session: Class initialized using 'CodeIgniter\Session\Handlers\FileHandler' driver.
INFO - 2024-11-14 16:12:27 --> Session: Class initialized using 'CodeIgniter\Session\Handlers\FileHandler' driver.
WARNING - 2024-11-14 16:12:27 --> Session: Sessions is enabled, and one exists.Please don't $session->start();
INFO - 2024-11-14 16:12:43 --> Session: Class initialized using 'CodeIgniter\Session\Handlers\FileHandler' driver.
INFO - 2024-11-14 16:13:06 --> Session: Class initialized using 'CodeIgniter\Session\Handlers\FileHandler' driver.
INFO - 2024-11-14 16:13:09 --> Session: Class initialized using 'CodeIgniter\Session\Handlers\FileHandler' driver.
INFO - 2024-11-14 16:13:26 --> Session: Class initialized using 'CodeIgniter\Session\Handlers\FileHandler' driver.
INFO - 2024-11-14 16:13:37 --> Session: Class initialized using 'CodeIgniter\Session\Handlers\FileHandler' driver.
INFO - 2024-11-14 16:13:37 --> Session: Class initialized using 'CodeIgniter\Session\Handlers\FileHandler' driver.
WARNING - 2024-11-14 16:13:37 --> Session: Sessions is enabled, and one exists.Please don't $session->start();
INFO - 2024-11-14 16:15:32 --> Session: Class initialized using 'CodeIgniter\Session\Handlers\FileHandler' driver.
WARNING - 2024-11-14 16:15:32 --> Session: Sessions is enabled, and one exists.Please don't $session->start();
INFO - 2024-11-14 16:16:53 --> Session: Class initialized using 'CodeIgniter\Session\Handlers\FileHandler' driver.
INFO - 2024-11-14 16:16:53 --> Session: Class initialized using 'CodeIgniter\Session\Handlers\FileHandler' driver.
INFO - 2024-11-14 16:18:24 --> Session: Class initialized using 'CodeIgniter\Session\Handlers\FileHandler' driver.
INFO - 2024-11-14 16:18:25 --> Session: Class initialized using 'CodeIgniter\Session\Handlers\FileHandler' driver.
INFO - 2024-11-14 16:18:28 --> Session: Class initialized using 'CodeIgniter\Session\Handlers\FileHandler' driver.
INFO - 2024-11-14 16:18:29 --> Session: Class initialized using 'CodeIgniter\Session\Handlers\FileHandler' driver.
INFO - 2024-11-14 16:18:31 --> Session: Class initialized using 'CodeIgniter\Session\Handlers\FileHandler' driver.
INFO - 2024-11-14 16:18:34 --> Session: Class initialized using 'CodeIgniter\Session\Handlers\FileHandler' driver.
INFO - 2024-11-14 16:18:38 --> Session: Class initialized using 'CodeIgniter\Session\Handlers\FileHandler' driver.
INFO - 2024-11-14 16:18:38 --> Session: Class initialized using 'CodeIgniter\Session\Handlers\FileHandler' driver.
INFO - 2024-11-14 16:18:39 --> Session: Class initialized using 'CodeIgniter\Session\Handlers\FileHandler' driver.
INFO - 2024-11-14 16:18:53 --> Session: Class initialized using 'CodeIgniter\Session\Handlers\FileHandler' driver.
CRITICAL - 2024-11-14 16:18:53 --> Undefined array key "user_church_id"
in APPPATH\Helpers\custom_helper.php on line 208.
 1 APPPATH\Helpers\custom_helper.php(208): CodeIgniter\Debug\Exceptions->errorHandler(2, 'Undefined array key "user_church_id"', 'APPPATH\\Helpers\\custom_helper.php', 208)
 2 APPPATH\Views\signup\verify-email.php(3): getusercurrentplan()
 3 SYSTEMPATH\View\View.php(213): include('APPPATH\\Views\\signup\\verify-email.php')
 4 SYSTEMPATH\View\View.php(216): CodeIgniter\View\View->CodeIgniter\View\{closure}()
 5 SYSTEMPATH\Common.php(1184): CodeIgniter\View\View->render('signup/verify-email', [], true)
 6 APPPATH\Controllers\Signup.php(45): view('signup/verify-email', [...])
 7 SYSTEMPATH\CodeIgniter.php(934): App\Controllers\Signup->verifyemail('bf49be56ac6fa378a73641c2891f0f33')
 8 SYSTEMPATH\CodeIgniter.php(499): CodeIgniter\CodeIgniter->runController(Object(App\Controllers\Signup))
 9 SYSTEMPATH\CodeIgniter.php(368): CodeIgniter\CodeIgniter->handleRequest(null, Object(Config\Cache), false)
10 FCPATH\index.php(67): CodeIgniter\CodeIgniter->run()
INFO - 2024-11-14 16:19:23 --> Session: Class initialized using 'CodeIgniter\Session\Handlers\FileHandler' driver.
INFO - 2024-11-14 16:19:32 --> Session: Class initialized using 'CodeIgniter\Session\Handlers\FileHandler' driver.
INFO - 2024-11-14 16:19:33 --> Session: Class initialized using 'CodeIgniter\Session\Handlers\FileHandler' driver.
INFO - 2024-11-14 16:19:33 --> Session: Class initialized using 'CodeIgniter\Session\Handlers\FileHandler' driver.
INFO - 2024-11-14 16:19:33 --> Session: Class initialized using 'CodeIgniter\Session\Handlers\FileHandler' driver.
WARNING - 2024-11-14 16:19:33 --> Session: Sessions is enabled, and one exists.Please don't $session->start();
INFO - 2024-11-14 16:19:44 --> Session: Class initialized using 'CodeIgniter\Session\Handlers\FileHandler' driver.
INFO - 2024-11-14 16:19:44 --> Session: Class initialized using 'CodeIgniter\Session\Handlers\FileHandler' driver.
INFO - 2024-11-14 16:19:54 --> Session: Class initialized using 'CodeIgniter\Session\Handlers\FileHandler' driver.
WARNING - 2024-11-14 16:19:54 --> Session: Sessions is enabled, and one exists.Please don't $session->start();
INFO - 2024-11-14 16:20:32 --> Session: Class initialized using 'CodeIgniter\Session\Handlers\FileHandler' driver.
WARNING - 2024-11-14 16:20:32 --> Session: Sessions is enabled, and one exists.Please don't $session->start();
INFO - 2024-11-14 16:20:52 --> Session: Class initialized using 'CodeIgniter\Session\Handlers\FileHandler' driver.
WARNING - 2024-11-14 16:20:52 --> Session: Sessions is enabled, and one exists.Please don't $session->start();
INFO - 2024-11-14 16:21:12 --> Session: Class initialized using 'CodeIgniter\Session\Handlers\FileHandler' driver.
WARNING - 2024-11-14 16:21:12 --> Session: Sessions is enabled, and one exists.Please don't $session->start();
INFO - 2024-11-14 16:21:24 --> Session: Class initialized using 'CodeIgniter\Session\Handlers\FileHandler' driver.
INFO - 2024-11-14 16:21:25 --> Session: Class initialized using 'CodeIgniter\Session\Handlers\FileHandler' driver.
INFO - 2024-11-14 16:21:39 --> Session: Class initialized using 'CodeIgniter\Session\Handlers\FileHandler' driver.
INFO - 2024-11-14 16:21:39 --> Session: Class initialized using 'CodeIgniter\Session\Handlers\FileHandler' driver.
INFO - 2024-11-14 16:21:42 --> Session: Class initialized using 'CodeIgniter\Session\Handlers\FileHandler' driver.
INFO - 2024-11-14 16:21:42 --> Session: Class initialized using 'CodeIgniter\Session\Handlers\FileHandler' driver.
INFO - 2024-11-14 16:21:42 --> Session: Class initialized using 'CodeIgniter\Session\Handlers\FileHandler' driver.
INFO - 2024-11-14 16:22:15 --> Session: Class initialized using 'CodeIgniter\Session\Handlers\FileHandler' driver.
CRITICAL - 2024-11-14 16:22:15 --> Undefined array key "user_church_id"
in APPPATH\Helpers\custom_helper.php on line 208.
 1 APPPATH\Helpers\custom_helper.php(208): CodeIgniter\Debug\Exceptions->errorHandler(2, 'Undefined array key "user_church_id"', 'APPPATH\\Helpers\\custom_helper.php', 208)
 2 APPPATH\Views\signup\verify-email.php(3): getusercurrentplan()
 3 SYSTEMPATH\View\View.php(213): include('APPPATH\\Views\\signup\\verify-email.php')
 4 SYSTEMPATH\View\View.php(216): CodeIgniter\View\View->CodeIgniter\View\{closure}()
 5 SYSTEMPATH\Common.php(1184): CodeIgniter\View\View->render('signup/verify-email', [], true)
 6 APPPATH\Controllers\Signup.php(45): view('signup/verify-email', [...])
 7 SYSTEMPATH\CodeIgniter.php(934): App\Controllers\Signup->verifyemail('845bcb1ca64477726cb5ce3d9c15ef8f')
 8 SYSTEMPATH\CodeIgniter.php(499): CodeIgniter\CodeIgniter->runController(Object(App\Controllers\Signup))
 9 SYSTEMPATH\CodeIgniter.php(368): CodeIgniter\CodeIgniter->handleRequest(null, Object(Config\Cache), false)
10 FCPATH\index.php(67): CodeIgniter\CodeIgniter->run()
INFO - 2024-11-14 16:22:22 --> Session: Class initialized using 'CodeIgniter\Session\Handlers\FileHandler' driver.
INFO - 2024-11-14 16:22:22 --> Session: Class initialized using 'CodeIgniter\Session\Handlers\FileHandler' driver.
INFO - 2024-11-14 16:22:31 --> Session: Class initialized using 'CodeIgniter\Session\Handlers\FileHandler' driver.
INFO - 2024-11-14 16:22:31 --> Session: Class initialized using 'CodeIgniter\Session\Handlers\FileHandler' driver.
INFO - 2024-11-14 16:22:31 --> Session: Class initialized using 'CodeIgniter\Session\Handlers\FileHandler' driver.
INFO - 2024-11-14 16:22:32 --> Session: Class initialized using 'CodeIgniter\Session\Handlers\FileHandler' driver.
WARNING - 2024-11-14 16:22:32 --> Session: Sessions is enabled, and one exists.Please don't $session->start();
INFO - 2024-11-14 16:24:04 --> Session: Class initialized using 'CodeIgniter\Session\Handlers\FileHandler' driver.
WARNING - 2024-11-14 16:24:04 --> Session: Sessions is enabled, and one exists.Please don't $session->start();
INFO - 2024-11-14 16:24:34 --> Session: Class initialized using 'CodeIgniter\Session\Handlers\FileHandler' driver.
WARNING - 2024-11-14 16:24:34 --> Session: Sessions is enabled, and one exists.Please don't $session->start();
INFO - 2024-11-14 16:24:53 --> Session: Class initialized using 'CodeIgniter\Session\Handlers\FileHandler' driver.
WARNING - 2024-11-14 16:24:54 --> Session: Sessions is enabled, and one exists.Please don't $session->start();
INFO - 2024-11-14 16:24:57 --> Session: Class initialized using 'CodeIgniter\Session\Handlers\FileHandler' driver.
INFO - 2024-11-14 16:24:57 --> Session: Class initialized using 'CodeIgniter\Session\Handlers\FileHandler' driver.
INFO - 2024-11-14 16:25:46 --> Session: Class initialized using 'CodeIgniter\Session\Handlers\FileHandler' driver.
INFO - 2024-11-14 16:25:47 --> Session: Class initialized using 'CodeIgniter\Session\Handlers\FileHandler' driver.
INFO - 2024-11-14 16:25:51 --> Session: Class initialized using 'CodeIgniter\Session\Handlers\FileHandler' driver.
INFO - 2024-11-14 16:25:51 --> Session: Class initialized using 'CodeIgniter\Session\Handlers\FileHandler' driver.
INFO - 2024-11-14 16:25:51 --> Session: Class initialized using 'CodeIgniter\Session\Handlers\FileHandler' driver.
INFO - 2024-11-14 16:26:21 --> Session: Class initialized using 'CodeIgniter\Session\Handlers\FileHandler' driver.
CRITICAL - 2024-11-14 16:26:21 --> Undefined array key "user_church_id"
in APPPATH\Helpers\custom_helper.php on line 208.
 1 APPPATH\Helpers\custom_helper.php(208): CodeIgniter\Debug\Exceptions->errorHandler(2, 'Undefined array key "user_church_id"', 'APPPATH\\Helpers\\custom_helper.php', 208)
 2 APPPATH\Views\signup\verify-email.php(3): getusercurrentplan()
 3 SYSTEMPATH\View\View.php(213): include('APPPATH\\Views\\signup\\verify-email.php')
 4 SYSTEMPATH\View\View.php(216): CodeIgniter\View\View->CodeIgniter\View\{closure}()
 5 SYSTEMPATH\Common.php(1184): CodeIgniter\View\View->render('signup/verify-email', [], true)
 6 APPPATH\Controllers\Signup.php(45): view('signup/verify-email', [...])
 7 SYSTEMPATH\CodeIgniter.php(934): App\Controllers\Signup->verifyemail('116cf1adbd7974d0acc466af882728ee')
 8 SYSTEMPATH\CodeIgniter.php(499): CodeIgniter\CodeIgniter->runController(Object(App\Controllers\Signup))
 9 SYSTEMPATH\CodeIgniter.php(368): CodeIgniter\CodeIgniter->handleRequest(null, Object(Config\Cache), false)
10 FCPATH\index.php(67): CodeIgniter\CodeIgniter->run()
INFO - 2024-11-14 16:26:29 --> Session: Class initialized using 'CodeIgniter\Session\Handlers\FileHandler' driver.
INFO - 2024-11-14 16:26:43 --> Session: Class initialized using 'CodeIgniter\Session\Handlers\FileHandler' driver.
INFO - 2024-11-14 16:26:43 --> Session: Class initialized using 'CodeIgniter\Session\Handlers\FileHandler' driver.
INFO - 2024-11-14 16:26:43 --> Session: Class initialized using 'CodeIgniter\Session\Handlers\FileHandler' driver.
INFO - 2024-11-14 16:26:44 --> Session: Class initialized using 'CodeIgniter\Session\Handlers\FileHandler' driver.
WARNING - 2024-11-14 16:26:44 --> Session: Sessions is enabled, and one exists.Please don't $session->start();
INFO - 2024-11-14 16:27:22 --> Session: Class initialized using 'CodeIgniter\Session\Handlers\FileHandler' driver.
WARNING - 2024-11-14 16:27:22 --> Session: Sessions is enabled, and one exists.Please don't $session->start();
INFO - 2024-11-14 16:29:44 --> Session: Class initialized using 'CodeIgniter\Session\Handlers\FileHandler' driver.
INFO - 2024-11-14 16:31:01 --> Session: Class initialized using 'CodeIgniter\Session\Handlers\FileHandler' driver.
INFO - 2024-11-14 16:31:25 --> Session: Class initialized using 'CodeIgniter\Session\Handlers\FileHandler' driver.
INFO - 2024-11-14 16:31:26 --> Session: Class initialized using 'CodeIgniter\Session\Handlers\FileHandler' driver.
INFO - 2024-11-14 16:31:52 --> Session: Class initialized using 'CodeIgniter\Session\Handlers\FileHandler' driver.
CRITICAL - 2024-11-14 16:31:52 --> Class "App\Controllers\UserChurchModel" not found
in APPPATH\Controllers\Payment.php on line 232.
 1 SYSTEMPATH\CodeIgniter.php(934): App\Controllers\Payment->createCharge()
 2 SYSTEMPATH\CodeIgniter.php(499): CodeIgniter\CodeIgniter->runController(Object(App\Controllers\Payment))
 3 SYSTEMPATH\CodeIgniter.php(368): CodeIgniter\CodeIgniter->handleRequest(null, Object(Config\Cache), false)
 4 FCPATH\index.php(67): CodeIgniter\CodeIgniter->run()
INFO - 2024-11-14 16:32:34 --> Session: Class initialized using 'CodeIgniter\Session\Handlers\FileHandler' driver.
INFO - 2024-11-14 16:32:53 --> Session: Class initialized using 'CodeIgniter\Session\Handlers\FileHandler' driver.
INFO - 2024-11-14 16:35:07 --> Session: Class initialized using 'CodeIgniter\Session\Handlers\FileHandler' driver.
INFO - 2024-11-14 16:35:07 --> Session: Class initialized using 'CodeIgniter\Session\Handlers\FileHandler' driver.
INFO - 2024-11-14 16:35:07 --> Session: Class initialized using 'CodeIgniter\Session\Handlers\FileHandler' driver.
INFO - 2024-11-14 16:41:45 --> Session: Class initialized using 'CodeIgniter\Session\Handlers\FileHandler' driver.
CRITICAL - 2024-11-14 16:41:45 --> Undefined array key "user_church_id"
in APPPATH\Helpers\custom_helper.php on line 208.
 1 APPPATH\Helpers\custom_helper.php(208): CodeIgniter\Debug\Exceptions->errorHandler(2, 'Undefined array key "user_church_id"', 'APPPATH\\Helpers\\custom_helper.php', 208)
 2 APPPATH\Views\signup\verify-email.php(3): getusercurrentplan()
 3 SYSTEMPATH\View\View.php(213): include('APPPATH\\Views\\signup\\verify-email.php')
 4 SYSTEMPATH\View\View.php(216): CodeIgniter\View\View->CodeIgniter\View\{closure}()
 5 SYSTEMPATH\Common.php(1184): CodeIgniter\View\View->render('signup/verify-email', [], true)
 6 APPPATH\Controllers\Signup.php(45): view('signup/verify-email', [...])
 7 SYSTEMPATH\CodeIgniter.php(934): App\Controllers\Signup->verifyemail('61a0f3e869fb28183ccfc4ee9d5240be')
 8 SYSTEMPATH\CodeIgniter.php(499): CodeIgniter\CodeIgniter->runController(Object(App\Controllers\Signup))
 9 SYSTEMPATH\CodeIgniter.php(368): CodeIgniter\CodeIgniter->handleRequest(null, Object(Config\Cache), false)
10 FCPATH\index.php(67): CodeIgniter\CodeIgniter->run()
INFO - 2024-11-14 16:41:45 --> Session: Class initialized using 'CodeIgniter\Session\Handlers\FileHandler' driver.
CRITICAL - 2024-11-14 16:41:45 --> Undefined array key "user_church_id"
in APPPATH\Helpers\custom_helper.php on line 208.
 1 APPPATH\Helpers\custom_helper.php(208): CodeIgniter\Debug\Exceptions->errorHandler(2, 'Undefined array key "user_church_id"', 'APPPATH\\Helpers\\custom_helper.php', 208)
 2 APPPATH\Views\signup\verify-email.php(3): getusercurrentplan()
 3 SYSTEMPATH\View\View.php(213): include('APPPATH\\Views\\signup\\verify-email.php')
 4 SYSTEMPATH\View\View.php(216): CodeIgniter\View\View->CodeIgniter\View\{closure}()
 5 SYSTEMPATH\Common.php(1184): CodeIgniter\View\View->render('signup/verify-email', [], true)
 6 APPPATH\Controllers\Signup.php(45): view('signup/verify-email', [...])
 7 SYSTEMPATH\CodeIgniter.php(934): App\Controllers\Signup->verifyemail('61a0f3e869fb28183ccfc4ee9d5240be')
 8 SYSTEMPATH\CodeIgniter.php(499): CodeIgniter\CodeIgniter->runController(Object(App\Controllers\Signup))
 9 SYSTEMPATH\CodeIgniter.php(368): CodeIgniter\CodeIgniter->handleRequest(null, Object(Config\Cache), false)
10 FCPATH\index.php(67): CodeIgniter\CodeIgniter->run()
INFO - 2024-11-14 16:41:51 --> Session: Class initialized using 'CodeIgniter\Session\Handlers\FileHandler' driver.
CRITICAL - 2024-11-14 16:41:51 --> Undefined array key "user_church_id"
in APPPATH\Helpers\custom_helper.php on line 208.
 1 APPPATH\Helpers\custom_helper.php(208): CodeIgniter\Debug\Exceptions->errorHandler(2, 'Undefined array key "user_church_id"', 'APPPATH\\Helpers\\custom_helper.php', 208)
 2 APPPATH\Views\signup\verify-email.php(3): getusercurrentplan()
 3 SYSTEMPATH\View\View.php(213): include('APPPATH\\Views\\signup\\verify-email.php')
 4 SYSTEMPATH\View\View.php(216): CodeIgniter\View\View->CodeIgniter\View\{closure}()
 5 SYSTEMPATH\Common.php(1184): CodeIgniter\View\View->render('signup/verify-email', [], true)
 6 APPPATH\Controllers\Signup.php(45): view('signup/verify-email', [...])
 7 SYSTEMPATH\CodeIgniter.php(934): App\Controllers\Signup->verifyemail('61a0f3e869fb28183ccfc4ee9d5240be')
 8 SYSTEMPATH\CodeIgniter.php(499): CodeIgniter\CodeIgniter->runController(Object(App\Controllers\Signup))
 9 SYSTEMPATH\CodeIgniter.php(368): CodeIgniter\CodeIgniter->handleRequest(null, Object(Config\Cache), false)
10 FCPATH\index.php(67): CodeIgniter\CodeIgniter->run()
INFO - 2024-11-14 16:42:17 --> Session: Class initialized using 'CodeIgniter\Session\Handlers\FileHandler' driver.
CRITICAL - 2024-11-14 16:42:17 --> Undefined array key "user_church_id"
in APPPATH\Helpers\custom_helper.php on line 208.
 1 APPPATH\Helpers\custom_helper.php(208): CodeIgniter\Debug\Exceptions->errorHandler(2, 'Undefined array key "user_church_id"', 'APPPATH\\Helpers\\custom_helper.php', 208)
 2 APPPATH\Views\signup\verify-email.php(3): getusercurrentplan()
 3 SYSTEMPATH\View\View.php(213): include('APPPATH\\Views\\signup\\verify-email.php')
 4 SYSTEMPATH\View\View.php(216): CodeIgniter\View\View->CodeIgniter\View\{closure}()
 5 SYSTEMPATH\Common.php(1184): CodeIgniter\View\View->render('signup/verify-email', [], true)
 6 APPPATH\Controllers\Signup.php(45): view('signup/verify-email', [...])
 7 SYSTEMPATH\CodeIgniter.php(934): App\Controllers\Signup->verifyemail('bbd0a080f162e7084bffda2d7f825783')
 8 SYSTEMPATH\CodeIgniter.php(499): CodeIgniter\CodeIgniter->runController(Object(App\Controllers\Signup))
 9 SYSTEMPATH\CodeIgniter.php(368): CodeIgniter\CodeIgniter->handleRequest(null, Object(Config\Cache), false)
10 FCPATH\index.php(67): CodeIgniter\CodeIgniter->run()
INFO - 2024-11-14 16:42:22 --> Session: Class initialized using 'CodeIgniter\Session\Handlers\FileHandler' driver.
CRITICAL - 2024-11-14 16:42:22 --> Undefined array key "user_church_id"
in APPPATH\Helpers\custom_helper.php on line 208.
 1 APPPATH\Helpers\custom_helper.php(208): CodeIgniter\Debug\Exceptions->errorHandler(2, 'Undefined array key "user_church_id"', 'APPPATH\\Helpers\\custom_helper.php', 208)
 2 APPPATH\Views\signup\verify-email.php(3): getusercurrentplan()
 3 SYSTEMPATH\View\View.php(213): include('APPPATH\\Views\\signup\\verify-email.php')
 4 SYSTEMPATH\View\View.php(216): CodeIgniter\View\View->CodeIgniter\View\{closure}()
 5 SYSTEMPATH\Common.php(1184): CodeIgniter\View\View->render('signup/verify-email', [], true)
 6 APPPATH\Controllers\Signup.php(45): view('signup/verify-email', [...])
 7 SYSTEMPATH\CodeIgniter.php(934): App\Controllers\Signup->verifyemail('61a0f3e869fb28183ccfc4ee9d5240be')
 8 SYSTEMPATH\CodeIgniter.php(499): CodeIgniter\CodeIgniter->runController(Object(App\Controllers\Signup))
 9 SYSTEMPATH\CodeIgniter.php(368): CodeIgniter\CodeIgniter->handleRequest(null, Object(Config\Cache), false)
10 FCPATH\index.php(67): CodeIgniter\CodeIgniter->run()
INFO - 2024-11-14 16:42:23 --> Session: Class initialized using 'CodeIgniter\Session\Handlers\FileHandler' driver.
CRITICAL - 2024-11-14 16:42:23 --> Undefined array key "user_church_id"
in APPPATH\Helpers\custom_helper.php on line 208.
 1 APPPATH\Helpers\custom_helper.php(208): CodeIgniter\Debug\Exceptions->errorHandler(2, 'Undefined array key "user_church_id"', 'APPPATH\\Helpers\\custom_helper.php', 208)
 2 APPPATH\Views\signup\verify-email.php(3): getusercurrentplan()
 3 SYSTEMPATH\View\View.php(213): include('APPPATH\\Views\\signup\\verify-email.php')
 4 SYSTEMPATH\View\View.php(216): CodeIgniter\View\View->CodeIgniter\View\{closure}()
 5 SYSTEMPATH\Common.php(1184): CodeIgniter\View\View->render('signup/verify-email', [], true)
 6 APPPATH\Controllers\Signup.php(45): view('signup/verify-email', [...])
 7 SYSTEMPATH\CodeIgniter.php(934): App\Controllers\Signup->verifyemail('61a0f3e869fb28183ccfc4ee9d5240be')
 8 SYSTEMPATH\CodeIgniter.php(499): CodeIgniter\CodeIgniter->runController(Object(App\Controllers\Signup))
 9 SYSTEMPATH\CodeIgniter.php(368): CodeIgniter\CodeIgniter->handleRequest(null, Object(Config\Cache), false)
10 FCPATH\index.php(67): CodeIgniter\CodeIgniter->run()
INFO - 2024-11-14 16:42:25 --> Session: Class initialized using 'CodeIgniter\Session\Handlers\FileHandler' driver.
CRITICAL - 2024-11-14 16:42:25 --> Undefined array key "user_church_id"
in APPPATH\Helpers\custom_helper.php on line 208.
 1 APPPATH\Helpers\custom_helper.php(208): CodeIgniter\Debug\Exceptions->errorHandler(2, 'Undefined array key "user_church_id"', 'APPPATH\\Helpers\\custom_helper.php', 208)
 2 APPPATH\Views\signup\verify-email.php(3): getusercurrentplan()
 3 SYSTEMPATH\View\View.php(213): include('APPPATH\\Views\\signup\\verify-email.php')
 4 SYSTEMPATH\View\View.php(216): CodeIgniter\View\View->CodeIgniter\View\{closure}()
 5 SYSTEMPATH\Common.php(1184): CodeIgniter\View\View->render('signup/verify-email', [], true)
 6 APPPATH\Controllers\Signup.php(45): view('signup/verify-email', [...])
 7 SYSTEMPATH\CodeIgniter.php(934): App\Controllers\Signup->verifyemail('61a0f3e869fb28183ccfc4ee9d5240be')
 8 SYSTEMPATH\CodeIgniter.php(499): CodeIgniter\CodeIgniter->runController(Object(App\Controllers\Signup))
 9 SYSTEMPATH\CodeIgniter.php(368): CodeIgniter\CodeIgniter->handleRequest(null, Object(Config\Cache), false)
10 FCPATH\index.php(67): CodeIgniter\CodeIgniter->run()
INFO - 2024-11-14 16:42:48 --> Session: Class initialized using 'CodeIgniter\Session\Handlers\FileHandler' driver.
INFO - 2024-11-14 16:42:48 --> Session: Class initialized using 'CodeIgniter\Session\Handlers\FileHandler' driver.
INFO - 2024-11-14 16:42:54 --> Session: Class initialized using 'CodeIgniter\Session\Handlers\FileHandler' driver.
INFO - 2024-11-14 16:42:54 --> Session: Class initialized using 'CodeIgniter\Session\Handlers\FileHandler' driver.
INFO - 2024-11-14 16:43:02 --> Session: Class initialized using 'CodeIgniter\Session\Handlers\FileHandler' driver.
INFO - 2024-11-14 16:43:02 --> Session: Class initialized using 'CodeIgniter\Session\Handlers\FileHandler' driver.
INFO - 2024-11-14 16:43:02 --> Session: Class initialized using 'CodeIgniter\Session\Handlers\FileHandler' driver.
INFO - 2024-11-14 16:43:02 --> Session: Class initialized using 'CodeIgniter\Session\Handlers\FileHandler' driver.
WARNING - 2024-11-14 16:43:02 --> Session: Sessions is enabled, and one exists.Please don't $session->start();
INFO - 2024-11-14 16:43:08 --> Session: Class initialized using 'CodeIgniter\Session\Handlers\FileHandler' driver.
INFO - 2024-11-14 16:43:11 --> Session: Class initialized using 'CodeIgniter\Session\Handlers\FileHandler' driver.
INFO - 2024-11-14 16:43:25 --> Session: Class initialized using 'CodeIgniter\Session\Handlers\FileHandler' driver.
INFO - 2024-11-14 16:43:28 --> Session: Class initialized using 'CodeIgniter\Session\Handlers\FileHandler' driver.
INFO - 2024-11-14 16:44:06 --> Session: Class initialized using 'CodeIgniter\Session\Handlers\FileHandler' driver.
CRITICAL - 2024-11-14 16:44:06 --> Undefined array key "id"
in APPPATH\Controllers\Payment.php on line 237.
 1 APPPATH\Controllers\Payment.php(237): CodeIgniter\Debug\Exceptions->errorHandler(2, 'Undefined array key "id"', 'APPPATH\\Controllers\\Payment.php', 237)
 2 SYSTEMPATH\CodeIgniter.php(934): App\Controllers\Payment->createCharge()
 3 SYSTEMPATH\CodeIgniter.php(499): CodeIgniter\CodeIgniter->runController(Object(App\Controllers\Payment))
 4 SYSTEMPATH\CodeIgniter.php(368): CodeIgniter\CodeIgniter->handleRequest(null, Object(Config\Cache), false)
 5 FCPATH\index.php(67): CodeIgniter\CodeIgniter->run()
INFO - 2024-11-14 16:47:04 --> Session: Class initialized using 'CodeIgniter\Session\Handlers\FileHandler' driver.
CRITICAL - 2024-11-14 16:47:04 --> Undefined array key "id"
in APPPATH\Controllers\Payment.php on line 237.
 1 APPPATH\Controllers\Payment.php(237): CodeIgniter\Debug\Exceptions->errorHandler(2, 'Undefined array key "id"', 'APPPATH\\Controllers\\Payment.php', 237)
 2 SYSTEMPATH\CodeIgniter.php(934): App\Controllers\Payment->createCharge()
 3 SYSTEMPATH\CodeIgniter.php(499): CodeIgniter\CodeIgniter->runController(Object(App\Controllers\Payment))
 4 SYSTEMPATH\CodeIgniter.php(368): CodeIgniter\CodeIgniter->handleRequest(null, Object(Config\Cache), false)
 5 FCPATH\index.php(67): CodeIgniter\CodeIgniter->run()
INFO - 2024-11-14 16:52:05 --> Session: Class initialized using 'CodeIgniter\Session\Handlers\FileHandler' driver.
INFO - 2024-11-14 16:52:36 --> Session: Class initialized using 'CodeIgniter\Session\Handlers\FileHandler' driver.
INFO - 2024-11-14 16:54:19 --> Session: Class initialized using 'CodeIgniter\Session\Handlers\FileHandler' driver.
CRITICAL - 2024-11-14 16:54:19 --> Undefined array key "name"
in APPPATH\Controllers\Payment.php on line 241.
 1 APPPATH\Controllers\Payment.php(241): CodeIgniter\Debug\Exceptions->errorHandler(2, 'Undefined array key "name"', 'APPPATH\\Controllers\\Payment.php', 241)
 2 SYSTEMPATH\CodeIgniter.php(934): App\Controllers\Payment->createCharge()
 3 SYSTEMPATH\CodeIgniter.php(499): CodeIgniter\CodeIgniter->runController(Object(App\Controllers\Payment))
 4 SYSTEMPATH\CodeIgniter.php(368): CodeIgniter\CodeIgniter->handleRequest(null, Object(Config\Cache), false)
 5 FCPATH\index.php(67): CodeIgniter\CodeIgniter->run()
INFO - 2024-11-14 16:54:44 --> Session: Class initialized using 'CodeIgniter\Session\Handlers\FileHandler' driver.
INFO - 2024-11-14 16:54:51 --> Session: Class initialized using 'CodeIgniter\Session\Handlers\FileHandler' driver.
INFO - 2024-11-14 16:55:03 --> Session: Class initialized using 'CodeIgniter\Session\Handlers\FileHandler' driver.
INFO - 2024-11-14 16:55:06 --> Session: Class initialized using 'CodeIgniter\Session\Handlers\FileHandler' driver.
INFO - 2024-11-14 16:55:28 --> Session: Class initialized using 'CodeIgniter\Session\Handlers\FileHandler' driver.
CRITICAL - 2024-11-14 16:55:28 --> Undefined array key "name"
in APPPATH\Controllers\Payment.php on line 241.
 1 APPPATH\Controllers\Payment.php(241): CodeIgniter\Debug\Exceptions->errorHandler(2, 'Undefined array key "name"', 'APPPATH\\Controllers\\Payment.php', 241)
 2 SYSTEMPATH\CodeIgniter.php(934): App\Controllers\Payment->createCharge()
 3 SYSTEMPATH\CodeIgniter.php(499): CodeIgniter\CodeIgniter->runController(Object(App\Controllers\Payment))
 4 SYSTEMPATH\CodeIgniter.php(368): CodeIgniter\CodeIgniter->handleRequest(null, Object(Config\Cache), false)
 5 FCPATH\index.php(67): CodeIgniter\CodeIgniter->run()
INFO - 2024-11-14 16:56:09 --> Session: Class initialized using 'CodeIgniter\Session\Handlers\FileHandler' driver.
INFO - 2024-11-14 16:56:12 --> Session: Class initialized using 'CodeIgniter\Session\Handlers\FileHandler' driver.
INFO - 2024-11-14 16:57:55 --> Session: Class initialized using 'CodeIgniter\Session\Handlers\FileHandler' driver.
INFO - 2024-11-14 16:57:58 --> Session: Class initialized using 'CodeIgniter\Session\Handlers\FileHandler' driver.
INFO - 2024-11-14 16:58:26 --> Session: Class initialized using 'CodeIgniter\Session\Handlers\FileHandler' driver.
CRITICAL - 2024-11-14 16:58:27 --> Undefined array key "name"
in APPPATH\Controllers\Payment.php on line 241.
 1 APPPATH\Controllers\Payment.php(241): CodeIgniter\Debug\Exceptions->errorHandler(2, 'Undefined array key "name"', 'APPPATH\\Controllers\\Payment.php', 241)
 2 SYSTEMPATH\CodeIgniter.php(934): App\Controllers\Payment->createCharge()
 3 SYSTEMPATH\CodeIgniter.php(499): CodeIgniter\CodeIgniter->runController(Object(App\Controllers\Payment))
 4 SYSTEMPATH\CodeIgniter.php(368): CodeIgniter\CodeIgniter->handleRequest(null, Object(Config\Cache), false)
 5 FCPATH\index.php(67): CodeIgniter\CodeIgniter->run()
INFO - 2024-11-14 16:59:00 --> Session: Class initialized using 'CodeIgniter\Session\Handlers\FileHandler' driver.
INFO - 2024-11-14 16:59:03 --> Session: Class initialized using 'CodeIgniter\Session\Handlers\FileHandler' driver.
INFO - 2024-11-14 16:59:16 --> Session: Class initialized using 'CodeIgniter\Session\Handlers\FileHandler' driver.
INFO - 2024-11-14 16:59:22 --> Session: Class initialized using 'CodeIgniter\Session\Handlers\FileHandler' driver.
INFO - 2024-11-14 17:00:23 --> Session: Class initialized using 'CodeIgniter\Session\Handlers\FileHandler' driver.
INFO - 2024-11-14 17:00:54 --> Session: Class initialized using 'CodeIgniter\Session\Handlers\FileHandler' driver.
INFO - 2024-11-14 17:01:04 --> Session: Class initialized using 'CodeIgniter\Session\Handlers\FileHandler' driver.
INFO - 2024-11-14 17:01:04 --> Session: Class initialized using 'CodeIgniter\Session\Handlers\FileHandler' driver.
INFO - 2024-11-14 17:01:04 --> Session: Class initialized using 'CodeIgniter\Session\Handlers\FileHandler' driver.
