INFO - 2023-11-10 00:00:07 --> Session: Class initialized using 'CodeIgniter\Session\Handlers\FileHandler' driver.
INFO - 2023-11-10 00:00:08 --> Session: Class initialized using 'CodeIgniter\Session\Handlers\FileHandler' driver.
INFO - 2023-11-10 00:00:08 --> Session: Class initialized using 'CodeIgniter\Session\Handlers\FileHandler' driver.
ERROR - 2023-11-10 00:00:09 --> mysqli_sql_exception: You have an error in your SQL syntax; check the manual that corresponds to your MySQL server version for the right syntax to use near 'GROUP BY a.contact_id
    ) as A' at line 5 in /home/congreg8/public_html/app.congreg8.org/system/Database/MySQLi/Connection.php:295
Stack trace:
#0 /home/congreg8/public_html/app.congreg8.org/system/Database/MySQLi/Connection.php(295): mysqli->query('SELECT count(*)...', 0)
#1 /home/congreg8/public_html/app.congreg8.org/system/Database/BaseConnection.php(691): CodeIgniter\Database\MySQLi\Connection->execute('SELECT count(*)...')
#2 /home/congreg8/public_html/app.congreg8.org/system/Database/BaseConnection.php(605): CodeIgniter\Database\BaseConnection->simpleQuery('SELECT count(*)...')
#3 /home/congreg8/public_html/app.congreg8.org/app/Helpers/custom_helper.php(353): CodeIgniter\Database\BaseConnection->query('SELECT count(*)...')
#4 /home/congreg8/public_html/app.congreg8.org/app/Controllers/Dashboard.php(63): get_All_visitors(NULL, '', '')
#5 /home/congreg8/public_html/app.congreg8.org/system/CodeIgniter.php(934): App\Controllers\Dashboard->getvalues()
#6 /home/congreg8/public_html/app.congreg8.org/system/CodeIgniter.php(499): CodeIgniter\CodeIgniter->runController(Object(App\Controllers\Dashboard))
#7 /home/congreg8/public_html/app.congreg8.org/system/CodeIgniter.php(368): CodeIgniter\CodeIgniter->handleRequest(NULL, Object(Config\Cache), false)
#8 /home/congreg8/public_html/app.congreg8.org/index.php(67): CodeIgniter\CodeIgniter->run()
#9 {main}
CRITICAL - 2023-11-10 00:00:09 --> You have an error in your SQL syntax; check the manual that corresponds to your MySQL server version for the right syntax to use near 'GROUP BY a.contact_id
    ) as A' at line 5
in SYSTEMPATH/Database/BaseConnection.php on line 645.
 1 APPPATH/Helpers/custom_helper.php(353): CodeIgniter\Database\BaseConnection->query('SELECT count(*) as cntt FROM (
        SELECT a.contact_id as cnt
        FROM `tab_attandance` a
        LEFT JOIN contacts c ON c.id = a.contact_id
        WHERE c.r_status = \'Y\' AND a.rstatus = \'Y\' AND form_type = \'Visitor\' AND a.church_id =  GROUP BY a.contact_id
    ) as A')
 2 APPPATH/Controllers/Dashboard.php(63): get_All_visitors(null, '/home/congreg8/public_html/app.congreg8.org', '/home/congreg8/public_html/app.congreg8.org')
 3 SYSTEMPATH/CodeIgniter.php(934): App\Controllers\Dashboard->getvalues()
 4 SYSTEMPATH/CodeIgniter.php(499): CodeIgniter\CodeIgniter->runController(Object(App\Controllers\Dashboard))
 5 SYSTEMPATH/CodeIgniter.php(368): CodeIgniter\CodeIgniter->handleRequest(null, Object(Config\Cache), false)
 6 FCPATH/index.php(67): CodeIgniter\CodeIgniter->run()
INFO - 2023-11-10 03:09:04 --> Session: Class initialized using 'CodeIgniter\Session\Handlers\FileHandler' driver.
INFO - 2023-11-10 03:26:18 --> Session: Class initialized using 'CodeIgniter\Session\Handlers\FileHandler' driver.
INFO - 2023-11-10 03:26:19 --> Session: Class initialized using 'CodeIgniter\Session\Handlers\FileHandler' driver.
INFO - 2023-11-10 03:28:36 --> Session: Class initialized using 'CodeIgniter\Session\Handlers\FileHandler' driver.
INFO - 2023-11-10 03:28:36 --> Session: Class initialized using 'CodeIgniter\Session\Handlers\FileHandler' driver.
INFO - 2023-11-10 03:32:42 --> Session: Class initialized using 'CodeIgniter\Session\Handlers\FileHandler' driver.
INFO - 2023-11-10 03:32:42 --> Session: Class initialized using 'CodeIgniter\Session\Handlers\FileHandler' driver.
INFO - 2023-11-10 10:59:26 --> Session: Class initialized using 'CodeIgniter\Session\Handlers\FileHandler' driver.
INFO - 2023-11-10 10:59:26 --> Session: Class initialized using 'CodeIgniter\Session\Handlers\FileHandler' driver.
INFO - 2023-11-10 11:57:48 --> Session: Class initialized using 'CodeIgniter\Session\Handlers\FileHandler' driver.
INFO - 2023-11-10 11:57:48 --> Session: Class initialized using 'CodeIgniter\Session\Handlers\FileHandler' driver.
INFO - 2023-11-10 12:02:54 --> Session: Class initialized using 'CodeIgniter\Session\Handlers\FileHandler' driver.
INFO - 2023-11-10 12:02:54 --> Session: Class initialized using 'CodeIgniter\Session\Handlers\FileHandler' driver.
INFO - 2023-11-10 12:02:58 --> Session: Class initialized using 'CodeIgniter\Session\Handlers\FileHandler' driver.
INFO - 2023-11-10 12:02:59 --> Session: Class initialized using 'CodeIgniter\Session\Handlers\FileHandler' driver.
INFO - 2023-11-10 12:03:00 --> Session: Class initialized using 'CodeIgniter\Session\Handlers\FileHandler' driver.
ERROR - 2023-11-10 12:03:00 --> mysqli_sql_exception: You have an error in your SQL syntax; check the manual that corresponds to your MySQL server version for the right syntax to use near 'GROUP BY a.contact_id
    ) as A' at line 5 in /home/congreg8/public_html/app.congreg8.org/system/Database/MySQLi/Connection.php:295
Stack trace:
#0 /home/congreg8/public_html/app.congreg8.org/system/Database/MySQLi/Connection.php(295): mysqli->query('SELECT count(*)...', 0)
#1 /home/congreg8/public_html/app.congreg8.org/system/Database/BaseConnection.php(691): CodeIgniter\Database\MySQLi\Connection->execute('SELECT count(*)...')
#2 /home/congreg8/public_html/app.congreg8.org/system/Database/BaseConnection.php(605): CodeIgniter\Database\BaseConnection->simpleQuery('SELECT count(*)...')
#3 /home/congreg8/public_html/app.congreg8.org/app/Helpers/custom_helper.php(353): CodeIgniter\Database\BaseConnection->query('SELECT count(*)...')
#4 /home/congreg8/public_html/app.congreg8.org/app/Controllers/Dashboard.php(63): get_All_visitors(NULL, '', '')
#5 /home/congreg8/public_html/app.congreg8.org/system/CodeIgniter.php(934): App\Controllers\Dashboard->getvalues()
#6 /home/congreg8/public_html/app.congreg8.org/system/CodeIgniter.php(499): CodeIgniter\CodeIgniter->runController(Object(App\Controllers\Dashboard))
#7 /home/congreg8/public_html/app.congreg8.org/system/CodeIgniter.php(368): CodeIgniter\CodeIgniter->handleRequest(NULL, Object(Config\Cache), false)
#8 /home/congreg8/public_html/app.congreg8.org/index.php(67): CodeIgniter\CodeIgniter->run()
#9 {main}
CRITICAL - 2023-11-10 12:03:00 --> You have an error in your SQL syntax; check the manual that corresponds to your MySQL server version for the right syntax to use near 'GROUP BY a.contact_id
    ) as A' at line 5
in SYSTEMPATH/Database/BaseConnection.php on line 645.
 1 APPPATH/Helpers/custom_helper.php(353): CodeIgniter\Database\BaseConnection->query('SELECT count(*) as cntt FROM (
        SELECT a.contact_id as cnt
        FROM `tab_attandance` a
        LEFT JOIN contacts c ON c.id = a.contact_id
        WHERE c.r_status = \'Y\' AND a.rstatus = \'Y\' AND form_type = \'Visitor\' AND a.church_id =  GROUP BY a.contact_id
    ) as A')
 2 APPPATH/Controllers/Dashboard.php(63): get_All_visitors(null, '/home/congreg8/public_html/app.congreg8.org', '/home/congreg8/public_html/app.congreg8.org')
 3 SYSTEMPATH/CodeIgniter.php(934): App\Controllers\Dashboard->getvalues()
 4 SYSTEMPATH/CodeIgniter.php(499): CodeIgniter\CodeIgniter->runController(Object(App\Controllers\Dashboard))
 5 SYSTEMPATH/CodeIgniter.php(368): CodeIgniter\CodeIgniter->handleRequest(null, Object(Config\Cache), false)
 6 FCPATH/index.php(67): CodeIgniter\CodeIgniter->run()
INFO - 2023-11-10 12:03:03 --> Session: Class initialized using 'CodeIgniter\Session\Handlers\FileHandler' driver.
INFO - 2023-11-10 12:03:04 --> Session: Class initialized using 'CodeIgniter\Session\Handlers\FileHandler' driver.
ERROR - 2023-11-10 12:03:04 --> mysqli_sql_exception: You have an error in your SQL syntax; check the manual that corresponds to your MySQL server version for the right syntax to use near 'GROUP BY a.contact_id
    ) as A' at line 5 in /home/congreg8/public_html/app.congreg8.org/system/Database/MySQLi/Connection.php:295
Stack trace:
#0 /home/congreg8/public_html/app.congreg8.org/system/Database/MySQLi/Connection.php(295): mysqli->query('SELECT count(*)...', 0)
#1 /home/congreg8/public_html/app.congreg8.org/system/Database/BaseConnection.php(691): CodeIgniter\Database\MySQLi\Connection->execute('SELECT count(*)...')
#2 /home/congreg8/public_html/app.congreg8.org/system/Database/BaseConnection.php(605): CodeIgniter\Database\BaseConnection->simpleQuery('SELECT count(*)...')
#3 /home/congreg8/public_html/app.congreg8.org/app/Helpers/custom_helper.php(353): CodeIgniter\Database\BaseConnection->query('SELECT count(*)...')
#4 /home/congreg8/public_html/app.congreg8.org/app/Controllers/Dashboard.php(63): get_All_visitors(NULL, '', '')
#5 /home/congreg8/public_html/app.congreg8.org/system/CodeIgniter.php(934): App\Controllers\Dashboard->getvalues()
#6 /home/congreg8/public_html/app.congreg8.org/system/CodeIgniter.php(499): CodeIgniter\CodeIgniter->runController(Object(App\Controllers\Dashboard))
#7 /home/congreg8/public_html/app.congreg8.org/system/CodeIgniter.php(368): CodeIgniter\CodeIgniter->handleRequest(NULL, Object(Config\Cache), false)
#8 /home/congreg8/public_html/app.congreg8.org/index.php(67): CodeIgniter\CodeIgniter->run()
#9 {main}
CRITICAL - 2023-11-10 12:03:04 --> You have an error in your SQL syntax; check the manual that corresponds to your MySQL server version for the right syntax to use near 'GROUP BY a.contact_id
    ) as A' at line 5
in SYSTEMPATH/Database/BaseConnection.php on line 645.
 1 APPPATH/Helpers/custom_helper.php(353): CodeIgniter\Database\BaseConnection->query('SELECT count(*) as cntt FROM (
        SELECT a.contact_id as cnt
        FROM `tab_attandance` a
        LEFT JOIN contacts c ON c.id = a.contact_id
        WHERE c.r_status = \'Y\' AND a.rstatus = \'Y\' AND form_type = \'Visitor\' AND a.church_id =  GROUP BY a.contact_id
    ) as A')
 2 APPPATH/Controllers/Dashboard.php(63): get_All_visitors(null, '/home/congreg8/public_html/app.congreg8.org', '/home/congreg8/public_html/app.congreg8.org')
 3 SYSTEMPATH/CodeIgniter.php(934): App\Controllers\Dashboard->getvalues()
 4 SYSTEMPATH/CodeIgniter.php(499): CodeIgniter\CodeIgniter->runController(Object(App\Controllers\Dashboard))
 5 SYSTEMPATH/CodeIgniter.php(368): CodeIgniter\CodeIgniter->handleRequest(null, Object(Config\Cache), false)
 6 FCPATH/index.php(67): CodeIgniter\CodeIgniter->run()
INFO - 2023-11-10 12:03:04 --> Session: Class initialized using 'CodeIgniter\Session\Handlers\FileHandler' driver.
INFO - 2023-11-10 12:03:09 --> Session: Class initialized using 'CodeIgniter\Session\Handlers\FileHandler' driver.
INFO - 2023-11-10 12:03:10 --> Session: Class initialized using 'CodeIgniter\Session\Handlers\FileHandler' driver.
ERROR - 2023-11-10 12:03:10 --> mysqli_sql_exception: You have an error in your SQL syntax; check the manual that corresponds to your MySQL server version for the right syntax to use near 'GROUP BY a.contact_id
    ) as A' at line 5 in /home/congreg8/public_html/app.congreg8.org/system/Database/MySQLi/Connection.php:295
Stack trace:
#0 /home/congreg8/public_html/app.congreg8.org/system/Database/MySQLi/Connection.php(295): mysqli->query('SELECT count(*)...', 0)
#1 /home/congreg8/public_html/app.congreg8.org/system/Database/BaseConnection.php(691): CodeIgniter\Database\MySQLi\Connection->execute('SELECT count(*)...')
#2 /home/congreg8/public_html/app.congreg8.org/system/Database/BaseConnection.php(605): CodeIgniter\Database\BaseConnection->simpleQuery('SELECT count(*)...')
#3 /home/congreg8/public_html/app.congreg8.org/app/Helpers/custom_helper.php(353): CodeIgniter\Database\BaseConnection->query('SELECT count(*)...')
#4 /home/congreg8/public_html/app.congreg8.org/app/Controllers/Dashboard.php(63): get_All_visitors(NULL, '', '')
#5 /home/congreg8/public_html/app.congreg8.org/system/CodeIgniter.php(934): App\Controllers\Dashboard->getvalues()
#6 /home/congreg8/public_html/app.congreg8.org/system/CodeIgniter.php(499): CodeIgniter\CodeIgniter->runController(Object(App\Controllers\Dashboard))
#7 /home/congreg8/public_html/app.congreg8.org/system/CodeIgniter.php(368): CodeIgniter\CodeIgniter->handleRequest(NULL, Object(Config\Cache), false)
#8 /home/congreg8/public_html/app.congreg8.org/index.php(67): CodeIgniter\CodeIgniter->run()
#9 {main}
CRITICAL - 2023-11-10 12:03:10 --> You have an error in your SQL syntax; check the manual that corresponds to your MySQL server version for the right syntax to use near 'GROUP BY a.contact_id
    ) as A' at line 5
in SYSTEMPATH/Database/BaseConnection.php on line 645.
 1 APPPATH/Helpers/custom_helper.php(353): CodeIgniter\Database\BaseConnection->query('SELECT count(*) as cntt FROM (
        SELECT a.contact_id as cnt
        FROM `tab_attandance` a
        LEFT JOIN contacts c ON c.id = a.contact_id
        WHERE c.r_status = \'Y\' AND a.rstatus = \'Y\' AND form_type = \'Visitor\' AND a.church_id =  GROUP BY a.contact_id
    ) as A')
 2 APPPATH/Controllers/Dashboard.php(63): get_All_visitors(null, '/home/congreg8/public_html/app.congreg8.org', '/home/congreg8/public_html/app.congreg8.org')
 3 SYSTEMPATH/CodeIgniter.php(934): App\Controllers\Dashboard->getvalues()
 4 SYSTEMPATH/CodeIgniter.php(499): CodeIgniter\CodeIgniter->runController(Object(App\Controllers\Dashboard))
 5 SYSTEMPATH/CodeIgniter.php(368): CodeIgniter\CodeIgniter->handleRequest(null, Object(Config\Cache), false)
 6 FCPATH/index.php(67): CodeIgniter\CodeIgniter->run()
INFO - 2023-11-10 12:03:10 --> Session: Class initialized using 'CodeIgniter\Session\Handlers\FileHandler' driver.
INFO - 2023-11-10 12:03:14 --> Session: Class initialized using 'CodeIgniter\Session\Handlers\FileHandler' driver.
INFO - 2023-11-10 12:03:15 --> Session: Class initialized using 'CodeIgniter\Session\Handlers\FileHandler' driver.
ERROR - 2023-11-10 12:03:15 --> mysqli_sql_exception: You have an error in your SQL syntax; check the manual that corresponds to your MySQL server version for the right syntax to use near 'GROUP BY a.contact_id
    ) as A' at line 5 in /home/congreg8/public_html/app.congreg8.org/system/Database/MySQLi/Connection.php:295
Stack trace:
#0 /home/congreg8/public_html/app.congreg8.org/system/Database/MySQLi/Connection.php(295): mysqli->query('SELECT count(*)...', 0)
#1 /home/congreg8/public_html/app.congreg8.org/system/Database/BaseConnection.php(691): CodeIgniter\Database\MySQLi\Connection->execute('SELECT count(*)...')
#2 /home/congreg8/public_html/app.congreg8.org/system/Database/BaseConnection.php(605): CodeIgniter\Database\BaseConnection->simpleQuery('SELECT count(*)...')
#3 /home/congreg8/public_html/app.congreg8.org/app/Helpers/custom_helper.php(353): CodeIgniter\Database\BaseConnection->query('SELECT count(*)...')
#4 /home/congreg8/public_html/app.congreg8.org/app/Controllers/Dashboard.php(63): get_All_visitors(NULL, '', '')
#5 /home/congreg8/public_html/app.congreg8.org/system/CodeIgniter.php(934): App\Controllers\Dashboard->getvalues()
#6 /home/congreg8/public_html/app.congreg8.org/system/CodeIgniter.php(499): CodeIgniter\CodeIgniter->runController(Object(App\Controllers\Dashboard))
#7 /home/congreg8/public_html/app.congreg8.org/system/CodeIgniter.php(368): CodeIgniter\CodeIgniter->handleRequest(NULL, Object(Config\Cache), false)
#8 /home/congreg8/public_html/app.congreg8.org/index.php(67): CodeIgniter\CodeIgniter->run()
#9 {main}
CRITICAL - 2023-11-10 12:03:15 --> You have an error in your SQL syntax; check the manual that corresponds to your MySQL server version for the right syntax to use near 'GROUP BY a.contact_id
    ) as A' at line 5
in SYSTEMPATH/Database/BaseConnection.php on line 645.
 1 APPPATH/Helpers/custom_helper.php(353): CodeIgniter\Database\BaseConnection->query('SELECT count(*) as cntt FROM (
        SELECT a.contact_id as cnt
        FROM `tab_attandance` a
        LEFT JOIN contacts c ON c.id = a.contact_id
        WHERE c.r_status = \'Y\' AND a.rstatus = \'Y\' AND form_type = \'Visitor\' AND a.church_id =  GROUP BY a.contact_id
    ) as A')
 2 APPPATH/Controllers/Dashboard.php(63): get_All_visitors(null, '/home/congreg8/public_html/app.congreg8.org', '/home/congreg8/public_html/app.congreg8.org')
 3 SYSTEMPATH/CodeIgniter.php(934): App\Controllers\Dashboard->getvalues()
 4 SYSTEMPATH/CodeIgniter.php(499): CodeIgniter\CodeIgniter->runController(Object(App\Controllers\Dashboard))
 5 SYSTEMPATH/CodeIgniter.php(368): CodeIgniter\CodeIgniter->handleRequest(null, Object(Config\Cache), false)
 6 FCPATH/index.php(67): CodeIgniter\CodeIgniter->run()
INFO - 2023-11-10 12:03:33 --> Session: Class initialized using 'CodeIgniter\Session\Handlers\FileHandler' driver.
INFO - 2023-11-10 12:03:33 --> Session: Class initialized using 'CodeIgniter\Session\Handlers\FileHandler' driver.
INFO - 2023-11-10 12:39:11 --> Session: Class initialized using 'CodeIgniter\Session\Handlers\FileHandler' driver.
INFO - 2023-11-10 12:39:11 --> Session: Class initialized using 'CodeIgniter\Session\Handlers\FileHandler' driver.
INFO - 2023-11-10 15:37:31 --> Session: Class initialized using 'CodeIgniter\Session\Handlers\FileHandler' driver.
INFO - 2023-11-10 16:18:58 --> Session: Class initialized using 'CodeIgniter\Session\Handlers\FileHandler' driver.
INFO - 2023-11-10 16:19:00 --> Session: Class initialized using 'CodeIgniter\Session\Handlers\FileHandler' driver.
INFO - 2023-11-10 16:19:03 --> Session: Class initialized using 'CodeIgniter\Session\Handlers\FileHandler' driver.
INFO - 2023-11-10 16:19:05 --> Session: Class initialized using 'CodeIgniter\Session\Handlers\FileHandler' driver.
