INFO - 2024-01-08 01:58:04 --> Session: Class initialized using 'CodeIgniter\Session\Handlers\FileHandler' driver.
INFO - 2024-01-08 01:58:12 --> Session: Class initialized using 'CodeIgniter\Session\Handlers\FileHandler' driver.
ERROR - 2024-01-08 12:46:48 --> mysqli_sql_exception: Table 'congreg8_dev.users' doesn't exist in /home/congreg8/public_html/app.congreg8.org/system/Database/MySQLi/Connection.php:295
Stack trace:
#0 /home/congreg8/public_html/app.congreg8.org/system/Database/MySQLi/Connection.php(295): mysqli->query('UPDATE `users` ...', 0)
#1 /home/congreg8/public_html/app.congreg8.org/system/Database/BaseConnection.php(691): CodeIgniter\Database\MySQLi\Connection->execute('UPDATE `users` ...')
#2 /home/congreg8/public_html/app.congreg8.org/system/Database/BaseConnection.php(605): CodeIgniter\Database\BaseConnection->simpleQuery('UPDATE `users` ...')
#3 /home/congreg8/public_html/app.congreg8.org/system/Database/BaseBuilder.php(2476): CodeIgniter\Database\BaseConnection->query('UPDATE `users` ...', Array, false)
#4 /home/congreg8/public_html/app.congreg8.org/system/Model.php(396): CodeIgniter\Database\BaseBuilder->update()
#5 /home/congreg8/public_html/app.congreg8.org/system/BaseModel.php(943): CodeIgniter\Model->doUpdate(Array, Array)
#6 /home/congreg8/public_html/app.congreg8.org/system/Model.php(756): CodeIgniter\BaseModel->update(Array, Array)
#7 /home/congreg8/public_html/app.congreg8.org/app/Controllers/Signup.php(25): CodeIgniter\Model->update('138', Array)
#8 /home/congreg8/public_html/app.congreg8.org/system/CodeIgniter.php(934): App\Controllers\Signup->index()
#9 /home/congreg8/public_html/app.congreg8.org/system/CodeIgniter.php(499): CodeIgniter\CodeIgniter->runController(Object(App\Controllers\Signup))
#10 /home/congreg8/public_html/app.congreg8.org/system/CodeIgniter.php(368): CodeIgniter\CodeIgniter->handleRequest(NULL, Object(Config\Cache), false)
#11 /home/congreg8/public_html/app.congreg8.org/index.php(67): CodeIgniter\CodeIgniter->run()
#12 {main}
CRITICAL - 2024-01-08 12:46:48 --> Table 'congreg8_dev.users' doesn't exist
in SYSTEMPATH/Database/BaseConnection.php on line 645.
 1 SYSTEMPATH/Database/BaseBuilder.php(2476): CodeIgniter\Database\BaseConnection->query('UPDATE `users` SET `password` = :password:
WHERE `users`.`id` IN :users.id:', [...], false)
 2 SYSTEMPATH/Model.php(396): CodeIgniter\Database\BaseBuilder->update()
 3 SYSTEMPATH/BaseModel.php(943): CodeIgniter\Model->doUpdate([...], [...])
 4 SYSTEMPATH/Model.php(756): CodeIgniter\BaseModel->update([...], [...])
 5 APPPATH/Controllers/Signup.php(25): CodeIgniter\Model->update('138', [...])
 6 SYSTEMPATH/CodeIgniter.php(934): App\Controllers\Signup->index()
 7 SYSTEMPATH/CodeIgniter.php(499): CodeIgniter\CodeIgniter->runController(Object(App\Controllers\Signup))
 8 SYSTEMPATH/CodeIgniter.php(368): CodeIgniter\CodeIgniter->handleRequest(null, Object(Config\Cache), false)
 9 FCPATH/index.php(67): CodeIgniter\CodeIgniter->run()
INFO - 2024-01-08 14:03:10 --> Session: Class initialized using 'CodeIgniter\Session\Handlers\FileHandler' driver.
INFO - 2024-01-08 15:27:14 --> Session: Class initialized using 'CodeIgniter\Session\Handlers\FileHandler' driver.
INFO - 2024-01-08 15:27:14 --> Session: Class initialized using 'CodeIgniter\Session\Handlers\FileHandler' driver.
INFO - 2024-01-08 16:00:43 --> Session: Class initialized using 'CodeIgniter\Session\Handlers\FileHandler' driver.
INFO - 2024-01-08 16:00:43 --> Session: Class initialized using 'CodeIgniter\Session\Handlers\FileHandler' driver.
INFO - 2024-01-08 16:04:44 --> Session: Class initialized using 'CodeIgniter\Session\Handlers\FileHandler' driver.
INFO - 2024-01-08 16:04:44 --> Session: Class initialized using 'CodeIgniter\Session\Handlers\FileHandler' driver.
INFO - 2024-01-08 16:07:06 --> Session: Class initialized using 'CodeIgniter\Session\Handlers\FileHandler' driver.
INFO - 2024-01-08 16:07:06 --> Session: Class initialized using 'CodeIgniter\Session\Handlers\FileHandler' driver.
INFO - 2024-01-08 16:07:12 --> Session: Class initialized using 'CodeIgniter\Session\Handlers\FileHandler' driver.
ERROR - 2024-01-08 16:07:12 --> mysqli_sql_exception: Table 'congreg8_dev.users' doesn't exist in /home/congreg8/public_html/app.congreg8.org/system/Database/MySQLi/Connection.php:295
Stack trace:
#0 /home/congreg8/public_html/app.congreg8.org/system/Database/MySQLi/Connection.php(295): mysqli->query('SELECT *\nFROM `...', 0)
#1 /home/congreg8/public_html/app.congreg8.org/system/Database/BaseConnection.php(691): CodeIgniter\Database\MySQLi\Connection->execute('SELECT *\nFROM `...')
#2 /home/congreg8/public_html/app.congreg8.org/system/Database/BaseConnection.php(605): CodeIgniter\Database\BaseConnection->simpleQuery('SELECT *\nFROM `...')
#3 /home/congreg8/public_html/app.congreg8.org/system/Database/BaseBuilder.php(1616): CodeIgniter\Database\BaseConnection->query('SELECT *\nFROM `...', Array, false)
#4 /home/congreg8/public_html/app.congreg8.org/system/Model.php(268): CodeIgniter\Database\BaseBuilder->get()
#5 /home/congreg8/public_html/app.congreg8.org/system/BaseModel.php(656): CodeIgniter\Model->doFirst()
#6 /home/congreg8/public_html/app.congreg8.org/app/Controllers/Login.php(52): CodeIgniter\BaseModel->first()
#7 /home/congreg8/public_html/app.congreg8.org/system/CodeIgniter.php(934): App\Controllers\Login->index()
#8 /home/congreg8/public_html/app.congreg8.org/system/CodeIgniter.php(499): CodeIgniter\CodeIgniter->runController(Object(App\Controllers\Login))
#9 /home/congreg8/public_html/app.congreg8.org/system/CodeIgniter.php(368): CodeIgniter\CodeIgniter->handleRequest(NULL, Object(Config\Cache), false)
#10 /home/congreg8/public_html/app.congreg8.org/index.php(67): CodeIgniter\CodeIgniter->run()
#11 {main}
CRITICAL - 2024-01-08 16:07:12 --> Table 'congreg8_dev.users' doesn't exist
in SYSTEMPATH/Database/BaseConnection.php on line 645.
 1 SYSTEMPATH/Database/BaseBuilder.php(1616): CodeIgniter\Database\BaseConnection->query('SELECT *
FROM `users`
WHERE `email` = :email:
 LIMIT 1', [...], false)
 2 SYSTEMPATH/Model.php(268): CodeIgniter\Database\BaseBuilder->get()
 3 SYSTEMPATH/BaseModel.php(656): CodeIgniter\Model->doFirst()
 4 APPPATH/Controllers/Login.php(52): CodeIgniter\BaseModel->first()
 5 SYSTEMPATH/CodeIgniter.php(934): App\Controllers\Login->index()
 6 SYSTEMPATH/CodeIgniter.php(499): CodeIgniter\CodeIgniter->runController(Object(App\Controllers\Login))
 7 SYSTEMPATH/CodeIgniter.php(368): CodeIgniter\CodeIgniter->handleRequest(null, Object(Config\Cache), false)
 8 FCPATH/index.php(67): CodeIgniter\CodeIgniter->run()
INFO - 2024-01-08 16:17:58 --> Session: Class initialized using 'CodeIgniter\Session\Handlers\FileHandler' driver.
INFO - 2024-01-08 16:17:59 --> Session: Class initialized using 'CodeIgniter\Session\Handlers\FileHandler' driver.
ERROR - 2024-01-08 16:18:02 --> mysqli_sql_exception: Table 'congreg8_dev.users' doesn't exist in /home/congreg8/public_html/app.congreg8.org/system/Database/MySQLi/Connection.php:295
Stack trace:
#0 /home/congreg8/public_html/app.congreg8.org/system/Database/MySQLi/Connection.php(295): mysqli->query('UPDATE `users` ...', 0)
#1 /home/congreg8/public_html/app.congreg8.org/system/Database/BaseConnection.php(691): CodeIgniter\Database\MySQLi\Connection->execute('UPDATE `users` ...')
#2 /home/congreg8/public_html/app.congreg8.org/system/Database/BaseConnection.php(605): CodeIgniter\Database\BaseConnection->simpleQuery('UPDATE `users` ...')
#3 /home/congreg8/public_html/app.congreg8.org/system/Database/BaseBuilder.php(2476): CodeIgniter\Database\BaseConnection->query('UPDATE `users` ...', Array, false)
#4 /home/congreg8/public_html/app.congreg8.org/system/Model.php(396): CodeIgniter\Database\BaseBuilder->update()
#5 /home/congreg8/public_html/app.congreg8.org/system/BaseModel.php(943): CodeIgniter\Model->doUpdate(Array, Array)
#6 /home/congreg8/public_html/app.congreg8.org/system/Model.php(756): CodeIgniter\BaseModel->update(Array, Array)
#7 /home/congreg8/public_html/app.congreg8.org/app/Controllers/Signup.php(25): CodeIgniter\Model->update('138', Array)
#8 /home/congreg8/public_html/app.congreg8.org/system/CodeIgniter.php(934): App\Controllers\Signup->index()
#9 /home/congreg8/public_html/app.congreg8.org/system/CodeIgniter.php(499): CodeIgniter\CodeIgniter->runController(Object(App\Controllers\Signup))
#10 /home/congreg8/public_html/app.congreg8.org/system/CodeIgniter.php(368): CodeIgniter\CodeIgniter->handleRequest(NULL, Object(Config\Cache), false)
#11 /home/congreg8/public_html/app.congreg8.org/index.php(67): CodeIgniter\CodeIgniter->run()
#12 {main}
CRITICAL - 2024-01-08 16:18:02 --> Table 'congreg8_dev.users' doesn't exist
in SYSTEMPATH/Database/BaseConnection.php on line 645.
 1 SYSTEMPATH/Database/BaseBuilder.php(2476): CodeIgniter\Database\BaseConnection->query('UPDATE `users` SET `password` = :password:
WHERE `users`.`id` IN :users.id:', [...], false)
 2 SYSTEMPATH/Model.php(396): CodeIgniter\Database\BaseBuilder->update()
 3 SYSTEMPATH/BaseModel.php(943): CodeIgniter\Model->doUpdate([...], [...])
 4 SYSTEMPATH/Model.php(756): CodeIgniter\BaseModel->update([...], [...])
 5 APPPATH/Controllers/Signup.php(25): CodeIgniter\Model->update('138', [...])
 6 SYSTEMPATH/CodeIgniter.php(934): App\Controllers\Signup->index()
 7 SYSTEMPATH/CodeIgniter.php(499): CodeIgniter\CodeIgniter->runController(Object(App\Controllers\Signup))
 8 SYSTEMPATH/CodeIgniter.php(368): CodeIgniter\CodeIgniter->handleRequest(null, Object(Config\Cache), false)
 9 FCPATH/index.php(67): CodeIgniter\CodeIgniter->run()
INFO - 2024-01-08 16:18:39 --> Session: Class initialized using 'CodeIgniter\Session\Handlers\FileHandler' driver.
INFO - 2024-01-08 16:18:43 --> Session: Class initialized using 'CodeIgniter\Session\Handlers\FileHandler' driver.
INFO - 2024-01-08 16:18:48 --> Session: Class initialized using 'CodeIgniter\Session\Handlers\FileHandler' driver.
INFO - 2024-01-08 16:18:48 --> Session: Class initialized using 'CodeIgniter\Session\Handlers\FileHandler' driver.
ERROR - 2024-01-08 16:18:55 --> mysqli_sql_exception: Table 'congreg8_dev.users' doesn't exist in /home/congreg8/public_html/app.congreg8.org/system/Database/MySQLi/Connection.php:295
Stack trace:
#0 /home/congreg8/public_html/app.congreg8.org/system/Database/MySQLi/Connection.php(295): mysqli->query('UPDATE `users` ...', 0)
#1 /home/congreg8/public_html/app.congreg8.org/system/Database/BaseConnection.php(691): CodeIgniter\Database\MySQLi\Connection->execute('UPDATE `users` ...')
#2 /home/congreg8/public_html/app.congreg8.org/system/Database/BaseConnection.php(605): CodeIgniter\Database\BaseConnection->simpleQuery('UPDATE `users` ...')
#3 /home/congreg8/public_html/app.congreg8.org/system/Database/BaseBuilder.php(2476): CodeIgniter\Database\BaseConnection->query('UPDATE `users` ...', Array, false)
#4 /home/congreg8/public_html/app.congreg8.org/system/Model.php(396): CodeIgniter\Database\BaseBuilder->update()
#5 /home/congreg8/public_html/app.congreg8.org/system/BaseModel.php(943): CodeIgniter\Model->doUpdate(Array, Array)
#6 /home/congreg8/public_html/app.congreg8.org/system/Model.php(756): CodeIgniter\BaseModel->update(Array, Array)
#7 /home/congreg8/public_html/app.congreg8.org/app/Controllers/Signup.php(25): CodeIgniter\Model->update('138', Array)
#8 /home/congreg8/public_html/app.congreg8.org/system/CodeIgniter.php(934): App\Controllers\Signup->index()
#9 /home/congreg8/public_html/app.congreg8.org/system/CodeIgniter.php(499): CodeIgniter\CodeIgniter->runController(Object(App\Controllers\Signup))
#10 /home/congreg8/public_html/app.congreg8.org/system/CodeIgniter.php(368): CodeIgniter\CodeIgniter->handleRequest(NULL, Object(Config\Cache), false)
#11 /home/congreg8/public_html/app.congreg8.org/index.php(67): CodeIgniter\CodeIgniter->run()
#12 {main}
CRITICAL - 2024-01-08 16:18:55 --> Table 'congreg8_dev.users' doesn't exist
in SYSTEMPATH/Database/BaseConnection.php on line 645.
 1 SYSTEMPATH/Database/BaseBuilder.php(2476): CodeIgniter\Database\BaseConnection->query('UPDATE `users` SET `password` = :password:
WHERE `users`.`id` IN :users.id:', [...], false)
 2 SYSTEMPATH/Model.php(396): CodeIgniter\Database\BaseBuilder->update()
 3 SYSTEMPATH/BaseModel.php(943): CodeIgniter\Model->doUpdate([...], [...])
 4 SYSTEMPATH/Model.php(756): CodeIgniter\BaseModel->update([...], [...])
 5 APPPATH/Controllers/Signup.php(25): CodeIgniter\Model->update('138', [...])
 6 SYSTEMPATH/CodeIgniter.php(934): App\Controllers\Signup->index()
 7 SYSTEMPATH/CodeIgniter.php(499): CodeIgniter\CodeIgniter->runController(Object(App\Controllers\Signup))
 8 SYSTEMPATH/CodeIgniter.php(368): CodeIgniter\CodeIgniter->handleRequest(null, Object(Config\Cache), false)
 9 FCPATH/index.php(67): CodeIgniter\CodeIgniter->run()
INFO - 2024-01-08 16:19:55 --> Session: Class initialized using 'CodeIgniter\Session\Handlers\FileHandler' driver.
INFO - 2024-01-08 22:43:50 --> Session: Class initialized using 'CodeIgniter\Session\Handlers\FileHandler' driver.
INFO - 2024-01-08 22:43:50 --> Session: Class initialized using 'CodeIgniter\Session\Handlers\FileHandler' driver.
