INFO - 2023-08-11 00:29:13 --> Session: Class initialized using 'CodeIgniter\Session\Handlers\FileHandler' driver.
INFO - 2023-08-11 00:40:13 --> Session: Class initialized using 'CodeIgniter\Session\Handlers\FileHandler' driver.
INFO - 2023-08-11 00:52:17 --> Session: Class initialized using 'CodeIgniter\Session\Handlers\FileHandler' driver.
INFO - 2023-08-11 00:53:13 --> Session: Class initialized using 'CodeIgniter\Session\Handlers\FileHandler' driver.
INFO - 2023-08-11 00:53:13 --> Session: Class initialized using 'CodeIgniter\Session\Handlers\FileHandler' driver.
CRITICAL - 2023-08-11 00:53:13 --> Undefined variable $att_link
in APPPATH/Views/include/sidenavbar.php on line 114.
 1 APPPATH/Views/include/sidenavbar.php(114): CodeIgniter\Debug\Exceptions->errorHandler(2, 'Undefined variable $att_link', 'APPPATH/Views/include/sidenavbar.php', 114)
 2 SYSTEMPATH/View/View.php(213): include('APPPATH/Views/include/sidenavbar.php')
 3 SYSTEMPATH/View/View.php(216): CodeIgniter\View\View->CodeIgniter\View\{closure}()
 4 SYSTEMPATH/Common.php(1184): CodeIgniter\View\View->render('/include/sidenavbar', [], true)
 5 APPPATH/Controllers/Dashboard.php(30): view('/include/sidenavbar', [...])
 6 SYSTEMPATH/CodeIgniter.php(934): App\Controllers\Dashboard->index()
 7 SYSTEMPATH/CodeIgniter.php(499): CodeIgniter\CodeIgniter->runController(Object(App\Controllers\Dashboard))
 8 SYSTEMPATH/CodeIgniter.php(368): CodeIgniter\CodeIgniter->handleRequest(null, Object(Config\Cache), false)
 9 FCPATH/index.php(67): CodeIgniter\CodeIgniter->run()
INFO - 2023-08-11 00:55:12 --> Session: Class initialized using 'CodeIgniter\Session\Handlers\FileHandler' driver.
INFO - 2023-08-11 00:55:48 --> Session: Class initialized using 'CodeIgniter\Session\Handlers\FileHandler' driver.
INFO - 2023-08-11 00:55:48 --> Session: Class initialized using 'CodeIgniter\Session\Handlers\FileHandler' driver.
CRITICAL - 2023-08-11 00:55:48 --> Undefined variable $att_link
in APPPATH/Views/include/sidenavbar.php on line 114.
 1 APPPATH/Views/include/sidenavbar.php(114): CodeIgniter\Debug\Exceptions->errorHandler(2, 'Undefined variable $att_link', 'APPPATH/Views/include/sidenavbar.php', 114)
 2 SYSTEMPATH/View/View.php(213): include('APPPATH/Views/include/sidenavbar.php')
 3 SYSTEMPATH/View/View.php(216): CodeIgniter\View\View->CodeIgniter\View\{closure}()
 4 SYSTEMPATH/Common.php(1184): CodeIgniter\View\View->render('/include/sidenavbar', [], true)
 5 APPPATH/Controllers/Dashboard.php(30): view('/include/sidenavbar', [...])
 6 SYSTEMPATH/CodeIgniter.php(934): App\Controllers\Dashboard->index()
 7 SYSTEMPATH/CodeIgniter.php(499): CodeIgniter\CodeIgniter->runController(Object(App\Controllers\Dashboard))
 8 SYSTEMPATH/CodeIgniter.php(368): CodeIgniter\CodeIgniter->handleRequest(null, Object(Config\Cache), false)
 9 FCPATH/index.php(67): CodeIgniter\CodeIgniter->run()
INFO - 2023-08-11 01:05:56 --> Session: Class initialized using 'CodeIgniter\Session\Handlers\FileHandler' driver.
INFO - 2023-08-11 01:06:08 --> Session: Class initialized using 'CodeIgniter\Session\Handlers\FileHandler' driver.
INFO - 2023-08-11 01:06:31 --> Session: Class initialized using 'CodeIgniter\Session\Handlers\FileHandler' driver.
INFO - 2023-08-11 01:06:31 --> Session: Class initialized using 'CodeIgniter\Session\Handlers\FileHandler' driver.
CRITICAL - 2023-08-11 01:06:31 --> Undefined variable $att_link
in APPPATH/Views/include/sidenavbar.php on line 114.
 1 APPPATH/Views/include/sidenavbar.php(114): CodeIgniter\Debug\Exceptions->errorHandler(2, 'Undefined variable $att_link', 'APPPATH/Views/include/sidenavbar.php', 114)
 2 SYSTEMPATH/View/View.php(213): include('APPPATH/Views/include/sidenavbar.php')
 3 SYSTEMPATH/View/View.php(216): CodeIgniter\View\View->CodeIgniter\View\{closure}()
 4 SYSTEMPATH/Common.php(1184): CodeIgniter\View\View->render('/include/sidenavbar', [], true)
 5 APPPATH/Controllers/Dashboard.php(30): view('/include/sidenavbar', [...])
 6 SYSTEMPATH/CodeIgniter.php(934): App\Controllers\Dashboard->index()
 7 SYSTEMPATH/CodeIgniter.php(499): CodeIgniter\CodeIgniter->runController(Object(App\Controllers\Dashboard))
 8 SYSTEMPATH/CodeIgniter.php(368): CodeIgniter\CodeIgniter->handleRequest(null, Object(Config\Cache), false)
 9 FCPATH/index.php(67): CodeIgniter\CodeIgniter->run()
INFO - 2023-08-11 01:06:33 --> Session: Class initialized using 'CodeIgniter\Session\Handlers\FileHandler' driver.
INFO - 2023-08-11 14:39:03 --> Session: Class initialized using 'CodeIgniter\Session\Handlers\FileHandler' driver.
INFO - 2023-08-11 14:39:03 --> Session: Class initialized using 'CodeIgniter\Session\Handlers\FileHandler' driver.
INFO - 2023-08-11 15:25:02 --> Session: Class initialized using 'CodeIgniter\Session\Handlers\FileHandler' driver.
INFO - 2023-08-11 15:25:08 --> Session: Class initialized using 'CodeIgniter\Session\Handlers\FileHandler' driver.
