CRITICAL - 2023-02-23 06:28:34 --> Invalid file: "Auth.login"
in SYSTEMPATH\Exceptions\FrameworkException.php on line 33.
 1 SYSTEMPATH\View\View.php(201): CodeIgniter\Exceptions\FrameworkException::forInvalidFile('Auth.login')
 2 SYSTEMPATH\Common.php(1184): CodeIgniter\View\View->render('Auth.login', [], true)
 3 APPPATH\Controllers\AuthController.php(10): view('Auth.login')
 4 SYSTEMPATH\CodeIgniter.php(934): App\Controllers\AuthController->index()
 5 SYSTEMPATH\CodeIgniter.php(499): CodeIgniter\CodeIgniter->runController(Object(App\Controllers\AuthController))
 6 SYSTEMPATH\CodeIgniter.php(368): CodeIgniter\CodeIgniter->handleRequest(null, Object(Config\Cache), false)
 7 FCPATH\index.php(67): CodeIgniter\CodeIgniter->run()
CRITICAL - 2023-02-23 06:29:09 --> Invalid file: "Auth.login"
in SYSTEMPATH\Exceptions\FrameworkException.php on line 33.
 1 SYSTEMPATH\View\View.php(201): CodeIgniter\Exceptions\FrameworkException::forInvalidFile('Auth.login')
 2 SYSTEMPATH\Common.php(1184): CodeIgniter\View\View->render('Auth.login', [], true)
 3 APPPATH\Controllers\AuthController.php(11): view('Auth.login')
 4 SYSTEMPATH\CodeIgniter.php(934): App\Controllers\AuthController->index()
 5 SYSTEMPATH\CodeIgniter.php(499): CodeIgniter\CodeIgniter->runController(Object(App\Controllers\AuthController))
 6 SYSTEMPATH\CodeIgniter.php(368): CodeIgniter\CodeIgniter->handleRequest(null, Object(Config\Cache), false)
 7 FCPATH\index.php(67): CodeIgniter\CodeIgniter->run()
CRITICAL - 2023-02-23 06:33:17 --> include(include/head): Failed to open stream: No such file or directory
in APPPATH\Views\Auth\login.php on line 1.
 1 APPPATH\Views\Auth\login.php(1): CodeIgniter\Debug\Exceptions->errorHandler(2, 'include(include/head): Failed to open stream: No such file or directory', 'APPPATH\\Views\\Auth\\login.php', 1)
 2 APPPATH\Views\Auth\login.php(1): include()
 3 SYSTEMPATH\View\View.php(213): include('APPPATH\\Views\\Auth\\login.php')
 4 SYSTEMPATH\View\View.php(216): CodeIgniter\View\View->CodeIgniter\View\{closure}()
 5 SYSTEMPATH\Common.php(1184): CodeIgniter\View\View->render('Auth/login', [], true)
 6 APPPATH\Controllers\AuthController.php(10): view('Auth/login')
 7 SYSTEMPATH\CodeIgniter.php(934): App\Controllers\AuthController->index()
 8 SYSTEMPATH\CodeIgniter.php(499): CodeIgniter\CodeIgniter->runController(Object(App\Controllers\AuthController))
 9 SYSTEMPATH\CodeIgniter.php(368): CodeIgniter\CodeIgniter->handleRequest(null, Object(Config\Cache), false)
10 FCPATH\index.php(67): CodeIgniter\CodeIgniter->run()
CRITICAL - 2023-02-23 06:34:40 --> Undefined property: CodeIgniter\View\View::$load
in APPPATH\Views\Auth\login.php on line 1.
 1 APPPATH\Views\Auth\login.php(1): CodeIgniter\Debug\Exceptions->errorHandler(2, 'Undefined property: CodeIgniter\\View\\View::$load', 'APPPATH\\Views\\Auth\\login.php', 1)
 2 SYSTEMPATH\View\View.php(213): include('APPPATH\\Views\\Auth\\login.php')
 3 SYSTEMPATH\View\View.php(216): CodeIgniter\View\View->CodeIgniter\View\{closure}()
 4 SYSTEMPATH\Common.php(1184): CodeIgniter\View\View->render('Auth/login', [], true)
 5 APPPATH\Controllers\AuthController.php(10): view('Auth/login')
 6 SYSTEMPATH\CodeIgniter.php(934): App\Controllers\AuthController->index()
 7 SYSTEMPATH\CodeIgniter.php(499): CodeIgniter\CodeIgniter->runController(Object(App\Controllers\AuthController))
 8 SYSTEMPATH\CodeIgniter.php(368): CodeIgniter\CodeIgniter->handleRequest(null, Object(Config\Cache), false)
 9 FCPATH\index.php(67): CodeIgniter\CodeIgniter->run()
CRITICAL - 2023-02-23 06:34:41 --> Undefined property: CodeIgniter\View\View::$load
in APPPATH\Views\Auth\login.php on line 1.
 1 APPPATH\Views\Auth\login.php(1): CodeIgniter\Debug\Exceptions->errorHandler(2, 'Undefined property: CodeIgniter\\View\\View::$load', 'APPPATH\\Views\\Auth\\login.php', 1)
 2 SYSTEMPATH\View\View.php(213): include('APPPATH\\Views\\Auth\\login.php')
 3 SYSTEMPATH\View\View.php(216): CodeIgniter\View\View->CodeIgniter\View\{closure}()
 4 SYSTEMPATH\Common.php(1184): CodeIgniter\View\View->render('Auth/login', [], true)
 5 APPPATH\Controllers\AuthController.php(10): view('Auth/login')
 6 SYSTEMPATH\CodeIgniter.php(934): App\Controllers\AuthController->index()
 7 SYSTEMPATH\CodeIgniter.php(499): CodeIgniter\CodeIgniter->runController(Object(App\Controllers\AuthController))
 8 SYSTEMPATH\CodeIgniter.php(368): CodeIgniter\CodeIgniter->handleRequest(null, Object(Config\Cache), false)
 9 FCPATH\index.php(67): CodeIgniter\CodeIgniter->run()
CRITICAL - 2023-02-23 06:34:41 --> Undefined property: CodeIgniter\View\View::$load
in APPPATH\Views\Auth\login.php on line 1.
 1 APPPATH\Views\Auth\login.php(1): CodeIgniter\Debug\Exceptions->errorHandler(2, 'Undefined property: CodeIgniter\\View\\View::$load', 'APPPATH\\Views\\Auth\\login.php', 1)
 2 SYSTEMPATH\View\View.php(213): include('APPPATH\\Views\\Auth\\login.php')
 3 SYSTEMPATH\View\View.php(216): CodeIgniter\View\View->CodeIgniter\View\{closure}()
 4 SYSTEMPATH\Common.php(1184): CodeIgniter\View\View->render('Auth/login', [], true)
 5 APPPATH\Controllers\AuthController.php(10): view('Auth/login')
 6 SYSTEMPATH\CodeIgniter.php(934): App\Controllers\AuthController->index()
 7 SYSTEMPATH\CodeIgniter.php(499): CodeIgniter\CodeIgniter->runController(Object(App\Controllers\AuthController))
 8 SYSTEMPATH\CodeIgniter.php(368): CodeIgniter\CodeIgniter->handleRequest(null, Object(Config\Cache), false)
 9 FCPATH\index.php(67): CodeIgniter\CodeIgniter->run()
CRITICAL - 2023-02-23 06:34:42 --> Undefined property: CodeIgniter\View\View::$load
in APPPATH\Views\Auth\login.php on line 1.
 1 APPPATH\Views\Auth\login.php(1): CodeIgniter\Debug\Exceptions->errorHandler(2, 'Undefined property: CodeIgniter\\View\\View::$load', 'APPPATH\\Views\\Auth\\login.php', 1)
 2 SYSTEMPATH\View\View.php(213): include('APPPATH\\Views\\Auth\\login.php')
 3 SYSTEMPATH\View\View.php(216): CodeIgniter\View\View->CodeIgniter\View\{closure}()
 4 SYSTEMPATH\Common.php(1184): CodeIgniter\View\View->render('Auth/login', [], true)
 5 APPPATH\Controllers\AuthController.php(10): view('Auth/login')
 6 SYSTEMPATH\CodeIgniter.php(934): App\Controllers\AuthController->index()
 7 SYSTEMPATH\CodeIgniter.php(499): CodeIgniter\CodeIgniter->runController(Object(App\Controllers\AuthController))
 8 SYSTEMPATH\CodeIgniter.php(368): CodeIgniter\CodeIgniter->handleRequest(null, Object(Config\Cache), false)
 9 FCPATH\index.php(67): CodeIgniter\CodeIgniter->run()
CRITICAL - 2023-02-23 06:34:42 --> Undefined property: CodeIgniter\View\View::$load
in APPPATH\Views\Auth\login.php on line 1.
 1 APPPATH\Views\Auth\login.php(1): CodeIgniter\Debug\Exceptions->errorHandler(2, 'Undefined property: CodeIgniter\\View\\View::$load', 'APPPATH\\Views\\Auth\\login.php', 1)
 2 SYSTEMPATH\View\View.php(213): include('APPPATH\\Views\\Auth\\login.php')
 3 SYSTEMPATH\View\View.php(216): CodeIgniter\View\View->CodeIgniter\View\{closure}()
 4 SYSTEMPATH\Common.php(1184): CodeIgniter\View\View->render('Auth/login', [], true)
 5 APPPATH\Controllers\AuthController.php(10): view('Auth/login')
 6 SYSTEMPATH\CodeIgniter.php(934): App\Controllers\AuthController->index()
 7 SYSTEMPATH\CodeIgniter.php(499): CodeIgniter\CodeIgniter->runController(Object(App\Controllers\AuthController))
 8 SYSTEMPATH\CodeIgniter.php(368): CodeIgniter\CodeIgniter->handleRequest(null, Object(Config\Cache), false)
 9 FCPATH\index.php(67): CodeIgniter\CodeIgniter->run()
CRITICAL - 2023-02-23 06:36:09 --> Undefined property: CodeIgniter\View\View::$load
in APPPATH\Views\Auth\login.php on line 1.
 1 APPPATH\Views\Auth\login.php(1): CodeIgniter\Debug\Exceptions->errorHandler(2, 'Undefined property: CodeIgniter\\View\\View::$load', 'APPPATH\\Views\\Auth\\login.php', 1)
 2 SYSTEMPATH\View\View.php(213): include('APPPATH\\Views\\Auth\\login.php')
 3 SYSTEMPATH\View\View.php(216): CodeIgniter\View\View->CodeIgniter\View\{closure}()
 4 SYSTEMPATH\Common.php(1184): CodeIgniter\View\View->render('Auth/login', [], true)
 5 APPPATH\Controllers\AuthController.php(10): view('Auth/login')
 6 SYSTEMPATH\CodeIgniter.php(934): App\Controllers\AuthController->index()
 7 SYSTEMPATH\CodeIgniter.php(499): CodeIgniter\CodeIgniter->runController(Object(App\Controllers\AuthController))
 8 SYSTEMPATH\CodeIgniter.php(368): CodeIgniter\CodeIgniter->handleRequest(null, Object(Config\Cache), false)
 9 FCPATH\index.php(67): CodeIgniter\CodeIgniter->run()
CRITICAL - 2023-02-23 06:36:10 --> Undefined property: CodeIgniter\View\View::$load
in APPPATH\Views\Auth\login.php on line 1.
 1 APPPATH\Views\Auth\login.php(1): CodeIgniter\Debug\Exceptions->errorHandler(2, 'Undefined property: CodeIgniter\\View\\View::$load', 'APPPATH\\Views\\Auth\\login.php', 1)
 2 SYSTEMPATH\View\View.php(213): include('APPPATH\\Views\\Auth\\login.php')
 3 SYSTEMPATH\View\View.php(216): CodeIgniter\View\View->CodeIgniter\View\{closure}()
 4 SYSTEMPATH\Common.php(1184): CodeIgniter\View\View->render('Auth/login', [], true)
 5 APPPATH\Controllers\AuthController.php(10): view('Auth/login')
 6 SYSTEMPATH\CodeIgniter.php(934): App\Controllers\AuthController->index()
 7 SYSTEMPATH\CodeIgniter.php(499): CodeIgniter\CodeIgniter->runController(Object(App\Controllers\AuthController))
 8 SYSTEMPATH\CodeIgniter.php(368): CodeIgniter\CodeIgniter->handleRequest(null, Object(Config\Cache), false)
 9 FCPATH\index.php(67): CodeIgniter\CodeIgniter->run()
CRITICAL - 2023-02-23 06:36:10 --> Undefined property: CodeIgniter\View\View::$load
in APPPATH\Views\Auth\login.php on line 1.
 1 APPPATH\Views\Auth\login.php(1): CodeIgniter\Debug\Exceptions->errorHandler(2, 'Undefined property: CodeIgniter\\View\\View::$load', 'APPPATH\\Views\\Auth\\login.php', 1)
 2 SYSTEMPATH\View\View.php(213): include('APPPATH\\Views\\Auth\\login.php')
 3 SYSTEMPATH\View\View.php(216): CodeIgniter\View\View->CodeIgniter\View\{closure}()
 4 SYSTEMPATH\Common.php(1184): CodeIgniter\View\View->render('Auth/login', [], true)
 5 APPPATH\Controllers\AuthController.php(10): view('Auth/login')
 6 SYSTEMPATH\CodeIgniter.php(934): App\Controllers\AuthController->index()
 7 SYSTEMPATH\CodeIgniter.php(499): CodeIgniter\CodeIgniter->runController(Object(App\Controllers\AuthController))
 8 SYSTEMPATH\CodeIgniter.php(368): CodeIgniter\CodeIgniter->handleRequest(null, Object(Config\Cache), false)
 9 FCPATH\index.php(67): CodeIgniter\CodeIgniter->run()
CRITICAL - 2023-02-23 06:36:11 --> Undefined property: CodeIgniter\View\View::$load
in APPPATH\Views\Auth\login.php on line 1.
 1 APPPATH\Views\Auth\login.php(1): CodeIgniter\Debug\Exceptions->errorHandler(2, 'Undefined property: CodeIgniter\\View\\View::$load', 'APPPATH\\Views\\Auth\\login.php', 1)
 2 SYSTEMPATH\View\View.php(213): include('APPPATH\\Views\\Auth\\login.php')
 3 SYSTEMPATH\View\View.php(216): CodeIgniter\View\View->CodeIgniter\View\{closure}()
 4 SYSTEMPATH\Common.php(1184): CodeIgniter\View\View->render('Auth/login', [], true)
 5 APPPATH\Controllers\AuthController.php(10): view('Auth/login')
 6 SYSTEMPATH\CodeIgniter.php(934): App\Controllers\AuthController->index()
 7 SYSTEMPATH\CodeIgniter.php(499): CodeIgniter\CodeIgniter->runController(Object(App\Controllers\AuthController))
 8 SYSTEMPATH\CodeIgniter.php(368): CodeIgniter\CodeIgniter->handleRequest(null, Object(Config\Cache), false)
 9 FCPATH\index.php(67): CodeIgniter\CodeIgniter->run()
CRITICAL - 2023-02-23 06:36:11 --> Undefined property: CodeIgniter\View\View::$load
in APPPATH\Views\Auth\login.php on line 1.
 1 APPPATH\Views\Auth\login.php(1): CodeIgniter\Debug\Exceptions->errorHandler(2, 'Undefined property: CodeIgniter\\View\\View::$load', 'APPPATH\\Views\\Auth\\login.php', 1)
 2 SYSTEMPATH\View\View.php(213): include('APPPATH\\Views\\Auth\\login.php')
 3 SYSTEMPATH\View\View.php(216): CodeIgniter\View\View->CodeIgniter\View\{closure}()
 4 SYSTEMPATH\Common.php(1184): CodeIgniter\View\View->render('Auth/login', [], true)
 5 APPPATH\Controllers\AuthController.php(10): view('Auth/login')
 6 SYSTEMPATH\CodeIgniter.php(934): App\Controllers\AuthController->index()
 7 SYSTEMPATH\CodeIgniter.php(499): CodeIgniter\CodeIgniter->runController(Object(App\Controllers\AuthController))
 8 SYSTEMPATH\CodeIgniter.php(368): CodeIgniter\CodeIgniter->handleRequest(null, Object(Config\Cache), false)
 9 FCPATH\index.php(67): CodeIgniter\CodeIgniter->run()
CRITICAL - 2023-02-23 06:36:11 --> Undefined property: CodeIgniter\View\View::$load
in APPPATH\Views\Auth\login.php on line 1.
 1 APPPATH\Views\Auth\login.php(1): CodeIgniter\Debug\Exceptions->errorHandler(2, 'Undefined property: CodeIgniter\\View\\View::$load', 'APPPATH\\Views\\Auth\\login.php', 1)
 2 SYSTEMPATH\View\View.php(213): include('APPPATH\\Views\\Auth\\login.php')
 3 SYSTEMPATH\View\View.php(216): CodeIgniter\View\View->CodeIgniter\View\{closure}()
 4 SYSTEMPATH\Common.php(1184): CodeIgniter\View\View->render('Auth/login', [], true)
 5 APPPATH\Controllers\AuthController.php(10): view('Auth/login')
 6 SYSTEMPATH\CodeIgniter.php(934): App\Controllers\AuthController->index()
 7 SYSTEMPATH\CodeIgniter.php(499): CodeIgniter\CodeIgniter->runController(Object(App\Controllers\AuthController))
 8 SYSTEMPATH\CodeIgniter.php(368): CodeIgniter\CodeIgniter->handleRequest(null, Object(Config\Cache), false)
 9 FCPATH\index.php(67): CodeIgniter\CodeIgniter->run()
CRITICAL - 2023-02-23 06:36:11 --> Undefined property: CodeIgniter\View\View::$load
in APPPATH\Views\Auth\login.php on line 1.
 1 APPPATH\Views\Auth\login.php(1): CodeIgniter\Debug\Exceptions->errorHandler(2, 'Undefined property: CodeIgniter\\View\\View::$load', 'APPPATH\\Views\\Auth\\login.php', 1)
 2 SYSTEMPATH\View\View.php(213): include('APPPATH\\Views\\Auth\\login.php')
 3 SYSTEMPATH\View\View.php(216): CodeIgniter\View\View->CodeIgniter\View\{closure}()
 4 SYSTEMPATH\Common.php(1184): CodeIgniter\View\View->render('Auth/login', [], true)
 5 APPPATH\Controllers\AuthController.php(10): view('Auth/login')
 6 SYSTEMPATH\CodeIgniter.php(934): App\Controllers\AuthController->index()
 7 SYSTEMPATH\CodeIgniter.php(499): CodeIgniter\CodeIgniter->runController(Object(App\Controllers\AuthController))
 8 SYSTEMPATH\CodeIgniter.php(368): CodeIgniter\CodeIgniter->handleRequest(null, Object(Config\Cache), false)
 9 FCPATH\index.php(67): CodeIgniter\CodeIgniter->run()
CRITICAL - 2023-02-23 06:36:11 --> Undefined property: CodeIgniter\View\View::$load
in APPPATH\Views\Auth\login.php on line 1.
 1 APPPATH\Views\Auth\login.php(1): CodeIgniter\Debug\Exceptions->errorHandler(2, 'Undefined property: CodeIgniter\\View\\View::$load', 'APPPATH\\Views\\Auth\\login.php', 1)
 2 SYSTEMPATH\View\View.php(213): include('APPPATH\\Views\\Auth\\login.php')
 3 SYSTEMPATH\View\View.php(216): CodeIgniter\View\View->CodeIgniter\View\{closure}()
 4 SYSTEMPATH\Common.php(1184): CodeIgniter\View\View->render('Auth/login', [], true)
 5 APPPATH\Controllers\AuthController.php(10): view('Auth/login')
 6 SYSTEMPATH\CodeIgniter.php(934): App\Controllers\AuthController->index()
 7 SYSTEMPATH\CodeIgniter.php(499): CodeIgniter\CodeIgniter->runController(Object(App\Controllers\AuthController))
 8 SYSTEMPATH\CodeIgniter.php(368): CodeIgniter\CodeIgniter->handleRequest(null, Object(Config\Cache), false)
 9 FCPATH\index.php(67): CodeIgniter\CodeIgniter->run()
CRITICAL - 2023-02-23 06:36:12 --> Undefined property: CodeIgniter\View\View::$load
in APPPATH\Views\Auth\login.php on line 1.
 1 APPPATH\Views\Auth\login.php(1): CodeIgniter\Debug\Exceptions->errorHandler(2, 'Undefined property: CodeIgniter\\View\\View::$load', 'APPPATH\\Views\\Auth\\login.php', 1)
 2 SYSTEMPATH\View\View.php(213): include('APPPATH\\Views\\Auth\\login.php')
 3 SYSTEMPATH\View\View.php(216): CodeIgniter\View\View->CodeIgniter\View\{closure}()
 4 SYSTEMPATH\Common.php(1184): CodeIgniter\View\View->render('Auth/login', [], true)
 5 APPPATH\Controllers\AuthController.php(10): view('Auth/login')
 6 SYSTEMPATH\CodeIgniter.php(934): App\Controllers\AuthController->index()
 7 SYSTEMPATH\CodeIgniter.php(499): CodeIgniter\CodeIgniter->runController(Object(App\Controllers\AuthController))
 8 SYSTEMPATH\CodeIgniter.php(368): CodeIgniter\CodeIgniter->handleRequest(null, Object(Config\Cache), false)
 9 FCPATH\index.php(67): CodeIgniter\CodeIgniter->run()
CRITICAL - 2023-02-23 06:36:12 --> Undefined property: CodeIgniter\View\View::$load
in APPPATH\Views\Auth\login.php on line 1.
 1 APPPATH\Views\Auth\login.php(1): CodeIgniter\Debug\Exceptions->errorHandler(2, 'Undefined property: CodeIgniter\\View\\View::$load', 'APPPATH\\Views\\Auth\\login.php', 1)
 2 SYSTEMPATH\View\View.php(213): include('APPPATH\\Views\\Auth\\login.php')
 3 SYSTEMPATH\View\View.php(216): CodeIgniter\View\View->CodeIgniter\View\{closure}()
 4 SYSTEMPATH\Common.php(1184): CodeIgniter\View\View->render('Auth/login', [], true)
 5 APPPATH\Controllers\AuthController.php(10): view('Auth/login')
 6 SYSTEMPATH\CodeIgniter.php(934): App\Controllers\AuthController->index()
 7 SYSTEMPATH\CodeIgniter.php(499): CodeIgniter\CodeIgniter->runController(Object(App\Controllers\AuthController))
 8 SYSTEMPATH\CodeIgniter.php(368): CodeIgniter\CodeIgniter->handleRequest(null, Object(Config\Cache), false)
 9 FCPATH\index.php(67): CodeIgniter\CodeIgniter->run()
CRITICAL - 2023-02-23 06:36:12 --> Undefined property: CodeIgniter\View\View::$load
in APPPATH\Views\Auth\login.php on line 1.
 1 APPPATH\Views\Auth\login.php(1): CodeIgniter\Debug\Exceptions->errorHandler(2, 'Undefined property: CodeIgniter\\View\\View::$load', 'APPPATH\\Views\\Auth\\login.php', 1)
 2 SYSTEMPATH\View\View.php(213): include('APPPATH\\Views\\Auth\\login.php')
 3 SYSTEMPATH\View\View.php(216): CodeIgniter\View\View->CodeIgniter\View\{closure}()
 4 SYSTEMPATH\Common.php(1184): CodeIgniter\View\View->render('Auth/login', [], true)
 5 APPPATH\Controllers\AuthController.php(10): view('Auth/login')
 6 SYSTEMPATH\CodeIgniter.php(934): App\Controllers\AuthController->index()
 7 SYSTEMPATH\CodeIgniter.php(499): CodeIgniter\CodeIgniter->runController(Object(App\Controllers\AuthController))
 8 SYSTEMPATH\CodeIgniter.php(368): CodeIgniter\CodeIgniter->handleRequest(null, Object(Config\Cache), false)
 9 FCPATH\index.php(67): CodeIgniter\CodeIgniter->run()
CRITICAL - 2023-02-23 06:36:12 --> Undefined property: CodeIgniter\View\View::$load
in APPPATH\Views\Auth\login.php on line 1.
 1 APPPATH\Views\Auth\login.php(1): CodeIgniter\Debug\Exceptions->errorHandler(2, 'Undefined property: CodeIgniter\\View\\View::$load', 'APPPATH\\Views\\Auth\\login.php', 1)
 2 SYSTEMPATH\View\View.php(213): include('APPPATH\\Views\\Auth\\login.php')
 3 SYSTEMPATH\View\View.php(216): CodeIgniter\View\View->CodeIgniter\View\{closure}()
 4 SYSTEMPATH\Common.php(1184): CodeIgniter\View\View->render('Auth/login', [], true)
 5 APPPATH\Controllers\AuthController.php(10): view('Auth/login')
 6 SYSTEMPATH\CodeIgniter.php(934): App\Controllers\AuthController->index()
 7 SYSTEMPATH\CodeIgniter.php(499): CodeIgniter\CodeIgniter->runController(Object(App\Controllers\AuthController))
 8 SYSTEMPATH\CodeIgniter.php(368): CodeIgniter\CodeIgniter->handleRequest(null, Object(Config\Cache), false)
 9 FCPATH\index.php(67): CodeIgniter\CodeIgniter->run()
CRITICAL - 2023-02-23 06:36:13 --> Undefined property: CodeIgniter\View\View::$load
in APPPATH\Views\Auth\login.php on line 1.
 1 APPPATH\Views\Auth\login.php(1): CodeIgniter\Debug\Exceptions->errorHandler(2, 'Undefined property: CodeIgniter\\View\\View::$load', 'APPPATH\\Views\\Auth\\login.php', 1)
 2 SYSTEMPATH\View\View.php(213): include('APPPATH\\Views\\Auth\\login.php')
 3 SYSTEMPATH\View\View.php(216): CodeIgniter\View\View->CodeIgniter\View\{closure}()
 4 SYSTEMPATH\Common.php(1184): CodeIgniter\View\View->render('Auth/login', [], true)
 5 APPPATH\Controllers\AuthController.php(10): view('Auth/login')
 6 SYSTEMPATH\CodeIgniter.php(934): App\Controllers\AuthController->index()
 7 SYSTEMPATH\CodeIgniter.php(499): CodeIgniter\CodeIgniter->runController(Object(App\Controllers\AuthController))
 8 SYSTEMPATH\CodeIgniter.php(368): CodeIgniter\CodeIgniter->handleRequest(null, Object(Config\Cache), false)
 9 FCPATH\index.php(67): CodeIgniter\CodeIgniter->run()
CRITICAL - 2023-02-23 06:36:13 --> Undefined property: CodeIgniter\View\View::$load
in APPPATH\Views\Auth\login.php on line 1.
 1 APPPATH\Views\Auth\login.php(1): CodeIgniter\Debug\Exceptions->errorHandler(2, 'Undefined property: CodeIgniter\\View\\View::$load', 'APPPATH\\Views\\Auth\\login.php', 1)
 2 SYSTEMPATH\View\View.php(213): include('APPPATH\\Views\\Auth\\login.php')
 3 SYSTEMPATH\View\View.php(216): CodeIgniter\View\View->CodeIgniter\View\{closure}()
 4 SYSTEMPATH\Common.php(1184): CodeIgniter\View\View->render('Auth/login', [], true)
 5 APPPATH\Controllers\AuthController.php(10): view('Auth/login')
 6 SYSTEMPATH\CodeIgniter.php(934): App\Controllers\AuthController->index()
 7 SYSTEMPATH\CodeIgniter.php(499): CodeIgniter\CodeIgniter->runController(Object(App\Controllers\AuthController))
 8 SYSTEMPATH\CodeIgniter.php(368): CodeIgniter\CodeIgniter->handleRequest(null, Object(Config\Cache), false)
 9 FCPATH\index.php(67): CodeIgniter\CodeIgniter->run()
CRITICAL - 2023-02-23 06:36:13 --> Undefined property: CodeIgniter\View\View::$load
in APPPATH\Views\Auth\login.php on line 1.
 1 APPPATH\Views\Auth\login.php(1): CodeIgniter\Debug\Exceptions->errorHandler(2, 'Undefined property: CodeIgniter\\View\\View::$load', 'APPPATH\\Views\\Auth\\login.php', 1)
 2 SYSTEMPATH\View\View.php(213): include('APPPATH\\Views\\Auth\\login.php')
 3 SYSTEMPATH\View\View.php(216): CodeIgniter\View\View->CodeIgniter\View\{closure}()
 4 SYSTEMPATH\Common.php(1184): CodeIgniter\View\View->render('Auth/login', [], true)
 5 APPPATH\Controllers\AuthController.php(10): view('Auth/login')
 6 SYSTEMPATH\CodeIgniter.php(934): App\Controllers\AuthController->index()
 7 SYSTEMPATH\CodeIgniter.php(499): CodeIgniter\CodeIgniter->runController(Object(App\Controllers\AuthController))
 8 SYSTEMPATH\CodeIgniter.php(368): CodeIgniter\CodeIgniter->handleRequest(null, Object(Config\Cache), false)
 9 FCPATH\index.php(67): CodeIgniter\CodeIgniter->run()
CRITICAL - 2023-02-23 06:36:13 --> Undefined property: CodeIgniter\View\View::$load
in APPPATH\Views\Auth\login.php on line 1.
 1 APPPATH\Views\Auth\login.php(1): CodeIgniter\Debug\Exceptions->errorHandler(2, 'Undefined property: CodeIgniter\\View\\View::$load', 'APPPATH\\Views\\Auth\\login.php', 1)
 2 SYSTEMPATH\View\View.php(213): include('APPPATH\\Views\\Auth\\login.php')
 3 SYSTEMPATH\View\View.php(216): CodeIgniter\View\View->CodeIgniter\View\{closure}()
 4 SYSTEMPATH\Common.php(1184): CodeIgniter\View\View->render('Auth/login', [], true)
 5 APPPATH\Controllers\AuthController.php(10): view('Auth/login')
 6 SYSTEMPATH\CodeIgniter.php(934): App\Controllers\AuthController->index()
 7 SYSTEMPATH\CodeIgniter.php(499): CodeIgniter\CodeIgniter->runController(Object(App\Controllers\AuthController))
 8 SYSTEMPATH\CodeIgniter.php(368): CodeIgniter\CodeIgniter->handleRequest(null, Object(Config\Cache), false)
 9 FCPATH\index.php(67): CodeIgniter\CodeIgniter->run()
CRITICAL - 2023-02-23 06:36:46 --> Undefined property: CodeIgniter\View\View::$load
in APPPATH\Views\Auth\login.php on line 1.
 1 APPPATH\Views\Auth\login.php(1): CodeIgniter\Debug\Exceptions->errorHandler(2, 'Undefined property: CodeIgniter\\View\\View::$load', 'APPPATH\\Views\\Auth\\login.php', 1)
 2 SYSTEMPATH\View\View.php(213): include('APPPATH\\Views\\Auth\\login.php')
 3 SYSTEMPATH\View\View.php(216): CodeIgniter\View\View->CodeIgniter\View\{closure}()
 4 SYSTEMPATH\Common.php(1184): CodeIgniter\View\View->render('Auth/login', [], true)
 5 APPPATH\Controllers\AuthController.php(10): view('Auth/login')
 6 SYSTEMPATH\CodeIgniter.php(934): App\Controllers\AuthController->index()
 7 SYSTEMPATH\CodeIgniter.php(499): CodeIgniter\CodeIgniter->runController(Object(App\Controllers\AuthController))
 8 SYSTEMPATH\CodeIgniter.php(368): CodeIgniter\CodeIgniter->handleRequest(null, Object(Config\Cache), false)
 9 FCPATH\index.php(67): CodeIgniter\CodeIgniter->run()
CRITICAL - 2023-02-23 06:37:51 --> Undefined property: App\Controllers\AuthController::$load
in APPPATH\Controllers\AuthController.php on line 9.
 1 APPPATH\Controllers\AuthController.php(9): CodeIgniter\Debug\Exceptions->errorHandler(2, 'Undefined property: App\\Controllers\\AuthController::$load', 'APPPATH\\Controllers\\AuthController.php', 9)
 2 SYSTEMPATH\CodeIgniter.php(934): App\Controllers\AuthController->index()
 3 SYSTEMPATH\CodeIgniter.php(499): CodeIgniter\CodeIgniter->runController(Object(App\Controllers\AuthController))
 4 SYSTEMPATH\CodeIgniter.php(368): CodeIgniter\CodeIgniter->handleRequest(null, Object(Config\Cache), false)
 5 FCPATH\index.php(67): CodeIgniter\CodeIgniter->run()
CRITICAL - 2023-02-23 06:40:09 --> Class "App\Controllers\games_master" not found
in APPPATH\Controllers\AuthController.php on line 10.
 1 SYSTEMPATH\CodeIgniter.php(934): App\Controllers\AuthController->index()
 2 SYSTEMPATH\CodeIgniter.php(499): CodeIgniter\CodeIgniter->runController(Object(App\Controllers\AuthController))
 3 SYSTEMPATH\CodeIgniter.php(368): CodeIgniter\CodeIgniter->handleRequest(null, Object(Config\Cache), false)
 4 FCPATH\index.php(67): CodeIgniter\CodeIgniter->run()
CRITICAL - 2023-02-23 06:40:09 --> Class "App\Controllers\games_master" not found
in APPPATH\Controllers\AuthController.php on line 10.
 1 SYSTEMPATH\CodeIgniter.php(934): App\Controllers\AuthController->index()
 2 SYSTEMPATH\CodeIgniter.php(499): CodeIgniter\CodeIgniter->runController(Object(App\Controllers\AuthController))
 3 SYSTEMPATH\CodeIgniter.php(368): CodeIgniter\CodeIgniter->handleRequest(null, Object(Config\Cache), false)
 4 FCPATH\index.php(67): CodeIgniter\CodeIgniter->run()
CRITICAL - 2023-02-23 06:42:03 --> Undefined variable $data2
in APPPATH\Controllers\AuthController.php on line 15.
 1 APPPATH\Controllers\AuthController.php(15): CodeIgniter\Debug\Exceptions->errorHandler(2, 'Undefined variable $data2', 'APPPATH\\Controllers\\AuthController.php', 15)
 2 SYSTEMPATH\CodeIgniter.php(934): App\Controllers\AuthController->index()
 3 SYSTEMPATH\CodeIgniter.php(499): CodeIgniter\CodeIgniter->runController(Object(App\Controllers\AuthController))
 4 SYSTEMPATH\CodeIgniter.php(368): CodeIgniter\CodeIgniter->handleRequest(null, Object(Config\Cache), false)
 5 FCPATH\index.php(67): CodeIgniter\CodeIgniter->run()
CRITICAL - 2023-02-23 07:13:27 --> Undefined variable $data2
in APPPATH\Controllers\AuthController.php on line 13.
 1 APPPATH\Controllers\AuthController.php(13): CodeIgniter\Debug\Exceptions->errorHandler(2, 'Undefined variable $data2', 'APPPATH\\Controllers\\AuthController.php', 13)
 2 SYSTEMPATH\CodeIgniter.php(934): App\Controllers\AuthController->index()
 3 SYSTEMPATH\CodeIgniter.php(499): CodeIgniter\CodeIgniter->runController(Object(App\Controllers\AuthController))
 4 SYSTEMPATH\CodeIgniter.php(368): CodeIgniter\CodeIgniter->handleRequest(null, Object(Config\Cache), false)
 5 FCPATH\index.php(67): CodeIgniter\CodeIgniter->run()
CRITICAL - 2023-02-23 07:13:39 --> Undefined variable $data2
in APPPATH\Controllers\AuthController.php on line 13.
 1 APPPATH\Controllers\AuthController.php(13): CodeIgniter\Debug\Exceptions->errorHandler(2, 'Undefined variable $data2', 'APPPATH\\Controllers\\AuthController.php', 13)
 2 SYSTEMPATH\CodeIgniter.php(934): App\Controllers\AuthController->index()
 3 SYSTEMPATH\CodeIgniter.php(499): CodeIgniter\CodeIgniter->runController(Object(App\Controllers\AuthController))
 4 SYSTEMPATH\CodeIgniter.php(368): CodeIgniter\CodeIgniter->handleRequest(null, Object(Config\Cache), false)
 5 FCPATH\index.php(67): CodeIgniter\CodeIgniter->run()
CRITICAL - 2023-02-23 07:13:54 --> Undefined variable $data2
in APPPATH\Controllers\AuthController.php on line 13.
 1 APPPATH\Controllers\AuthController.php(13): CodeIgniter\Debug\Exceptions->errorHandler(2, 'Undefined variable $data2', 'APPPATH\\Controllers\\AuthController.php', 13)
 2 SYSTEMPATH\CodeIgniter.php(934): App\Controllers\AuthController->index()
 3 SYSTEMPATH\CodeIgniter.php(499): CodeIgniter\CodeIgniter->runController(Object(App\Controllers\AuthController))
 4 SYSTEMPATH\CodeIgniter.php(368): CodeIgniter\CodeIgniter->handleRequest(null, Object(Config\Cache), false)
 5 FCPATH\index.php(67): CodeIgniter\CodeIgniter->run()
CRITICAL - 2023-02-23 07:13:55 --> Undefined variable $data2
in APPPATH\Controllers\AuthController.php on line 13.
 1 APPPATH\Controllers\AuthController.php(13): CodeIgniter\Debug\Exceptions->errorHandler(2, 'Undefined variable $data2', 'APPPATH\\Controllers\\AuthController.php', 13)
 2 SYSTEMPATH\CodeIgniter.php(934): App\Controllers\AuthController->index()
 3 SYSTEMPATH\CodeIgniter.php(499): CodeIgniter\CodeIgniter->runController(Object(App\Controllers\AuthController))
 4 SYSTEMPATH\CodeIgniter.php(368): CodeIgniter\CodeIgniter->handleRequest(null, Object(Config\Cache), false)
 5 FCPATH\index.php(67): CodeIgniter\CodeIgniter->run()
CRITICAL - 2023-02-23 07:50:32 --> foreach() argument must be of type array|object, string given
in APPPATH\Views\include\head.php on line 26.
 1 APPPATH\Views\include\head.php(26): CodeIgniter\Debug\Exceptions->errorHandler(2, 'foreach() argument must be of type array|object, string given', 'APPPATH\\Views\\include\\head.php', 26)
 2 SYSTEMPATH\View\View.php(213): include('APPPATH\\Views\\include\\head.php')
 3 SYSTEMPATH\View\View.php(216): CodeIgniter\View\View->CodeIgniter\View\{closure}()
 4 SYSTEMPATH\Common.php(1184): CodeIgniter\View\View->render('/include/head', [], true)
 5 APPPATH\Controllers\Dashboard.php(16): view('/include/head', [...])
 6 SYSTEMPATH\CodeIgniter.php(934): App\Controllers\Dashboard->index()
 7 SYSTEMPATH\CodeIgniter.php(499): CodeIgniter\CodeIgniter->runController(Object(App\Controllers\Dashboard))
 8 SYSTEMPATH\CodeIgniter.php(368): CodeIgniter\CodeIgniter->handleRequest(null, Object(Config\Cache), false)
 9 FCPATH\index.php(67): CodeIgniter\CodeIgniter->run()
CRITICAL - 2023-02-23 07:50:43 --> foreach() argument must be of type array|object, string given
in APPPATH\Views\include\head.php on line 26.
 1 APPPATH\Views\include\head.php(26): CodeIgniter\Debug\Exceptions->errorHandler(2, 'foreach() argument must be of type array|object, string given', 'APPPATH\\Views\\include\\head.php', 26)
 2 SYSTEMPATH\View\View.php(213): include('APPPATH\\Views\\include\\head.php')
 3 SYSTEMPATH\View\View.php(216): CodeIgniter\View\View->CodeIgniter\View\{closure}()
 4 SYSTEMPATH\Common.php(1184): CodeIgniter\View\View->render('/include/head', [], true)
 5 APPPATH\Controllers\Dashboard.php(16): view('/include/head', [...])
 6 SYSTEMPATH\CodeIgniter.php(934): App\Controllers\Dashboard->index()
 7 SYSTEMPATH\CodeIgniter.php(499): CodeIgniter\CodeIgniter->runController(Object(App\Controllers\Dashboard))
 8 SYSTEMPATH\CodeIgniter.php(368): CodeIgniter\CodeIgniter->handleRequest(null, Object(Config\Cache), false)
 9 FCPATH\index.php(67): CodeIgniter\CodeIgniter->run()
CRITICAL - 2023-02-23 07:51:16 --> foreach() argument must be of type array|object, string given
in APPPATH\Views\include\head.php on line 26.
 1 APPPATH\Views\include\head.php(26): CodeIgniter\Debug\Exceptions->errorHandler(2, 'foreach() argument must be of type array|object, string given', 'APPPATH\\Views\\include\\head.php', 26)
 2 SYSTEMPATH\View\View.php(213): include('APPPATH\\Views\\include\\head.php')
 3 SYSTEMPATH\View\View.php(216): CodeIgniter\View\View->CodeIgniter\View\{closure}()
 4 SYSTEMPATH\Common.php(1184): CodeIgniter\View\View->render('/include/head', [], true)
 5 APPPATH\Controllers\Dashboard.php(16): view('/include/head', [...])
 6 SYSTEMPATH\CodeIgniter.php(934): App\Controllers\Dashboard->index()
 7 SYSTEMPATH\CodeIgniter.php(499): CodeIgniter\CodeIgniter->runController(Object(App\Controllers\Dashboard))
 8 SYSTEMPATH\CodeIgniter.php(368): CodeIgniter\CodeIgniter->handleRequest(null, Object(Config\Cache), false)
 9 FCPATH\index.php(67): CodeIgniter\CodeIgniter->run()
CRITICAL - 2023-02-23 07:51:16 --> foreach() argument must be of type array|object, string given
in APPPATH\Views\include\head.php on line 26.
 1 APPPATH\Views\include\head.php(26): CodeIgniter\Debug\Exceptions->errorHandler(2, 'foreach() argument must be of type array|object, string given', 'APPPATH\\Views\\include\\head.php', 26)
 2 SYSTEMPATH\View\View.php(213): include('APPPATH\\Views\\include\\head.php')
 3 SYSTEMPATH\View\View.php(216): CodeIgniter\View\View->CodeIgniter\View\{closure}()
 4 SYSTEMPATH\Common.php(1184): CodeIgniter\View\View->render('/include/head', [], true)
 5 APPPATH\Controllers\Dashboard.php(16): view('/include/head', [...])
 6 SYSTEMPATH\CodeIgniter.php(934): App\Controllers\Dashboard->index()
 7 SYSTEMPATH\CodeIgniter.php(499): CodeIgniter\CodeIgniter->runController(Object(App\Controllers\Dashboard))
 8 SYSTEMPATH\CodeIgniter.php(368): CodeIgniter\CodeIgniter->handleRequest(null, Object(Config\Cache), false)
 9 FCPATH\index.php(67): CodeIgniter\CodeIgniter->run()
CRITICAL - 2023-02-23 07:51:17 --> foreach() argument must be of type array|object, string given
in APPPATH\Views\include\head.php on line 26.
 1 APPPATH\Views\include\head.php(26): CodeIgniter\Debug\Exceptions->errorHandler(2, 'foreach() argument must be of type array|object, string given', 'APPPATH\\Views\\include\\head.php', 26)
 2 SYSTEMPATH\View\View.php(213): include('APPPATH\\Views\\include\\head.php')
 3 SYSTEMPATH\View\View.php(216): CodeIgniter\View\View->CodeIgniter\View\{closure}()
 4 SYSTEMPATH\Common.php(1184): CodeIgniter\View\View->render('/include/head', [], true)
 5 APPPATH\Controllers\Dashboard.php(16): view('/include/head', [...])
 6 SYSTEMPATH\CodeIgniter.php(934): App\Controllers\Dashboard->index()
 7 SYSTEMPATH\CodeIgniter.php(499): CodeIgniter\CodeIgniter->runController(Object(App\Controllers\Dashboard))
 8 SYSTEMPATH\CodeIgniter.php(368): CodeIgniter\CodeIgniter->handleRequest(null, Object(Config\Cache), false)
 9 FCPATH\index.php(67): CodeIgniter\CodeIgniter->run()
CRITICAL - 2023-02-23 07:51:17 --> foreach() argument must be of type array|object, string given
in APPPATH\Views\include\head.php on line 26.
 1 APPPATH\Views\include\head.php(26): CodeIgniter\Debug\Exceptions->errorHandler(2, 'foreach() argument must be of type array|object, string given', 'APPPATH\\Views\\include\\head.php', 26)
 2 SYSTEMPATH\View\View.php(213): include('APPPATH\\Views\\include\\head.php')
 3 SYSTEMPATH\View\View.php(216): CodeIgniter\View\View->CodeIgniter\View\{closure}()
 4 SYSTEMPATH\Common.php(1184): CodeIgniter\View\View->render('/include/head', [], true)
 5 APPPATH\Controllers\Dashboard.php(16): view('/include/head', [...])
 6 SYSTEMPATH\CodeIgniter.php(934): App\Controllers\Dashboard->index()
 7 SYSTEMPATH\CodeIgniter.php(499): CodeIgniter\CodeIgniter->runController(Object(App\Controllers\Dashboard))
 8 SYSTEMPATH\CodeIgniter.php(368): CodeIgniter\CodeIgniter->handleRequest(null, Object(Config\Cache), false)
 9 FCPATH\index.php(67): CodeIgniter\CodeIgniter->run()
CRITICAL - 2023-02-23 07:53:45 --> foreach() argument must be of type array|object, string given
in APPPATH\Views\include\head.php on line 26.
 1 APPPATH\Views\include\head.php(26): CodeIgniter\Debug\Exceptions->errorHandler(2, 'foreach() argument must be of type array|object, string given', 'APPPATH\\Views\\include\\head.php', 26)
 2 SYSTEMPATH\View\View.php(213): include('APPPATH\\Views\\include\\head.php')
 3 SYSTEMPATH\View\View.php(216): CodeIgniter\View\View->CodeIgniter\View\{closure}()
 4 SYSTEMPATH\Common.php(1184): CodeIgniter\View\View->render('/include/head', [], true)
 5 APPPATH\Controllers\Dashboard.php(16): view('/include/head', [...])
 6 SYSTEMPATH\CodeIgniter.php(934): App\Controllers\Dashboard->index()
 7 SYSTEMPATH\CodeIgniter.php(499): CodeIgniter\CodeIgniter->runController(Object(App\Controllers\Dashboard))
 8 SYSTEMPATH\CodeIgniter.php(368): CodeIgniter\CodeIgniter->handleRequest(null, Object(Config\Cache), false)
 9 FCPATH\index.php(67): CodeIgniter\CodeIgniter->run()
CRITICAL - 2023-02-23 07:55:49 --> foreach() argument must be of type array|object, string given
in APPPATH\Views\include\head.php on line 26.
 1 APPPATH\Views\include\head.php(26): CodeIgniter\Debug\Exceptions->errorHandler(2, 'foreach() argument must be of type array|object, string given', 'APPPATH\\Views\\include\\head.php', 26)
 2 SYSTEMPATH\View\View.php(213): include('APPPATH\\Views\\include\\head.php')
 3 SYSTEMPATH\View\View.php(216): CodeIgniter\View\View->CodeIgniter\View\{closure}()
 4 SYSTEMPATH\Common.php(1184): CodeIgniter\View\View->render('/include/head', [], true)
 5 APPPATH\Controllers\Dashboard.php(16): view('/include/head', [...])
 6 SYSTEMPATH\CodeIgniter.php(934): App\Controllers\Dashboard->index()
 7 SYSTEMPATH\CodeIgniter.php(499): CodeIgniter\CodeIgniter->runController(Object(App\Controllers\Dashboard))
 8 SYSTEMPATH\CodeIgniter.php(368): CodeIgniter\CodeIgniter->handleRequest(null, Object(Config\Cache), false)
 9 FCPATH\index.php(67): CodeIgniter\CodeIgniter->run()
CRITICAL - 2023-02-23 07:57:08 --> foreach() argument must be of type array|object, string given
in APPPATH\Views\include\head.php on line 27.
 1 APPPATH\Views\include\head.php(27): CodeIgniter\Debug\Exceptions->errorHandler(2, 'foreach() argument must be of type array|object, string given', 'APPPATH\\Views\\include\\head.php', 27)
 2 SYSTEMPATH\View\View.php(213): include('APPPATH\\Views\\include\\head.php')
 3 SYSTEMPATH\View\View.php(216): CodeIgniter\View\View->CodeIgniter\View\{closure}()
 4 SYSTEMPATH\Common.php(1184): CodeIgniter\View\View->render('/include/head', [], true)
 5 APPPATH\Controllers\Dashboard.php(16): view('/include/head', [...])
 6 SYSTEMPATH\CodeIgniter.php(934): App\Controllers\Dashboard->index()
 7 SYSTEMPATH\CodeIgniter.php(499): CodeIgniter\CodeIgniter->runController(Object(App\Controllers\Dashboard))
 8 SYSTEMPATH\CodeIgniter.php(368): CodeIgniter\CodeIgniter->handleRequest(null, Object(Config\Cache), false)
 9 FCPATH\index.php(67): CodeIgniter\CodeIgniter->run()
CRITICAL - 2023-02-23 07:57:27 --> foreach() argument must be of type array|object, string given
in APPPATH\Views\include\head.php on line 27.
 1 APPPATH\Views\include\head.php(27): CodeIgniter\Debug\Exceptions->errorHandler(2, 'foreach() argument must be of type array|object, string given', 'APPPATH\\Views\\include\\head.php', 27)
 2 SYSTEMPATH\View\View.php(213): include('APPPATH\\Views\\include\\head.php')
 3 SYSTEMPATH\View\View.php(216): CodeIgniter\View\View->CodeIgniter\View\{closure}()
 4 SYSTEMPATH\Common.php(1184): CodeIgniter\View\View->render('/include/head', [], true)
 5 APPPATH\Controllers\Dashboard.php(16): view('/include/head', [...])
 6 SYSTEMPATH\CodeIgniter.php(934): App\Controllers\Dashboard->index()
 7 SYSTEMPATH\CodeIgniter.php(499): CodeIgniter\CodeIgniter->runController(Object(App\Controllers\Dashboard))
 8 SYSTEMPATH\CodeIgniter.php(368): CodeIgniter\CodeIgniter->handleRequest(null, Object(Config\Cache), false)
 9 FCPATH\index.php(67): CodeIgniter\CodeIgniter->run()
CRITICAL - 2023-02-23 07:57:32 --> foreach() argument must be of type array|object, string given
in APPPATH\Views\include\head.php on line 27.
 1 APPPATH\Views\include\head.php(27): CodeIgniter\Debug\Exceptions->errorHandler(2, 'foreach() argument must be of type array|object, string given', 'APPPATH\\Views\\include\\head.php', 27)
 2 SYSTEMPATH\View\View.php(213): include('APPPATH\\Views\\include\\head.php')
 3 SYSTEMPATH\View\View.php(216): CodeIgniter\View\View->CodeIgniter\View\{closure}()
 4 SYSTEMPATH\Common.php(1184): CodeIgniter\View\View->render('/include/head', [], true)
 5 APPPATH\Controllers\Dashboard.php(16): view('/include/head', [...])
 6 SYSTEMPATH\CodeIgniter.php(934): App\Controllers\Dashboard->index()
 7 SYSTEMPATH\CodeIgniter.php(499): CodeIgniter\CodeIgniter->runController(Object(App\Controllers\Dashboard))
 8 SYSTEMPATH\CodeIgniter.php(368): CodeIgniter\CodeIgniter->handleRequest(null, Object(Config\Cache), false)
 9 FCPATH\index.php(67): CodeIgniter\CodeIgniter->run()
CRITICAL - 2023-02-23 07:57:37 --> foreach() argument must be of type array|object, string given
in APPPATH\Views\include\head.php on line 27.
 1 APPPATH\Views\include\head.php(27): CodeIgniter\Debug\Exceptions->errorHandler(2, 'foreach() argument must be of type array|object, string given', 'APPPATH\\Views\\include\\head.php', 27)
 2 SYSTEMPATH\View\View.php(213): include('APPPATH\\Views\\include\\head.php')
 3 SYSTEMPATH\View\View.php(216): CodeIgniter\View\View->CodeIgniter\View\{closure}()
 4 SYSTEMPATH\Common.php(1184): CodeIgniter\View\View->render('/include/head', [], true)
 5 APPPATH\Controllers\Dashboard.php(16): view('/include/head', [...])
 6 SYSTEMPATH\CodeIgniter.php(934): App\Controllers\Dashboard->index()
 7 SYSTEMPATH\CodeIgniter.php(499): CodeIgniter\CodeIgniter->runController(Object(App\Controllers\Dashboard))
 8 SYSTEMPATH\CodeIgniter.php(368): CodeIgniter\CodeIgniter->handleRequest(null, Object(Config\Cache), false)
 9 FCPATH\index.php(67): CodeIgniter\CodeIgniter->run()
CRITICAL - 2023-02-23 07:57:39 --> foreach() argument must be of type array|object, string given
in APPPATH\Views\include\head.php on line 27.
 1 APPPATH\Views\include\head.php(27): CodeIgniter\Debug\Exceptions->errorHandler(2, 'foreach() argument must be of type array|object, string given', 'APPPATH\\Views\\include\\head.php', 27)
 2 SYSTEMPATH\View\View.php(213): include('APPPATH\\Views\\include\\head.php')
 3 SYSTEMPATH\View\View.php(216): CodeIgniter\View\View->CodeIgniter\View\{closure}()
 4 SYSTEMPATH\Common.php(1184): CodeIgniter\View\View->render('/include/head', [], true)
 5 APPPATH\Controllers\Dashboard.php(16): view('/include/head', [...])
 6 SYSTEMPATH\CodeIgniter.php(934): App\Controllers\Dashboard->index()
 7 SYSTEMPATH\CodeIgniter.php(499): CodeIgniter\CodeIgniter->runController(Object(App\Controllers\Dashboard))
 8 SYSTEMPATH\CodeIgniter.php(368): CodeIgniter\CodeIgniter->handleRequest(null, Object(Config\Cache), false)
 9 FCPATH\index.php(67): CodeIgniter\CodeIgniter->run()
CRITICAL - 2023-02-23 07:57:51 --> foreach() argument must be of type array|object, string given
in APPPATH\Views\include\head.php on line 27.
 1 APPPATH\Views\include\head.php(27): CodeIgniter\Debug\Exceptions->errorHandler(2, 'foreach() argument must be of type array|object, string given', 'APPPATH\\Views\\include\\head.php', 27)
 2 SYSTEMPATH\View\View.php(213): include('APPPATH\\Views\\include\\head.php')
 3 SYSTEMPATH\View\View.php(216): CodeIgniter\View\View->CodeIgniter\View\{closure}()
 4 SYSTEMPATH\Common.php(1184): CodeIgniter\View\View->render('/include/head', [], true)
 5 APPPATH\Controllers\Dashboard.php(16): view('/include/head', [...])
 6 SYSTEMPATH\CodeIgniter.php(934): App\Controllers\Dashboard->index()
 7 SYSTEMPATH\CodeIgniter.php(499): CodeIgniter\CodeIgniter->runController(Object(App\Controllers\Dashboard))
 8 SYSTEMPATH\CodeIgniter.php(368): CodeIgniter\CodeIgniter->handleRequest(null, Object(Config\Cache), false)
 9 FCPATH\index.php(67): CodeIgniter\CodeIgniter->run()
CRITICAL - 2023-02-23 07:58:14 --> foreach() argument must be of type array|object, string given
in APPPATH\Views\include\head.php on line 27.
 1 APPPATH\Views\include\head.php(27): CodeIgniter\Debug\Exceptions->errorHandler(2, 'foreach() argument must be of type array|object, string given', 'APPPATH\\Views\\include\\head.php', 27)
 2 SYSTEMPATH\View\View.php(213): include('APPPATH\\Views\\include\\head.php')
 3 SYSTEMPATH\View\View.php(216): CodeIgniter\View\View->CodeIgniter\View\{closure}()
 4 SYSTEMPATH\Common.php(1184): CodeIgniter\View\View->render('/include/head', [], true)
 5 APPPATH\Controllers\Dashboard.php(16): view('/include/head', [...])
 6 SYSTEMPATH\CodeIgniter.php(934): App\Controllers\Dashboard->index()
 7 SYSTEMPATH\CodeIgniter.php(499): CodeIgniter\CodeIgniter->runController(Object(App\Controllers\Dashboard))
 8 SYSTEMPATH\CodeIgniter.php(368): CodeIgniter\CodeIgniter->handleRequest(null, Object(Config\Cache), false)
 9 FCPATH\index.php(67): CodeIgniter\CodeIgniter->run()
CRITICAL - 2023-02-23 07:58:53 --> foreach() argument must be of type array|object, string given
in APPPATH\Views\include\head.php on line 27.
 1 APPPATH\Views\include\head.php(27): CodeIgniter\Debug\Exceptions->errorHandler(2, 'foreach() argument must be of type array|object, string given', 'APPPATH\\Views\\include\\head.php', 27)
 2 SYSTEMPATH\View\View.php(213): include('APPPATH\\Views\\include\\head.php')
 3 SYSTEMPATH\View\View.php(216): CodeIgniter\View\View->CodeIgniter\View\{closure}()
 4 SYSTEMPATH\Common.php(1184): CodeIgniter\View\View->render('/include/head', [], true)
 5 APPPATH\Controllers\Dashboard.php(16): view('/include/head', [...])
 6 SYSTEMPATH\CodeIgniter.php(934): App\Controllers\Dashboard->index()
 7 SYSTEMPATH\CodeIgniter.php(499): CodeIgniter\CodeIgniter->runController(Object(App\Controllers\Dashboard))
 8 SYSTEMPATH\CodeIgniter.php(368): CodeIgniter\CodeIgniter->handleRequest(null, Object(Config\Cache), false)
 9 FCPATH\index.php(67): CodeIgniter\CodeIgniter->run()
