INFO - 2024-03-28 00:47:32 --> Session: Class initialized using 'CodeIgniter\Session\Handlers\FileHandler' driver.
INFO - 2024-03-28 00:47:37 --> Session: Class initialized using 'CodeIgniter\Session\Handlers\FileHandler' driver.
INFO - 2024-03-28 00:47:37 --> Session: Class initialized using 'CodeIgniter\Session\Handlers\FileHandler' driver.
INFO - 2024-03-28 00:47:42 --> Session: Class initialized using 'CodeIgniter\Session\Handlers\FileHandler' driver.
INFO - 2024-03-28 00:47:42 --> Session: Class initialized using 'CodeIgniter\Session\Handlers\FileHandler' driver.
INFO - 2024-03-28 00:48:19 --> Session: Class initialized using 'CodeIgniter\Session\Handlers\FileHandler' driver.
INFO - 2024-03-28 00:48:19 --> Session: Class initialized using 'CodeIgniter\Session\Handlers\FileHandler' driver.
INFO - 2024-03-28 00:48:20 --> Session: Class initialized using 'CodeIgniter\Session\Handlers\FileHandler' driver.
INFO - 2024-03-28 00:48:20 --> Session: Class initialized using 'CodeIgniter\Session\Handlers\FileHandler' driver.
INFO - 2024-03-28 00:48:21 --> Session: Class initialized using 'CodeIgniter\Session\Handlers\FileHandler' driver.
INFO - 2024-03-28 00:48:23 --> Session: Class initialized using 'CodeIgniter\Session\Handlers\FileHandler' driver.
INFO - 2024-03-28 00:48:26 --> Session: Class initialized using 'CodeIgniter\Session\Handlers\FileHandler' driver.
INFO - 2024-03-28 00:48:26 --> Session: Class initialized using 'CodeIgniter\Session\Handlers\FileHandler' driver.
INFO - 2024-03-28 00:48:38 --> Session: Class initialized using 'CodeIgniter\Session\Handlers\FileHandler' driver.
INFO - 2024-03-28 00:48:50 --> Session: Class initialized using 'CodeIgniter\Session\Handlers\FileHandler' driver.
INFO - 2024-03-28 00:49:00 --> Session: Class initialized using 'CodeIgniter\Session\Handlers\FileHandler' driver.
INFO - 2024-03-28 00:49:00 --> Session: Class initialized using 'CodeIgniter\Session\Handlers\FileHandler' driver.
INFO - 2024-03-28 00:49:04 --> Session: Class initialized using 'CodeIgniter\Session\Handlers\FileHandler' driver.
INFO - 2024-03-28 00:49:04 --> Session: Class initialized using 'CodeIgniter\Session\Handlers\FileHandler' driver.
INFO - 2024-03-28 00:49:12 --> Session: Class initialized using 'CodeIgniter\Session\Handlers\FileHandler' driver.
INFO - 2024-03-28 00:49:12 --> Session: Class initialized using 'CodeIgniter\Session\Handlers\FileHandler' driver.
INFO - 2024-03-28 00:49:19 --> Session: Class initialized using 'CodeIgniter\Session\Handlers\FileHandler' driver.
INFO - 2024-03-28 00:49:20 --> Session: Class initialized using 'CodeIgniter\Session\Handlers\FileHandler' driver.
INFO - 2024-03-28 00:49:20 --> Session: Class initialized using 'CodeIgniter\Session\Handlers\FileHandler' driver.
INFO - 2024-03-28 00:49:20 --> Session: Class initialized using 'CodeIgniter\Session\Handlers\FileHandler' driver.
INFO - 2024-03-28 00:49:23 --> Session: Class initialized using 'CodeIgniter\Session\Handlers\FileHandler' driver.
INFO - 2024-03-28 00:49:23 --> Session: Class initialized using 'CodeIgniter\Session\Handlers\FileHandler' driver.
INFO - 2024-03-28 00:49:23 --> Session: Class initialized using 'CodeIgniter\Session\Handlers\FileHandler' driver.
INFO - 2024-03-28 00:49:23 --> Session: Class initialized using 'CodeIgniter\Session\Handlers\FileHandler' driver.
INFO - 2024-03-28 00:50:09 --> Session: Class initialized using 'CodeIgniter\Session\Handlers\FileHandler' driver.
INFO - 2024-03-28 00:50:09 --> Session: Class initialized using 'CodeIgniter\Session\Handlers\FileHandler' driver.
INFO - 2024-03-28 00:56:49 --> Session: Class initialized using 'CodeIgniter\Session\Handlers\FileHandler' driver.
INFO - 2024-03-28 00:56:51 --> Session: Class initialized using 'CodeIgniter\Session\Handlers\FileHandler' driver.
INFO - 2024-03-28 01:06:34 --> Session: Class initialized using 'CodeIgniter\Session\Handlers\FileHandler' driver.
INFO - 2024-03-28 01:10:09 --> Session: Class initialized using 'CodeIgniter\Session\Handlers\FileHandler' driver.
INFO - 2024-03-28 01:10:10 --> Session: Class initialized using 'CodeIgniter\Session\Handlers\FileHandler' driver.
INFO - 2024-03-28 01:17:01 --> Session: Class initialized using 'CodeIgniter\Session\Handlers\FileHandler' driver.
INFO - 2024-03-28 01:17:01 --> Session: Class initialized using 'CodeIgniter\Session\Handlers\FileHandler' driver.
INFO - 2024-03-28 01:35:57 --> Session: Class initialized using 'CodeIgniter\Session\Handlers\FileHandler' driver.
INFO - 2024-03-28 01:35:57 --> Session: Class initialized using 'CodeIgniter\Session\Handlers\FileHandler' driver.
INFO - 2024-03-28 01:36:01 --> Session: Class initialized using 'CodeIgniter\Session\Handlers\FileHandler' driver.
INFO - 2024-03-28 01:36:01 --> Session: Class initialized using 'CodeIgniter\Session\Handlers\FileHandler' driver.
INFO - 2024-03-28 01:38:02 --> Session: Class initialized using 'CodeIgniter\Session\Handlers\FileHandler' driver.
INFO - 2024-03-28 01:38:07 --> Session: Class initialized using 'CodeIgniter\Session\Handlers\FileHandler' driver.
INFO - 2024-03-28 02:31:27 --> Session: Class initialized using 'CodeIgniter\Session\Handlers\FileHandler' driver.
INFO - 2024-03-28 02:31:28 --> Session: Class initialized using 'CodeIgniter\Session\Handlers\FileHandler' driver.
INFO - 2024-03-28 13:26:31 --> Session: Class initialized using 'CodeIgniter\Session\Handlers\FileHandler' driver.
INFO - 2024-03-28 13:26:31 --> Session: Class initialized using 'CodeIgniter\Session\Handlers\FileHandler' driver.
INFO - 2024-03-28 14:07:42 --> Session: Class initialized using 'CodeIgniter\Session\Handlers\FileHandler' driver.
INFO - 2024-03-28 14:07:43 --> Session: Class initialized using 'CodeIgniter\Session\Handlers\FileHandler' driver.
INFO - 2024-03-28 14:32:01 --> Session: Class initialized using 'CodeIgniter\Session\Handlers\FileHandler' driver.
INFO - 2024-03-28 14:32:05 --> Session: Class initialized using 'CodeIgniter\Session\Handlers\FileHandler' driver.
INFO - 2024-03-28 15:57:43 --> Session: Class initialized using 'CodeIgniter\Session\Handlers\FileHandler' driver.
INFO - 2024-03-28 15:57:48 --> Session: Class initialized using 'CodeIgniter\Session\Handlers\FileHandler' driver.
INFO - 2024-03-28 16:14:16 --> Session: Class initialized using 'CodeIgniter\Session\Handlers\FileHandler' driver.
INFO - 2024-03-28 16:14:17 --> Session: Class initialized using 'CodeIgniter\Session\Handlers\FileHandler' driver.
INFO - 2024-03-28 16:14:34 --> Session: Class initialized using 'CodeIgniter\Session\Handlers\FileHandler' driver.
INFO - 2024-03-28 16:14:38 --> Session: Class initialized using 'CodeIgniter\Session\Handlers\FileHandler' driver.
INFO - 2024-03-28 16:18:04 --> Session: Class initialized using 'CodeIgniter\Session\Handlers\FileHandler' driver.
INFO - 2024-03-28 16:18:14 --> Session: Class initialized using 'CodeIgniter\Session\Handlers\FileHandler' driver.
INFO - 2024-03-28 16:21:26 --> Session: Class initialized using 'CodeIgniter\Session\Handlers\FileHandler' driver.
INFO - 2024-03-28 16:24:13 --> Session: Class initialized using 'CodeIgniter\Session\Handlers\FileHandler' driver.
CRITICAL - 2024-03-28 16:24:13 --> No API key provided.  (HINT: set your API key using "Stripe::setApiKey(<API-KEY>)".  You can generate API keys from the Stripe web interface.  See https://stripe.com/api for details, or email support@stripe.com if you have any questions.
in FCPATH/vendor/stripe/stripe-php/lib/ApiRequestor.php on line 368.
 1 FCPATH/vendor/stripe/stripe-php/lib/ApiRequestor.php(445): Stripe\ApiRequestor->_prepareRequest('get', '/v1/subscriptions/sub_1OyGQnIhlAPV43xDcwXpWdqE', [], [])
 2 FCPATH/vendor/stripe/stripe-php/lib/ApiRequestor.php(123): Stripe\ApiRequestor->_requestRaw('get', '/v1/subscriptions/sub_1OyGQnIhlAPV43xDcwXpWdqE', [], [])
 3 FCPATH/vendor/stripe/stripe-php/lib/ApiResource.php(63): Stripe\ApiRequestor->request('get', '/v1/subscriptions/sub_1OyGQnIhlAPV43xDcwXpWdqE', [], [])
 4 FCPATH/vendor/stripe/stripe-php/lib/ApiOperations/Retrieve.php(26): Stripe\ApiResource->refresh()
 5 APPPATH/Controllers/UserController.php(1152): Stripe\Subscription::retrieve('sub_1OyGQnIhlAPV43xDcwXpWdqE')
 6 SYSTEMPATH/CodeIgniter.php(934): App\Controllers\UserController->UserData()
 7 SYSTEMPATH/CodeIgniter.php(499): CodeIgniter\CodeIgniter->runController(Object(App\Controllers\UserController))
 8 SYSTEMPATH/CodeIgniter.php(368): CodeIgniter\CodeIgniter->handleRequest(null, Object(Config\Cache), false)
 9 FCPATH/index.php(67): CodeIgniter\CodeIgniter->run()
INFO - 2024-03-28 16:26:23 --> Session: Class initialized using 'CodeIgniter\Session\Handlers\FileHandler' driver.
INFO - 2024-03-28 16:34:17 --> Session: Class initialized using 'CodeIgniter\Session\Handlers\FileHandler' driver.
CRITICAL - 2024-03-28 16:34:17 --> Namespace declaration statement has to be the very first statement or after any declare call in the script
in APPPATH/Controllers/UserController.php on line 2.
 1 [internal function]: CodeIgniter\Debug\Exceptions->shutdownHandler()
INFO - 2024-03-28 16:35:24 --> Session: Class initialized using 'CodeIgniter\Session\Handlers\FileHandler' driver.
INFO - 2024-03-28 16:36:47 --> Session: Class initialized using 'CodeIgniter\Session\Handlers\FileHandler' driver.
INFO - 2024-03-28 16:39:13 --> Session: Class initialized using 'CodeIgniter\Session\Handlers\FileHandler' driver.
CRITICAL - 2024-03-28 16:39:13 --> Undefined variable $stripe
in APPPATH/Controllers/UserController.php on line 1152.
 1 APPPATH/Controllers/UserController.php(1152): CodeIgniter\Debug\Exceptions->errorHandler(2, 'Undefined variable $stripe', 'APPPATH/Controllers/UserController.php', 1152)
 2 SYSTEMPATH/CodeIgniter.php(934): App\Controllers\UserController->UserData()
 3 SYSTEMPATH/CodeIgniter.php(499): CodeIgniter\CodeIgniter->runController(Object(App\Controllers\UserController))
 4 SYSTEMPATH/CodeIgniter.php(368): CodeIgniter\CodeIgniter->handleRequest(null, Object(Config\Cache), false)
 5 FCPATH/index.php(67): CodeIgniter\CodeIgniter->run()
INFO - 2024-03-28 16:42:36 --> Session: Class initialized using 'CodeIgniter\Session\Handlers\FileHandler' driver.
CRITICAL - 2024-03-28 16:42:37 --> Invalid subscription_item id: sub_1OyGQnIhlAPV43xDcwXpWdqE
in FCPATH/vendor/stripe/stripe-php/lib/Exception/ApiErrorException.php on line 38.
 1 FCPATH/vendor/stripe/stripe-php/lib/Exception/InvalidRequestException.php(35): Stripe\Exception\ApiErrorException::factory('Invalid subscription_item id: sub_1OyGQnIhlAPV43xDcwXpWdqE', 404, '{
  "error": {
    "message": "Invalid subscription_item id: sub_1OyGQnIhlAPV43xDcwXpWdqE",
    "request_log_url": "https://dashboard.stripe.com/test/logs/req_rKvnZq2ISzIAOH?t=1711644157",
    "type": "invalid_request_error"
  }
}
', [...], Object(Stripe\Util\CaseInsensitiveArray), null)
 2 FCPATH/vendor/stripe/stripe-php/lib/ApiRequestor.php(213): Stripe\Exception\InvalidRequestException::factory('Invalid subscription_item id: sub_1OyGQnIhlAPV43xDcwXpWdqE', 404, '{
  "error": {
    "message": "Invalid subscription_item id: sub_1OyGQnIhlAPV43xDcwXpWdqE",
    "request_log_url": "https://dashboard.stripe.com/test/logs/req_rKvnZq2ISzIAOH?t=1711644157",
    "type": "invalid_request_error"
  }
}
', [...], Object(Stripe\Util\CaseInsensitiveArray), null, null)
 3 FCPATH/vendor/stripe/stripe-php/lib/ApiRequestor.php(175): Stripe\ApiRequestor::_specificAPIError('{
  "error": {
    "message": "Invalid subscription_item id: sub_1OyGQnIhlAPV43xDcwXpWdqE",
    "request_log_url": "https://dashboard.stripe.com/test/logs/req_rKvnZq2ISzIAOH?t=1711644157",
    "type": "invalid_request_error"
  }
}
', 404, Object(Stripe\Util\CaseInsensitiveArray), [...], [...])
 4 FCPATH/vendor/stripe/stripe-php/lib/ApiRequestor.php(556): Stripe\ApiRequestor->handleErrorResponse('{
  "error": {
    "message": "Invalid subscription_item id: sub_1OyGQnIhlAPV43xDcwXpWdqE",
    "request_log_url": "https://dashboard.stripe.com/test/logs/req_rKvnZq2ISzIAOH?t=1711644157",
    "type": "invalid_request_error"
  }
}
', 404, Object(Stripe\Util\CaseInsensitiveArray), [...])
 5 FCPATH/vendor/stripe/stripe-php/lib/ApiRequestor.php(124): Stripe\ApiRequestor->_interpretResponse('{
  "error": {
    "message": "Invalid subscription_item id: sub_1OyGQnIhlAPV43xDcwXpWdqE",
    "request_log_url": "https://dashboard.stripe.com/test/logs/req_rKvnZq2ISzIAOH?t=1711644157",
    "type": "invalid_request_error"
  }
}
', 404, Object(Stripe\Util\CaseInsensitiveArray))
 6 FCPATH/vendor/stripe/stripe-php/lib/BaseStripeClient.php(145): Stripe\ApiRequestor->request('post', '/v1/subscription_items/sub_1OyGQnIhlAPV43xDcwXpWdqE', [...], [...])
 7 FCPATH/vendor/stripe/stripe-php/lib/Service/AbstractService.php(75): Stripe\BaseStripeClient->request('post', '/v1/subscription_items/sub_1OyGQnIhlAPV43xDcwXpWdqE', [...], Object(Stripe\Util\RequestOptions))
 8 FCPATH/vendor/stripe/stripe-php/lib/Service/SubscriptionItemService.php(149): Stripe\Service\AbstractService->request('post', '/v1/subscription_items/sub_1OyGQnIhlAPV43xDcwXpWdqE', [...], null)
 9 APPPATH/Controllers/UserController.php(1153): Stripe\Service\SubscriptionItemService->update('sub_1OyGQnIhlAPV43xDcwXpWdqE', [...])
10 SYSTEMPATH/CodeIgniter.php(934): App\Controllers\UserController->UserData()
11 SYSTEMPATH/CodeIgniter.php(499): CodeIgniter\CodeIgniter->runController(Object(App\Controllers\UserController))
12 SYSTEMPATH/CodeIgniter.php(368): CodeIgniter\CodeIgniter->handleRequest(null, Object(Config\Cache), false)
13 FCPATH/index.php(67): CodeIgniter\CodeIgniter->run()
INFO - 2024-03-28 16:44:28 --> Session: Class initialized using 'CodeIgniter\Session\Handlers\FileHandler' driver.
CRITICAL - 2024-03-28 16:44:28 --> No API key provided.  (HINT: set your API key using "Stripe::setApiKey(<API-KEY>)".  You can generate API keys from the Stripe web interface.  See https://stripe.com/api for details, or email support@stripe.com if you have any questions.
in FCPATH/vendor/stripe/stripe-php/lib/ApiRequestor.php on line 368.
 1 FCPATH/vendor/stripe/stripe-php/lib/ApiRequestor.php(445): Stripe\ApiRequestor->_prepareRequest('get', '/v1/subscriptions/sub_1OyGQnIhlAPV43xDcwXpWdqE', [], [])
 2 FCPATH/vendor/stripe/stripe-php/lib/ApiRequestor.php(123): Stripe\ApiRequestor->_requestRaw('get', '/v1/subscriptions/sub_1OyGQnIhlAPV43xDcwXpWdqE', [], [])
 3 FCPATH/vendor/stripe/stripe-php/lib/ApiResource.php(63): Stripe\ApiRequestor->request('get', '/v1/subscriptions/sub_1OyGQnIhlAPV43xDcwXpWdqE', [], [])
 4 FCPATH/vendor/stripe/stripe-php/lib/ApiOperations/Retrieve.php(26): Stripe\ApiResource->refresh()
 5 APPPATH/Controllers/UserController.php(1160): Stripe\Subscription::retrieve('sub_1OyGQnIhlAPV43xDcwXpWdqE')
 6 SYSTEMPATH/CodeIgniter.php(934): App\Controllers\UserController->UserData()
 7 SYSTEMPATH/CodeIgniter.php(499): CodeIgniter\CodeIgniter->runController(Object(App\Controllers\UserController))
 8 SYSTEMPATH/CodeIgniter.php(368): CodeIgniter\CodeIgniter->handleRequest(null, Object(Config\Cache), false)
 9 FCPATH/index.php(67): CodeIgniter\CodeIgniter->run()
INFO - 2024-03-28 16:44:55 --> Session: Class initialized using 'CodeIgniter\Session\Handlers\FileHandler' driver.
INFO - 2024-03-28 16:44:56 --> Session: Class initialized using 'CodeIgniter\Session\Handlers\FileHandler' driver.
INFO - 2024-03-28 16:45:06 --> Session: Class initialized using 'CodeIgniter\Session\Handlers\FileHandler' driver.
INFO - 2024-03-28 16:48:26 --> Session: Class initialized using 'CodeIgniter\Session\Handlers\FileHandler' driver.
CRITICAL - 2024-03-28 16:48:26 --> No API key provided.  (HINT: set your API key using "Stripe::setApiKey(<API-KEY>)".  You can generate API keys from the Stripe web interface.  See https://stripe.com/api for details, or email support@stripe.com if you have any questions.
in FCPATH/vendor/stripe/stripe-php/lib/ApiRequestor.php on line 368.
 1 FCPATH/vendor/stripe/stripe-php/lib/ApiRequestor.php(445): Stripe\ApiRequestor->_prepareRequest('get', '/v1/plans/plan_PnsBcEIUkdEMpP', [], [])
 2 FCPATH/vendor/stripe/stripe-php/lib/ApiRequestor.php(123): Stripe\ApiRequestor->_requestRaw('get', '/v1/plans/plan_PnsBcEIUkdEMpP', [], [])
 3 FCPATH/vendor/stripe/stripe-php/lib/ApiResource.php(63): Stripe\ApiRequestor->request('get', '/v1/plans/plan_PnsBcEIUkdEMpP', [], [])
 4 FCPATH/vendor/stripe/stripe-php/lib/ApiOperations/Retrieve.php(26): Stripe\ApiResource->refresh()
 5 APPPATH/Controllers/UserController.php(1152): Stripe\Plan::retrieve('plan_PnsBcEIUkdEMpP')
 6 SYSTEMPATH/CodeIgniter.php(934): App\Controllers\UserController->UserData()
 7 SYSTEMPATH/CodeIgniter.php(499): CodeIgniter\CodeIgniter->runController(Object(App\Controllers\UserController))
 8 SYSTEMPATH/CodeIgniter.php(368): CodeIgniter\CodeIgniter->handleRequest(null, Object(Config\Cache), false)
 9 FCPATH/index.php(67): CodeIgniter\CodeIgniter->run()
INFO - 2024-03-28 16:49:07 --> Session: Class initialized using 'CodeIgniter\Session\Handlers\FileHandler' driver.
CRITICAL - 2024-03-28 16:49:08 --> Received unknown parameter: amount
in FCPATH/vendor/stripe/stripe-php/lib/Exception/ApiErrorException.php on line 38.
 1 FCPATH/vendor/stripe/stripe-php/lib/Exception/InvalidRequestException.php(35): Stripe\Exception\ApiErrorException::factory('Received unknown parameter: amount', 400, '{
  "error": {
    "code": "parameter_unknown",
    "doc_url": "https://stripe.com/docs/error-codes/parameter-unknown",
    "message": "Received unknown parameter: amount",
    "param": "amount",
    "request_log_url": "https://dashboard.stripe.com/test/logs/req_Tfig46mR7bUSE5?t=1711644548",
    "type": "invalid_request_error"
  }
}
', [...], Object(Stripe\Util\CaseInsensitiveArray), 'parameter_unknown')
 2 FCPATH/vendor/stripe/stripe-php/lib/ApiRequestor.php(213): Stripe\Exception\InvalidRequestException::factory('Received unknown parameter: amount', 400, '{
  "error": {
    "code": "parameter_unknown",
    "doc_url": "https://stripe.com/docs/error-codes/parameter-unknown",
    "message": "Received unknown parameter: amount",
    "param": "amount",
    "request_log_url": "https://dashboard.stripe.com/test/logs/req_Tfig46mR7bUSE5?t=1711644548",
    "type": "invalid_request_error"
  }
}
', [...], Object(Stripe\Util\CaseInsensitiveArray), 'parameter_unknown', 'amount')
 3 FCPATH/vendor/stripe/stripe-php/lib/ApiRequestor.php(175): Stripe\ApiRequestor::_specificAPIError('{
  "error": {
    "code": "parameter_unknown",
    "doc_url": "https://stripe.com/docs/error-codes/parameter-unknown",
    "message": "Received unknown parameter: amount",
    "param": "amount",
    "request_log_url": "https://dashboard.stripe.com/test/logs/req_Tfig46mR7bUSE5?t=1711644548",
    "type": "invalid_request_error"
  }
}
', 400, Object(Stripe\Util\CaseInsensitiveArray), [...], [...])
 4 FCPATH/vendor/stripe/stripe-php/lib/ApiRequestor.php(556): Stripe\ApiRequestor->handleErrorResponse('{
  "error": {
    "code": "parameter_unknown",
    "doc_url": "https://stripe.com/docs/error-codes/parameter-unknown",
    "message": "Received unknown parameter: amount",
    "param": "amount",
    "request_log_url": "https://dashboard.stripe.com/test/logs/req_Tfig46mR7bUSE5?t=1711644548",
    "type": "invalid_request_error"
  }
}
', 400, Object(Stripe\Util\CaseInsensitiveArray), [...])
 5 FCPATH/vendor/stripe/stripe-php/lib/ApiRequestor.php(124): Stripe\ApiRequestor->_interpretResponse('{
  "error": {
    "code": "parameter_unknown",
    "doc_url": "https://stripe.com/docs/error-codes/parameter-unknown",
    "message": "Received unknown parameter: amount",
    "param": "amount",
    "request_log_url": "https://dashboard.stripe.com/test/logs/req_Tfig46mR7bUSE5?t=1711644548",
    "type": "invalid_request_error"
  }
}
', 400, Object(Stripe\Util\CaseInsensitiveArray))
 6 FCPATH/vendor/stripe/stripe-php/lib/ApiOperations/Request.php(78): Stripe\ApiRequestor->request('post', '/v1/plans/plan_PnsBcEIUkdEMpP', [...], [])
 7 FCPATH/vendor/stripe/stripe-php/lib/ApiOperations/Request.php(42): Stripe\ApiResource::_staticRequest('post', '/v1/plans/plan_PnsBcEIUkdEMpP', [...], Object(Stripe\Util\RequestOptions))
 8 FCPATH/vendor/stripe/stripe-php/lib/ApiOperations/Update.php(50): Stripe\ApiResource->_request('post', '/v1/plans/plan_PnsBcEIUkdEMpP', [...], null)
 9 APPPATH/Controllers/UserController.php(1162): Stripe\Plan->save()
10 SYSTEMPATH/CodeIgniter.php(934): App\Controllers\UserController->UserData()
11 SYSTEMPATH/CodeIgniter.php(499): CodeIgniter\CodeIgniter->runController(Object(App\Controllers\UserController))
12 SYSTEMPATH/CodeIgniter.php(368): CodeIgniter\CodeIgniter->handleRequest(null, Object(Config\Cache), false)
13 FCPATH/index.php(67): CodeIgniter\CodeIgniter->run()
INFO - 2024-03-28 16:52:00 --> Session: Class initialized using 'CodeIgniter\Session\Handlers\FileHandler' driver.
CRITICAL - 2024-03-28 16:52:00 --> Undefined variable $existingPlan
in APPPATH/Controllers/UserController.php on line 1152.
 1 APPPATH/Controllers/UserController.php(1152): CodeIgniter\Debug\Exceptions->errorHandler(2, 'Undefined variable $existingPlan', 'APPPATH/Controllers/UserController.php', 1152)
 2 SYSTEMPATH/CodeIgniter.php(934): App\Controllers\UserController->UserData()
 3 SYSTEMPATH/CodeIgniter.php(499): CodeIgniter\CodeIgniter->runController(Object(App\Controllers\UserController))
 4 SYSTEMPATH/CodeIgniter.php(368): CodeIgniter\CodeIgniter->handleRequest(null, Object(Config\Cache), false)
 5 FCPATH/index.php(67): CodeIgniter\CodeIgniter->run()
INFO - 2024-03-28 16:53:07 --> Session: Class initialized using 'CodeIgniter\Session\Handlers\FileHandler' driver.
CRITICAL - 2024-03-28 16:53:07 --> Call to undefined method Stripe\Collection::each()
in APPPATH/Controllers/UserController.php on line 1170.
 1 SYSTEMPATH/CodeIgniter.php(934): App\Controllers\UserController->UserData()
 2 SYSTEMPATH/CodeIgniter.php(499): CodeIgniter\CodeIgniter->runController(Object(App\Controllers\UserController))
 3 SYSTEMPATH/CodeIgniter.php(368): CodeIgniter\CodeIgniter->handleRequest(null, Object(Config\Cache), false)
 4 FCPATH/index.php(67): CodeIgniter\CodeIgniter->run()
INFO - 2024-03-28 16:57:11 --> Session: Class initialized using 'CodeIgniter\Session\Handlers\FileHandler' driver.
CRITICAL - 2024-03-28 16:57:11 --> Invalid subscription_item id: sub_1OyGQnIhlAPV43xDcwXpWdqE
in FCPATH/vendor/stripe/stripe-php/lib/Exception/ApiErrorException.php on line 38.
 1 FCPATH/vendor/stripe/stripe-php/lib/Exception/InvalidRequestException.php(35): Stripe\Exception\ApiErrorException::factory('Invalid subscription_item id: sub_1OyGQnIhlAPV43xDcwXpWdqE', 404, '{
  "error": {
    "message": "Invalid subscription_item id: sub_1OyGQnIhlAPV43xDcwXpWdqE",
    "request_log_url": "https://dashboard.stripe.com/test/logs/req_KENFA78F2Vt1Kg?t=1711645031",
    "type": "invalid_request_error"
  }
}
', [...], Object(Stripe\Util\CaseInsensitiveArray), null)
 2 FCPATH/vendor/stripe/stripe-php/lib/ApiRequestor.php(213): Stripe\Exception\InvalidRequestException::factory('Invalid subscription_item id: sub_1OyGQnIhlAPV43xDcwXpWdqE', 404, '{
  "error": {
    "message": "Invalid subscription_item id: sub_1OyGQnIhlAPV43xDcwXpWdqE",
    "request_log_url": "https://dashboard.stripe.com/test/logs/req_KENFA78F2Vt1Kg?t=1711645031",
    "type": "invalid_request_error"
  }
}
', [...], Object(Stripe\Util\CaseInsensitiveArray), null, null)
 3 FCPATH/vendor/stripe/stripe-php/lib/ApiRequestor.php(175): Stripe\ApiRequestor::_specificAPIError('{
  "error": {
    "message": "Invalid subscription_item id: sub_1OyGQnIhlAPV43xDcwXpWdqE",
    "request_log_url": "https://dashboard.stripe.com/test/logs/req_KENFA78F2Vt1Kg?t=1711645031",
    "type": "invalid_request_error"
  }
}
', 404, Object(Stripe\Util\CaseInsensitiveArray), [...], [...])
 4 FCPATH/vendor/stripe/stripe-php/lib/ApiRequestor.php(556): Stripe\ApiRequestor->handleErrorResponse('{
  "error": {
    "message": "Invalid subscription_item id: sub_1OyGQnIhlAPV43xDcwXpWdqE",
    "request_log_url": "https://dashboard.stripe.com/test/logs/req_KENFA78F2Vt1Kg?t=1711645031",
    "type": "invalid_request_error"
  }
}
', 404, Object(Stripe\Util\CaseInsensitiveArray), [...])
 5 FCPATH/vendor/stripe/stripe-php/lib/ApiRequestor.php(124): Stripe\ApiRequestor->_interpretResponse('{
  "error": {
    "message": "Invalid subscription_item id: sub_1OyGQnIhlAPV43xDcwXpWdqE",
    "request_log_url": "https://dashboard.stripe.com/test/logs/req_KENFA78F2Vt1Kg?t=1711645031",
    "type": "invalid_request_error"
  }
}
', 404, Object(Stripe\Util\CaseInsensitiveArray))
 6 FCPATH/vendor/stripe/stripe-php/lib/BaseStripeClient.php(145): Stripe\ApiRequestor->request('post', '/v1/subscription_items/sub_1OyGQnIhlAPV43xDcwXpWdqE', [...], [...])
 7 FCPATH/vendor/stripe/stripe-php/lib/Service/AbstractService.php(75): Stripe\BaseStripeClient->request('post', '/v1/subscription_items/sub_1OyGQnIhlAPV43xDcwXpWdqE', [...], Object(Stripe\Util\RequestOptions))
 8 FCPATH/vendor/stripe/stripe-php/lib/Service/SubscriptionItemService.php(149): Stripe\Service\AbstractService->request('post', '/v1/subscription_items/sub_1OyGQnIhlAPV43xDcwXpWdqE', [...], null)
 9 APPPATH/Controllers/UserController.php(1153): Stripe\Service\SubscriptionItemService->update('sub_1OyGQnIhlAPV43xDcwXpWdqE', [...])
10 SYSTEMPATH/CodeIgniter.php(934): App\Controllers\UserController->UserData()
11 SYSTEMPATH/CodeIgniter.php(499): CodeIgniter\CodeIgniter->runController(Object(App\Controllers\UserController))
12 SYSTEMPATH/CodeIgniter.php(368): CodeIgniter\CodeIgniter->handleRequest(null, Object(Config\Cache), false)
13 FCPATH/index.php(67): CodeIgniter\CodeIgniter->run()
INFO - 2024-03-28 16:59:50 --> Session: Class initialized using 'CodeIgniter\Session\Handlers\FileHandler' driver.
INFO - 2024-03-28 17:03:02 --> Session: Class initialized using 'CodeIgniter\Session\Handlers\FileHandler' driver.
INFO - 2024-03-28 17:04:17 --> Session: Class initialized using 'CodeIgniter\Session\Handlers\FileHandler' driver.
CRITICAL - 2024-03-28 17:04:17 --> The `price` parameter should be the ID of a price object, rather than the literal numerical price. Please see https://stripe.com/docs/billing/prices-guide#create-prices for more information about how to set up price objects.
in FCPATH/vendor/stripe/stripe-php/lib/Exception/ApiErrorException.php on line 38.
 1 FCPATH/vendor/stripe/stripe-php/lib/Exception/InvalidRequestException.php(35): Stripe\Exception\ApiErrorException::factory('The `price` parameter should be the ID of a price object, rather than the literal numerical price. Please see https://stripe.com/docs/billing/prices-guide#create-prices for more information about how to set up price objects.', 400, '{
  "error": {
    "message": "The `price` parameter should be the ID of a price object, rather than the literal numerical price. Please see https://stripe.com/docs/billing/prices-guide#create-prices for more information about how to set up price objects.",
    "param": "price",
    "request_log_url": "https://dashboard.stripe.com/test/logs/req_sHwJ2J6Dgw5VJn?t=1711645457",
    "type": "invalid_request_error"
  }
}
', [...], Object(Stripe\Util\CaseInsensitiveArray), null)
 2 FCPATH/vendor/stripe/stripe-php/lib/ApiRequestor.php(213): Stripe\Exception\InvalidRequestException::factory('The `price` parameter should be the ID of a price object, rather than the literal numerical price. Please see https://stripe.com/docs/billing/prices-guide#create-prices for more information about how to set up price objects.', 400, '{
  "error": {
    "message": "The `price` parameter should be the ID of a price object, rather than the literal numerical price. Please see https://stripe.com/docs/billing/prices-guide#create-prices for more information about how to set up price objects.",
    "param": "price",
    "request_log_url": "https://dashboard.stripe.com/test/logs/req_sHwJ2J6Dgw5VJn?t=1711645457",
    "type": "invalid_request_error"
  }
}
', [...], Object(Stripe\Util\CaseInsensitiveArray), null, 'price')
 3 FCPATH/vendor/stripe/stripe-php/lib/ApiRequestor.php(175): Stripe\ApiRequestor::_specificAPIError('{
  "error": {
    "message": "The `price` parameter should be the ID of a price object, rather than the literal numerical price. Please see https://stripe.com/docs/billing/prices-guide#create-prices for more information about how to set up price objects.",
    "param": "price",
    "request_log_url": "https://dashboard.stripe.com/test/logs/req_sHwJ2J6Dgw5VJn?t=1711645457",
    "type": "invalid_request_error"
  }
}
', 400, Object(Stripe\Util\CaseInsensitiveArray), [...], [...])
 4 FCPATH/vendor/stripe/stripe-php/lib/ApiRequestor.php(556): Stripe\ApiRequestor->handleErrorResponse('{
  "error": {
    "message": "The `price` parameter should be the ID of a price object, rather than the literal numerical price. Please see https://stripe.com/docs/billing/prices-guide#create-prices for more information about how to set up price objects.",
    "param": "price",
    "request_log_url": "https://dashboard.stripe.com/test/logs/req_sHwJ2J6Dgw5VJn?t=1711645457",
    "type": "invalid_request_error"
  }
}
', 400, Object(Stripe\Util\CaseInsensitiveArray), [...])
 5 FCPATH/vendor/stripe/stripe-php/lib/ApiRequestor.php(124): Stripe\ApiRequestor->_interpretResponse('{
  "error": {
    "message": "The `price` parameter should be the ID of a price object, rather than the literal numerical price. Please see https://stripe.com/docs/billing/prices-guide#create-prices for more information about how to set up price objects.",
    "param": "price",
    "request_log_url": "https://dashboard.stripe.com/test/logs/req_sHwJ2J6Dgw5VJn?t=1711645457",
    "type": "invalid_request_error"
  }
}
', 400, Object(Stripe\Util\CaseInsensitiveArray))
 6 FCPATH/vendor/stripe/stripe-php/lib/BaseStripeClient.php(145): Stripe\ApiRequestor->request('post', '/v1/subscription_items/si_PnsBoqCxb1RF6B', [...], [...])
 7 FCPATH/vendor/stripe/stripe-php/lib/Service/AbstractService.php(75): Stripe\BaseStripeClient->request('post', '/v1/subscription_items/si_PnsBoqCxb1RF6B', [...], Object(Stripe\Util\RequestOptions))
 8 FCPATH/vendor/stripe/stripe-php/lib/Service/SubscriptionItemService.php(149): Stripe\Service\AbstractService->request('post', '/v1/subscription_items/si_PnsBoqCxb1RF6B', [...], null)
 9 APPPATH/Controllers/UserController.php(1153): Stripe\Service\SubscriptionItemService->update('si_PnsBoqCxb1RF6B', [...])
10 SYSTEMPATH/CodeIgniter.php(934): App\Controllers\UserController->UserData()
11 SYSTEMPATH/CodeIgniter.php(499): CodeIgniter\CodeIgniter->runController(Object(App\Controllers\UserController))
12 SYSTEMPATH/CodeIgniter.php(368): CodeIgniter\CodeIgniter->handleRequest(null, Object(Config\Cache), false)
13 FCPATH/index.php(67): CodeIgniter\CodeIgniter->run()
INFO - 2024-03-28 17:06:51 --> Session: Class initialized using 'CodeIgniter\Session\Handlers\FileHandler' driver.
CRITICAL - 2024-03-28 17:06:52 --> The `price` parameter should be the ID of a price object, rather than the literal numerical price. Please see https://stripe.com/docs/billing/prices-guide#create-prices for more information about how to set up price objects.
in FCPATH/vendor/stripe/stripe-php/lib/Exception/ApiErrorException.php on line 38.
 1 FCPATH/vendor/stripe/stripe-php/lib/Exception/InvalidRequestException.php(35): Stripe\Exception\ApiErrorException::factory('The `price` parameter should be the ID of a price object, rather than the literal numerical price. Please see https://stripe.com/docs/billing/prices-guide#create-prices for more information about how to set up price objects.', 400, '{
  "error": {
    "message": "The `price` parameter should be the ID of a price object, rather than the literal numerical price. Please see https://stripe.com/docs/billing/prices-guide#create-prices for more information about how to set up price objects.",
    "param": "price",
    "request_log_url": "https://dashboard.stripe.com/test/logs/req_0pxZFRZa7rhWEx?t=1711645612",
    "type": "invalid_request_error"
  }
}
', [...], Object(Stripe\Util\CaseInsensitiveArray), null)
 2 FCPATH/vendor/stripe/stripe-php/lib/ApiRequestor.php(213): Stripe\Exception\InvalidRequestException::factory('The `price` parameter should be the ID of a price object, rather than the literal numerical price. Please see https://stripe.com/docs/billing/prices-guide#create-prices for more information about how to set up price objects.', 400, '{
  "error": {
    "message": "The `price` parameter should be the ID of a price object, rather than the literal numerical price. Please see https://stripe.com/docs/billing/prices-guide#create-prices for more information about how to set up price objects.",
    "param": "price",
    "request_log_url": "https://dashboard.stripe.com/test/logs/req_0pxZFRZa7rhWEx?t=1711645612",
    "type": "invalid_request_error"
  }
}
', [...], Object(Stripe\Util\CaseInsensitiveArray), null, 'price')
 3 FCPATH/vendor/stripe/stripe-php/lib/ApiRequestor.php(175): Stripe\ApiRequestor::_specificAPIError('{
  "error": {
    "message": "The `price` parameter should be the ID of a price object, rather than the literal numerical price. Please see https://stripe.com/docs/billing/prices-guide#create-prices for more information about how to set up price objects.",
    "param": "price",
    "request_log_url": "https://dashboard.stripe.com/test/logs/req_0pxZFRZa7rhWEx?t=1711645612",
    "type": "invalid_request_error"
  }
}
', 400, Object(Stripe\Util\CaseInsensitiveArray), [...], [...])
 4 FCPATH/vendor/stripe/stripe-php/lib/ApiRequestor.php(556): Stripe\ApiRequestor->handleErrorResponse('{
  "error": {
    "message": "The `price` parameter should be the ID of a price object, rather than the literal numerical price. Please see https://stripe.com/docs/billing/prices-guide#create-prices for more information about how to set up price objects.",
    "param": "price",
    "request_log_url": "https://dashboard.stripe.com/test/logs/req_0pxZFRZa7rhWEx?t=1711645612",
    "type": "invalid_request_error"
  }
}
', 400, Object(Stripe\Util\CaseInsensitiveArray), [...])
 5 FCPATH/vendor/stripe/stripe-php/lib/ApiRequestor.php(124): Stripe\ApiRequestor->_interpretResponse('{
  "error": {
    "message": "The `price` parameter should be the ID of a price object, rather than the literal numerical price. Please see https://stripe.com/docs/billing/prices-guide#create-prices for more information about how to set up price objects.",
    "param": "price",
    "request_log_url": "https://dashboard.stripe.com/test/logs/req_0pxZFRZa7rhWEx?t=1711645612",
    "type": "invalid_request_error"
  }
}
', 400, Object(Stripe\Util\CaseInsensitiveArray))
 6 FCPATH/vendor/stripe/stripe-php/lib/BaseStripeClient.php(145): Stripe\ApiRequestor->request('post', '/v1/subscription_items/si_PnsBoqCxb1RF6B', [...], [...])
 7 FCPATH/vendor/stripe/stripe-php/lib/Service/AbstractService.php(75): Stripe\BaseStripeClient->request('post', '/v1/subscription_items/si_PnsBoqCxb1RF6B', [...], Object(Stripe\Util\RequestOptions))
 8 FCPATH/vendor/stripe/stripe-php/lib/Service/SubscriptionItemService.php(149): Stripe\Service\AbstractService->request('post', '/v1/subscription_items/si_PnsBoqCxb1RF6B', [...], null)
 9 APPPATH/Controllers/UserController.php(1153): Stripe\Service\SubscriptionItemService->update('si_PnsBoqCxb1RF6B', [...])
10 SYSTEMPATH/CodeIgniter.php(934): App\Controllers\UserController->UserData()
11 SYSTEMPATH/CodeIgniter.php(499): CodeIgniter\CodeIgniter->runController(Object(App\Controllers\UserController))
12 SYSTEMPATH/CodeIgniter.php(368): CodeIgniter\CodeIgniter->handleRequest(null, Object(Config\Cache), false)
13 FCPATH/index.php(67): CodeIgniter\CodeIgniter->run()
INFO - 2024-03-28 17:10:18 --> Session: Class initialized using 'CodeIgniter\Session\Handlers\FileHandler' driver.
CRITICAL - 2024-03-28 17:10:18 --> The `price` parameter should be the ID of a price object, rather than the literal numerical price. Please see https://stripe.com/docs/billing/prices-guide#create-prices for more information about how to set up price objects.
in FCPATH/vendor/stripe/stripe-php/lib/Exception/ApiErrorException.php on line 38.
 1 FCPATH/vendor/stripe/stripe-php/lib/Exception/InvalidRequestException.php(35): Stripe\Exception\ApiErrorException::factory('The `price` parameter should be the ID of a price object, rather than the literal numerical price. Please see https://stripe.com/docs/billing/prices-guide#create-prices for more information about how to set up price objects.', 400, '{
  "error": {
    "message": "The `price` parameter should be the ID of a price object, rather than the literal numerical price. Please see https://stripe.com/docs/billing/prices-guide#create-prices for more information about how to set up price objects.",
    "param": "price",
    "request_log_url": "https://dashboard.stripe.com/test/logs/req_QgG5kodhRwXHCQ?t=1711645818",
    "type": "invalid_request_error"
  }
}
', [...], Object(Stripe\Util\CaseInsensitiveArray), null)
 2 FCPATH/vendor/stripe/stripe-php/lib/ApiRequestor.php(213): Stripe\Exception\InvalidRequestException::factory('The `price` parameter should be the ID of a price object, rather than the literal numerical price. Please see https://stripe.com/docs/billing/prices-guide#create-prices for more information about how to set up price objects.', 400, '{
  "error": {
    "message": "The `price` parameter should be the ID of a price object, rather than the literal numerical price. Please see https://stripe.com/docs/billing/prices-guide#create-prices for more information about how to set up price objects.",
    "param": "price",
    "request_log_url": "https://dashboard.stripe.com/test/logs/req_QgG5kodhRwXHCQ?t=1711645818",
    "type": "invalid_request_error"
  }
}
', [...], Object(Stripe\Util\CaseInsensitiveArray), null, 'price')
 3 FCPATH/vendor/stripe/stripe-php/lib/ApiRequestor.php(175): Stripe\ApiRequestor::_specificAPIError('{
  "error": {
    "message": "The `price` parameter should be the ID of a price object, rather than the literal numerical price. Please see https://stripe.com/docs/billing/prices-guide#create-prices for more information about how to set up price objects.",
    "param": "price",
    "request_log_url": "https://dashboard.stripe.com/test/logs/req_QgG5kodhRwXHCQ?t=1711645818",
    "type": "invalid_request_error"
  }
}
', 400, Object(Stripe\Util\CaseInsensitiveArray), [...], [...])
 4 FCPATH/vendor/stripe/stripe-php/lib/ApiRequestor.php(556): Stripe\ApiRequestor->handleErrorResponse('{
  "error": {
    "message": "The `price` parameter should be the ID of a price object, rather than the literal numerical price. Please see https://stripe.com/docs/billing/prices-guide#create-prices for more information about how to set up price objects.",
    "param": "price",
    "request_log_url": "https://dashboard.stripe.com/test/logs/req_QgG5kodhRwXHCQ?t=1711645818",
    "type": "invalid_request_error"
  }
}
', 400, Object(Stripe\Util\CaseInsensitiveArray), [...])
 5 FCPATH/vendor/stripe/stripe-php/lib/ApiRequestor.php(124): Stripe\ApiRequestor->_interpretResponse('{
  "error": {
    "message": "The `price` parameter should be the ID of a price object, rather than the literal numerical price. Please see https://stripe.com/docs/billing/prices-guide#create-prices for more information about how to set up price objects.",
    "param": "price",
    "request_log_url": "https://dashboard.stripe.com/test/logs/req_QgG5kodhRwXHCQ?t=1711645818",
    "type": "invalid_request_error"
  }
}
', 400, Object(Stripe\Util\CaseInsensitiveArray))
 6 FCPATH/vendor/stripe/stripe-php/lib/BaseStripeClient.php(145): Stripe\ApiRequestor->request('post', '/v1/subscription_items/si_PnsBoqCxb1RF6B', [...], [...])
 7 FCPATH/vendor/stripe/stripe-php/lib/Service/AbstractService.php(75): Stripe\BaseStripeClient->request('post', '/v1/subscription_items/si_PnsBoqCxb1RF6B', [...], Object(Stripe\Util\RequestOptions))
 8 FCPATH/vendor/stripe/stripe-php/lib/Service/SubscriptionItemService.php(149): Stripe\Service\AbstractService->request('post', '/v1/subscription_items/si_PnsBoqCxb1RF6B', [...], null)
 9 APPPATH/Controllers/UserController.php(1153): Stripe\Service\SubscriptionItemService->update('si_PnsBoqCxb1RF6B', [...])
10 SYSTEMPATH/CodeIgniter.php(934): App\Controllers\UserController->UserData()
11 SYSTEMPATH/CodeIgniter.php(499): CodeIgniter\CodeIgniter->runController(Object(App\Controllers\UserController))
12 SYSTEMPATH/CodeIgniter.php(368): CodeIgniter\CodeIgniter->handleRequest(null, Object(Config\Cache), false)
13 FCPATH/index.php(67): CodeIgniter\CodeIgniter->run()
INFO - 2024-03-28 17:11:26 --> Session: Class initialized using 'CodeIgniter\Session\Handlers\FileHandler' driver.
INFO - 2024-03-28 17:11:31 --> Session: Class initialized using 'CodeIgniter\Session\Handlers\FileHandler' driver.
INFO - 2024-03-28 17:15:14 --> Session: Class initialized using 'CodeIgniter\Session\Handlers\FileHandler' driver.
CRITICAL - 2024-03-28 17:15:14 --> Undefined variable $stripe
in APPPATH/Controllers/UserController.php on line 1156.
 1 APPPATH/Controllers/UserController.php(1156): CodeIgniter\Debug\Exceptions->errorHandler(2, 'Undefined variable $stripe', 'APPPATH/Controllers/UserController.php', 1156)
 2 SYSTEMPATH/CodeIgniter.php(934): App\Controllers\UserController->UserData()
 3 SYSTEMPATH/CodeIgniter.php(499): CodeIgniter\CodeIgniter->runController(Object(App\Controllers\UserController))
 4 SYSTEMPATH/CodeIgniter.php(368): CodeIgniter\CodeIgniter->handleRequest(null, Object(Config\Cache), false)
 5 FCPATH/index.php(67): CodeIgniter\CodeIgniter->run()
INFO - 2024-03-28 17:16:29 --> Session: Class initialized using 'CodeIgniter\Session\Handlers\FileHandler' driver.
INFO - 2024-03-28 17:17:14 --> Session: Class initialized using 'CodeIgniter\Session\Handlers\FileHandler' driver.
INFO - 2024-03-28 17:18:14 --> Session: Class initialized using 'CodeIgniter\Session\Handlers\FileHandler' driver.
CRITICAL - 2024-03-28 17:18:14 --> No API key provided.  (HINT: set your API key using "Stripe::setApiKey(<API-KEY>)".  You can generate API keys from the Stripe web interface.  See https://stripe.com/api for details, or email support@stripe.com if you have any questions.
in FCPATH/vendor/stripe/stripe-php/lib/ApiRequestor.php on line 368.
 1 FCPATH/vendor/stripe/stripe-php/lib/ApiRequestor.php(445): Stripe\ApiRequestor->_prepareRequest('get', '/v1/subscriptions/sub_1OyGQnIhlAPV43xDcwXpWdqE', [], [])
 2 FCPATH/vendor/stripe/stripe-php/lib/ApiRequestor.php(123): Stripe\ApiRequestor->_requestRaw('get', '/v1/subscriptions/sub_1OyGQnIhlAPV43xDcwXpWdqE', [], [])
 3 FCPATH/vendor/stripe/stripe-php/lib/ApiResource.php(63): Stripe\ApiRequestor->request('get', '/v1/subscriptions/sub_1OyGQnIhlAPV43xDcwXpWdqE', [], [])
 4 FCPATH/vendor/stripe/stripe-php/lib/ApiOperations/Retrieve.php(26): Stripe\ApiResource->refresh()
 5 APPPATH/Controllers/UserController.php(1189): Stripe\Subscription::retrieve('sub_1OyGQnIhlAPV43xDcwXpWdqE')
 6 SYSTEMPATH/CodeIgniter.php(934): App\Controllers\UserController->UserData()
 7 SYSTEMPATH/CodeIgniter.php(499): CodeIgniter\CodeIgniter->runController(Object(App\Controllers\UserController))
 8 SYSTEMPATH/CodeIgniter.php(368): CodeIgniter\CodeIgniter->handleRequest(null, Object(Config\Cache), false)
 9 FCPATH/index.php(67): CodeIgniter\CodeIgniter->run()
INFO - 2024-03-28 17:22:49 --> Session: Class initialized using 'CodeIgniter\Session\Handlers\FileHandler' driver.
CRITICAL - 2024-03-28 17:22:50 --> Call to undefined method Stripe\StripeClient::retrieve()
in APPPATH/Controllers/UserController.php on line 1188.
 1 SYSTEMPATH/CodeIgniter.php(934): App\Controllers\UserController->UserData()
 2 SYSTEMPATH/CodeIgniter.php(499): CodeIgniter\CodeIgniter->runController(Object(App\Controllers\UserController))
 3 SYSTEMPATH/CodeIgniter.php(368): CodeIgniter\CodeIgniter->handleRequest(null, Object(Config\Cache), false)
 4 FCPATH/index.php(67): CodeIgniter\CodeIgniter->run()
INFO - 2024-03-28 17:24:25 --> Session: Class initialized using 'CodeIgniter\Session\Handlers\FileHandler' driver.
INFO - 2024-03-28 17:26:21 --> Session: Class initialized using 'CodeIgniter\Session\Handlers\FileHandler' driver.
INFO - 2024-03-28 17:27:09 --> Session: Class initialized using 'CodeIgniter\Session\Handlers\FileHandler' driver.
INFO - 2024-03-28 17:29:02 --> Session: Class initialized using 'CodeIgniter\Session\Handlers\FileHandler' driver.
INFO - 2024-03-28 17:29:44 --> Session: Class initialized using 'CodeIgniter\Session\Handlers\FileHandler' driver.
INFO - 2024-03-28 17:31:28 --> Session: Class initialized using 'CodeIgniter\Session\Handlers\FileHandler' driver.
INFO - 2024-03-28 17:34:24 --> Session: Class initialized using 'CodeIgniter\Session\Handlers\FileHandler' driver.
INFO - 2024-03-28 18:45:57 --> Session: Class initialized using 'CodeIgniter\Session\Handlers\FileHandler' driver.
INFO - 2024-03-28 18:45:58 --> Session: Class initialized using 'CodeIgniter\Session\Handlers\FileHandler' driver.
INFO - 2024-03-28 18:45:58 --> Session: Class initialized using 'CodeIgniter\Session\Handlers\FileHandler' driver.
INFO - 2024-03-28 18:45:59 --> Session: Class initialized using 'CodeIgniter\Session\Handlers\FileHandler' driver.
INFO - 2024-03-28 20:16:52 --> Session: Class initialized using 'CodeIgniter\Session\Handlers\FileHandler' driver.
INFO - 2024-03-28 20:16:52 --> Session: Class initialized using 'CodeIgniter\Session\Handlers\FileHandler' driver.
INFO - 2024-03-28 20:16:53 --> Session: Class initialized using 'CodeIgniter\Session\Handlers\FileHandler' driver.
