INFO - 2024-02-15 00:30:01 --> Session: Class initialized using 'CodeIgniter\Session\Handlers\FileHandler' driver.
INFO - 2024-02-15 00:30:01 --> Session: Class initialized using 'CodeIgniter\Session\Handlers\FileHandler' driver.
INFO - 2024-02-15 05:59:55 --> Session: Class initialized using 'CodeIgniter\Session\Handlers\FileHandler' driver.
INFO - 2024-02-15 05:59:56 --> Session: Class initialized using 'CodeIgniter\Session\Handlers\FileHandler' driver.
INFO - 2024-02-15 08:03:51 --> Session: Class initialized using 'CodeIgniter\Session\Handlers\FileHandler' driver.
INFO - 2024-02-15 08:03:51 --> Session: Class initialized using 'CodeIgniter\Session\Handlers\FileHandler' driver.
INFO - 2024-02-15 09:39:15 --> Session: Class initialized using 'CodeIgniter\Session\Handlers\FileHandler' driver.
INFO - 2024-02-15 09:39:16 --> Session: Class initialized using 'CodeIgniter\Session\Handlers\FileHandler' driver.
INFO - 2024-02-15 17:12:39 --> Session: Class initialized using 'CodeIgniter\Session\Handlers\FileHandler' driver.
INFO - 2024-02-15 17:12:39 --> Session: Class initialized using 'CodeIgniter\Session\Handlers\FileHandler' driver.
INFO - 2024-02-15 17:12:39 --> Session: Class initialized using 'CodeIgniter\Session\Handlers\FileHandler' driver.
INFO - 2024-02-15 17:12:40 --> Session: Class initialized using 'CodeIgniter\Session\Handlers\FileHandler' driver.
INFO - 2024-02-15 17:12:41 --> Session: Class initialized using 'CodeIgniter\Session\Handlers\FileHandler' driver.
INFO - 2024-02-15 23:05:53 --> Session: Class initialized using 'CodeIgniter\Session\Handlers\FileHandler' driver.
INFO - 2024-02-15 23:05:53 --> Session: Class initialized using 'CodeIgniter\Session\Handlers\FileHandler' driver.
INFO - 2024-02-15 23:05:56 --> Session: Class initialized using 'CodeIgniter\Session\Handlers\FileHandler' driver.
INFO - 2024-02-15 23:05:56 --> Session: Class initialized using 'CodeIgniter\Session\Handlers\FileHandler' driver.
INFO - 2024-02-15 23:06:03 --> Session: Class initialized using 'CodeIgniter\Session\Handlers\FileHandler' driver.
INFO - 2024-02-15 23:06:17 --> Session: Class initialized using 'CodeIgniter\Session\Handlers\FileHandler' driver.
INFO - 2024-02-15 23:06:18 --> Session: Class initialized using 'CodeIgniter\Session\Handlers\FileHandler' driver.
ERROR - 2024-02-15 23:06:18 --> mysqli_sql_exception: You have an error in your SQL syntax; check the manual that corresponds to your MySQL server version for the right syntax to use near 'GROUP BY a.contact_id
    ) as A' at line 5 in /home/congreg8/public_html/app.congreg8.org/system/Database/MySQLi/Connection.php:295
Stack trace:
#0 /home/congreg8/public_html/app.congreg8.org/system/Database/MySQLi/Connection.php(295): mysqli->query('SELECT count(*)...', 0)
#1 /home/congreg8/public_html/app.congreg8.org/system/Database/BaseConnection.php(691): CodeIgniter\Database\MySQLi\Connection->execute('SELECT count(*)...')
#2 /home/congreg8/public_html/app.congreg8.org/system/Database/BaseConnection.php(605): CodeIgniter\Database\BaseConnection->simpleQuery('SELECT count(*)...')
#3 /home/congreg8/public_html/app.congreg8.org/app/Helpers/custom_helper.php(353): CodeIgniter\Database\BaseConnection->query('SELECT count(*)...')
#4 /home/congreg8/public_html/app.congreg8.org/app/Controllers/Dashboard.php(62): get_All_visitors(NULL, '', '')
#5 /home/congreg8/public_html/app.congreg8.org/system/CodeIgniter.php(934): App\Controllers\Dashboard->getvalues()
#6 /home/congreg8/public_html/app.congreg8.org/system/CodeIgniter.php(499): CodeIgniter\CodeIgniter->runController(Object(App\Controllers\Dashboard))
#7 /home/congreg8/public_html/app.congreg8.org/system/CodeIgniter.php(368): CodeIgniter\CodeIgniter->handleRequest(NULL, Object(Config\Cache), false)
#8 /home/congreg8/public_html/app.congreg8.org/index.php(67): CodeIgniter\CodeIgniter->run()
#9 {main}
CRITICAL - 2024-02-15 23:06:18 --> You have an error in your SQL syntax; check the manual that corresponds to your MySQL server version for the right syntax to use near 'GROUP BY a.contact_id
    ) as A' at line 5
in SYSTEMPATH/Database/BaseConnection.php on line 645.
 1 APPPATH/Helpers/custom_helper.php(353): CodeIgniter\Database\BaseConnection->query('SELECT count(*) as cntt FROM (
        SELECT a.contact_id as cnt
        FROM `tab_attandance` a
        LEFT JOIN contacts c ON c.id = a.contact_id
        WHERE c.r_status = \'Y\' AND a.rstatus = \'Y\' AND form_type = \'Visitor\' AND a.church_id =  GROUP BY a.contact_id
    ) as A')
 2 APPPATH/Controllers/Dashboard.php(62): get_All_visitors(null, '/home/congreg8/public_html/app.congreg8.org', '/home/congreg8/public_html/app.congreg8.org')
 3 SYSTEMPATH/CodeIgniter.php(934): App\Controllers\Dashboard->getvalues()
 4 SYSTEMPATH/CodeIgniter.php(499): CodeIgniter\CodeIgniter->runController(Object(App\Controllers\Dashboard))
 5 SYSTEMPATH/CodeIgniter.php(368): CodeIgniter\CodeIgniter->handleRequest(null, Object(Config\Cache), false)
 6 FCPATH/index.php(67): CodeIgniter\CodeIgniter->run()
INFO - 2024-02-15 23:06:18 --> Session: Class initialized using 'CodeIgniter\Session\Handlers\FileHandler' driver.
INFO - 2024-02-15 23:06:27 --> Session: Class initialized using 'CodeIgniter\Session\Handlers\FileHandler' driver.
INFO - 2024-02-15 23:06:27 --> Session: Class initialized using 'CodeIgniter\Session\Handlers\FileHandler' driver.
INFO - 2024-02-15 23:06:27 --> Session: Class initialized using 'CodeIgniter\Session\Handlers\FileHandler' driver.
INFO - 2024-02-15 23:06:34 --> Session: Class initialized using 'CodeIgniter\Session\Handlers\FileHandler' driver.
INFO - 2024-02-15 23:06:58 --> Session: Class initialized using 'CodeIgniter\Session\Handlers\FileHandler' driver.
INFO - 2024-02-15 23:07:09 --> Session: Class initialized using 'CodeIgniter\Session\Handlers\FileHandler' driver.
INFO - 2024-02-15 23:08:07 --> Session: Class initialized using 'CodeIgniter\Session\Handlers\FileHandler' driver.
INFO - 2024-02-15 23:08:14 --> Session: Class initialized using 'CodeIgniter\Session\Handlers\FileHandler' driver.
INFO - 2024-02-15 23:08:42 --> Session: Class initialized using 'CodeIgniter\Session\Handlers\FileHandler' driver.
INFO - 2024-02-15 23:08:53 --> Session: Class initialized using 'CodeIgniter\Session\Handlers\FileHandler' driver.
INFO - 2024-02-15 23:11:47 --> Session: Class initialized using 'CodeIgniter\Session\Handlers\FileHandler' driver.
INFO - 2024-02-15 23:11:48 --> Session: Class initialized using 'CodeIgniter\Session\Handlers\FileHandler' driver.
INFO - 2024-02-15 23:12:47 --> Session: Class initialized using 'CodeIgniter\Session\Handlers\FileHandler' driver.
INFO - 2024-02-15 23:13:25 --> Session: Class initialized using 'CodeIgniter\Session\Handlers\FileHandler' driver.
INFO - 2024-02-15 23:13:33 --> Session: Class initialized using 'CodeIgniter\Session\Handlers\FileHandler' driver.
INFO - 2024-02-15 23:14:54 --> Session: Class initialized using 'CodeIgniter\Session\Handlers\FileHandler' driver.
INFO - 2024-02-15 23:14:54 --> Session: Class initialized using 'CodeIgniter\Session\Handlers\FileHandler' driver.
INFO - 2024-02-15 23:14:55 --> Session: Class initialized using 'CodeIgniter\Session\Handlers\FileHandler' driver.
INFO - 2024-02-15 23:15:05 --> Session: Class initialized using 'CodeIgniter\Session\Handlers\FileHandler' driver.
INFO - 2024-02-15 23:15:06 --> Session: Class initialized using 'CodeIgniter\Session\Handlers\FileHandler' driver.
ERROR - 2024-02-15 23:15:06 --> mysqli_sql_exception: You have an error in your SQL syntax; check the manual that corresponds to your MySQL server version for the right syntax to use near 'GROUP BY a.contact_id
    ) as A' at line 5 in /home/congreg8/public_html/app.congreg8.org/system/Database/MySQLi/Connection.php:295
Stack trace:
#0 /home/congreg8/public_html/app.congreg8.org/system/Database/MySQLi/Connection.php(295): mysqli->query('SELECT count(*)...', 0)
#1 /home/congreg8/public_html/app.congreg8.org/system/Database/BaseConnection.php(691): CodeIgniter\Database\MySQLi\Connection->execute('SELECT count(*)...')
#2 /home/congreg8/public_html/app.congreg8.org/system/Database/BaseConnection.php(605): CodeIgniter\Database\BaseConnection->simpleQuery('SELECT count(*)...')
#3 /home/congreg8/public_html/app.congreg8.org/app/Helpers/custom_helper.php(353): CodeIgniter\Database\BaseConnection->query('SELECT count(*)...')
#4 /home/congreg8/public_html/app.congreg8.org/app/Controllers/Dashboard.php(62): get_All_visitors(NULL, '', '')
#5 /home/congreg8/public_html/app.congreg8.org/system/CodeIgniter.php(934): App\Controllers\Dashboard->getvalues()
#6 /home/congreg8/public_html/app.congreg8.org/system/CodeIgniter.php(499): CodeIgniter\CodeIgniter->runController(Object(App\Controllers\Dashboard))
#7 /home/congreg8/public_html/app.congreg8.org/system/CodeIgniter.php(368): CodeIgniter\CodeIgniter->handleRequest(NULL, Object(Config\Cache), false)
#8 /home/congreg8/public_html/app.congreg8.org/index.php(67): CodeIgniter\CodeIgniter->run()
#9 {main}
CRITICAL - 2024-02-15 23:15:06 --> You have an error in your SQL syntax; check the manual that corresponds to your MySQL server version for the right syntax to use near 'GROUP BY a.contact_id
    ) as A' at line 5
in SYSTEMPATH/Database/BaseConnection.php on line 645.
 1 APPPATH/Helpers/custom_helper.php(353): CodeIgniter\Database\BaseConnection->query('SELECT count(*) as cntt FROM (
        SELECT a.contact_id as cnt
        FROM `tab_attandance` a
        LEFT JOIN contacts c ON c.id = a.contact_id
        WHERE c.r_status = \'Y\' AND a.rstatus = \'Y\' AND form_type = \'Visitor\' AND a.church_id =  GROUP BY a.contact_id
    ) as A')
 2 APPPATH/Controllers/Dashboard.php(62): get_All_visitors(null, '/home/congreg8/public_html/app.congreg8.org', '/home/congreg8/public_html/app.congreg8.org')
 3 SYSTEMPATH/CodeIgniter.php(934): App\Controllers\Dashboard->getvalues()
 4 SYSTEMPATH/CodeIgniter.php(499): CodeIgniter\CodeIgniter->runController(Object(App\Controllers\Dashboard))
 5 SYSTEMPATH/CodeIgniter.php(368): CodeIgniter\CodeIgniter->handleRequest(null, Object(Config\Cache), false)
 6 FCPATH/index.php(67): CodeIgniter\CodeIgniter->run()
INFO - 2024-02-15 23:15:20 --> Session: Class initialized using 'CodeIgniter\Session\Handlers\FileHandler' driver.
INFO - 2024-02-15 23:15:20 --> Session: Class initialized using 'CodeIgniter\Session\Handlers\FileHandler' driver.
INFO - 2024-02-15 23:15:20 --> Session: Class initialized using 'CodeIgniter\Session\Handlers\FileHandler' driver.
INFO - 2024-02-15 23:15:21 --> Session: Class initialized using 'CodeIgniter\Session\Handlers\FileHandler' driver.
ERROR - 2024-02-15 23:15:21 --> mysqli_sql_exception: You have an error in your SQL syntax; check the manual that corresponds to your MySQL server version for the right syntax to use near 'GROUP BY a.contact_id
    ) as A' at line 5 in /home/congreg8/public_html/app.congreg8.org/system/Database/MySQLi/Connection.php:295
Stack trace:
#0 /home/congreg8/public_html/app.congreg8.org/system/Database/MySQLi/Connection.php(295): mysqli->query('SELECT count(*)...', 0)
#1 /home/congreg8/public_html/app.congreg8.org/system/Database/BaseConnection.php(691): CodeIgniter\Database\MySQLi\Connection->execute('SELECT count(*)...')
#2 /home/congreg8/public_html/app.congreg8.org/system/Database/BaseConnection.php(605): CodeIgniter\Database\BaseConnection->simpleQuery('SELECT count(*)...')
#3 /home/congreg8/public_html/app.congreg8.org/app/Helpers/custom_helper.php(353): CodeIgniter\Database\BaseConnection->query('SELECT count(*)...')
#4 /home/congreg8/public_html/app.congreg8.org/app/Controllers/Dashboard.php(62): get_All_visitors(NULL, '', '')
#5 /home/congreg8/public_html/app.congreg8.org/system/CodeIgniter.php(934): App\Controllers\Dashboard->getvalues()
#6 /home/congreg8/public_html/app.congreg8.org/system/CodeIgniter.php(499): CodeIgniter\CodeIgniter->runController(Object(App\Controllers\Dashboard))
#7 /home/congreg8/public_html/app.congreg8.org/system/CodeIgniter.php(368): CodeIgniter\CodeIgniter->handleRequest(NULL, Object(Config\Cache), false)
#8 /home/congreg8/public_html/app.congreg8.org/index.php(67): CodeIgniter\CodeIgniter->run()
#9 {main}
CRITICAL - 2024-02-15 23:15:21 --> You have an error in your SQL syntax; check the manual that corresponds to your MySQL server version for the right syntax to use near 'GROUP BY a.contact_id
    ) as A' at line 5
in SYSTEMPATH/Database/BaseConnection.php on line 645.
 1 APPPATH/Helpers/custom_helper.php(353): CodeIgniter\Database\BaseConnection->query('SELECT count(*) as cntt FROM (
        SELECT a.contact_id as cnt
        FROM `tab_attandance` a
        LEFT JOIN contacts c ON c.id = a.contact_id
        WHERE c.r_status = \'Y\' AND a.rstatus = \'Y\' AND form_type = \'Visitor\' AND a.church_id =  GROUP BY a.contact_id
    ) as A')
 2 APPPATH/Controllers/Dashboard.php(62): get_All_visitors(null, '/home/congreg8/public_html/app.congreg8.org', '/home/congreg8/public_html/app.congreg8.org')
 3 SYSTEMPATH/CodeIgniter.php(934): App\Controllers\Dashboard->getvalues()
 4 SYSTEMPATH/CodeIgniter.php(499): CodeIgniter\CodeIgniter->runController(Object(App\Controllers\Dashboard))
 5 SYSTEMPATH/CodeIgniter.php(368): CodeIgniter\CodeIgniter->handleRequest(null, Object(Config\Cache), false)
 6 FCPATH/index.php(67): CodeIgniter\CodeIgniter->run()
INFO - 2024-02-15 23:15:32 --> Session: Class initialized using 'CodeIgniter\Session\Handlers\FileHandler' driver.
INFO - 2024-02-15 23:15:33 --> Session: Class initialized using 'CodeIgniter\Session\Handlers\FileHandler' driver.
ERROR - 2024-02-15 23:15:33 --> mysqli_sql_exception: You have an error in your SQL syntax; check the manual that corresponds to your MySQL server version for the right syntax to use near 'GROUP BY a.contact_id
    ) as A' at line 5 in /home/congreg8/public_html/app.congreg8.org/system/Database/MySQLi/Connection.php:295
Stack trace:
#0 /home/congreg8/public_html/app.congreg8.org/system/Database/MySQLi/Connection.php(295): mysqli->query('SELECT count(*)...', 0)
#1 /home/congreg8/public_html/app.congreg8.org/system/Database/BaseConnection.php(691): CodeIgniter\Database\MySQLi\Connection->execute('SELECT count(*)...')
#2 /home/congreg8/public_html/app.congreg8.org/system/Database/BaseConnection.php(605): CodeIgniter\Database\BaseConnection->simpleQuery('SELECT count(*)...')
#3 /home/congreg8/public_html/app.congreg8.org/app/Helpers/custom_helper.php(353): CodeIgniter\Database\BaseConnection->query('SELECT count(*)...')
#4 /home/congreg8/public_html/app.congreg8.org/app/Controllers/Dashboard.php(62): get_All_visitors(NULL, '', '')
#5 /home/congreg8/public_html/app.congreg8.org/system/CodeIgniter.php(934): App\Controllers\Dashboard->getvalues()
#6 /home/congreg8/public_html/app.congreg8.org/system/CodeIgniter.php(499): CodeIgniter\CodeIgniter->runController(Object(App\Controllers\Dashboard))
#7 /home/congreg8/public_html/app.congreg8.org/system/CodeIgniter.php(368): CodeIgniter\CodeIgniter->handleRequest(NULL, Object(Config\Cache), false)
#8 /home/congreg8/public_html/app.congreg8.org/index.php(67): CodeIgniter\CodeIgniter->run()
#9 {main}
CRITICAL - 2024-02-15 23:15:33 --> You have an error in your SQL syntax; check the manual that corresponds to your MySQL server version for the right syntax to use near 'GROUP BY a.contact_id
    ) as A' at line 5
in SYSTEMPATH/Database/BaseConnection.php on line 645.
 1 APPPATH/Helpers/custom_helper.php(353): CodeIgniter\Database\BaseConnection->query('SELECT count(*) as cntt FROM (
        SELECT a.contact_id as cnt
        FROM `tab_attandance` a
        LEFT JOIN contacts c ON c.id = a.contact_id
        WHERE c.r_status = \'Y\' AND a.rstatus = \'Y\' AND form_type = \'Visitor\' AND a.church_id =  GROUP BY a.contact_id
    ) as A')
 2 APPPATH/Controllers/Dashboard.php(62): get_All_visitors(null, '/home/congreg8/public_html/app.congreg8.org', '/home/congreg8/public_html/app.congreg8.org')
 3 SYSTEMPATH/CodeIgniter.php(934): App\Controllers\Dashboard->getvalues()
 4 SYSTEMPATH/CodeIgniter.php(499): CodeIgniter\CodeIgniter->runController(Object(App\Controllers\Dashboard))
 5 SYSTEMPATH/CodeIgniter.php(368): CodeIgniter\CodeIgniter->handleRequest(null, Object(Config\Cache), false)
 6 FCPATH/index.php(67): CodeIgniter\CodeIgniter->run()
INFO - 2024-02-15 23:15:36 --> Session: Class initialized using 'CodeIgniter\Session\Handlers\FileHandler' driver.
INFO - 2024-02-15 23:15:37 --> Session: Class initialized using 'CodeIgniter\Session\Handlers\FileHandler' driver.
ERROR - 2024-02-15 23:15:37 --> mysqli_sql_exception: You have an error in your SQL syntax; check the manual that corresponds to your MySQL server version for the right syntax to use near 'GROUP BY a.contact_id
    ) as A' at line 5 in /home/congreg8/public_html/app.congreg8.org/system/Database/MySQLi/Connection.php:295
Stack trace:
#0 /home/congreg8/public_html/app.congreg8.org/system/Database/MySQLi/Connection.php(295): mysqli->query('SELECT count(*)...', 0)
#1 /home/congreg8/public_html/app.congreg8.org/system/Database/BaseConnection.php(691): CodeIgniter\Database\MySQLi\Connection->execute('SELECT count(*)...')
#2 /home/congreg8/public_html/app.congreg8.org/system/Database/BaseConnection.php(605): CodeIgniter\Database\BaseConnection->simpleQuery('SELECT count(*)...')
#3 /home/congreg8/public_html/app.congreg8.org/app/Helpers/custom_helper.php(353): CodeIgniter\Database\BaseConnection->query('SELECT count(*)...')
#4 /home/congreg8/public_html/app.congreg8.org/app/Controllers/Dashboard.php(62): get_All_visitors(NULL, '', '')
#5 /home/congreg8/public_html/app.congreg8.org/system/CodeIgniter.php(934): App\Controllers\Dashboard->getvalues()
#6 /home/congreg8/public_html/app.congreg8.org/system/CodeIgniter.php(499): CodeIgniter\CodeIgniter->runController(Object(App\Controllers\Dashboard))
#7 /home/congreg8/public_html/app.congreg8.org/system/CodeIgniter.php(368): CodeIgniter\CodeIgniter->handleRequest(NULL, Object(Config\Cache), false)
#8 /home/congreg8/public_html/app.congreg8.org/index.php(67): CodeIgniter\CodeIgniter->run()
#9 {main}
CRITICAL - 2024-02-15 23:15:37 --> You have an error in your SQL syntax; check the manual that corresponds to your MySQL server version for the right syntax to use near 'GROUP BY a.contact_id
    ) as A' at line 5
in SYSTEMPATH/Database/BaseConnection.php on line 645.
 1 APPPATH/Helpers/custom_helper.php(353): CodeIgniter\Database\BaseConnection->query('SELECT count(*) as cntt FROM (
        SELECT a.contact_id as cnt
        FROM `tab_attandance` a
        LEFT JOIN contacts c ON c.id = a.contact_id
        WHERE c.r_status = \'Y\' AND a.rstatus = \'Y\' AND form_type = \'Visitor\' AND a.church_id =  GROUP BY a.contact_id
    ) as A')
 2 APPPATH/Controllers/Dashboard.php(62): get_All_visitors(null, '/home/congreg8/public_html/app.congreg8.org', '/home/congreg8/public_html/app.congreg8.org')
 3 SYSTEMPATH/CodeIgniter.php(934): App\Controllers\Dashboard->getvalues()
 4 SYSTEMPATH/CodeIgniter.php(499): CodeIgniter\CodeIgniter->runController(Object(App\Controllers\Dashboard))
 5 SYSTEMPATH/CodeIgniter.php(368): CodeIgniter\CodeIgniter->handleRequest(null, Object(Config\Cache), false)
 6 FCPATH/index.php(67): CodeIgniter\CodeIgniter->run()
INFO - 2024-02-15 23:15:40 --> Session: Class initialized using 'CodeIgniter\Session\Handlers\FileHandler' driver.
INFO - 2024-02-15 23:15:41 --> Session: Class initialized using 'CodeIgniter\Session\Handlers\FileHandler' driver.
ERROR - 2024-02-15 23:15:41 --> mysqli_sql_exception: You have an error in your SQL syntax; check the manual that corresponds to your MySQL server version for the right syntax to use near 'GROUP BY a.contact_id
    ) as A' at line 5 in /home/congreg8/public_html/app.congreg8.org/system/Database/MySQLi/Connection.php:295
Stack trace:
#0 /home/congreg8/public_html/app.congreg8.org/system/Database/MySQLi/Connection.php(295): mysqli->query('SELECT count(*)...', 0)
#1 /home/congreg8/public_html/app.congreg8.org/system/Database/BaseConnection.php(691): CodeIgniter\Database\MySQLi\Connection->execute('SELECT count(*)...')
#2 /home/congreg8/public_html/app.congreg8.org/system/Database/BaseConnection.php(605): CodeIgniter\Database\BaseConnection->simpleQuery('SELECT count(*)...')
#3 /home/congreg8/public_html/app.congreg8.org/app/Helpers/custom_helper.php(353): CodeIgniter\Database\BaseConnection->query('SELECT count(*)...')
#4 /home/congreg8/public_html/app.congreg8.org/app/Controllers/Dashboard.php(62): get_All_visitors(NULL, '', '')
#5 /home/congreg8/public_html/app.congreg8.org/system/CodeIgniter.php(934): App\Controllers\Dashboard->getvalues()
#6 /home/congreg8/public_html/app.congreg8.org/system/CodeIgniter.php(499): CodeIgniter\CodeIgniter->runController(Object(App\Controllers\Dashboard))
#7 /home/congreg8/public_html/app.congreg8.org/system/CodeIgniter.php(368): CodeIgniter\CodeIgniter->handleRequest(NULL, Object(Config\Cache), false)
#8 /home/congreg8/public_html/app.congreg8.org/index.php(67): CodeIgniter\CodeIgniter->run()
#9 {main}
CRITICAL - 2024-02-15 23:15:41 --> You have an error in your SQL syntax; check the manual that corresponds to your MySQL server version for the right syntax to use near 'GROUP BY a.contact_id
    ) as A' at line 5
in SYSTEMPATH/Database/BaseConnection.php on line 645.
 1 APPPATH/Helpers/custom_helper.php(353): CodeIgniter\Database\BaseConnection->query('SELECT count(*) as cntt FROM (
        SELECT a.contact_id as cnt
        FROM `tab_attandance` a
        LEFT JOIN contacts c ON c.id = a.contact_id
        WHERE c.r_status = \'Y\' AND a.rstatus = \'Y\' AND form_type = \'Visitor\' AND a.church_id =  GROUP BY a.contact_id
    ) as A')
 2 APPPATH/Controllers/Dashboard.php(62): get_All_visitors(null, '/home/congreg8/public_html/app.congreg8.org', '/home/congreg8/public_html/app.congreg8.org')
 3 SYSTEMPATH/CodeIgniter.php(934): App\Controllers\Dashboard->getvalues()
 4 SYSTEMPATH/CodeIgniter.php(499): CodeIgniter\CodeIgniter->runController(Object(App\Controllers\Dashboard))
 5 SYSTEMPATH/CodeIgniter.php(368): CodeIgniter\CodeIgniter->handleRequest(null, Object(Config\Cache), false)
 6 FCPATH/index.php(67): CodeIgniter\CodeIgniter->run()
INFO - 2024-02-15 23:15:41 --> Session: Class initialized using 'CodeIgniter\Session\Handlers\FileHandler' driver.
INFO - 2024-02-15 23:15:46 --> Session: Class initialized using 'CodeIgniter\Session\Handlers\FileHandler' driver.
INFO - 2024-02-15 23:15:47 --> Session: Class initialized using 'CodeIgniter\Session\Handlers\FileHandler' driver.
ERROR - 2024-02-15 23:15:47 --> mysqli_sql_exception: You have an error in your SQL syntax; check the manual that corresponds to your MySQL server version for the right syntax to use near 'GROUP BY a.contact_id
    ) as A' at line 5 in /home/congreg8/public_html/app.congreg8.org/system/Database/MySQLi/Connection.php:295
Stack trace:
#0 /home/congreg8/public_html/app.congreg8.org/system/Database/MySQLi/Connection.php(295): mysqli->query('SELECT count(*)...', 0)
#1 /home/congreg8/public_html/app.congreg8.org/system/Database/BaseConnection.php(691): CodeIgniter\Database\MySQLi\Connection->execute('SELECT count(*)...')
#2 /home/congreg8/public_html/app.congreg8.org/system/Database/BaseConnection.php(605): CodeIgniter\Database\BaseConnection->simpleQuery('SELECT count(*)...')
#3 /home/congreg8/public_html/app.congreg8.org/app/Helpers/custom_helper.php(353): CodeIgniter\Database\BaseConnection->query('SELECT count(*)...')
#4 /home/congreg8/public_html/app.congreg8.org/app/Controllers/Dashboard.php(62): get_All_visitors(NULL, '', '')
#5 /home/congreg8/public_html/app.congreg8.org/system/CodeIgniter.php(934): App\Controllers\Dashboard->getvalues()
#6 /home/congreg8/public_html/app.congreg8.org/system/CodeIgniter.php(499): CodeIgniter\CodeIgniter->runController(Object(App\Controllers\Dashboard))
#7 /home/congreg8/public_html/app.congreg8.org/system/CodeIgniter.php(368): CodeIgniter\CodeIgniter->handleRequest(NULL, Object(Config\Cache), false)
#8 /home/congreg8/public_html/app.congreg8.org/index.php(67): CodeIgniter\CodeIgniter->run()
#9 {main}
CRITICAL - 2024-02-15 23:15:47 --> You have an error in your SQL syntax; check the manual that corresponds to your MySQL server version for the right syntax to use near 'GROUP BY a.contact_id
    ) as A' at line 5
in SYSTEMPATH/Database/BaseConnection.php on line 645.
 1 APPPATH/Helpers/custom_helper.php(353): CodeIgniter\Database\BaseConnection->query('SELECT count(*) as cntt FROM (
        SELECT a.contact_id as cnt
        FROM `tab_attandance` a
        LEFT JOIN contacts c ON c.id = a.contact_id
        WHERE c.r_status = \'Y\' AND a.rstatus = \'Y\' AND form_type = \'Visitor\' AND a.church_id =  GROUP BY a.contact_id
    ) as A')
 2 APPPATH/Controllers/Dashboard.php(62): get_All_visitors(null, '/home/congreg8/public_html/app.congreg8.org', '/home/congreg8/public_html/app.congreg8.org')
 3 SYSTEMPATH/CodeIgniter.php(934): App\Controllers\Dashboard->getvalues()
 4 SYSTEMPATH/CodeIgniter.php(499): CodeIgniter\CodeIgniter->runController(Object(App\Controllers\Dashboard))
 5 SYSTEMPATH/CodeIgniter.php(368): CodeIgniter\CodeIgniter->handleRequest(null, Object(Config\Cache), false)
 6 FCPATH/index.php(67): CodeIgniter\CodeIgniter->run()
INFO - 2024-02-15 23:15:47 --> Session: Class initialized using 'CodeIgniter\Session\Handlers\FileHandler' driver.
INFO - 2024-02-15 23:16:00 --> Session: Class initialized using 'CodeIgniter\Session\Handlers\FileHandler' driver.
INFO - 2024-02-15 23:16:01 --> Session: Class initialized using 'CodeIgniter\Session\Handlers\FileHandler' driver.
ERROR - 2024-02-15 23:16:01 --> mysqli_sql_exception: You have an error in your SQL syntax; check the manual that corresponds to your MySQL server version for the right syntax to use near 'GROUP BY a.contact_id
    ) as A' at line 5 in /home/congreg8/public_html/app.congreg8.org/system/Database/MySQLi/Connection.php:295
Stack trace:
#0 /home/congreg8/public_html/app.congreg8.org/system/Database/MySQLi/Connection.php(295): mysqli->query('SELECT count(*)...', 0)
#1 /home/congreg8/public_html/app.congreg8.org/system/Database/BaseConnection.php(691): CodeIgniter\Database\MySQLi\Connection->execute('SELECT count(*)...')
#2 /home/congreg8/public_html/app.congreg8.org/system/Database/BaseConnection.php(605): CodeIgniter\Database\BaseConnection->simpleQuery('SELECT count(*)...')
#3 /home/congreg8/public_html/app.congreg8.org/app/Helpers/custom_helper.php(353): CodeIgniter\Database\BaseConnection->query('SELECT count(*)...')
#4 /home/congreg8/public_html/app.congreg8.org/app/Controllers/Dashboard.php(62): get_All_visitors(NULL, '', '')
#5 /home/congreg8/public_html/app.congreg8.org/system/CodeIgniter.php(934): App\Controllers\Dashboard->getvalues()
#6 /home/congreg8/public_html/app.congreg8.org/system/CodeIgniter.php(499): CodeIgniter\CodeIgniter->runController(Object(App\Controllers\Dashboard))
#7 /home/congreg8/public_html/app.congreg8.org/system/CodeIgniter.php(368): CodeIgniter\CodeIgniter->handleRequest(NULL, Object(Config\Cache), false)
#8 /home/congreg8/public_html/app.congreg8.org/index.php(67): CodeIgniter\CodeIgniter->run()
#9 {main}
CRITICAL - 2024-02-15 23:16:01 --> You have an error in your SQL syntax; check the manual that corresponds to your MySQL server version for the right syntax to use near 'GROUP BY a.contact_id
    ) as A' at line 5
in SYSTEMPATH/Database/BaseConnection.php on line 645.
 1 APPPATH/Helpers/custom_helper.php(353): CodeIgniter\Database\BaseConnection->query('SELECT count(*) as cntt FROM (
        SELECT a.contact_id as cnt
        FROM `tab_attandance` a
        LEFT JOIN contacts c ON c.id = a.contact_id
        WHERE c.r_status = \'Y\' AND a.rstatus = \'Y\' AND form_type = \'Visitor\' AND a.church_id =  GROUP BY a.contact_id
    ) as A')
 2 APPPATH/Controllers/Dashboard.php(62): get_All_visitors(null, '/home/congreg8/public_html/app.congreg8.org', '/home/congreg8/public_html/app.congreg8.org')
 3 SYSTEMPATH/CodeIgniter.php(934): App\Controllers\Dashboard->getvalues()
 4 SYSTEMPATH/CodeIgniter.php(499): CodeIgniter\CodeIgniter->runController(Object(App\Controllers\Dashboard))
 5 SYSTEMPATH/CodeIgniter.php(368): CodeIgniter\CodeIgniter->handleRequest(null, Object(Config\Cache), false)
 6 FCPATH/index.php(67): CodeIgniter\CodeIgniter->run()
INFO - 2024-02-15 23:16:01 --> Session: Class initialized using 'CodeIgniter\Session\Handlers\FileHandler' driver.
INFO - 2024-02-15 23:16:06 --> Session: Class initialized using 'CodeIgniter\Session\Handlers\FileHandler' driver.
INFO - 2024-02-15 23:16:07 --> Session: Class initialized using 'CodeIgniter\Session\Handlers\FileHandler' driver.
INFO - 2024-02-15 23:16:09 --> Session: Class initialized using 'CodeIgniter\Session\Handlers\FileHandler' driver.
INFO - 2024-02-15 23:16:10 --> Session: Class initialized using 'CodeIgniter\Session\Handlers\FileHandler' driver.
INFO - 2024-02-15 23:16:12 --> Session: Class initialized using 'CodeIgniter\Session\Handlers\FileHandler' driver.
INFO - 2024-02-15 23:16:19 --> Session: Class initialized using 'CodeIgniter\Session\Handlers\FileHandler' driver.
INFO - 2024-02-15 23:16:27 --> Session: Class initialized using 'CodeIgniter\Session\Handlers\FileHandler' driver.
INFO - 2024-02-15 23:16:29 --> Session: Class initialized using 'CodeIgniter\Session\Handlers\FileHandler' driver.
INFO - 2024-02-15 23:16:30 --> Session: Class initialized using 'CodeIgniter\Session\Handlers\FileHandler' driver.
INFO - 2024-02-15 23:16:31 --> Session: Class initialized using 'CodeIgniter\Session\Handlers\FileHandler' driver.
INFO - 2024-02-15 23:16:31 --> Session: Class initialized using 'CodeIgniter\Session\Handlers\FileHandler' driver.
INFO - 2024-02-15 23:16:32 --> Session: Class initialized using 'CodeIgniter\Session\Handlers\FileHandler' driver.
INFO - 2024-02-15 23:16:37 --> Session: Class initialized using 'CodeIgniter\Session\Handlers\FileHandler' driver.
INFO - 2024-02-15 23:16:42 --> Session: Class initialized using 'CodeIgniter\Session\Handlers\FileHandler' driver.
INFO - 2024-02-15 23:16:48 --> Session: Class initialized using 'CodeIgniter\Session\Handlers\FileHandler' driver.
INFO - 2024-02-15 23:16:52 --> Session: Class initialized using 'CodeIgniter\Session\Handlers\FileHandler' driver.
INFO - 2024-02-15 23:16:53 --> Session: Class initialized using 'CodeIgniter\Session\Handlers\FileHandler' driver.
INFO - 2024-02-15 23:17:12 --> Session: Class initialized using 'CodeIgniter\Session\Handlers\FileHandler' driver.
INFO - 2024-02-15 23:17:12 --> Session: Class initialized using 'CodeIgniter\Session\Handlers\FileHandler' driver.
INFO - 2024-02-15 23:17:12 --> Session: Class initialized using 'CodeIgniter\Session\Handlers\FileHandler' driver.
INFO - 2024-02-15 23:17:21 --> Session: Class initialized using 'CodeIgniter\Session\Handlers\FileHandler' driver.
INFO - 2024-02-15 23:17:21 --> Session: Class initialized using 'CodeIgniter\Session\Handlers\FileHandler' driver.
INFO - 2024-02-15 23:17:22 --> Session: Class initialized using 'CodeIgniter\Session\Handlers\FileHandler' driver.
INFO - 2024-02-15 23:17:50 --> Session: Class initialized using 'CodeIgniter\Session\Handlers\FileHandler' driver.
INFO - 2024-02-15 23:17:51 --> Session: Class initialized using 'CodeIgniter\Session\Handlers\FileHandler' driver.
ERROR - 2024-02-15 23:17:51 --> mysqli_sql_exception: You have an error in your SQL syntax; check the manual that corresponds to your MySQL server version for the right syntax to use near 'GROUP BY a.contact_id
    ) as A' at line 5 in /home/congreg8/public_html/app.congreg8.org/system/Database/MySQLi/Connection.php:295
Stack trace:
#0 /home/congreg8/public_html/app.congreg8.org/system/Database/MySQLi/Connection.php(295): mysqli->query('SELECT count(*)...', 0)
#1 /home/congreg8/public_html/app.congreg8.org/system/Database/BaseConnection.php(691): CodeIgniter\Database\MySQLi\Connection->execute('SELECT count(*)...')
#2 /home/congreg8/public_html/app.congreg8.org/system/Database/BaseConnection.php(605): CodeIgniter\Database\BaseConnection->simpleQuery('SELECT count(*)...')
#3 /home/congreg8/public_html/app.congreg8.org/app/Helpers/custom_helper.php(353): CodeIgniter\Database\BaseConnection->query('SELECT count(*)...')
#4 /home/congreg8/public_html/app.congreg8.org/app/Controllers/Dashboard.php(62): get_All_visitors(NULL, '', '')
#5 /home/congreg8/public_html/app.congreg8.org/system/CodeIgniter.php(934): App\Controllers\Dashboard->getvalues()
#6 /home/congreg8/public_html/app.congreg8.org/system/CodeIgniter.php(499): CodeIgniter\CodeIgniter->runController(Object(App\Controllers\Dashboard))
#7 /home/congreg8/public_html/app.congreg8.org/system/CodeIgniter.php(368): CodeIgniter\CodeIgniter->handleRequest(NULL, Object(Config\Cache), false)
#8 /home/congreg8/public_html/app.congreg8.org/index.php(67): CodeIgniter\CodeIgniter->run()
#9 {main}
CRITICAL - 2024-02-15 23:17:51 --> You have an error in your SQL syntax; check the manual that corresponds to your MySQL server version for the right syntax to use near 'GROUP BY a.contact_id
    ) as A' at line 5
in SYSTEMPATH/Database/BaseConnection.php on line 645.
 1 APPPATH/Helpers/custom_helper.php(353): CodeIgniter\Database\BaseConnection->query('SELECT count(*) as cntt FROM (
        SELECT a.contact_id as cnt
        FROM `tab_attandance` a
        LEFT JOIN contacts c ON c.id = a.contact_id
        WHERE c.r_status = \'Y\' AND a.rstatus = \'Y\' AND form_type = \'Visitor\' AND a.church_id =  GROUP BY a.contact_id
    ) as A')
 2 APPPATH/Controllers/Dashboard.php(62): get_All_visitors(null, '/home/congreg8/public_html/app.congreg8.org', '/home/congreg8/public_html/app.congreg8.org')
 3 SYSTEMPATH/CodeIgniter.php(934): App\Controllers\Dashboard->getvalues()
 4 SYSTEMPATH/CodeIgniter.php(499): CodeIgniter\CodeIgniter->runController(Object(App\Controllers\Dashboard))
 5 SYSTEMPATH/CodeIgniter.php(368): CodeIgniter\CodeIgniter->handleRequest(null, Object(Config\Cache), false)
 6 FCPATH/index.php(67): CodeIgniter\CodeIgniter->run()
INFO - 2024-02-15 23:17:51 --> Session: Class initialized using 'CodeIgniter\Session\Handlers\FileHandler' driver.
INFO - 2024-02-15 23:18:57 --> Session: Class initialized using 'CodeIgniter\Session\Handlers\FileHandler' driver.
INFO - 2024-02-15 23:18:58 --> Session: Class initialized using 'CodeIgniter\Session\Handlers\FileHandler' driver.
INFO - 2024-02-15 23:19:13 --> Session: Class initialized using 'CodeIgniter\Session\Handlers\FileHandler' driver.
INFO - 2024-02-15 23:19:29 --> Session: Class initialized using 'CodeIgniter\Session\Handlers\FileHandler' driver.
INFO - 2024-02-15 23:19:33 --> Session: Class initialized using 'CodeIgniter\Session\Handlers\FileHandler' driver.
INFO - 2024-02-15 23:19:34 --> Session: Class initialized using 'CodeIgniter\Session\Handlers\FileHandler' driver.
INFO - 2024-02-15 23:19:34 --> Session: Class initialized using 'CodeIgniter\Session\Handlers\FileHandler' driver.
ERROR - 2024-02-15 23:19:34 --> mysqli_sql_exception: You have an error in your SQL syntax; check the manual that corresponds to your MySQL server version for the right syntax to use near 'GROUP BY a.contact_id
    ) as A' at line 5 in /home/congreg8/public_html/app.congreg8.org/system/Database/MySQLi/Connection.php:295
Stack trace:
#0 /home/congreg8/public_html/app.congreg8.org/system/Database/MySQLi/Connection.php(295): mysqli->query('SELECT count(*)...', 0)
#1 /home/congreg8/public_html/app.congreg8.org/system/Database/BaseConnection.php(691): CodeIgniter\Database\MySQLi\Connection->execute('SELECT count(*)...')
#2 /home/congreg8/public_html/app.congreg8.org/system/Database/BaseConnection.php(605): CodeIgniter\Database\BaseConnection->simpleQuery('SELECT count(*)...')
#3 /home/congreg8/public_html/app.congreg8.org/app/Helpers/custom_helper.php(353): CodeIgniter\Database\BaseConnection->query('SELECT count(*)...')
#4 /home/congreg8/public_html/app.congreg8.org/app/Controllers/Dashboard.php(62): get_All_visitors(NULL, '', '')
#5 /home/congreg8/public_html/app.congreg8.org/system/CodeIgniter.php(934): App\Controllers\Dashboard->getvalues()
#6 /home/congreg8/public_html/app.congreg8.org/system/CodeIgniter.php(499): CodeIgniter\CodeIgniter->runController(Object(App\Controllers\Dashboard))
#7 /home/congreg8/public_html/app.congreg8.org/system/CodeIgniter.php(368): CodeIgniter\CodeIgniter->handleRequest(NULL, Object(Config\Cache), false)
#8 /home/congreg8/public_html/app.congreg8.org/index.php(67): CodeIgniter\CodeIgniter->run()
#9 {main}
CRITICAL - 2024-02-15 23:19:34 --> You have an error in your SQL syntax; check the manual that corresponds to your MySQL server version for the right syntax to use near 'GROUP BY a.contact_id
    ) as A' at line 5
in SYSTEMPATH/Database/BaseConnection.php on line 645.
 1 APPPATH/Helpers/custom_helper.php(353): CodeIgniter\Database\BaseConnection->query('SELECT count(*) as cntt FROM (
        SELECT a.contact_id as cnt
        FROM `tab_attandance` a
        LEFT JOIN contacts c ON c.id = a.contact_id
        WHERE c.r_status = \'Y\' AND a.rstatus = \'Y\' AND form_type = \'Visitor\' AND a.church_id =  GROUP BY a.contact_id
    ) as A')
 2 APPPATH/Controllers/Dashboard.php(62): get_All_visitors(null, '/home/congreg8/public_html/app.congreg8.org', '/home/congreg8/public_html/app.congreg8.org')
 3 SYSTEMPATH/CodeIgniter.php(934): App\Controllers\Dashboard->getvalues()
 4 SYSTEMPATH/CodeIgniter.php(499): CodeIgniter\CodeIgniter->runController(Object(App\Controllers\Dashboard))
 5 SYSTEMPATH/CodeIgniter.php(368): CodeIgniter\CodeIgniter->handleRequest(null, Object(Config\Cache), false)
 6 FCPATH/index.php(67): CodeIgniter\CodeIgniter->run()
INFO - 2024-02-15 23:19:36 --> Session: Class initialized using 'CodeIgniter\Session\Handlers\FileHandler' driver.
INFO - 2024-02-15 23:19:36 --> Session: Class initialized using 'CodeIgniter\Session\Handlers\FileHandler' driver.
INFO - 2024-02-15 23:19:39 --> Session: Class initialized using 'CodeIgniter\Session\Handlers\FileHandler' driver.
INFO - 2024-02-15 23:19:40 --> Session: Class initialized using 'CodeIgniter\Session\Handlers\FileHandler' driver.
ERROR - 2024-02-15 23:19:40 --> mysqli_sql_exception: You have an error in your SQL syntax; check the manual that corresponds to your MySQL server version for the right syntax to use near 'GROUP BY a.contact_id
    ) as A' at line 5 in /home/congreg8/public_html/app.congreg8.org/system/Database/MySQLi/Connection.php:295
Stack trace:
#0 /home/congreg8/public_html/app.congreg8.org/system/Database/MySQLi/Connection.php(295): mysqli->query('SELECT count(*)...', 0)
#1 /home/congreg8/public_html/app.congreg8.org/system/Database/BaseConnection.php(691): CodeIgniter\Database\MySQLi\Connection->execute('SELECT count(*)...')
#2 /home/congreg8/public_html/app.congreg8.org/system/Database/BaseConnection.php(605): CodeIgniter\Database\BaseConnection->simpleQuery('SELECT count(*)...')
#3 /home/congreg8/public_html/app.congreg8.org/app/Helpers/custom_helper.php(353): CodeIgniter\Database\BaseConnection->query('SELECT count(*)...')
#4 /home/congreg8/public_html/app.congreg8.org/app/Controllers/Dashboard.php(62): get_All_visitors(NULL, '', '')
#5 /home/congreg8/public_html/app.congreg8.org/system/CodeIgniter.php(934): App\Controllers\Dashboard->getvalues()
#6 /home/congreg8/public_html/app.congreg8.org/system/CodeIgniter.php(499): CodeIgniter\CodeIgniter->runController(Object(App\Controllers\Dashboard))
#7 /home/congreg8/public_html/app.congreg8.org/system/CodeIgniter.php(368): CodeIgniter\CodeIgniter->handleRequest(NULL, Object(Config\Cache), false)
#8 /home/congreg8/public_html/app.congreg8.org/index.php(67): CodeIgniter\CodeIgniter->run()
#9 {main}
CRITICAL - 2024-02-15 23:19:40 --> You have an error in your SQL syntax; check the manual that corresponds to your MySQL server version for the right syntax to use near 'GROUP BY a.contact_id
    ) as A' at line 5
in SYSTEMPATH/Database/BaseConnection.php on line 645.
 1 APPPATH/Helpers/custom_helper.php(353): CodeIgniter\Database\BaseConnection->query('SELECT count(*) as cntt FROM (
        SELECT a.contact_id as cnt
        FROM `tab_attandance` a
        LEFT JOIN contacts c ON c.id = a.contact_id
        WHERE c.r_status = \'Y\' AND a.rstatus = \'Y\' AND form_type = \'Visitor\' AND a.church_id =  GROUP BY a.contact_id
    ) as A')
 2 APPPATH/Controllers/Dashboard.php(62): get_All_visitors(null, '/home/congreg8/public_html/app.congreg8.org', '/home/congreg8/public_html/app.congreg8.org')
 3 SYSTEMPATH/CodeIgniter.php(934): App\Controllers\Dashboard->getvalues()
 4 SYSTEMPATH/CodeIgniter.php(499): CodeIgniter\CodeIgniter->runController(Object(App\Controllers\Dashboard))
 5 SYSTEMPATH/CodeIgniter.php(368): CodeIgniter\CodeIgniter->handleRequest(null, Object(Config\Cache), false)
 6 FCPATH/index.php(67): CodeIgniter\CodeIgniter->run()
INFO - 2024-02-15 23:19:40 --> Session: Class initialized using 'CodeIgniter\Session\Handlers\FileHandler' driver.
INFO - 2024-02-15 23:19:48 --> Session: Class initialized using 'CodeIgniter\Session\Handlers\FileHandler' driver.
INFO - 2024-02-15 23:19:48 --> Session: Class initialized using 'CodeIgniter\Session\Handlers\FileHandler' driver.
INFO - 2024-02-15 23:19:49 --> Session: Class initialized using 'CodeIgniter\Session\Handlers\FileHandler' driver.
ERROR - 2024-02-15 23:19:49 --> mysqli_sql_exception: You have an error in your SQL syntax; check the manual that corresponds to your MySQL server version for the right syntax to use near 'GROUP BY a.contact_id
    ) as A' at line 5 in /home/congreg8/public_html/app.congreg8.org/system/Database/MySQLi/Connection.php:295
Stack trace:
#0 /home/congreg8/public_html/app.congreg8.org/system/Database/MySQLi/Connection.php(295): mysqli->query('SELECT count(*)...', 0)
#1 /home/congreg8/public_html/app.congreg8.org/system/Database/BaseConnection.php(691): CodeIgniter\Database\MySQLi\Connection->execute('SELECT count(*)...')
#2 /home/congreg8/public_html/app.congreg8.org/system/Database/BaseConnection.php(605): CodeIgniter\Database\BaseConnection->simpleQuery('SELECT count(*)...')
#3 /home/congreg8/public_html/app.congreg8.org/app/Helpers/custom_helper.php(353): CodeIgniter\Database\BaseConnection->query('SELECT count(*)...')
#4 /home/congreg8/public_html/app.congreg8.org/app/Controllers/Dashboard.php(62): get_All_visitors(NULL, '', '')
#5 /home/congreg8/public_html/app.congreg8.org/system/CodeIgniter.php(934): App\Controllers\Dashboard->getvalues()
#6 /home/congreg8/public_html/app.congreg8.org/system/CodeIgniter.php(499): CodeIgniter\CodeIgniter->runController(Object(App\Controllers\Dashboard))
#7 /home/congreg8/public_html/app.congreg8.org/system/CodeIgniter.php(368): CodeIgniter\CodeIgniter->handleRequest(NULL, Object(Config\Cache), false)
#8 /home/congreg8/public_html/app.congreg8.org/index.php(67): CodeIgniter\CodeIgniter->run()
#9 {main}
CRITICAL - 2024-02-15 23:19:49 --> You have an error in your SQL syntax; check the manual that corresponds to your MySQL server version for the right syntax to use near 'GROUP BY a.contact_id
    ) as A' at line 5
in SYSTEMPATH/Database/BaseConnection.php on line 645.
 1 APPPATH/Helpers/custom_helper.php(353): CodeIgniter\Database\BaseConnection->query('SELECT count(*) as cntt FROM (
        SELECT a.contact_id as cnt
        FROM `tab_attandance` a
        LEFT JOIN contacts c ON c.id = a.contact_id
        WHERE c.r_status = \'Y\' AND a.rstatus = \'Y\' AND form_type = \'Visitor\' AND a.church_id =  GROUP BY a.contact_id
    ) as A')
 2 APPPATH/Controllers/Dashboard.php(62): get_All_visitors(null, '/home/congreg8/public_html/app.congreg8.org', '/home/congreg8/public_html/app.congreg8.org')
 3 SYSTEMPATH/CodeIgniter.php(934): App\Controllers\Dashboard->getvalues()
 4 SYSTEMPATH/CodeIgniter.php(499): CodeIgniter\CodeIgniter->runController(Object(App\Controllers\Dashboard))
 5 SYSTEMPATH/CodeIgniter.php(368): CodeIgniter\CodeIgniter->handleRequest(null, Object(Config\Cache), false)
 6 FCPATH/index.php(67): CodeIgniter\CodeIgniter->run()
INFO - 2024-02-15 23:19:49 --> Session: Class initialized using 'CodeIgniter\Session\Handlers\FileHandler' driver.
INFO - 2024-02-15 23:19:52 --> Session: Class initialized using 'CodeIgniter\Session\Handlers\FileHandler' driver.
INFO - 2024-02-15 23:19:53 --> Session: Class initialized using 'CodeIgniter\Session\Handlers\FileHandler' driver.
INFO - 2024-02-15 23:19:53 --> Session: Class initialized using 'CodeIgniter\Session\Handlers\FileHandler' driver.
ERROR - 2024-02-15 23:19:53 --> mysqli_sql_exception: You have an error in your SQL syntax; check the manual that corresponds to your MySQL server version for the right syntax to use near 'GROUP BY a.contact_id
    ) as A' at line 5 in /home/congreg8/public_html/app.congreg8.org/system/Database/MySQLi/Connection.php:295
Stack trace:
#0 /home/congreg8/public_html/app.congreg8.org/system/Database/MySQLi/Connection.php(295): mysqli->query('SELECT count(*)...', 0)
#1 /home/congreg8/public_html/app.congreg8.org/system/Database/BaseConnection.php(691): CodeIgniter\Database\MySQLi\Connection->execute('SELECT count(*)...')
#2 /home/congreg8/public_html/app.congreg8.org/system/Database/BaseConnection.php(605): CodeIgniter\Database\BaseConnection->simpleQuery('SELECT count(*)...')
#3 /home/congreg8/public_html/app.congreg8.org/app/Helpers/custom_helper.php(353): CodeIgniter\Database\BaseConnection->query('SELECT count(*)...')
#4 /home/congreg8/public_html/app.congreg8.org/app/Controllers/Dashboard.php(62): get_All_visitors(NULL, '', '')
#5 /home/congreg8/public_html/app.congreg8.org/system/CodeIgniter.php(934): App\Controllers\Dashboard->getvalues()
#6 /home/congreg8/public_html/app.congreg8.org/system/CodeIgniter.php(499): CodeIgniter\CodeIgniter->runController(Object(App\Controllers\Dashboard))
#7 /home/congreg8/public_html/app.congreg8.org/system/CodeIgniter.php(368): CodeIgniter\CodeIgniter->handleRequest(NULL, Object(Config\Cache), false)
#8 /home/congreg8/public_html/app.congreg8.org/index.php(67): CodeIgniter\CodeIgniter->run()
#9 {main}
CRITICAL - 2024-02-15 23:19:53 --> You have an error in your SQL syntax; check the manual that corresponds to your MySQL server version for the right syntax to use near 'GROUP BY a.contact_id
    ) as A' at line 5
in SYSTEMPATH/Database/BaseConnection.php on line 645.
 1 APPPATH/Helpers/custom_helper.php(353): CodeIgniter\Database\BaseConnection->query('SELECT count(*) as cntt FROM (
        SELECT a.contact_id as cnt
        FROM `tab_attandance` a
        LEFT JOIN contacts c ON c.id = a.contact_id
        WHERE c.r_status = \'Y\' AND a.rstatus = \'Y\' AND form_type = \'Visitor\' AND a.church_id =  GROUP BY a.contact_id
    ) as A')
 2 APPPATH/Controllers/Dashboard.php(62): get_All_visitors(null, '/home/congreg8/public_html/app.congreg8.org', '/home/congreg8/public_html/app.congreg8.org')
 3 SYSTEMPATH/CodeIgniter.php(934): App\Controllers\Dashboard->getvalues()
 4 SYSTEMPATH/CodeIgniter.php(499): CodeIgniter\CodeIgniter->runController(Object(App\Controllers\Dashboard))
 5 SYSTEMPATH/CodeIgniter.php(368): CodeIgniter\CodeIgniter->handleRequest(null, Object(Config\Cache), false)
 6 FCPATH/index.php(67): CodeIgniter\CodeIgniter->run()
INFO - 2024-02-15 23:19:53 --> Session: Class initialized using 'CodeIgniter\Session\Handlers\FileHandler' driver.
INFO - 2024-02-15 23:19:56 --> Session: Class initialized using 'CodeIgniter\Session\Handlers\FileHandler' driver.
INFO - 2024-02-15 23:19:56 --> Session: Class initialized using 'CodeIgniter\Session\Handlers\FileHandler' driver.
INFO - 2024-02-15 23:19:57 --> Session: Class initialized using 'CodeIgniter\Session\Handlers\FileHandler' driver.
ERROR - 2024-02-15 23:19:57 --> mysqli_sql_exception: You have an error in your SQL syntax; check the manual that corresponds to your MySQL server version for the right syntax to use near 'GROUP BY a.contact_id
    ) as A' at line 5 in /home/congreg8/public_html/app.congreg8.org/system/Database/MySQLi/Connection.php:295
Stack trace:
#0 /home/congreg8/public_html/app.congreg8.org/system/Database/MySQLi/Connection.php(295): mysqli->query('SELECT count(*)...', 0)
#1 /home/congreg8/public_html/app.congreg8.org/system/Database/BaseConnection.php(691): CodeIgniter\Database\MySQLi\Connection->execute('SELECT count(*)...')
#2 /home/congreg8/public_html/app.congreg8.org/system/Database/BaseConnection.php(605): CodeIgniter\Database\BaseConnection->simpleQuery('SELECT count(*)...')
#3 /home/congreg8/public_html/app.congreg8.org/app/Helpers/custom_helper.php(353): CodeIgniter\Database\BaseConnection->query('SELECT count(*)...')
#4 /home/congreg8/public_html/app.congreg8.org/app/Controllers/Dashboard.php(62): get_All_visitors(NULL, '', '')
#5 /home/congreg8/public_html/app.congreg8.org/system/CodeIgniter.php(934): App\Controllers\Dashboard->getvalues()
#6 /home/congreg8/public_html/app.congreg8.org/system/CodeIgniter.php(499): CodeIgniter\CodeIgniter->runController(Object(App\Controllers\Dashboard))
#7 /home/congreg8/public_html/app.congreg8.org/system/CodeIgniter.php(368): CodeIgniter\CodeIgniter->handleRequest(NULL, Object(Config\Cache), false)
#8 /home/congreg8/public_html/app.congreg8.org/index.php(67): CodeIgniter\CodeIgniter->run()
#9 {main}
CRITICAL - 2024-02-15 23:19:57 --> You have an error in your SQL syntax; check the manual that corresponds to your MySQL server version for the right syntax to use near 'GROUP BY a.contact_id
    ) as A' at line 5
in SYSTEMPATH/Database/BaseConnection.php on line 645.
 1 APPPATH/Helpers/custom_helper.php(353): CodeIgniter\Database\BaseConnection->query('SELECT count(*) as cntt FROM (
        SELECT a.contact_id as cnt
        FROM `tab_attandance` a
        LEFT JOIN contacts c ON c.id = a.contact_id
        WHERE c.r_status = \'Y\' AND a.rstatus = \'Y\' AND form_type = \'Visitor\' AND a.church_id =  GROUP BY a.contact_id
    ) as A')
 2 APPPATH/Controllers/Dashboard.php(62): get_All_visitors(null, '/home/congreg8/public_html/app.congreg8.org', '/home/congreg8/public_html/app.congreg8.org')
 3 SYSTEMPATH/CodeIgniter.php(934): App\Controllers\Dashboard->getvalues()
 4 SYSTEMPATH/CodeIgniter.php(499): CodeIgniter\CodeIgniter->runController(Object(App\Controllers\Dashboard))
 5 SYSTEMPATH/CodeIgniter.php(368): CodeIgniter\CodeIgniter->handleRequest(null, Object(Config\Cache), false)
 6 FCPATH/index.php(67): CodeIgniter\CodeIgniter->run()
INFO - 2024-02-15 23:19:57 --> Session: Class initialized using 'CodeIgniter\Session\Handlers\FileHandler' driver.
INFO - 2024-02-15 23:20:00 --> Session: Class initialized using 'CodeIgniter\Session\Handlers\FileHandler' driver.
INFO - 2024-02-15 23:20:00 --> Session: Class initialized using 'CodeIgniter\Session\Handlers\FileHandler' driver.
INFO - 2024-02-15 23:20:01 --> Session: Class initialized using 'CodeIgniter\Session\Handlers\FileHandler' driver.
ERROR - 2024-02-15 23:20:01 --> mysqli_sql_exception: You have an error in your SQL syntax; check the manual that corresponds to your MySQL server version for the right syntax to use near 'GROUP BY a.contact_id
    ) as A' at line 5 in /home/congreg8/public_html/app.congreg8.org/system/Database/MySQLi/Connection.php:295
Stack trace:
#0 /home/congreg8/public_html/app.congreg8.org/system/Database/MySQLi/Connection.php(295): mysqli->query('SELECT count(*)...', 0)
#1 /home/congreg8/public_html/app.congreg8.org/system/Database/BaseConnection.php(691): CodeIgniter\Database\MySQLi\Connection->execute('SELECT count(*)...')
#2 /home/congreg8/public_html/app.congreg8.org/system/Database/BaseConnection.php(605): CodeIgniter\Database\BaseConnection->simpleQuery('SELECT count(*)...')
#3 /home/congreg8/public_html/app.congreg8.org/app/Helpers/custom_helper.php(353): CodeIgniter\Database\BaseConnection->query('SELECT count(*)...')
#4 /home/congreg8/public_html/app.congreg8.org/app/Controllers/Dashboard.php(62): get_All_visitors(NULL, '', '')
#5 /home/congreg8/public_html/app.congreg8.org/system/CodeIgniter.php(934): App\Controllers\Dashboard->getvalues()
#6 /home/congreg8/public_html/app.congreg8.org/system/CodeIgniter.php(499): CodeIgniter\CodeIgniter->runController(Object(App\Controllers\Dashboard))
#7 /home/congreg8/public_html/app.congreg8.org/system/CodeIgniter.php(368): CodeIgniter\CodeIgniter->handleRequest(NULL, Object(Config\Cache), false)
#8 /home/congreg8/public_html/app.congreg8.org/index.php(67): CodeIgniter\CodeIgniter->run()
#9 {main}
CRITICAL - 2024-02-15 23:20:01 --> You have an error in your SQL syntax; check the manual that corresponds to your MySQL server version for the right syntax to use near 'GROUP BY a.contact_id
    ) as A' at line 5
in SYSTEMPATH/Database/BaseConnection.php on line 645.
 1 APPPATH/Helpers/custom_helper.php(353): CodeIgniter\Database\BaseConnection->query('SELECT count(*) as cntt FROM (
        SELECT a.contact_id as cnt
        FROM `tab_attandance` a
        LEFT JOIN contacts c ON c.id = a.contact_id
        WHERE c.r_status = \'Y\' AND a.rstatus = \'Y\' AND form_type = \'Visitor\' AND a.church_id =  GROUP BY a.contact_id
    ) as A')
 2 APPPATH/Controllers/Dashboard.php(62): get_All_visitors(null, '/home/congreg8/public_html/app.congreg8.org', '/home/congreg8/public_html/app.congreg8.org')
 3 SYSTEMPATH/CodeIgniter.php(934): App\Controllers\Dashboard->getvalues()
 4 SYSTEMPATH/CodeIgniter.php(499): CodeIgniter\CodeIgniter->runController(Object(App\Controllers\Dashboard))
 5 SYSTEMPATH/CodeIgniter.php(368): CodeIgniter\CodeIgniter->handleRequest(null, Object(Config\Cache), false)
 6 FCPATH/index.php(67): CodeIgniter\CodeIgniter->run()
INFO - 2024-02-15 23:20:01 --> Session: Class initialized using 'CodeIgniter\Session\Handlers\FileHandler' driver.
INFO - 2024-02-15 23:20:03 --> Session: Class initialized using 'CodeIgniter\Session\Handlers\FileHandler' driver.
INFO - 2024-02-15 23:20:03 --> Session: Class initialized using 'CodeIgniter\Session\Handlers\FileHandler' driver.
INFO - 2024-02-15 23:20:04 --> Session: Class initialized using 'CodeIgniter\Session\Handlers\FileHandler' driver.
ERROR - 2024-02-15 23:20:04 --> mysqli_sql_exception: You have an error in your SQL syntax; check the manual that corresponds to your MySQL server version for the right syntax to use near 'GROUP BY a.contact_id
    ) as A' at line 5 in /home/congreg8/public_html/app.congreg8.org/system/Database/MySQLi/Connection.php:295
Stack trace:
#0 /home/congreg8/public_html/app.congreg8.org/system/Database/MySQLi/Connection.php(295): mysqli->query('SELECT count(*)...', 0)
#1 /home/congreg8/public_html/app.congreg8.org/system/Database/BaseConnection.php(691): CodeIgniter\Database\MySQLi\Connection->execute('SELECT count(*)...')
#2 /home/congreg8/public_html/app.congreg8.org/system/Database/BaseConnection.php(605): CodeIgniter\Database\BaseConnection->simpleQuery('SELECT count(*)...')
#3 /home/congreg8/public_html/app.congreg8.org/app/Helpers/custom_helper.php(353): CodeIgniter\Database\BaseConnection->query('SELECT count(*)...')
#4 /home/congreg8/public_html/app.congreg8.org/app/Controllers/Dashboard.php(62): get_All_visitors(NULL, '', '')
#5 /home/congreg8/public_html/app.congreg8.org/system/CodeIgniter.php(934): App\Controllers\Dashboard->getvalues()
#6 /home/congreg8/public_html/app.congreg8.org/system/CodeIgniter.php(499): CodeIgniter\CodeIgniter->runController(Object(App\Controllers\Dashboard))
#7 /home/congreg8/public_html/app.congreg8.org/system/CodeIgniter.php(368): CodeIgniter\CodeIgniter->handleRequest(NULL, Object(Config\Cache), false)
#8 /home/congreg8/public_html/app.congreg8.org/index.php(67): CodeIgniter\CodeIgniter->run()
#9 {main}
CRITICAL - 2024-02-15 23:20:04 --> You have an error in your SQL syntax; check the manual that corresponds to your MySQL server version for the right syntax to use near 'GROUP BY a.contact_id
    ) as A' at line 5
in SYSTEMPATH/Database/BaseConnection.php on line 645.
 1 APPPATH/Helpers/custom_helper.php(353): CodeIgniter\Database\BaseConnection->query('SELECT count(*) as cntt FROM (
        SELECT a.contact_id as cnt
        FROM `tab_attandance` a
        LEFT JOIN contacts c ON c.id = a.contact_id
        WHERE c.r_status = \'Y\' AND a.rstatus = \'Y\' AND form_type = \'Visitor\' AND a.church_id =  GROUP BY a.contact_id
    ) as A')
 2 APPPATH/Controllers/Dashboard.php(62): get_All_visitors(null, '/home/congreg8/public_html/app.congreg8.org', '/home/congreg8/public_html/app.congreg8.org')
 3 SYSTEMPATH/CodeIgniter.php(934): App\Controllers\Dashboard->getvalues()
 4 SYSTEMPATH/CodeIgniter.php(499): CodeIgniter\CodeIgniter->runController(Object(App\Controllers\Dashboard))
 5 SYSTEMPATH/CodeIgniter.php(368): CodeIgniter\CodeIgniter->handleRequest(null, Object(Config\Cache), false)
 6 FCPATH/index.php(67): CodeIgniter\CodeIgniter->run()
INFO - 2024-02-15 23:20:04 --> Session: Class initialized using 'CodeIgniter\Session\Handlers\FileHandler' driver.
INFO - 2024-02-15 23:20:06 --> Session: Class initialized using 'CodeIgniter\Session\Handlers\FileHandler' driver.
INFO - 2024-02-15 23:20:06 --> Session: Class initialized using 'CodeIgniter\Session\Handlers\FileHandler' driver.
INFO - 2024-02-15 23:20:07 --> Session: Class initialized using 'CodeIgniter\Session\Handlers\FileHandler' driver.
ERROR - 2024-02-15 23:20:07 --> mysqli_sql_exception: You have an error in your SQL syntax; check the manual that corresponds to your MySQL server version for the right syntax to use near 'GROUP BY a.contact_id
    ) as A' at line 5 in /home/congreg8/public_html/app.congreg8.org/system/Database/MySQLi/Connection.php:295
Stack trace:
#0 /home/congreg8/public_html/app.congreg8.org/system/Database/MySQLi/Connection.php(295): mysqli->query('SELECT count(*)...', 0)
#1 /home/congreg8/public_html/app.congreg8.org/system/Database/BaseConnection.php(691): CodeIgniter\Database\MySQLi\Connection->execute('SELECT count(*)...')
#2 /home/congreg8/public_html/app.congreg8.org/system/Database/BaseConnection.php(605): CodeIgniter\Database\BaseConnection->simpleQuery('SELECT count(*)...')
#3 /home/congreg8/public_html/app.congreg8.org/app/Helpers/custom_helper.php(353): CodeIgniter\Database\BaseConnection->query('SELECT count(*)...')
#4 /home/congreg8/public_html/app.congreg8.org/app/Controllers/Dashboard.php(62): get_All_visitors(NULL, '', '')
#5 /home/congreg8/public_html/app.congreg8.org/system/CodeIgniter.php(934): App\Controllers\Dashboard->getvalues()
#6 /home/congreg8/public_html/app.congreg8.org/system/CodeIgniter.php(499): CodeIgniter\CodeIgniter->runController(Object(App\Controllers\Dashboard))
#7 /home/congreg8/public_html/app.congreg8.org/system/CodeIgniter.php(368): CodeIgniter\CodeIgniter->handleRequest(NULL, Object(Config\Cache), false)
#8 /home/congreg8/public_html/app.congreg8.org/index.php(67): CodeIgniter\CodeIgniter->run()
#9 {main}
CRITICAL - 2024-02-15 23:20:07 --> You have an error in your SQL syntax; check the manual that corresponds to your MySQL server version for the right syntax to use near 'GROUP BY a.contact_id
    ) as A' at line 5
in SYSTEMPATH/Database/BaseConnection.php on line 645.
 1 APPPATH/Helpers/custom_helper.php(353): CodeIgniter\Database\BaseConnection->query('SELECT count(*) as cntt FROM (
        SELECT a.contact_id as cnt
        FROM `tab_attandance` a
        LEFT JOIN contacts c ON c.id = a.contact_id
        WHERE c.r_status = \'Y\' AND a.rstatus = \'Y\' AND form_type = \'Visitor\' AND a.church_id =  GROUP BY a.contact_id
    ) as A')
 2 APPPATH/Controllers/Dashboard.php(62): get_All_visitors(null, '/home/congreg8/public_html/app.congreg8.org', '/home/congreg8/public_html/app.congreg8.org')
 3 SYSTEMPATH/CodeIgniter.php(934): App\Controllers\Dashboard->getvalues()
 4 SYSTEMPATH/CodeIgniter.php(499): CodeIgniter\CodeIgniter->runController(Object(App\Controllers\Dashboard))
 5 SYSTEMPATH/CodeIgniter.php(368): CodeIgniter\CodeIgniter->handleRequest(null, Object(Config\Cache), false)
 6 FCPATH/index.php(67): CodeIgniter\CodeIgniter->run()
INFO - 2024-02-15 23:20:07 --> Session: Class initialized using 'CodeIgniter\Session\Handlers\FileHandler' driver.
INFO - 2024-02-15 23:20:10 --> Session: Class initialized using 'CodeIgniter\Session\Handlers\FileHandler' driver.
INFO - 2024-02-15 23:20:10 --> Session: Class initialized using 'CodeIgniter\Session\Handlers\FileHandler' driver.
INFO - 2024-02-15 23:20:11 --> Session: Class initialized using 'CodeIgniter\Session\Handlers\FileHandler' driver.
ERROR - 2024-02-15 23:20:11 --> mysqli_sql_exception: You have an error in your SQL syntax; check the manual that corresponds to your MySQL server version for the right syntax to use near 'GROUP BY a.contact_id
    ) as A' at line 5 in /home/congreg8/public_html/app.congreg8.org/system/Database/MySQLi/Connection.php:295
Stack trace:
#0 /home/congreg8/public_html/app.congreg8.org/system/Database/MySQLi/Connection.php(295): mysqli->query('SELECT count(*)...', 0)
#1 /home/congreg8/public_html/app.congreg8.org/system/Database/BaseConnection.php(691): CodeIgniter\Database\MySQLi\Connection->execute('SELECT count(*)...')
#2 /home/congreg8/public_html/app.congreg8.org/system/Database/BaseConnection.php(605): CodeIgniter\Database\BaseConnection->simpleQuery('SELECT count(*)...')
#3 /home/congreg8/public_html/app.congreg8.org/app/Helpers/custom_helper.php(353): CodeIgniter\Database\BaseConnection->query('SELECT count(*)...')
#4 /home/congreg8/public_html/app.congreg8.org/app/Controllers/Dashboard.php(62): get_All_visitors(NULL, '', '')
#5 /home/congreg8/public_html/app.congreg8.org/system/CodeIgniter.php(934): App\Controllers\Dashboard->getvalues()
#6 /home/congreg8/public_html/app.congreg8.org/system/CodeIgniter.php(499): CodeIgniter\CodeIgniter->runController(Object(App\Controllers\Dashboard))
#7 /home/congreg8/public_html/app.congreg8.org/system/CodeIgniter.php(368): CodeIgniter\CodeIgniter->handleRequest(NULL, Object(Config\Cache), false)
#8 /home/congreg8/public_html/app.congreg8.org/index.php(67): CodeIgniter\CodeIgniter->run()
#9 {main}
CRITICAL - 2024-02-15 23:20:11 --> You have an error in your SQL syntax; check the manual that corresponds to your MySQL server version for the right syntax to use near 'GROUP BY a.contact_id
    ) as A' at line 5
in SYSTEMPATH/Database/BaseConnection.php on line 645.
 1 APPPATH/Helpers/custom_helper.php(353): CodeIgniter\Database\BaseConnection->query('SELECT count(*) as cntt FROM (
        SELECT a.contact_id as cnt
        FROM `tab_attandance` a
        LEFT JOIN contacts c ON c.id = a.contact_id
        WHERE c.r_status = \'Y\' AND a.rstatus = \'Y\' AND form_type = \'Visitor\' AND a.church_id =  GROUP BY a.contact_id
    ) as A')
 2 APPPATH/Controllers/Dashboard.php(62): get_All_visitors(null, '/home/congreg8/public_html/app.congreg8.org', '/home/congreg8/public_html/app.congreg8.org')
 3 SYSTEMPATH/CodeIgniter.php(934): App\Controllers\Dashboard->getvalues()
 4 SYSTEMPATH/CodeIgniter.php(499): CodeIgniter\CodeIgniter->runController(Object(App\Controllers\Dashboard))
 5 SYSTEMPATH/CodeIgniter.php(368): CodeIgniter\CodeIgniter->handleRequest(null, Object(Config\Cache), false)
 6 FCPATH/index.php(67): CodeIgniter\CodeIgniter->run()
INFO - 2024-02-15 23:20:11 --> Session: Class initialized using 'CodeIgniter\Session\Handlers\FileHandler' driver.
INFO - 2024-02-15 23:20:13 --> Session: Class initialized using 'CodeIgniter\Session\Handlers\FileHandler' driver.
INFO - 2024-02-15 23:20:13 --> Session: Class initialized using 'CodeIgniter\Session\Handlers\FileHandler' driver.
INFO - 2024-02-15 23:20:14 --> Session: Class initialized using 'CodeIgniter\Session\Handlers\FileHandler' driver.
ERROR - 2024-02-15 23:20:14 --> mysqli_sql_exception: You have an error in your SQL syntax; check the manual that corresponds to your MySQL server version for the right syntax to use near 'GROUP BY a.contact_id
    ) as A' at line 5 in /home/congreg8/public_html/app.congreg8.org/system/Database/MySQLi/Connection.php:295
Stack trace:
#0 /home/congreg8/public_html/app.congreg8.org/system/Database/MySQLi/Connection.php(295): mysqli->query('SELECT count(*)...', 0)
#1 /home/congreg8/public_html/app.congreg8.org/system/Database/BaseConnection.php(691): CodeIgniter\Database\MySQLi\Connection->execute('SELECT count(*)...')
#2 /home/congreg8/public_html/app.congreg8.org/system/Database/BaseConnection.php(605): CodeIgniter\Database\BaseConnection->simpleQuery('SELECT count(*)...')
#3 /home/congreg8/public_html/app.congreg8.org/app/Helpers/custom_helper.php(353): CodeIgniter\Database\BaseConnection->query('SELECT count(*)...')
#4 /home/congreg8/public_html/app.congreg8.org/app/Controllers/Dashboard.php(62): get_All_visitors(NULL, '', '')
#5 /home/congreg8/public_html/app.congreg8.org/system/CodeIgniter.php(934): App\Controllers\Dashboard->getvalues()
#6 /home/congreg8/public_html/app.congreg8.org/system/CodeIgniter.php(499): CodeIgniter\CodeIgniter->runController(Object(App\Controllers\Dashboard))
#7 /home/congreg8/public_html/app.congreg8.org/system/CodeIgniter.php(368): CodeIgniter\CodeIgniter->handleRequest(NULL, Object(Config\Cache), false)
#8 /home/congreg8/public_html/app.congreg8.org/index.php(67): CodeIgniter\CodeIgniter->run()
#9 {main}
CRITICAL - 2024-02-15 23:20:14 --> You have an error in your SQL syntax; check the manual that corresponds to your MySQL server version for the right syntax to use near 'GROUP BY a.contact_id
    ) as A' at line 5
in SYSTEMPATH/Database/BaseConnection.php on line 645.
 1 APPPATH/Helpers/custom_helper.php(353): CodeIgniter\Database\BaseConnection->query('SELECT count(*) as cntt FROM (
        SELECT a.contact_id as cnt
        FROM `tab_attandance` a
        LEFT JOIN contacts c ON c.id = a.contact_id
        WHERE c.r_status = \'Y\' AND a.rstatus = \'Y\' AND form_type = \'Visitor\' AND a.church_id =  GROUP BY a.contact_id
    ) as A')
 2 APPPATH/Controllers/Dashboard.php(62): get_All_visitors(null, '/home/congreg8/public_html/app.congreg8.org', '/home/congreg8/public_html/app.congreg8.org')
 3 SYSTEMPATH/CodeIgniter.php(934): App\Controllers\Dashboard->getvalues()
 4 SYSTEMPATH/CodeIgniter.php(499): CodeIgniter\CodeIgniter->runController(Object(App\Controllers\Dashboard))
 5 SYSTEMPATH/CodeIgniter.php(368): CodeIgniter\CodeIgniter->handleRequest(null, Object(Config\Cache), false)
 6 FCPATH/index.php(67): CodeIgniter\CodeIgniter->run()
INFO - 2024-02-15 23:20:14 --> Session: Class initialized using 'CodeIgniter\Session\Handlers\FileHandler' driver.
INFO - 2024-02-15 23:20:16 --> Session: Class initialized using 'CodeIgniter\Session\Handlers\FileHandler' driver.
INFO - 2024-02-15 23:20:17 --> Session: Class initialized using 'CodeIgniter\Session\Handlers\FileHandler' driver.
ERROR - 2024-02-15 23:20:17 --> mysqli_sql_exception: You have an error in your SQL syntax; check the manual that corresponds to your MySQL server version for the right syntax to use near 'GROUP BY a.contact_id
    ) as A' at line 5 in /home/congreg8/public_html/app.congreg8.org/system/Database/MySQLi/Connection.php:295
Stack trace:
#0 /home/congreg8/public_html/app.congreg8.org/system/Database/MySQLi/Connection.php(295): mysqli->query('SELECT count(*)...', 0)
#1 /home/congreg8/public_html/app.congreg8.org/system/Database/BaseConnection.php(691): CodeIgniter\Database\MySQLi\Connection->execute('SELECT count(*)...')
#2 /home/congreg8/public_html/app.congreg8.org/system/Database/BaseConnection.php(605): CodeIgniter\Database\BaseConnection->simpleQuery('SELECT count(*)...')
#3 /home/congreg8/public_html/app.congreg8.org/app/Helpers/custom_helper.php(353): CodeIgniter\Database\BaseConnection->query('SELECT count(*)...')
#4 /home/congreg8/public_html/app.congreg8.org/app/Controllers/Dashboard.php(62): get_All_visitors(NULL, '', '')
#5 /home/congreg8/public_html/app.congreg8.org/system/CodeIgniter.php(934): App\Controllers\Dashboard->getvalues()
#6 /home/congreg8/public_html/app.congreg8.org/system/CodeIgniter.php(499): CodeIgniter\CodeIgniter->runController(Object(App\Controllers\Dashboard))
#7 /home/congreg8/public_html/app.congreg8.org/system/CodeIgniter.php(368): CodeIgniter\CodeIgniter->handleRequest(NULL, Object(Config\Cache), false)
#8 /home/congreg8/public_html/app.congreg8.org/index.php(67): CodeIgniter\CodeIgniter->run()
#9 {main}
CRITICAL - 2024-02-15 23:20:17 --> You have an error in your SQL syntax; check the manual that corresponds to your MySQL server version for the right syntax to use near 'GROUP BY a.contact_id
    ) as A' at line 5
in SYSTEMPATH/Database/BaseConnection.php on line 645.
 1 APPPATH/Helpers/custom_helper.php(353): CodeIgniter\Database\BaseConnection->query('SELECT count(*) as cntt FROM (
        SELECT a.contact_id as cnt
        FROM `tab_attandance` a
        LEFT JOIN contacts c ON c.id = a.contact_id
        WHERE c.r_status = \'Y\' AND a.rstatus = \'Y\' AND form_type = \'Visitor\' AND a.church_id =  GROUP BY a.contact_id
    ) as A')
 2 APPPATH/Controllers/Dashboard.php(62): get_All_visitors(null, '/home/congreg8/public_html/app.congreg8.org', '/home/congreg8/public_html/app.congreg8.org')
 3 SYSTEMPATH/CodeIgniter.php(934): App\Controllers\Dashboard->getvalues()
 4 SYSTEMPATH/CodeIgniter.php(499): CodeIgniter\CodeIgniter->runController(Object(App\Controllers\Dashboard))
 5 SYSTEMPATH/CodeIgniter.php(368): CodeIgniter\CodeIgniter->handleRequest(null, Object(Config\Cache), false)
 6 FCPATH/index.php(67): CodeIgniter\CodeIgniter->run()
INFO - 2024-02-15 23:20:17 --> Session: Class initialized using 'CodeIgniter\Session\Handlers\FileHandler' driver.
INFO - 2024-02-15 23:20:24 --> Session: Class initialized using 'CodeIgniter\Session\Handlers\FileHandler' driver.
INFO - 2024-02-15 23:20:28 --> Session: Class initialized using 'CodeIgniter\Session\Handlers\FileHandler' driver.
INFO - 2024-02-15 23:20:38 --> Session: Class initialized using 'CodeIgniter\Session\Handlers\FileHandler' driver.
INFO - 2024-02-15 23:20:40 --> Session: Class initialized using 'CodeIgniter\Session\Handlers\FileHandler' driver.
INFO - 2024-02-15 23:20:42 --> Session: Class initialized using 'CodeIgniter\Session\Handlers\FileHandler' driver.
INFO - 2024-02-15 23:20:50 --> Session: Class initialized using 'CodeIgniter\Session\Handlers\FileHandler' driver.
INFO - 2024-02-15 23:20:51 --> Session: Class initialized using 'CodeIgniter\Session\Handlers\FileHandler' driver.
ERROR - 2024-02-15 23:20:51 --> mysqli_sql_exception: You have an error in your SQL syntax; check the manual that corresponds to your MySQL server version for the right syntax to use near 'GROUP BY a.contact_id
    ) as A' at line 5 in /home/congreg8/public_html/app.congreg8.org/system/Database/MySQLi/Connection.php:295
Stack trace:
#0 /home/congreg8/public_html/app.congreg8.org/system/Database/MySQLi/Connection.php(295): mysqli->query('SELECT count(*)...', 0)
#1 /home/congreg8/public_html/app.congreg8.org/system/Database/BaseConnection.php(691): CodeIgniter\Database\MySQLi\Connection->execute('SELECT count(*)...')
#2 /home/congreg8/public_html/app.congreg8.org/system/Database/BaseConnection.php(605): CodeIgniter\Database\BaseConnection->simpleQuery('SELECT count(*)...')
#3 /home/congreg8/public_html/app.congreg8.org/app/Helpers/custom_helper.php(353): CodeIgniter\Database\BaseConnection->query('SELECT count(*)...')
#4 /home/congreg8/public_html/app.congreg8.org/app/Controllers/Dashboard.php(62): get_All_visitors(NULL, '', '')
#5 /home/congreg8/public_html/app.congreg8.org/system/CodeIgniter.php(934): App\Controllers\Dashboard->getvalues()
#6 /home/congreg8/public_html/app.congreg8.org/system/CodeIgniter.php(499): CodeIgniter\CodeIgniter->runController(Object(App\Controllers\Dashboard))
#7 /home/congreg8/public_html/app.congreg8.org/system/CodeIgniter.php(368): CodeIgniter\CodeIgniter->handleRequest(NULL, Object(Config\Cache), false)
#8 /home/congreg8/public_html/app.congreg8.org/index.php(67): CodeIgniter\CodeIgniter->run()
#9 {main}
CRITICAL - 2024-02-15 23:20:51 --> You have an error in your SQL syntax; check the manual that corresponds to your MySQL server version for the right syntax to use near 'GROUP BY a.contact_id
    ) as A' at line 5
in SYSTEMPATH/Database/BaseConnection.php on line 645.
 1 APPPATH/Helpers/custom_helper.php(353): CodeIgniter\Database\BaseConnection->query('SELECT count(*) as cntt FROM (
        SELECT a.contact_id as cnt
        FROM `tab_attandance` a
        LEFT JOIN contacts c ON c.id = a.contact_id
        WHERE c.r_status = \'Y\' AND a.rstatus = \'Y\' AND form_type = \'Visitor\' AND a.church_id =  GROUP BY a.contact_id
    ) as A')
 2 APPPATH/Controllers/Dashboard.php(62): get_All_visitors(null, '/home/congreg8/public_html/app.congreg8.org', '/home/congreg8/public_html/app.congreg8.org')
 3 SYSTEMPATH/CodeIgniter.php(934): App\Controllers\Dashboard->getvalues()
 4 SYSTEMPATH/CodeIgniter.php(499): CodeIgniter\CodeIgniter->runController(Object(App\Controllers\Dashboard))
 5 SYSTEMPATH/CodeIgniter.php(368): CodeIgniter\CodeIgniter->handleRequest(null, Object(Config\Cache), false)
 6 FCPATH/index.php(67): CodeIgniter\CodeIgniter->run()
INFO - 2024-02-15 23:21:17 --> Session: Class initialized using 'CodeIgniter\Session\Handlers\FileHandler' driver.
INFO - 2024-02-15 23:21:18 --> Session: Class initialized using 'CodeIgniter\Session\Handlers\FileHandler' driver.
ERROR - 2024-02-15 23:21:18 --> mysqli_sql_exception: You have an error in your SQL syntax; check the manual that corresponds to your MySQL server version for the right syntax to use near 'GROUP BY a.contact_id
    ) as A' at line 5 in /home/congreg8/public_html/app.congreg8.org/system/Database/MySQLi/Connection.php:295
Stack trace:
#0 /home/congreg8/public_html/app.congreg8.org/system/Database/MySQLi/Connection.php(295): mysqli->query('SELECT count(*)...', 0)
#1 /home/congreg8/public_html/app.congreg8.org/system/Database/BaseConnection.php(691): CodeIgniter\Database\MySQLi\Connection->execute('SELECT count(*)...')
#2 /home/congreg8/public_html/app.congreg8.org/system/Database/BaseConnection.php(605): CodeIgniter\Database\BaseConnection->simpleQuery('SELECT count(*)...')
#3 /home/congreg8/public_html/app.congreg8.org/app/Helpers/custom_helper.php(353): CodeIgniter\Database\BaseConnection->query('SELECT count(*)...')
#4 /home/congreg8/public_html/app.congreg8.org/app/Controllers/Dashboard.php(62): get_All_visitors(NULL, '', '')
#5 /home/congreg8/public_html/app.congreg8.org/system/CodeIgniter.php(934): App\Controllers\Dashboard->getvalues()
#6 /home/congreg8/public_html/app.congreg8.org/system/CodeIgniter.php(499): CodeIgniter\CodeIgniter->runController(Object(App\Controllers\Dashboard))
#7 /home/congreg8/public_html/app.congreg8.org/system/CodeIgniter.php(368): CodeIgniter\CodeIgniter->handleRequest(NULL, Object(Config\Cache), false)
#8 /home/congreg8/public_html/app.congreg8.org/index.php(67): CodeIgniter\CodeIgniter->run()
#9 {main}
CRITICAL - 2024-02-15 23:21:18 --> You have an error in your SQL syntax; check the manual that corresponds to your MySQL server version for the right syntax to use near 'GROUP BY a.contact_id
    ) as A' at line 5
in SYSTEMPATH/Database/BaseConnection.php on line 645.
 1 APPPATH/Helpers/custom_helper.php(353): CodeIgniter\Database\BaseConnection->query('SELECT count(*) as cntt FROM (
        SELECT a.contact_id as cnt
        FROM `tab_attandance` a
        LEFT JOIN contacts c ON c.id = a.contact_id
        WHERE c.r_status = \'Y\' AND a.rstatus = \'Y\' AND form_type = \'Visitor\' AND a.church_id =  GROUP BY a.contact_id
    ) as A')
 2 APPPATH/Controllers/Dashboard.php(62): get_All_visitors(null, '/home/congreg8/public_html/app.congreg8.org', '/home/congreg8/public_html/app.congreg8.org')
 3 SYSTEMPATH/CodeIgniter.php(934): App\Controllers\Dashboard->getvalues()
 4 SYSTEMPATH/CodeIgniter.php(499): CodeIgniter\CodeIgniter->runController(Object(App\Controllers\Dashboard))
 5 SYSTEMPATH/CodeIgniter.php(368): CodeIgniter\CodeIgniter->handleRequest(null, Object(Config\Cache), false)
 6 FCPATH/index.php(67): CodeIgniter\CodeIgniter->run()
INFO - 2024-02-15 23:21:20 --> Session: Class initialized using 'CodeIgniter\Session\Handlers\FileHandler' driver.
INFO - 2024-02-15 23:21:20 --> Session: Class initialized using 'CodeIgniter\Session\Handlers\FileHandler' driver.
ERROR - 2024-02-15 23:21:20 --> mysqli_sql_exception: You have an error in your SQL syntax; check the manual that corresponds to your MySQL server version for the right syntax to use near 'GROUP BY a.contact_id
    ) as A' at line 5 in /home/congreg8/public_html/app.congreg8.org/system/Database/MySQLi/Connection.php:295
Stack trace:
#0 /home/congreg8/public_html/app.congreg8.org/system/Database/MySQLi/Connection.php(295): mysqli->query('SELECT count(*)...', 0)
#1 /home/congreg8/public_html/app.congreg8.org/system/Database/BaseConnection.php(691): CodeIgniter\Database\MySQLi\Connection->execute('SELECT count(*)...')
#2 /home/congreg8/public_html/app.congreg8.org/system/Database/BaseConnection.php(605): CodeIgniter\Database\BaseConnection->simpleQuery('SELECT count(*)...')
#3 /home/congreg8/public_html/app.congreg8.org/app/Helpers/custom_helper.php(353): CodeIgniter\Database\BaseConnection->query('SELECT count(*)...')
#4 /home/congreg8/public_html/app.congreg8.org/app/Controllers/Dashboard.php(62): get_All_visitors(NULL, '', '')
#5 /home/congreg8/public_html/app.congreg8.org/system/CodeIgniter.php(934): App\Controllers\Dashboard->getvalues()
#6 /home/congreg8/public_html/app.congreg8.org/system/CodeIgniter.php(499): CodeIgniter\CodeIgniter->runController(Object(App\Controllers\Dashboard))
#7 /home/congreg8/public_html/app.congreg8.org/system/CodeIgniter.php(368): CodeIgniter\CodeIgniter->handleRequest(NULL, Object(Config\Cache), false)
#8 /home/congreg8/public_html/app.congreg8.org/index.php(67): CodeIgniter\CodeIgniter->run()
#9 {main}
CRITICAL - 2024-02-15 23:21:20 --> You have an error in your SQL syntax; check the manual that corresponds to your MySQL server version for the right syntax to use near 'GROUP BY a.contact_id
    ) as A' at line 5
in SYSTEMPATH/Database/BaseConnection.php on line 645.
 1 APPPATH/Helpers/custom_helper.php(353): CodeIgniter\Database\BaseConnection->query('SELECT count(*) as cntt FROM (
        SELECT a.contact_id as cnt
        FROM `tab_attandance` a
        LEFT JOIN contacts c ON c.id = a.contact_id
        WHERE c.r_status = \'Y\' AND a.rstatus = \'Y\' AND form_type = \'Visitor\' AND a.church_id =  GROUP BY a.contact_id
    ) as A')
 2 APPPATH/Controllers/Dashboard.php(62): get_All_visitors(null, '/home/congreg8/public_html/app.congreg8.org', '/home/congreg8/public_html/app.congreg8.org')
 3 SYSTEMPATH/CodeIgniter.php(934): App\Controllers\Dashboard->getvalues()
 4 SYSTEMPATH/CodeIgniter.php(499): CodeIgniter\CodeIgniter->runController(Object(App\Controllers\Dashboard))
 5 SYSTEMPATH/CodeIgniter.php(368): CodeIgniter\CodeIgniter->handleRequest(null, Object(Config\Cache), false)
 6 FCPATH/index.php(67): CodeIgniter\CodeIgniter->run()
INFO - 2024-02-15 23:21:24 --> Session: Class initialized using 'CodeIgniter\Session\Handlers\FileHandler' driver.
INFO - 2024-02-15 23:21:24 --> Session: Class initialized using 'CodeIgniter\Session\Handlers\FileHandler' driver.
ERROR - 2024-02-15 23:21:24 --> mysqli_sql_exception: You have an error in your SQL syntax; check the manual that corresponds to your MySQL server version for the right syntax to use near 'GROUP BY a.contact_id
    ) as A' at line 5 in /home/congreg8/public_html/app.congreg8.org/system/Database/MySQLi/Connection.php:295
Stack trace:
#0 /home/congreg8/public_html/app.congreg8.org/system/Database/MySQLi/Connection.php(295): mysqli->query('SELECT count(*)...', 0)
#1 /home/congreg8/public_html/app.congreg8.org/system/Database/BaseConnection.php(691): CodeIgniter\Database\MySQLi\Connection->execute('SELECT count(*)...')
#2 /home/congreg8/public_html/app.congreg8.org/system/Database/BaseConnection.php(605): CodeIgniter\Database\BaseConnection->simpleQuery('SELECT count(*)...')
#3 /home/congreg8/public_html/app.congreg8.org/app/Helpers/custom_helper.php(353): CodeIgniter\Database\BaseConnection->query('SELECT count(*)...')
#4 /home/congreg8/public_html/app.congreg8.org/app/Controllers/Dashboard.php(62): get_All_visitors(NULL, '', '')
#5 /home/congreg8/public_html/app.congreg8.org/system/CodeIgniter.php(934): App\Controllers\Dashboard->getvalues()
#6 /home/congreg8/public_html/app.congreg8.org/system/CodeIgniter.php(499): CodeIgniter\CodeIgniter->runController(Object(App\Controllers\Dashboard))
#7 /home/congreg8/public_html/app.congreg8.org/system/CodeIgniter.php(368): CodeIgniter\CodeIgniter->handleRequest(NULL, Object(Config\Cache), false)
#8 /home/congreg8/public_html/app.congreg8.org/index.php(67): CodeIgniter\CodeIgniter->run()
#9 {main}
CRITICAL - 2024-02-15 23:21:24 --> You have an error in your SQL syntax; check the manual that corresponds to your MySQL server version for the right syntax to use near 'GROUP BY a.contact_id
    ) as A' at line 5
in SYSTEMPATH/Database/BaseConnection.php on line 645.
 1 APPPATH/Helpers/custom_helper.php(353): CodeIgniter\Database\BaseConnection->query('SELECT count(*) as cntt FROM (
        SELECT a.contact_id as cnt
        FROM `tab_attandance` a
        LEFT JOIN contacts c ON c.id = a.contact_id
        WHERE c.r_status = \'Y\' AND a.rstatus = \'Y\' AND form_type = \'Visitor\' AND a.church_id =  GROUP BY a.contact_id
    ) as A')
 2 APPPATH/Controllers/Dashboard.php(62): get_All_visitors(null, '/home/congreg8/public_html/app.congreg8.org', '/home/congreg8/public_html/app.congreg8.org')
 3 SYSTEMPATH/CodeIgniter.php(934): App\Controllers\Dashboard->getvalues()
 4 SYSTEMPATH/CodeIgniter.php(499): CodeIgniter\CodeIgniter->runController(Object(App\Controllers\Dashboard))
 5 SYSTEMPATH/CodeIgniter.php(368): CodeIgniter\CodeIgniter->handleRequest(null, Object(Config\Cache), false)
 6 FCPATH/index.php(67): CodeIgniter\CodeIgniter->run()
INFO - 2024-02-15 23:21:24 --> Session: Class initialized using 'CodeIgniter\Session\Handlers\FileHandler' driver.
INFO - 2024-02-15 23:21:28 --> Session: Class initialized using 'CodeIgniter\Session\Handlers\FileHandler' driver.
INFO - 2024-02-15 23:21:29 --> Session: Class initialized using 'CodeIgniter\Session\Handlers\FileHandler' driver.
ERROR - 2024-02-15 23:21:29 --> mysqli_sql_exception: You have an error in your SQL syntax; check the manual that corresponds to your MySQL server version for the right syntax to use near 'GROUP BY a.contact_id
    ) as A' at line 5 in /home/congreg8/public_html/app.congreg8.org/system/Database/MySQLi/Connection.php:295
Stack trace:
#0 /home/congreg8/public_html/app.congreg8.org/system/Database/MySQLi/Connection.php(295): mysqli->query('SELECT count(*)...', 0)
#1 /home/congreg8/public_html/app.congreg8.org/system/Database/BaseConnection.php(691): CodeIgniter\Database\MySQLi\Connection->execute('SELECT count(*)...')
#2 /home/congreg8/public_html/app.congreg8.org/system/Database/BaseConnection.php(605): CodeIgniter\Database\BaseConnection->simpleQuery('SELECT count(*)...')
#3 /home/congreg8/public_html/app.congreg8.org/app/Helpers/custom_helper.php(353): CodeIgniter\Database\BaseConnection->query('SELECT count(*)...')
#4 /home/congreg8/public_html/app.congreg8.org/app/Controllers/Dashboard.php(62): get_All_visitors(NULL, '', '')
#5 /home/congreg8/public_html/app.congreg8.org/system/CodeIgniter.php(934): App\Controllers\Dashboard->getvalues()
#6 /home/congreg8/public_html/app.congreg8.org/system/CodeIgniter.php(499): CodeIgniter\CodeIgniter->runController(Object(App\Controllers\Dashboard))
#7 /home/congreg8/public_html/app.congreg8.org/system/CodeIgniter.php(368): CodeIgniter\CodeIgniter->handleRequest(NULL, Object(Config\Cache), false)
#8 /home/congreg8/public_html/app.congreg8.org/index.php(67): CodeIgniter\CodeIgniter->run()
#9 {main}
CRITICAL - 2024-02-15 23:21:29 --> You have an error in your SQL syntax; check the manual that corresponds to your MySQL server version for the right syntax to use near 'GROUP BY a.contact_id
    ) as A' at line 5
in SYSTEMPATH/Database/BaseConnection.php on line 645.
 1 APPPATH/Helpers/custom_helper.php(353): CodeIgniter\Database\BaseConnection->query('SELECT count(*) as cntt FROM (
        SELECT a.contact_id as cnt
        FROM `tab_attandance` a
        LEFT JOIN contacts c ON c.id = a.contact_id
        WHERE c.r_status = \'Y\' AND a.rstatus = \'Y\' AND form_type = \'Visitor\' AND a.church_id =  GROUP BY a.contact_id
    ) as A')
 2 APPPATH/Controllers/Dashboard.php(62): get_All_visitors(null, '/home/congreg8/public_html/app.congreg8.org', '/home/congreg8/public_html/app.congreg8.org')
 3 SYSTEMPATH/CodeIgniter.php(934): App\Controllers\Dashboard->getvalues()
 4 SYSTEMPATH/CodeIgniter.php(499): CodeIgniter\CodeIgniter->runController(Object(App\Controllers\Dashboard))
 5 SYSTEMPATH/CodeIgniter.php(368): CodeIgniter\CodeIgniter->handleRequest(null, Object(Config\Cache), false)
 6 FCPATH/index.php(67): CodeIgniter\CodeIgniter->run()
INFO - 2024-02-15 23:21:29 --> Session: Class initialized using 'CodeIgniter\Session\Handlers\FileHandler' driver.
INFO - 2024-02-15 23:21:31 --> Session: Class initialized using 'CodeIgniter\Session\Handlers\FileHandler' driver.
INFO - 2024-02-15 23:21:33 --> Session: Class initialized using 'CodeIgniter\Session\Handlers\FileHandler' driver.
INFO - 2024-02-15 23:21:34 --> Session: Class initialized using 'CodeIgniter\Session\Handlers\FileHandler' driver.
ERROR - 2024-02-15 23:21:34 --> mysqli_sql_exception: You have an error in your SQL syntax; check the manual that corresponds to your MySQL server version for the right syntax to use near 'GROUP BY a.contact_id
    ) as A' at line 5 in /home/congreg8/public_html/app.congreg8.org/system/Database/MySQLi/Connection.php:295
Stack trace:
#0 /home/congreg8/public_html/app.congreg8.org/system/Database/MySQLi/Connection.php(295): mysqli->query('SELECT count(*)...', 0)
#1 /home/congreg8/public_html/app.congreg8.org/system/Database/BaseConnection.php(691): CodeIgniter\Database\MySQLi\Connection->execute('SELECT count(*)...')
#2 /home/congreg8/public_html/app.congreg8.org/system/Database/BaseConnection.php(605): CodeIgniter\Database\BaseConnection->simpleQuery('SELECT count(*)...')
#3 /home/congreg8/public_html/app.congreg8.org/app/Helpers/custom_helper.php(353): CodeIgniter\Database\BaseConnection->query('SELECT count(*)...')
#4 /home/congreg8/public_html/app.congreg8.org/app/Controllers/Dashboard.php(62): get_All_visitors(NULL, '', '')
#5 /home/congreg8/public_html/app.congreg8.org/system/CodeIgniter.php(934): App\Controllers\Dashboard->getvalues()
#6 /home/congreg8/public_html/app.congreg8.org/system/CodeIgniter.php(499): CodeIgniter\CodeIgniter->runController(Object(App\Controllers\Dashboard))
#7 /home/congreg8/public_html/app.congreg8.org/system/CodeIgniter.php(368): CodeIgniter\CodeIgniter->handleRequest(NULL, Object(Config\Cache), false)
#8 /home/congreg8/public_html/app.congreg8.org/index.php(67): CodeIgniter\CodeIgniter->run()
#9 {main}
CRITICAL - 2024-02-15 23:21:34 --> You have an error in your SQL syntax; check the manual that corresponds to your MySQL server version for the right syntax to use near 'GROUP BY a.contact_id
    ) as A' at line 5
in SYSTEMPATH/Database/BaseConnection.php on line 645.
 1 APPPATH/Helpers/custom_helper.php(353): CodeIgniter\Database\BaseConnection->query('SELECT count(*) as cntt FROM (
        SELECT a.contact_id as cnt
        FROM `tab_attandance` a
        LEFT JOIN contacts c ON c.id = a.contact_id
        WHERE c.r_status = \'Y\' AND a.rstatus = \'Y\' AND form_type = \'Visitor\' AND a.church_id =  GROUP BY a.contact_id
    ) as A')
 2 APPPATH/Controllers/Dashboard.php(62): get_All_visitors(null, '/home/congreg8/public_html/app.congreg8.org', '/home/congreg8/public_html/app.congreg8.org')
 3 SYSTEMPATH/CodeIgniter.php(934): App\Controllers\Dashboard->getvalues()
 4 SYSTEMPATH/CodeIgniter.php(499): CodeIgniter\CodeIgniter->runController(Object(App\Controllers\Dashboard))
 5 SYSTEMPATH/CodeIgniter.php(368): CodeIgniter\CodeIgniter->handleRequest(null, Object(Config\Cache), false)
 6 FCPATH/index.php(67): CodeIgniter\CodeIgniter->run()
INFO - 2024-02-15 23:21:34 --> Session: Class initialized using 'CodeIgniter\Session\Handlers\FileHandler' driver.
