INFO - 2024-03-30 00:44:25 --> Session: Class initialized using 'CodeIgniter\Session\Handlers\FileHandler' driver.
INFO - 2024-03-30 00:44:26 --> Session: Class initialized using 'CodeIgniter\Session\Handlers\FileHandler' driver.
INFO - 2024-03-30 08:00:02 --> Session: Class initialized using 'CodeIgniter\Session\Handlers\FileHandler' driver.
INFO - 2024-03-30 15:31:37 --> Session: Class initialized using 'CodeIgniter\Session\Handlers\FileHandler' driver.
INFO - 2024-03-30 15:31:37 --> Session: Class initialized using 'CodeIgniter\Session\Handlers\FileHandler' driver.
INFO - 2024-03-30 15:31:49 --> Session: Class initialized using 'CodeIgniter\Session\Handlers\FileHandler' driver.
INFO - 2024-03-30 15:31:50 --> Session: Class initialized using 'CodeIgniter\Session\Handlers\FileHandler' driver.
INFO - 2024-03-30 15:33:44 --> Session: Class initialized using 'CodeIgniter\Session\Handlers\FileHandler' driver.
CRITICAL - 2024-03-30 15:33:44 --> Undefined variable $stripe
in APPPATH/Controllers/UserController.php on line 1150.
 1 APPPATH/Controllers/UserController.php(1150): CodeIgniter\Debug\Exceptions->errorHandler(2, 'Undefined variable $stripe', 'APPPATH/Controllers/UserController.php', 1150)
 2 SYSTEMPATH/CodeIgniter.php(934): App\Controllers\UserController->UserData()
 3 SYSTEMPATH/CodeIgniter.php(499): CodeIgniter\CodeIgniter->runController(Object(App\Controllers\UserController))
 4 SYSTEMPATH/CodeIgniter.php(368): CodeIgniter\CodeIgniter->handleRequest(null, Object(Config\Cache), false)
 5 FCPATH/index.php(67): CodeIgniter\CodeIgniter->run()
INFO - 2024-03-30 15:34:45 --> Session: Class initialized using 'CodeIgniter\Session\Handlers\FileHandler' driver.
INFO - 2024-03-30 15:42:37 --> Session: Class initialized using 'CodeIgniter\Session\Handlers\FileHandler' driver.
INFO - 2024-03-30 15:47:12 --> Session: Class initialized using 'CodeIgniter\Session\Handlers\FileHandler' driver.
CRITICAL - 2024-03-30 15:47:12 --> No subscription item with this ID (SUB_ITEM_ID: si_PnsBoqCxb1RF6B) on the subscription.
in FCPATH/vendor/stripe/stripe-php/lib/Exception/ApiErrorException.php on line 38.
 1 FCPATH/vendor/stripe/stripe-php/lib/Exception/InvalidRequestException.php(35): Stripe\Exception\ApiErrorException::factory('No subscription item with this ID (SUB_ITEM_ID: si_PnsBoqCxb1RF6B) on the subscription.', 400, '{
  "error": {
    "message": "No subscription item with this ID (SUB_ITEM_ID: si_PnsBoqCxb1RF6B) on the subscription.",
    "request_log_url": "https://dashboard.stripe.com/test/logs/req_h8p77mCkxRvKFv?t=1711813632",
    "type": "invalid_request_error"
  }
}
', [...], Object(Stripe\Util\CaseInsensitiveArray), null)
 2 FCPATH/vendor/stripe/stripe-php/lib/ApiRequestor.php(213): Stripe\Exception\InvalidRequestException::factory('No subscription item with this ID (SUB_ITEM_ID: si_PnsBoqCxb1RF6B) on the subscription.', 400, '{
  "error": {
    "message": "No subscription item with this ID (SUB_ITEM_ID: si_PnsBoqCxb1RF6B) on the subscription.",
    "request_log_url": "https://dashboard.stripe.com/test/logs/req_h8p77mCkxRvKFv?t=1711813632",
    "type": "invalid_request_error"
  }
}
', [...], Object(Stripe\Util\CaseInsensitiveArray), null, null)
 3 FCPATH/vendor/stripe/stripe-php/lib/ApiRequestor.php(175): Stripe\ApiRequestor::_specificAPIError('{
  "error": {
    "message": "No subscription item with this ID (SUB_ITEM_ID: si_PnsBoqCxb1RF6B) on the subscription.",
    "request_log_url": "https://dashboard.stripe.com/test/logs/req_h8p77mCkxRvKFv?t=1711813632",
    "type": "invalid_request_error"
  }
}
', 400, Object(Stripe\Util\CaseInsensitiveArray), [...], [...])
 4 FCPATH/vendor/stripe/stripe-php/lib/ApiRequestor.php(556): Stripe\ApiRequestor->handleErrorResponse('{
  "error": {
    "message": "No subscription item with this ID (SUB_ITEM_ID: si_PnsBoqCxb1RF6B) on the subscription.",
    "request_log_url": "https://dashboard.stripe.com/test/logs/req_h8p77mCkxRvKFv?t=1711813632",
    "type": "invalid_request_error"
  }
}
', 400, Object(Stripe\Util\CaseInsensitiveArray), [...])
 5 FCPATH/vendor/stripe/stripe-php/lib/ApiRequestor.php(124): Stripe\ApiRequestor->_interpretResponse('{
  "error": {
    "message": "No subscription item with this ID (SUB_ITEM_ID: si_PnsBoqCxb1RF6B) on the subscription.",
    "request_log_url": "https://dashboard.stripe.com/test/logs/req_h8p77mCkxRvKFv?t=1711813632",
    "type": "invalid_request_error"
  }
}
', 400, Object(Stripe\Util\CaseInsensitiveArray))
 6 FCPATH/vendor/stripe/stripe-php/lib/BaseStripeClient.php(145): Stripe\ApiRequestor->request('post', '/v1/subscriptions/sub_1OyGQnIhlAPV43xDcwXpWdqE', [...], [...])
 7 FCPATH/vendor/stripe/stripe-php/lib/Service/AbstractService.php(75): Stripe\BaseStripeClient->request('post', '/v1/subscriptions/sub_1OyGQnIhlAPV43xDcwXpWdqE', [...], Object(Stripe\Util\RequestOptions))
 8 FCPATH/vendor/stripe/stripe-php/lib/Service/SubscriptionService.php(174): Stripe\Service\AbstractService->request('post', '/v1/subscriptions/sub_1OyGQnIhlAPV43xDcwXpWdqE', [...], null)
 9 APPPATH/Controllers/UserController.php(1161): Stripe\Service\SubscriptionService->update('sub_1OyGQnIhlAPV43xDcwXpWdqE', [...])
10 SYSTEMPATH/CodeIgniter.php(934): App\Controllers\UserController->UserData()
11 SYSTEMPATH/CodeIgniter.php(499): CodeIgniter\CodeIgniter->runController(Object(App\Controllers\UserController))
12 SYSTEMPATH/CodeIgniter.php(368): CodeIgniter\CodeIgniter->handleRequest(null, Object(Config\Cache), false)
13 FCPATH/index.php(67): CodeIgniter\CodeIgniter->run()
INFO - 2024-03-30 15:48:09 --> Session: Class initialized using 'CodeIgniter\Session\Handlers\FileHandler' driver.
INFO - 2024-03-30 15:48:29 --> Session: Class initialized using 'CodeIgniter\Session\Handlers\FileHandler' driver.
INFO - 2024-03-30 15:49:38 --> Session: Class initialized using 'CodeIgniter\Session\Handlers\FileHandler' driver.
INFO - 2024-03-30 15:50:07 --> Session: Class initialized using 'CodeIgniter\Session\Handlers\FileHandler' driver.
INFO - 2024-03-30 16:01:45 --> Session: Class initialized using 'CodeIgniter\Session\Handlers\FileHandler' driver.
INFO - 2024-03-30 16:03:50 --> Session: Class initialized using 'CodeIgniter\Session\Handlers\FileHandler' driver.
INFO - 2024-03-30 16:04:07 --> Session: Class initialized using 'CodeIgniter\Session\Handlers\FileHandler' driver.
INFO - 2024-03-30 16:05:41 --> Session: Class initialized using 'CodeIgniter\Session\Handlers\FileHandler' driver.
INFO - 2024-03-30 16:15:15 --> Session: Class initialized using 'CodeIgniter\Session\Handlers\FileHandler' driver.
INFO - 2024-03-30 16:15:34 --> Session: Class initialized using 'CodeIgniter\Session\Handlers\FileHandler' driver.
CRITICAL - 2024-03-30 16:15:34 --> Undefined variable $i
in APPPATH/Controllers/UserController.php on line 1166.
 1 APPPATH/Controllers/UserController.php(1166): CodeIgniter\Debug\Exceptions->errorHandler(2, 'Undefined variable $i', 'APPPATH/Controllers/UserController.php', 1166)
 2 SYSTEMPATH/CodeIgniter.php(934): App\Controllers\UserController->UserData()
 3 SYSTEMPATH/CodeIgniter.php(499): CodeIgniter\CodeIgniter->runController(Object(App\Controllers\UserController))
 4 SYSTEMPATH/CodeIgniter.php(368): CodeIgniter\CodeIgniter->handleRequest(null, Object(Config\Cache), false)
 5 FCPATH/index.php(67): CodeIgniter\CodeIgniter->run()
INFO - 2024-03-30 16:16:37 --> Session: Class initialized using 'CodeIgniter\Session\Handlers\FileHandler' driver.
INFO - 2024-03-30 16:37:06 --> Session: Class initialized using 'CodeIgniter\Session\Handlers\FileHandler' driver.
INFO - 2024-03-30 16:39:56 --> Session: Class initialized using 'CodeIgniter\Session\Handlers\FileHandler' driver.
INFO - 2024-03-30 19:21:39 --> Session: Class initialized using 'CodeIgniter\Session\Handlers\FileHandler' driver.
INFO - 2024-03-30 19:21:39 --> Session: Class initialized using 'CodeIgniter\Session\Handlers\FileHandler' driver.
INFO - 2024-03-30 19:21:45 --> Session: Class initialized using 'CodeIgniter\Session\Handlers\FileHandler' driver.
