INFO - 2024-03-31 08:09:49 --> Session: Class initialized using 'CodeIgniter\Session\Handlers\FileHandler' driver.
INFO - 2024-03-31 15:22:39 --> Session: Class initialized using 'CodeIgniter\Session\Handlers\FileHandler' driver.
INFO - 2024-03-31 15:22:39 --> Session: Class initialized using 'CodeIgniter\Session\Handlers\FileHandler' driver.
INFO - 2024-03-31 15:23:24 --> Session: Class initialized using 'CodeIgniter\Session\Handlers\FileHandler' driver.
INFO - 2024-03-31 15:23:29 --> Session: Class initialized using 'CodeIgniter\Session\Handlers\FileHandler' driver.
INFO - 2024-03-31 15:24:58 --> Session: Class initialized using 'CodeIgniter\Session\Handlers\FileHandler' driver.
INFO - 2024-03-31 15:30:52 --> Session: Class initialized using 'CodeIgniter\Session\Handlers\FileHandler' driver.
INFO - 2024-03-31 15:35:04 --> Session: Class initialized using 'CodeIgniter\Session\Handlers\FileHandler' driver.
ERROR - 2024-03-31 15:35:04 --> mysqli_sql_exception: Unknown column 'status' in 'where clause' in /home/congreg8/public_html/development.congreg8.org/system/Database/MySQLi/Connection.php:295
Stack trace:
#0 /home/congreg8/public_html/development.congreg8.org/system/Database/MySQLi/Connection.php(295): mysqli->query('SELECT *\nFROM `...', 0)
#1 /home/congreg8/public_html/development.congreg8.org/system/Database/BaseConnection.php(691): CodeIgniter\Database\MySQLi\Connection->execute('SELECT *\nFROM `...')
#2 /home/congreg8/public_html/development.congreg8.org/system/Database/BaseConnection.php(605): CodeIgniter\Database\BaseConnection->simpleQuery('SELECT *\nFROM `...')
#3 /home/congreg8/public_html/development.congreg8.org/system/Database/BaseBuilder.php(1616): CodeIgniter\Database\BaseConnection->query('SELECT *\nFROM `...', Array, false)
#4 /home/congreg8/public_html/development.congreg8.org/system/Model.php(268): CodeIgniter\Database\BaseBuilder->get()
#5 /home/congreg8/public_html/development.congreg8.org/system/BaseModel.php(656): CodeIgniter\Model->doFirst()
#6 /home/congreg8/public_html/development.congreg8.org/app/Controllers/UserController.php(1152): CodeIgniter\BaseModel->first()
#7 /home/congreg8/public_html/development.congreg8.org/system/CodeIgniter.php(934): App\Controllers\UserController->UserData()
#8 /home/congreg8/public_html/development.congreg8.org/system/CodeIgniter.php(499): CodeIgniter\CodeIgniter->runController(Object(App\Controllers\UserController))
#9 /home/congreg8/public_html/development.congreg8.org/system/CodeIgniter.php(368): CodeIgniter\CodeIgniter->handleRequest(NULL, Object(Config\Cache), false)
#10 /home/congreg8/public_html/development.congreg8.org/index.php(67): CodeIgniter\CodeIgniter->run()
#11 {main}
CRITICAL - 2024-03-31 15:35:04 --> Unknown column 'status' in 'where clause'
in SYSTEMPATH/Database/BaseConnection.php on line 645.
 1 SYSTEMPATH/Database/BaseBuilder.php(1616): CodeIgniter\Database\BaseConnection->query('SELECT *
FROM `Plan_Subscription`
WHERE `status` = :status:
AND `sd_isdeleted` = :sd_isdeleted:
 LIMIT 1', [...], false)
 2 SYSTEMPATH/Model.php(268): CodeIgniter\Database\BaseBuilder->get()
 3 SYSTEMPATH/BaseModel.php(656): CodeIgniter\Model->doFirst()
 4 APPPATH/Controllers/UserController.php(1152): CodeIgniter\BaseModel->first()
 5 SYSTEMPATH/CodeIgniter.php(934): App\Controllers\UserController->UserData()
 6 SYSTEMPATH/CodeIgniter.php(499): CodeIgniter\CodeIgniter->runController(Object(App\Controllers\UserController))
 7 SYSTEMPATH/CodeIgniter.php(368): CodeIgniter\CodeIgniter->handleRequest(null, Object(Config\Cache), false)
 8 FCPATH/index.php(67): CodeIgniter\CodeIgniter->run()
INFO - 2024-03-31 15:35:52 --> Session: Class initialized using 'CodeIgniter\Session\Handlers\FileHandler' driver.
ERROR - 2024-03-31 15:35:52 --> mysqli_sql_exception: Unknown column 'sd_isdeleted' in 'where clause' in /home/congreg8/public_html/development.congreg8.org/system/Database/MySQLi/Connection.php:295
Stack trace:
#0 /home/congreg8/public_html/development.congreg8.org/system/Database/MySQLi/Connection.php(295): mysqli->query('SELECT *\nFROM `...', 0)
#1 /home/congreg8/public_html/development.congreg8.org/system/Database/BaseConnection.php(691): CodeIgniter\Database\MySQLi\Connection->execute('SELECT *\nFROM `...')
#2 /home/congreg8/public_html/development.congreg8.org/system/Database/BaseConnection.php(605): CodeIgniter\Database\BaseConnection->simpleQuery('SELECT *\nFROM `...')
#3 /home/congreg8/public_html/development.congreg8.org/system/Database/BaseBuilder.php(1616): CodeIgniter\Database\BaseConnection->query('SELECT *\nFROM `...', Array, false)
#4 /home/congreg8/public_html/development.congreg8.org/system/Model.php(268): CodeIgniter\Database\BaseBuilder->get()
#5 /home/congreg8/public_html/development.congreg8.org/system/BaseModel.php(656): CodeIgniter\Model->doFirst()
#6 /home/congreg8/public_html/development.congreg8.org/app/Controllers/UserController.php(1152): CodeIgniter\BaseModel->first()
#7 /home/congreg8/public_html/development.congreg8.org/system/CodeIgniter.php(934): App\Controllers\UserController->UserData()
#8 /home/congreg8/public_html/development.congreg8.org/system/CodeIgniter.php(499): CodeIgniter\CodeIgniter->runController(Object(App\Controllers\UserController))
#9 /home/congreg8/public_html/development.congreg8.org/system/CodeIgniter.php(368): CodeIgniter\CodeIgniter->handleRequest(NULL, Object(Config\Cache), false)
#10 /home/congreg8/public_html/development.congreg8.org/index.php(67): CodeIgniter\CodeIgniter->run()
#11 {main}
CRITICAL - 2024-03-31 15:35:52 --> Unknown column 'sd_isdeleted' in 'where clause'
in SYSTEMPATH/Database/BaseConnection.php on line 645.
 1 SYSTEMPATH/Database/BaseBuilder.php(1616): CodeIgniter\Database\BaseConnection->query('SELECT *
FROM `Plan_Subscription`
WHERE `sd_isdeleted` = :sd_isdeleted:
 LIMIT 1', [...], false)
 2 SYSTEMPATH/Model.php(268): CodeIgniter\Database\BaseBuilder->get()
 3 SYSTEMPATH/BaseModel.php(656): CodeIgniter\Model->doFirst()
 4 APPPATH/Controllers/UserController.php(1152): CodeIgniter\BaseModel->first()
 5 SYSTEMPATH/CodeIgniter.php(934): App\Controllers\UserController->UserData()
 6 SYSTEMPATH/CodeIgniter.php(499): CodeIgniter\CodeIgniter->runController(Object(App\Controllers\UserController))
 7 SYSTEMPATH/CodeIgniter.php(368): CodeIgniter\CodeIgniter->handleRequest(null, Object(Config\Cache), false)
 8 FCPATH/index.php(67): CodeIgniter\CodeIgniter->run()
INFO - 2024-03-31 15:37:11 --> Session: Class initialized using 'CodeIgniter\Session\Handlers\FileHandler' driver.
INFO - 2024-03-31 15:38:09 --> Session: Class initialized using 'CodeIgniter\Session\Handlers\FileHandler' driver.
CRITICAL - 2024-03-31 15:38:09 --> Attempt to read property "sd_subscriptionid" on array
in APPPATH/Controllers/UserController.php on line 1153.
 1 APPPATH/Controllers/UserController.php(1153): CodeIgniter\Debug\Exceptions->errorHandler(2, 'Attempt to read property "sd_subscriptionid" on array', 'APPPATH/Controllers/UserController.php', 1153)
 2 SYSTEMPATH/CodeIgniter.php(934): App\Controllers\UserController->UserData()
 3 SYSTEMPATH/CodeIgniter.php(499): CodeIgniter\CodeIgniter->runController(Object(App\Controllers\UserController))
 4 SYSTEMPATH/CodeIgniter.php(368): CodeIgniter\CodeIgniter->handleRequest(null, Object(Config\Cache), false)
 5 FCPATH/index.php(67): CodeIgniter\CodeIgniter->run()
INFO - 2024-03-31 15:38:36 --> Session: Class initialized using 'CodeIgniter\Session\Handlers\FileHandler' driver.
INFO - 2024-03-31 15:39:52 --> Session: Class initialized using 'CodeIgniter\Session\Handlers\FileHandler' driver.
CRITICAL - 2024-03-31 15:39:53 --> No such subscription: 'sub_1OHmjHIhlAPV43xDe7EGni65'
in FCPATH/vendor/stripe/stripe-php/lib/Exception/ApiErrorException.php on line 38.
 1 FCPATH/vendor/stripe/stripe-php/lib/Exception/InvalidRequestException.php(35): Stripe\Exception\ApiErrorException::factory('No such subscription: \'sub_1OHmjHIhlAPV43xDe7EGni65\'', 404, '{
  "error": {
    "code": "resource_missing",
    "doc_url": "https://stripe.com/docs/error-codes/resource-missing",
    "message": "No such subscription: \'sub_1OHmjHIhlAPV43xDe7EGni65\'",
    "param": "id",
    "request_log_url": "https://dashboard.stripe.com/test/logs/req_CFAezj6a4O5o3G?t=1711899592",
    "type": "invalid_request_error"
  }
}
', [...], Object(Stripe\Util\CaseInsensitiveArray), 'resource_missing')
 2 FCPATH/vendor/stripe/stripe-php/lib/ApiRequestor.php(213): Stripe\Exception\InvalidRequestException::factory('No such subscription: \'sub_1OHmjHIhlAPV43xDe7EGni65\'', 404, '{
  "error": {
    "code": "resource_missing",
    "doc_url": "https://stripe.com/docs/error-codes/resource-missing",
    "message": "No such subscription: \'sub_1OHmjHIhlAPV43xDe7EGni65\'",
    "param": "id",
    "request_log_url": "https://dashboard.stripe.com/test/logs/req_CFAezj6a4O5o3G?t=1711899592",
    "type": "invalid_request_error"
  }
}
', [...], Object(Stripe\Util\CaseInsensitiveArray), 'resource_missing', 'id')
 3 FCPATH/vendor/stripe/stripe-php/lib/ApiRequestor.php(175): Stripe\ApiRequestor::_specificAPIError('{
  "error": {
    "code": "resource_missing",
    "doc_url": "https://stripe.com/docs/error-codes/resource-missing",
    "message": "No such subscription: \'sub_1OHmjHIhlAPV43xDe7EGni65\'",
    "param": "id",
    "request_log_url": "https://dashboard.stripe.com/test/logs/req_CFAezj6a4O5o3G?t=1711899592",
    "type": "invalid_request_error"
  }
}
', 404, Object(Stripe\Util\CaseInsensitiveArray), [...], [...])
 4 FCPATH/vendor/stripe/stripe-php/lib/ApiRequestor.php(556): Stripe\ApiRequestor->handleErrorResponse('{
  "error": {
    "code": "resource_missing",
    "doc_url": "https://stripe.com/docs/error-codes/resource-missing",
    "message": "No such subscription: \'sub_1OHmjHIhlAPV43xDe7EGni65\'",
    "param": "id",
    "request_log_url": "https://dashboard.stripe.com/test/logs/req_CFAezj6a4O5o3G?t=1711899592",
    "type": "invalid_request_error"
  }
}
', 404, Object(Stripe\Util\CaseInsensitiveArray), [...])
 5 FCPATH/vendor/stripe/stripe-php/lib/ApiRequestor.php(124): Stripe\ApiRequestor->_interpretResponse('{
  "error": {
    "code": "resource_missing",
    "doc_url": "https://stripe.com/docs/error-codes/resource-missing",
    "message": "No such subscription: \'sub_1OHmjHIhlAPV43xDe7EGni65\'",
    "param": "id",
    "request_log_url": "https://dashboard.stripe.com/test/logs/req_CFAezj6a4O5o3G?t=1711899592",
    "type": "invalid_request_error"
  }
}
', 404, Object(Stripe\Util\CaseInsensitiveArray))
 6 FCPATH/vendor/stripe/stripe-php/lib/BaseStripeClient.php(145): Stripe\ApiRequestor->request('get', '/v1/subscriptions/sub_1OHmjHIhlAPV43xDe7EGni65', [], [...])
 7 FCPATH/vendor/stripe/stripe-php/lib/Service/AbstractService.php(75): Stripe\BaseStripeClient->request('get', '/v1/subscriptions/sub_1OHmjHIhlAPV43xDe7EGni65', [], Object(Stripe\Util\RequestOptions))
 8 FCPATH/vendor/stripe/stripe-php/lib/Service/SubscriptionService.php(134): Stripe\Service\AbstractService->request('get', '/v1/subscriptions/sub_1OHmjHIhlAPV43xDe7EGni65', [], null)
 9 APPPATH/Controllers/UserController.php(1157): Stripe\Service\SubscriptionService->retrieve('sub_1OHmjHIhlAPV43xDe7EGni65', [])
10 SYSTEMPATH/CodeIgniter.php(934): App\Controllers\UserController->UserData()
11 SYSTEMPATH/CodeIgniter.php(499): CodeIgniter\CodeIgniter->runController(Object(App\Controllers\UserController))
12 SYSTEMPATH/CodeIgniter.php(368): CodeIgniter\CodeIgniter->handleRequest(null, Object(Config\Cache), false)
13 FCPATH/index.php(67): CodeIgniter\CodeIgniter->run()
INFO - 2024-03-31 15:41:44 --> Session: Class initialized using 'CodeIgniter\Session\Handlers\FileHandler' driver.
INFO - 2024-03-31 15:42:26 --> Session: Class initialized using 'CodeIgniter\Session\Handlers\FileHandler' driver.
INFO - 2024-03-31 15:43:16 --> Session: Class initialized using 'CodeIgniter\Session\Handlers\FileHandler' driver.
INFO - 2024-03-31 15:43:57 --> Session: Class initialized using 'CodeIgniter\Session\Handlers\FileHandler' driver.
INFO - 2024-03-31 15:46:11 --> Session: Class initialized using 'CodeIgniter\Session\Handlers\FileHandler' driver.
INFO - 2024-03-31 15:47:19 --> Session: Class initialized using 'CodeIgniter\Session\Handlers\FileHandler' driver.
INFO - 2024-03-31 15:49:02 --> Session: Class initialized using 'CodeIgniter\Session\Handlers\FileHandler' driver.
INFO - 2024-03-31 15:52:40 --> Session: Class initialized using 'CodeIgniter\Session\Handlers\FileHandler' driver.
INFO - 2024-03-31 15:53:00 --> Session: Class initialized using 'CodeIgniter\Session\Handlers\FileHandler' driver.
INFO - 2024-03-31 15:57:21 --> Session: Class initialized using 'CodeIgniter\Session\Handlers\FileHandler' driver.
CRITICAL - 2024-03-31 15:57:21 --> Undefined variable $subscription
in APPPATH/Controllers/UserController.php on line 1164.
 1 APPPATH/Controllers/UserController.php(1164): CodeIgniter\Debug\Exceptions->errorHandler(2, 'Undefined variable $subscription', 'APPPATH/Controllers/UserController.php', 1164)
 2 SYSTEMPATH/CodeIgniter.php(934): App\Controllers\UserController->UserData()
 3 SYSTEMPATH/CodeIgniter.php(499): CodeIgniter\CodeIgniter->runController(Object(App\Controllers\UserController))
 4 SYSTEMPATH/CodeIgniter.php(368): CodeIgniter\CodeIgniter->handleRequest(null, Object(Config\Cache), false)
 5 FCPATH/index.php(67): CodeIgniter\CodeIgniter->run()
INFO - 2024-03-31 15:58:20 --> Session: Class initialized using 'CodeIgniter\Session\Handlers\FileHandler' driver.
INFO - 2024-03-31 16:01:13 --> Session: Class initialized using 'CodeIgniter\Session\Handlers\FileHandler' driver.
CRITICAL - 2024-03-31 16:01:13 --> Undefined variable $PlanModel
in APPPATH/Controllers/UserController.php on line 1154.
 1 APPPATH/Controllers/UserController.php(1154): CodeIgniter\Debug\Exceptions->errorHandler(2, 'Undefined variable $PlanModel', 'APPPATH/Controllers/UserController.php', 1154)
 2 SYSTEMPATH/CodeIgniter.php(934): App\Controllers\UserController->UserData()
 3 SYSTEMPATH/CodeIgniter.php(499): CodeIgniter\CodeIgniter->runController(Object(App\Controllers\UserController))
 4 SYSTEMPATH/CodeIgniter.php(368): CodeIgniter\CodeIgniter->handleRequest(null, Object(Config\Cache), false)
 5 FCPATH/index.php(67): CodeIgniter\CodeIgniter->run()
INFO - 2024-03-31 16:02:23 --> Session: Class initialized using 'CodeIgniter\Session\Handlers\FileHandler' driver.
INFO - 2024-03-31 16:07:46 --> Session: Class initialized using 'CodeIgniter\Session\Handlers\FileHandler' driver.
INFO - 2024-03-31 16:15:27 --> Session: Class initialized using 'CodeIgniter\Session\Handlers\FileHandler' driver.
INFO - 2024-03-31 16:16:10 --> Session: Class initialized using 'CodeIgniter\Session\Handlers\FileHandler' driver.
CRITICAL - 2024-03-31 16:16:12 --> There is no data to update.
in SYSTEMPATH/BaseModel.php on line 1680.
 1 SYSTEMPATH/BaseModel.php(1680): CodeIgniter\Database\Exceptions\DataException::forEmptyDataset('update')
 2 SYSTEMPATH/BaseModel.php(910): CodeIgniter\BaseModel->transformDataToArray(null, 'update')
 3 SYSTEMPATH/Model.php(756): CodeIgniter\BaseModel->update([...], null)
 4 APPPATH/Controllers/UserController.php(1214): CodeIgniter\Model->update([...])
 5 SYSTEMPATH/CodeIgniter.php(934): App\Controllers\UserController->UserData()
 6 SYSTEMPATH/CodeIgniter.php(499): CodeIgniter\CodeIgniter->runController(Object(App\Controllers\UserController))
 7 SYSTEMPATH/CodeIgniter.php(368): CodeIgniter\CodeIgniter->handleRequest(null, Object(Config\Cache), false)
 8 FCPATH/index.php(67): CodeIgniter\CodeIgniter->run()
INFO - 2024-03-31 16:17:53 --> Session: Class initialized using 'CodeIgniter\Session\Handlers\FileHandler' driver.
CRITICAL - 2024-03-31 16:17:54 --> There is no data to update.
in SYSTEMPATH/BaseModel.php on line 1680.
 1 SYSTEMPATH/BaseModel.php(1680): CodeIgniter\Database\Exceptions\DataException::forEmptyDataset('update')
 2 SYSTEMPATH/BaseModel.php(910): CodeIgniter\BaseModel->transformDataToArray(null, 'update')
 3 SYSTEMPATH/Model.php(756): CodeIgniter\BaseModel->update([...], null)
 4 APPPATH/Controllers/UserController.php(1214): CodeIgniter\Model->update([...])
 5 SYSTEMPATH/CodeIgniter.php(934): App\Controllers\UserController->UserData()
 6 SYSTEMPATH/CodeIgniter.php(499): CodeIgniter\CodeIgniter->runController(Object(App\Controllers\UserController))
 7 SYSTEMPATH/CodeIgniter.php(368): CodeIgniter\CodeIgniter->handleRequest(null, Object(Config\Cache), false)
 8 FCPATH/index.php(67): CodeIgniter\CodeIgniter->run()
INFO - 2024-03-31 16:20:01 --> Session: Class initialized using 'CodeIgniter\Session\Handlers\FileHandler' driver.
CRITICAL - 2024-03-31 16:20:01 --> There is no data to update.
in SYSTEMPATH/BaseModel.php on line 1680.
 1 SYSTEMPATH/BaseModel.php(1680): CodeIgniter\Database\Exceptions\DataException::forEmptyDataset('update')
 2 SYSTEMPATH/BaseModel.php(910): CodeIgniter\BaseModel->transformDataToArray(null, 'update')
 3 SYSTEMPATH/Model.php(756): CodeIgniter\BaseModel->update([...], null)
 4 APPPATH/Controllers/UserController.php(1154): CodeIgniter\Model->update([...])
 5 SYSTEMPATH/CodeIgniter.php(934): App\Controllers\UserController->UserData()
 6 SYSTEMPATH/CodeIgniter.php(499): CodeIgniter\CodeIgniter->runController(Object(App\Controllers\UserController))
 7 SYSTEMPATH/CodeIgniter.php(368): CodeIgniter\CodeIgniter->handleRequest(null, Object(Config\Cache), false)
 8 FCPATH/index.php(67): CodeIgniter\CodeIgniter->run()
INFO - 2024-03-31 16:22:35 --> Session: Class initialized using 'CodeIgniter\Session\Handlers\FileHandler' driver.
CRITICAL - 2024-03-31 16:22:35 --> Undefined variable $model
in APPPATH/Controllers/UserController.php on line 1154.
 1 APPPATH/Controllers/UserController.php(1154): CodeIgniter\Debug\Exceptions->errorHandler(2, 'Undefined variable $model', 'APPPATH/Controllers/UserController.php', 1154)
 2 SYSTEMPATH/CodeIgniter.php(934): App\Controllers\UserController->UserData()
 3 SYSTEMPATH/CodeIgniter.php(499): CodeIgniter\CodeIgniter->runController(Object(App\Controllers\UserController))
 4 SYSTEMPATH/CodeIgniter.php(368): CodeIgniter\CodeIgniter->handleRequest(null, Object(Config\Cache), false)
 5 FCPATH/index.php(67): CodeIgniter\CodeIgniter->run()
INFO - 2024-03-31 16:23:45 --> Session: Class initialized using 'CodeIgniter\Session\Handlers\FileHandler' driver.
INFO - 2024-03-31 16:26:24 --> Session: Class initialized using 'CodeIgniter\Session\Handlers\FileHandler' driver.
INFO - 2024-03-31 16:41:11 --> Session: Class initialized using 'CodeIgniter\Session\Handlers\FileHandler' driver.
INFO - 2024-03-31 16:42:40 --> Session: Class initialized using 'CodeIgniter\Session\Handlers\FileHandler' driver.
