INFO - 2023-02-26 12:40:01 --> Session: Class initialized using 'CodeIgniter\Session\Handlers\FileHandler' driver.
ERROR - 2023-02-26 12:40:01 --> mysqli_sql_exception: You have an error in your SQL syntax; check the manual that corresponds to your MySQL server version for the right syntax to use near '' at line 1 in /home/congreg8/public_html/app.congreg8.org/system/Database/MySQLi/Connection.php:295
Stack trace:
#0 /home/congreg8/public_html/app.congreg8.org/system/Database/MySQLi/Connection.php(295): mysqli->query('SELECT role fro...', 0)
#1 /home/congreg8/public_html/app.congreg8.org/system/Database/BaseConnection.php(691): CodeIgniter\Database\MySQLi\Connection->execute('SELECT role fro...')
#2 /home/congreg8/public_html/app.congreg8.org/system/Database/BaseConnection.php(605): CodeIgniter\Database\BaseConnection->simpleQuery('SELECT role fro...')
#3 /home/congreg8/public_html/app.congreg8.org/app/Helpers/custom_helper.php(29): CodeIgniter\Database\BaseConnection->query('SELECT role fro...')
#4 /home/congreg8/public_html/app.congreg8.org/app/Views/include/topheader.php(14): get_user_role(NULL)
#5 /home/congreg8/public_html/app.congreg8.org/system/View/View.php(213): include('/home/congreg8/...')
#6 /home/congreg8/public_html/app.congreg8.org/system/View/View.php(216): CodeIgniter\View\View->CodeIgniter\View\{closure}()
#7 /home/congreg8/public_html/app.congreg8.org/system/Common.php(1184): CodeIgniter\View\View->render('/include/tophea...', Array, true)
#8 /home/congreg8/public_html/app.congreg8.org/app/Controllers/Dashboard.php(15): view('/include/tophea...', Array)
#9 /home/congreg8/public_html/app.congreg8.org/system/CodeIgniter.php(934): App\Controllers\Dashboard->index()
#10 /home/congreg8/public_html/app.congreg8.org/system/CodeIgniter.php(499): CodeIgniter\CodeIgniter->runController(Object(App\Controllers\Dashboard))
#11 /home/congreg8/public_html/app.congreg8.org/system/CodeIgniter.php(368): CodeIgniter\CodeIgniter->handleRequest(NULL, Object(Config\Cache), false)
#12 /home/congreg8/public_html/app.congreg8.org/index.php(67): CodeIgniter\CodeIgniter->run()
#13 {main}
CRITICAL - 2023-02-26 12:40:01 --> You have an error in your SQL syntax; check the manual that corresponds to your MySQL server version for the right syntax to use near '' at line 1
in SYSTEMPATH/Database/BaseConnection.php on line 645.
 1 APPPATH/Helpers/custom_helper.php(29): CodeIgniter\Database\BaseConnection->query('SELECT role from users where id =  ')
 2 APPPATH/Views/include/topheader.php(14): get_user_role(null)
 3 SYSTEMPATH/View/View.php(213): include('APPPATH/Views/include/topheader.php')
 4 SYSTEMPATH/View/View.php(216): CodeIgniter\View\View->CodeIgniter\View\{closure}()
 5 SYSTEMPATH/Common.php(1184): CodeIgniter\View\View->render('/include/topheader', [], true)
 6 APPPATH/Controllers/Dashboard.php(15): view('/include/topheader', [...])
 7 SYSTEMPATH/CodeIgniter.php(934): App\Controllers\Dashboard->index()
 8 SYSTEMPATH/CodeIgniter.php(499): CodeIgniter\CodeIgniter->runController(Object(App\Controllers\Dashboard))
 9 SYSTEMPATH/CodeIgniter.php(368): CodeIgniter\CodeIgniter->handleRequest(null, Object(Config\Cache), false)
10 FCPATH/index.php(67): CodeIgniter\CodeIgniter->run()
INFO - 2023-02-26 12:40:03 --> Session: Class initialized using 'CodeIgniter\Session\Handlers\FileHandler' driver.
ERROR - 2023-02-26 12:40:03 --> mysqli_sql_exception: You have an error in your SQL syntax; check the manual that corresponds to your MySQL server version for the right syntax to use near '' at line 1 in /home/congreg8/public_html/app.congreg8.org/system/Database/MySQLi/Connection.php:295
Stack trace:
#0 /home/congreg8/public_html/app.congreg8.org/system/Database/MySQLi/Connection.php(295): mysqli->query('SELECT role fro...', 0)
#1 /home/congreg8/public_html/app.congreg8.org/system/Database/BaseConnection.php(691): CodeIgniter\Database\MySQLi\Connection->execute('SELECT role fro...')
#2 /home/congreg8/public_html/app.congreg8.org/system/Database/BaseConnection.php(605): CodeIgniter\Database\BaseConnection->simpleQuery('SELECT role fro...')
#3 /home/congreg8/public_html/app.congreg8.org/app/Helpers/custom_helper.php(29): CodeIgniter\Database\BaseConnection->query('SELECT role fro...')
#4 /home/congreg8/public_html/app.congreg8.org/app/Views/include/topheader.php(14): get_user_role(NULL)
#5 /home/congreg8/public_html/app.congreg8.org/system/View/View.php(213): include('/home/congreg8/...')
#6 /home/congreg8/public_html/app.congreg8.org/system/View/View.php(216): CodeIgniter\View\View->CodeIgniter\View\{closure}()
#7 /home/congreg8/public_html/app.congreg8.org/system/Common.php(1184): CodeIgniter\View\View->render('/include/tophea...', Array, true)
#8 /home/congreg8/public_html/app.congreg8.org/app/Controllers/Dashboard.php(15): view('/include/tophea...', Array)
#9 /home/congreg8/public_html/app.congreg8.org/system/CodeIgniter.php(934): App\Controllers\Dashboard->index()
#10 /home/congreg8/public_html/app.congreg8.org/system/CodeIgniter.php(499): CodeIgniter\CodeIgniter->runController(Object(App\Controllers\Dashboard))
#11 /home/congreg8/public_html/app.congreg8.org/system/CodeIgniter.php(368): CodeIgniter\CodeIgniter->handleRequest(NULL, Object(Config\Cache), false)
#12 /home/congreg8/public_html/app.congreg8.org/index.php(67): CodeIgniter\CodeIgniter->run()
#13 {main}
CRITICAL - 2023-02-26 12:40:03 --> You have an error in your SQL syntax; check the manual that corresponds to your MySQL server version for the right syntax to use near '' at line 1
in SYSTEMPATH/Database/BaseConnection.php on line 645.
 1 APPPATH/Helpers/custom_helper.php(29): CodeIgniter\Database\BaseConnection->query('SELECT role from users where id =  ')
 2 APPPATH/Views/include/topheader.php(14): get_user_role(null)
 3 SYSTEMPATH/View/View.php(213): include('APPPATH/Views/include/topheader.php')
 4 SYSTEMPATH/View/View.php(216): CodeIgniter\View\View->CodeIgniter\View\{closure}()
 5 SYSTEMPATH/Common.php(1184): CodeIgniter\View\View->render('/include/topheader', [], true)
 6 APPPATH/Controllers/Dashboard.php(15): view('/include/topheader', [...])
 7 SYSTEMPATH/CodeIgniter.php(934): App\Controllers\Dashboard->index()
 8 SYSTEMPATH/CodeIgniter.php(499): CodeIgniter\CodeIgniter->runController(Object(App\Controllers\Dashboard))
 9 SYSTEMPATH/CodeIgniter.php(368): CodeIgniter\CodeIgniter->handleRequest(null, Object(Config\Cache), false)
10 FCPATH/index.php(67): CodeIgniter\CodeIgniter->run()
INFO - 2023-02-26 12:40:05 --> Session: Class initialized using 'CodeIgniter\Session\Handlers\FileHandler' driver.
ERROR - 2023-02-26 12:40:05 --> mysqli_sql_exception: You have an error in your SQL syntax; check the manual that corresponds to your MySQL server version for the right syntax to use near '' at line 1 in /home/congreg8/public_html/app.congreg8.org/system/Database/MySQLi/Connection.php:295
Stack trace:
#0 /home/congreg8/public_html/app.congreg8.org/system/Database/MySQLi/Connection.php(295): mysqli->query('SELECT role fro...', 0)
#1 /home/congreg8/public_html/app.congreg8.org/system/Database/BaseConnection.php(691): CodeIgniter\Database\MySQLi\Connection->execute('SELECT role fro...')
#2 /home/congreg8/public_html/app.congreg8.org/system/Database/BaseConnection.php(605): CodeIgniter\Database\BaseConnection->simpleQuery('SELECT role fro...')
#3 /home/congreg8/public_html/app.congreg8.org/app/Helpers/custom_helper.php(29): CodeIgniter\Database\BaseConnection->query('SELECT role fro...')
#4 /home/congreg8/public_html/app.congreg8.org/app/Views/include/topheader.php(14): get_user_role(NULL)
#5 /home/congreg8/public_html/app.congreg8.org/system/View/View.php(213): include('/home/congreg8/...')
#6 /home/congreg8/public_html/app.congreg8.org/system/View/View.php(216): CodeIgniter\View\View->CodeIgniter\View\{closure}()
#7 /home/congreg8/public_html/app.congreg8.org/system/Common.php(1184): CodeIgniter\View\View->render('/include/tophea...', Array, true)
#8 /home/congreg8/public_html/app.congreg8.org/app/Controllers/Dashboard.php(15): view('/include/tophea...', Array)
#9 /home/congreg8/public_html/app.congreg8.org/system/CodeIgniter.php(934): App\Controllers\Dashboard->index()
#10 /home/congreg8/public_html/app.congreg8.org/system/CodeIgniter.php(499): CodeIgniter\CodeIgniter->runController(Object(App\Controllers\Dashboard))
#11 /home/congreg8/public_html/app.congreg8.org/system/CodeIgniter.php(368): CodeIgniter\CodeIgniter->handleRequest(NULL, Object(Config\Cache), false)
#12 /home/congreg8/public_html/app.congreg8.org/index.php(67): CodeIgniter\CodeIgniter->run()
#13 {main}
CRITICAL - 2023-02-26 12:40:05 --> You have an error in your SQL syntax; check the manual that corresponds to your MySQL server version for the right syntax to use near '' at line 1
in SYSTEMPATH/Database/BaseConnection.php on line 645.
 1 APPPATH/Helpers/custom_helper.php(29): CodeIgniter\Database\BaseConnection->query('SELECT role from users where id =  ')
 2 APPPATH/Views/include/topheader.php(14): get_user_role(null)
 3 SYSTEMPATH/View/View.php(213): include('APPPATH/Views/include/topheader.php')
 4 SYSTEMPATH/View/View.php(216): CodeIgniter\View\View->CodeIgniter\View\{closure}()
 5 SYSTEMPATH/Common.php(1184): CodeIgniter\View\View->render('/include/topheader', [], true)
 6 APPPATH/Controllers/Dashboard.php(15): view('/include/topheader', [...])
 7 SYSTEMPATH/CodeIgniter.php(934): App\Controllers\Dashboard->index()
 8 SYSTEMPATH/CodeIgniter.php(499): CodeIgniter\CodeIgniter->runController(Object(App\Controllers\Dashboard))
 9 SYSTEMPATH/CodeIgniter.php(368): CodeIgniter\CodeIgniter->handleRequest(null, Object(Config\Cache), false)
10 FCPATH/index.php(67): CodeIgniter\CodeIgniter->run()
INFO - 2023-02-26 13:54:12 --> Session: Class initialized using 'CodeIgniter\Session\Handlers\FileHandler' driver.
ERROR - 2023-02-26 13:54:12 --> mysqli_sql_exception: You have an error in your SQL syntax; check the manual that corresponds to your MySQL server version for the right syntax to use near '' at line 1 in /home/congreg8/public_html/app.congreg8.org/system/Database/MySQLi/Connection.php:295
Stack trace:
#0 /home/congreg8/public_html/app.congreg8.org/system/Database/MySQLi/Connection.php(295): mysqli->query('SELECT role fro...', 0)
#1 /home/congreg8/public_html/app.congreg8.org/system/Database/BaseConnection.php(691): CodeIgniter\Database\MySQLi\Connection->execute('SELECT role fro...')
#2 /home/congreg8/public_html/app.congreg8.org/system/Database/BaseConnection.php(605): CodeIgniter\Database\BaseConnection->simpleQuery('SELECT role fro...')
#3 /home/congreg8/public_html/app.congreg8.org/app/Helpers/custom_helper.php(29): CodeIgniter\Database\BaseConnection->query('SELECT role fro...')
#4 /home/congreg8/public_html/app.congreg8.org/app/Views/include/topheader.php(14): get_user_role(NULL)
#5 /home/congreg8/public_html/app.congreg8.org/system/View/View.php(213): include('/home/congreg8/...')
#6 /home/congreg8/public_html/app.congreg8.org/system/View/View.php(216): CodeIgniter\View\View->CodeIgniter\View\{closure}()
#7 /home/congreg8/public_html/app.congreg8.org/system/Common.php(1184): CodeIgniter\View\View->render('/include/tophea...', Array, true)
#8 /home/congreg8/public_html/app.congreg8.org/app/Controllers/Dashboard.php(15): view('/include/tophea...', Array)
#9 /home/congreg8/public_html/app.congreg8.org/system/CodeIgniter.php(934): App\Controllers\Dashboard->index()
#10 /home/congreg8/public_html/app.congreg8.org/system/CodeIgniter.php(499): CodeIgniter\CodeIgniter->runController(Object(App\Controllers\Dashboard))
#11 /home/congreg8/public_html/app.congreg8.org/system/CodeIgniter.php(368): CodeIgniter\CodeIgniter->handleRequest(NULL, Object(Config\Cache), false)
#12 /home/congreg8/public_html/app.congreg8.org/index.php(67): CodeIgniter\CodeIgniter->run()
#13 {main}
CRITICAL - 2023-02-26 13:54:12 --> You have an error in your SQL syntax; check the manual that corresponds to your MySQL server version for the right syntax to use near '' at line 1
in SYSTEMPATH/Database/BaseConnection.php on line 645.
 1 APPPATH/Helpers/custom_helper.php(29): CodeIgniter\Database\BaseConnection->query('SELECT role from users where id =  ')
 2 APPPATH/Views/include/topheader.php(14): get_user_role(null)
 3 SYSTEMPATH/View/View.php(213): include('APPPATH/Views/include/topheader.php')
 4 SYSTEMPATH/View/View.php(216): CodeIgniter\View\View->CodeIgniter\View\{closure}()
 5 SYSTEMPATH/Common.php(1184): CodeIgniter\View\View->render('/include/topheader', [], true)
 6 APPPATH/Controllers/Dashboard.php(15): view('/include/topheader', [...])
 7 SYSTEMPATH/CodeIgniter.php(934): App\Controllers\Dashboard->index()
 8 SYSTEMPATH/CodeIgniter.php(499): CodeIgniter\CodeIgniter->runController(Object(App\Controllers\Dashboard))
 9 SYSTEMPATH/CodeIgniter.php(368): CodeIgniter\CodeIgniter->handleRequest(null, Object(Config\Cache), false)
10 FCPATH/index.php(67): CodeIgniter\CodeIgniter->run()
INFO - 2023-02-26 22:02:52 --> Session: Class initialized using 'CodeIgniter\Session\Handlers\FileHandler' driver.
ERROR - 2023-02-26 22:02:52 --> mysqli_sql_exception: You have an error in your SQL syntax; check the manual that corresponds to your MySQL server version for the right syntax to use near '' at line 1 in /home/congreg8/public_html/app.congreg8.org/system/Database/MySQLi/Connection.php:295
Stack trace:
#0 /home/congreg8/public_html/app.congreg8.org/system/Database/MySQLi/Connection.php(295): mysqli->query('SELECT role fro...', 0)
#1 /home/congreg8/public_html/app.congreg8.org/system/Database/BaseConnection.php(691): CodeIgniter\Database\MySQLi\Connection->execute('SELECT role fro...')
#2 /home/congreg8/public_html/app.congreg8.org/system/Database/BaseConnection.php(605): CodeIgniter\Database\BaseConnection->simpleQuery('SELECT role fro...')
#3 /home/congreg8/public_html/app.congreg8.org/app/Helpers/custom_helper.php(29): CodeIgniter\Database\BaseConnection->query('SELECT role fro...')
#4 /home/congreg8/public_html/app.congreg8.org/app/Views/include/topheader.php(14): get_user_role(NULL)
#5 /home/congreg8/public_html/app.congreg8.org/system/View/View.php(213): include('/home/congreg8/...')
#6 /home/congreg8/public_html/app.congreg8.org/system/View/View.php(216): CodeIgniter\View\View->CodeIgniter\View\{closure}()
#7 /home/congreg8/public_html/app.congreg8.org/system/Common.php(1184): CodeIgniter\View\View->render('/include/tophea...', Array, true)
#8 /home/congreg8/public_html/app.congreg8.org/app/Controllers/Dashboard.php(15): view('/include/tophea...', Array)
#9 /home/congreg8/public_html/app.congreg8.org/system/CodeIgniter.php(934): App\Controllers\Dashboard->index()
#10 /home/congreg8/public_html/app.congreg8.org/system/CodeIgniter.php(499): CodeIgniter\CodeIgniter->runController(Object(App\Controllers\Dashboard))
#11 /home/congreg8/public_html/app.congreg8.org/system/CodeIgniter.php(368): CodeIgniter\CodeIgniter->handleRequest(NULL, Object(Config\Cache), false)
#12 /home/congreg8/public_html/app.congreg8.org/index.php(67): CodeIgniter\CodeIgniter->run()
#13 {main}
CRITICAL - 2023-02-26 22:02:52 --> You have an error in your SQL syntax; check the manual that corresponds to your MySQL server version for the right syntax to use near '' at line 1
in SYSTEMPATH/Database/BaseConnection.php on line 645.
 1 APPPATH/Helpers/custom_helper.php(29): CodeIgniter\Database\BaseConnection->query('SELECT role from users where id =  ')
 2 APPPATH/Views/include/topheader.php(14): get_user_role(null)
 3 SYSTEMPATH/View/View.php(213): include('APPPATH/Views/include/topheader.php')
 4 SYSTEMPATH/View/View.php(216): CodeIgniter\View\View->CodeIgniter\View\{closure}()
 5 SYSTEMPATH/Common.php(1184): CodeIgniter\View\View->render('/include/topheader', [], true)
 6 APPPATH/Controllers/Dashboard.php(15): view('/include/topheader', [...])
 7 SYSTEMPATH/CodeIgniter.php(934): App\Controllers\Dashboard->index()
 8 SYSTEMPATH/CodeIgniter.php(499): CodeIgniter\CodeIgniter->runController(Object(App\Controllers\Dashboard))
 9 SYSTEMPATH/CodeIgniter.php(368): CodeIgniter\CodeIgniter->handleRequest(null, Object(Config\Cache), false)
10 FCPATH/index.php(67): CodeIgniter\CodeIgniter->run()
INFO - 2023-02-26 23:04:31 --> Session: Class initialized using 'CodeIgniter\Session\Handlers\FileHandler' driver.
ERROR - 2023-02-26 23:04:31 --> mysqli_sql_exception: You have an error in your SQL syntax; check the manual that corresponds to your MySQL server version for the right syntax to use near '' at line 1 in /home/congreg8/public_html/app.congreg8.org/system/Database/MySQLi/Connection.php:295
Stack trace:
#0 /home/congreg8/public_html/app.congreg8.org/system/Database/MySQLi/Connection.php(295): mysqli->query('SELECT role fro...', 0)
#1 /home/congreg8/public_html/app.congreg8.org/system/Database/BaseConnection.php(691): CodeIgniter\Database\MySQLi\Connection->execute('SELECT role fro...')
#2 /home/congreg8/public_html/app.congreg8.org/system/Database/BaseConnection.php(605): CodeIgniter\Database\BaseConnection->simpleQuery('SELECT role fro...')
#3 /home/congreg8/public_html/app.congreg8.org/app/Helpers/custom_helper.php(29): CodeIgniter\Database\BaseConnection->query('SELECT role fro...')
#4 /home/congreg8/public_html/app.congreg8.org/app/Views/include/topheader.php(14): get_user_role(NULL)
#5 /home/congreg8/public_html/app.congreg8.org/system/View/View.php(213): include('/home/congreg8/...')
#6 /home/congreg8/public_html/app.congreg8.org/system/View/View.php(216): CodeIgniter\View\View->CodeIgniter\View\{closure}()
#7 /home/congreg8/public_html/app.congreg8.org/system/Common.php(1184): CodeIgniter\View\View->render('/include/tophea...', Array, true)
#8 /home/congreg8/public_html/app.congreg8.org/app/Controllers/Dashboard.php(15): view('/include/tophea...', Array)
#9 /home/congreg8/public_html/app.congreg8.org/system/CodeIgniter.php(934): App\Controllers\Dashboard->index()
#10 /home/congreg8/public_html/app.congreg8.org/system/CodeIgniter.php(499): CodeIgniter\CodeIgniter->runController(Object(App\Controllers\Dashboard))
#11 /home/congreg8/public_html/app.congreg8.org/system/CodeIgniter.php(368): CodeIgniter\CodeIgniter->handleRequest(NULL, Object(Config\Cache), false)
#12 /home/congreg8/public_html/app.congreg8.org/index.php(67): CodeIgniter\CodeIgniter->run()
#13 {main}
CRITICAL - 2023-02-26 23:04:31 --> You have an error in your SQL syntax; check the manual that corresponds to your MySQL server version for the right syntax to use near '' at line 1
in SYSTEMPATH/Database/BaseConnection.php on line 645.
 1 APPPATH/Helpers/custom_helper.php(29): CodeIgniter\Database\BaseConnection->query('SELECT role from users where id =  ')
 2 APPPATH/Views/include/topheader.php(14): get_user_role(null)
 3 SYSTEMPATH/View/View.php(213): include('APPPATH/Views/include/topheader.php')
 4 SYSTEMPATH/View/View.php(216): CodeIgniter\View\View->CodeIgniter\View\{closure}()
 5 SYSTEMPATH/Common.php(1184): CodeIgniter\View\View->render('/include/topheader', [], true)
 6 APPPATH/Controllers/Dashboard.php(15): view('/include/topheader', [...])
 7 SYSTEMPATH/CodeIgniter.php(934): App\Controllers\Dashboard->index()
 8 SYSTEMPATH/CodeIgniter.php(499): CodeIgniter\CodeIgniter->runController(Object(App\Controllers\Dashboard))
 9 SYSTEMPATH/CodeIgniter.php(368): CodeIgniter\CodeIgniter->handleRequest(null, Object(Config\Cache), false)
10 FCPATH/index.php(67): CodeIgniter\CodeIgniter->run()
