CRITICAL - 2024-02-26 03:18:26 --> Undefined array key "name"
in APPPATH/Controllers/Api.php on line 63.
 1 APPPATH/Controllers/Api.php(63): CodeIgniter\Debug\Exceptions->errorHandler(2, 'Undefined array key "name"', 'APPPATH/Controllers/Api.php', 63)
 2 SYSTEMPATH/CodeIgniter.php(934): App\Controllers\Api->contactcurlapi()
 3 SYSTEMPATH/CodeIgniter.php(499): CodeIgniter\CodeIgniter->runController(Object(App\Controllers\Api))
 4 SYSTEMPATH/CodeIgniter.php(368): CodeIgniter\CodeIgniter->handleRequest(null, Object(Config\Cache), false)
 5 FCPATH/index.php(67): CodeIgniter\CodeIgniter->run()
INFO - 2024-02-26 03:54:19 --> Session: Class initialized using 'CodeIgniter\Session\Handlers\FileHandler' driver.
INFO - 2024-02-26 03:54:25 --> Session: Class initialized using 'CodeIgniter\Session\Handlers\FileHandler' driver.
INFO - 2024-02-26 03:54:26 --> Session: Class initialized using 'CodeIgniter\Session\Handlers\FileHandler' driver.
INFO - 2024-02-26 03:54:26 --> Session: Class initialized using 'CodeIgniter\Session\Handlers\FileHandler' driver.
INFO - 2024-02-26 09:33:47 --> Session: Class initialized using 'CodeIgniter\Session\Handlers\FileHandler' driver.
INFO - 2024-02-26 09:33:48 --> Session: Class initialized using 'CodeIgniter\Session\Handlers\FileHandler' driver.
INFO - 2024-02-26 13:47:25 --> Session: Class initialized using 'CodeIgniter\Session\Handlers\FileHandler' driver.
INFO - 2024-02-26 16:10:44 --> Session: Class initialized using 'CodeIgniter\Session\Handlers\FileHandler' driver.
INFO - 2024-02-26 16:10:44 --> Session: Class initialized using 'CodeIgniter\Session\Handlers\FileHandler' driver.
INFO - 2024-02-26 16:15:20 --> Session: Class initialized using 'CodeIgniter\Session\Handlers\FileHandler' driver.
INFO - 2024-02-26 16:15:21 --> Session: Class initialized using 'CodeIgniter\Session\Handlers\FileHandler' driver.
INFO - 2024-02-26 16:16:47 --> Session: Class initialized using 'CodeIgniter\Session\Handlers\FileHandler' driver.
INFO - 2024-02-26 16:16:47 --> Session: Class initialized using 'CodeIgniter\Session\Handlers\FileHandler' driver.
INFO - 2024-02-26 16:16:49 --> Session: Class initialized using 'CodeIgniter\Session\Handlers\FileHandler' driver.
INFO - 2024-02-26 16:17:30 --> Session: Class initialized using 'CodeIgniter\Session\Handlers\FileHandler' driver.
INFO - 2024-02-26 16:17:30 --> Session: Class initialized using 'CodeIgniter\Session\Handlers\FileHandler' driver.
INFO - 2024-02-26 16:17:30 --> Session: Class initialized using 'CodeIgniter\Session\Handlers\FileHandler' driver.
INFO - 2024-02-26 16:25:56 --> Session: Class initialized using 'CodeIgniter\Session\Handlers\FileHandler' driver.
INFO - 2024-02-26 16:25:59 --> Session: Class initialized using 'CodeIgniter\Session\Handlers\FileHandler' driver.
INFO - 2024-02-26 16:26:23 --> Session: Class initialized using 'CodeIgniter\Session\Handlers\FileHandler' driver.
INFO - 2024-02-26 16:26:23 --> Session: Class initialized using 'CodeIgniter\Session\Handlers\FileHandler' driver.
INFO - 2024-02-26 16:26:23 --> Session: Class initialized using 'CodeIgniter\Session\Handlers\FileHandler' driver.
INFO - 2024-02-26 16:26:23 --> Session: Class initialized using 'CodeIgniter\Session\Handlers\FileHandler' driver.
WARNING - 2024-02-26 16:26:23 --> Session: Sessions is enabled, and one exists.Please don't $session->start();
INFO - 2024-02-26 16:26:38 --> Session: Class initialized using 'CodeIgniter\Session\Handlers\FileHandler' driver.
WARNING - 2024-02-26 16:26:38 --> Session: Sessions is enabled, and one exists.Please don't $session->start();
INFO - 2024-02-26 16:26:47 --> Session: Class initialized using 'CodeIgniter\Session\Handlers\FileHandler' driver.
INFO - 2024-02-26 16:26:47 --> Session: Class initialized using 'CodeIgniter\Session\Handlers\FileHandler' driver.
INFO - 2024-02-26 16:26:58 --> Session: Class initialized using 'CodeIgniter\Session\Handlers\FileHandler' driver.
INFO - 2024-02-26 16:26:58 --> Session: Class initialized using 'CodeIgniter\Session\Handlers\FileHandler' driver.
INFO - 2024-02-26 16:26:58 --> Session: Class initialized using 'CodeIgniter\Session\Handlers\FileHandler' driver.
INFO - 2024-02-26 16:27:10 --> Session: Class initialized using 'CodeIgniter\Session\Handlers\FileHandler' driver.
INFO - 2024-02-26 16:27:10 --> Session: Class initialized using 'CodeIgniter\Session\Handlers\FileHandler' driver.
ERROR - 2024-02-26 16:27:10 --> mysqli_sql_exception: You have an error in your SQL syntax; check the manual that corresponds to your MySQL server version for the right syntax to use near 'GROUP BY a.contact_id
    ) as A' at line 5 in /home/congreg8/public_html/app.congreg8.org/system/Database/MySQLi/Connection.php:295
Stack trace:
#0 /home/congreg8/public_html/app.congreg8.org/system/Database/MySQLi/Connection.php(295): mysqli->query('SELECT count(*)...', 0)
#1 /home/congreg8/public_html/app.congreg8.org/system/Database/BaseConnection.php(691): CodeIgniter\Database\MySQLi\Connection->execute('SELECT count(*)...')
#2 /home/congreg8/public_html/app.congreg8.org/system/Database/BaseConnection.php(605): CodeIgniter\Database\BaseConnection->simpleQuery('SELECT count(*)...')
#3 /home/congreg8/public_html/app.congreg8.org/app/Helpers/custom_helper.php(353): CodeIgniter\Database\BaseConnection->query('SELECT count(*)...')
#4 /home/congreg8/public_html/app.congreg8.org/app/Controllers/Dashboard.php(62): get_All_visitors(NULL, '', '')
#5 /home/congreg8/public_html/app.congreg8.org/system/CodeIgniter.php(934): App\Controllers\Dashboard->getvalues()
#6 /home/congreg8/public_html/app.congreg8.org/system/CodeIgniter.php(499): CodeIgniter\CodeIgniter->runController(Object(App\Controllers\Dashboard))
#7 /home/congreg8/public_html/app.congreg8.org/system/CodeIgniter.php(368): CodeIgniter\CodeIgniter->handleRequest(NULL, Object(Config\Cache), false)
#8 /home/congreg8/public_html/app.congreg8.org/index.php(67): CodeIgniter\CodeIgniter->run()
#9 {main}
CRITICAL - 2024-02-26 16:27:10 --> You have an error in your SQL syntax; check the manual that corresponds to your MySQL server version for the right syntax to use near 'GROUP BY a.contact_id
    ) as A' at line 5
in SYSTEMPATH/Database/BaseConnection.php on line 645.
 1 APPPATH/Helpers/custom_helper.php(353): CodeIgniter\Database\BaseConnection->query('SELECT count(*) as cntt FROM (
        SELECT a.contact_id as cnt
        FROM `tab_attandance` a
        LEFT JOIN contacts c ON c.id = a.contact_id
        WHERE c.r_status = \'Y\' AND a.rstatus = \'Y\' AND form_type = \'Visitor\' AND a.church_id =  GROUP BY a.contact_id
    ) as A')
 2 APPPATH/Controllers/Dashboard.php(62): get_All_visitors(null, '/home/congreg8/public_html/app.congreg8.org', '/home/congreg8/public_html/app.congreg8.org')
 3 SYSTEMPATH/CodeIgniter.php(934): App\Controllers\Dashboard->getvalues()
 4 SYSTEMPATH/CodeIgniter.php(499): CodeIgniter\CodeIgniter->runController(Object(App\Controllers\Dashboard))
 5 SYSTEMPATH/CodeIgniter.php(368): CodeIgniter\CodeIgniter->handleRequest(null, Object(Config\Cache), false)
 6 FCPATH/index.php(67): CodeIgniter\CodeIgniter->run()
INFO - 2024-02-26 16:27:13 --> Session: Class initialized using 'CodeIgniter\Session\Handlers\FileHandler' driver.
INFO - 2024-02-26 16:27:13 --> Session: Class initialized using 'CodeIgniter\Session\Handlers\FileHandler' driver.
ERROR - 2024-02-26 16:27:13 --> mysqli_sql_exception: You have an error in your SQL syntax; check the manual that corresponds to your MySQL server version for the right syntax to use near 'GROUP BY a.contact_id
    ) as A' at line 5 in /home/congreg8/public_html/app.congreg8.org/system/Database/MySQLi/Connection.php:295
Stack trace:
#0 /home/congreg8/public_html/app.congreg8.org/system/Database/MySQLi/Connection.php(295): mysqli->query('SELECT count(*)...', 0)
#1 /home/congreg8/public_html/app.congreg8.org/system/Database/BaseConnection.php(691): CodeIgniter\Database\MySQLi\Connection->execute('SELECT count(*)...')
#2 /home/congreg8/public_html/app.congreg8.org/system/Database/BaseConnection.php(605): CodeIgniter\Database\BaseConnection->simpleQuery('SELECT count(*)...')
#3 /home/congreg8/public_html/app.congreg8.org/app/Helpers/custom_helper.php(353): CodeIgniter\Database\BaseConnection->query('SELECT count(*)...')
#4 /home/congreg8/public_html/app.congreg8.org/app/Controllers/Dashboard.php(62): get_All_visitors(NULL, '', '')
#5 /home/congreg8/public_html/app.congreg8.org/system/CodeIgniter.php(934): App\Controllers\Dashboard->getvalues()
#6 /home/congreg8/public_html/app.congreg8.org/system/CodeIgniter.php(499): CodeIgniter\CodeIgniter->runController(Object(App\Controllers\Dashboard))
#7 /home/congreg8/public_html/app.congreg8.org/system/CodeIgniter.php(368): CodeIgniter\CodeIgniter->handleRequest(NULL, Object(Config\Cache), false)
#8 /home/congreg8/public_html/app.congreg8.org/index.php(67): CodeIgniter\CodeIgniter->run()
#9 {main}
CRITICAL - 2024-02-26 16:27:13 --> You have an error in your SQL syntax; check the manual that corresponds to your MySQL server version for the right syntax to use near 'GROUP BY a.contact_id
    ) as A' at line 5
in SYSTEMPATH/Database/BaseConnection.php on line 645.
 1 APPPATH/Helpers/custom_helper.php(353): CodeIgniter\Database\BaseConnection->query('SELECT count(*) as cntt FROM (
        SELECT a.contact_id as cnt
        FROM `tab_attandance` a
        LEFT JOIN contacts c ON c.id = a.contact_id
        WHERE c.r_status = \'Y\' AND a.rstatus = \'Y\' AND form_type = \'Visitor\' AND a.church_id =  GROUP BY a.contact_id
    ) as A')
 2 APPPATH/Controllers/Dashboard.php(62): get_All_visitors(null, '/home/congreg8/public_html/app.congreg8.org', '/home/congreg8/public_html/app.congreg8.org')
 3 SYSTEMPATH/CodeIgniter.php(934): App\Controllers\Dashboard->getvalues()
 4 SYSTEMPATH/CodeIgniter.php(499): CodeIgniter\CodeIgniter->runController(Object(App\Controllers\Dashboard))
 5 SYSTEMPATH/CodeIgniter.php(368): CodeIgniter\CodeIgniter->handleRequest(null, Object(Config\Cache), false)
 6 FCPATH/index.php(67): CodeIgniter\CodeIgniter->run()
INFO - 2024-02-26 16:27:13 --> Session: Class initialized using 'CodeIgniter\Session\Handlers\FileHandler' driver.
INFO - 2024-02-26 16:27:22 --> Session: Class initialized using 'CodeIgniter\Session\Handlers\FileHandler' driver.
INFO - 2024-02-26 16:27:23 --> Session: Class initialized using 'CodeIgniter\Session\Handlers\FileHandler' driver.
ERROR - 2024-02-26 16:27:23 --> mysqli_sql_exception: You have an error in your SQL syntax; check the manual that corresponds to your MySQL server version for the right syntax to use near 'GROUP BY a.contact_id
    ) as A' at line 5 in /home/congreg8/public_html/app.congreg8.org/system/Database/MySQLi/Connection.php:295
Stack trace:
#0 /home/congreg8/public_html/app.congreg8.org/system/Database/MySQLi/Connection.php(295): mysqli->query('SELECT count(*)...', 0)
#1 /home/congreg8/public_html/app.congreg8.org/system/Database/BaseConnection.php(691): CodeIgniter\Database\MySQLi\Connection->execute('SELECT count(*)...')
#2 /home/congreg8/public_html/app.congreg8.org/system/Database/BaseConnection.php(605): CodeIgniter\Database\BaseConnection->simpleQuery('SELECT count(*)...')
#3 /home/congreg8/public_html/app.congreg8.org/app/Helpers/custom_helper.php(353): CodeIgniter\Database\BaseConnection->query('SELECT count(*)...')
#4 /home/congreg8/public_html/app.congreg8.org/app/Controllers/Dashboard.php(62): get_All_visitors(NULL, '', '')
#5 /home/congreg8/public_html/app.congreg8.org/system/CodeIgniter.php(934): App\Controllers\Dashboard->getvalues()
#6 /home/congreg8/public_html/app.congreg8.org/system/CodeIgniter.php(499): CodeIgniter\CodeIgniter->runController(Object(App\Controllers\Dashboard))
#7 /home/congreg8/public_html/app.congreg8.org/system/CodeIgniter.php(368): CodeIgniter\CodeIgniter->handleRequest(NULL, Object(Config\Cache), false)
#8 /home/congreg8/public_html/app.congreg8.org/index.php(67): CodeIgniter\CodeIgniter->run()
#9 {main}
CRITICAL - 2024-02-26 16:27:23 --> You have an error in your SQL syntax; check the manual that corresponds to your MySQL server version for the right syntax to use near 'GROUP BY a.contact_id
    ) as A' at line 5
in SYSTEMPATH/Database/BaseConnection.php on line 645.
 1 APPPATH/Helpers/custom_helper.php(353): CodeIgniter\Database\BaseConnection->query('SELECT count(*) as cntt FROM (
        SELECT a.contact_id as cnt
        FROM `tab_attandance` a
        LEFT JOIN contacts c ON c.id = a.contact_id
        WHERE c.r_status = \'Y\' AND a.rstatus = \'Y\' AND form_type = \'Visitor\' AND a.church_id =  GROUP BY a.contact_id
    ) as A')
 2 APPPATH/Controllers/Dashboard.php(62): get_All_visitors(null, '/home/congreg8/public_html/app.congreg8.org', '/home/congreg8/public_html/app.congreg8.org')
 3 SYSTEMPATH/CodeIgniter.php(934): App\Controllers\Dashboard->getvalues()
 4 SYSTEMPATH/CodeIgniter.php(499): CodeIgniter\CodeIgniter->runController(Object(App\Controllers\Dashboard))
 5 SYSTEMPATH/CodeIgniter.php(368): CodeIgniter\CodeIgniter->handleRequest(null, Object(Config\Cache), false)
 6 FCPATH/index.php(67): CodeIgniter\CodeIgniter->run()
INFO - 2024-02-26 16:27:23 --> Session: Class initialized using 'CodeIgniter\Session\Handlers\FileHandler' driver.
INFO - 2024-02-26 16:27:25 --> Session: Class initialized using 'CodeIgniter\Session\Handlers\FileHandler' driver.
INFO - 2024-02-26 16:27:26 --> Session: Class initialized using 'CodeIgniter\Session\Handlers\FileHandler' driver.
INFO - 2024-02-26 16:27:26 --> Session: Class initialized using 'CodeIgniter\Session\Handlers\FileHandler' driver.
ERROR - 2024-02-26 16:27:26 --> mysqli_sql_exception: You have an error in your SQL syntax; check the manual that corresponds to your MySQL server version for the right syntax to use near 'GROUP BY a.contact_id
    ) as A' at line 5 in /home/congreg8/public_html/app.congreg8.org/system/Database/MySQLi/Connection.php:295
Stack trace:
#0 /home/congreg8/public_html/app.congreg8.org/system/Database/MySQLi/Connection.php(295): mysqli->query('SELECT count(*)...', 0)
#1 /home/congreg8/public_html/app.congreg8.org/system/Database/BaseConnection.php(691): CodeIgniter\Database\MySQLi\Connection->execute('SELECT count(*)...')
#2 /home/congreg8/public_html/app.congreg8.org/system/Database/BaseConnection.php(605): CodeIgniter\Database\BaseConnection->simpleQuery('SELECT count(*)...')
#3 /home/congreg8/public_html/app.congreg8.org/app/Helpers/custom_helper.php(353): CodeIgniter\Database\BaseConnection->query('SELECT count(*)...')
#4 /home/congreg8/public_html/app.congreg8.org/app/Controllers/Dashboard.php(62): get_All_visitors(NULL, '', '')
#5 /home/congreg8/public_html/app.congreg8.org/system/CodeIgniter.php(934): App\Controllers\Dashboard->getvalues()
#6 /home/congreg8/public_html/app.congreg8.org/system/CodeIgniter.php(499): CodeIgniter\CodeIgniter->runController(Object(App\Controllers\Dashboard))
#7 /home/congreg8/public_html/app.congreg8.org/system/CodeIgniter.php(368): CodeIgniter\CodeIgniter->handleRequest(NULL, Object(Config\Cache), false)
#8 /home/congreg8/public_html/app.congreg8.org/index.php(67): CodeIgniter\CodeIgniter->run()
#9 {main}
CRITICAL - 2024-02-26 16:27:26 --> You have an error in your SQL syntax; check the manual that corresponds to your MySQL server version for the right syntax to use near 'GROUP BY a.contact_id
    ) as A' at line 5
in SYSTEMPATH/Database/BaseConnection.php on line 645.
 1 APPPATH/Helpers/custom_helper.php(353): CodeIgniter\Database\BaseConnection->query('SELECT count(*) as cntt FROM (
        SELECT a.contact_id as cnt
        FROM `tab_attandance` a
        LEFT JOIN contacts c ON c.id = a.contact_id
        WHERE c.r_status = \'Y\' AND a.rstatus = \'Y\' AND form_type = \'Visitor\' AND a.church_id =  GROUP BY a.contact_id
    ) as A')
 2 APPPATH/Controllers/Dashboard.php(62): get_All_visitors(null, '/home/congreg8/public_html/app.congreg8.org', '/home/congreg8/public_html/app.congreg8.org')
 3 SYSTEMPATH/CodeIgniter.php(934): App\Controllers\Dashboard->getvalues()
 4 SYSTEMPATH/CodeIgniter.php(499): CodeIgniter\CodeIgniter->runController(Object(App\Controllers\Dashboard))
 5 SYSTEMPATH/CodeIgniter.php(368): CodeIgniter\CodeIgniter->handleRequest(null, Object(Config\Cache), false)
 6 FCPATH/index.php(67): CodeIgniter\CodeIgniter->run()
INFO - 2024-02-26 16:28:22 --> Session: Class initialized using 'CodeIgniter\Session\Handlers\FileHandler' driver.
INFO - 2024-02-26 16:28:22 --> Session: Class initialized using 'CodeIgniter\Session\Handlers\FileHandler' driver.
ERROR - 2024-02-26 16:28:22 --> mysqli_sql_exception: You have an error in your SQL syntax; check the manual that corresponds to your MySQL server version for the right syntax to use near 'GROUP BY a.contact_id
    ) as A' at line 5 in /home/congreg8/public_html/app.congreg8.org/system/Database/MySQLi/Connection.php:295
Stack trace:
#0 /home/congreg8/public_html/app.congreg8.org/system/Database/MySQLi/Connection.php(295): mysqli->query('SELECT count(*)...', 0)
#1 /home/congreg8/public_html/app.congreg8.org/system/Database/BaseConnection.php(691): CodeIgniter\Database\MySQLi\Connection->execute('SELECT count(*)...')
#2 /home/congreg8/public_html/app.congreg8.org/system/Database/BaseConnection.php(605): CodeIgniter\Database\BaseConnection->simpleQuery('SELECT count(*)...')
#3 /home/congreg8/public_html/app.congreg8.org/app/Helpers/custom_helper.php(353): CodeIgniter\Database\BaseConnection->query('SELECT count(*)...')
#4 /home/congreg8/public_html/app.congreg8.org/app/Controllers/Dashboard.php(62): get_All_visitors(NULL, '', '')
#5 /home/congreg8/public_html/app.congreg8.org/system/CodeIgniter.php(934): App\Controllers\Dashboard->getvalues()
#6 /home/congreg8/public_html/app.congreg8.org/system/CodeIgniter.php(499): CodeIgniter\CodeIgniter->runController(Object(App\Controllers\Dashboard))
#7 /home/congreg8/public_html/app.congreg8.org/system/CodeIgniter.php(368): CodeIgniter\CodeIgniter->handleRequest(NULL, Object(Config\Cache), false)
#8 /home/congreg8/public_html/app.congreg8.org/index.php(67): CodeIgniter\CodeIgniter->run()
#9 {main}
CRITICAL - 2024-02-26 16:28:22 --> You have an error in your SQL syntax; check the manual that corresponds to your MySQL server version for the right syntax to use near 'GROUP BY a.contact_id
    ) as A' at line 5
in SYSTEMPATH/Database/BaseConnection.php on line 645.
 1 APPPATH/Helpers/custom_helper.php(353): CodeIgniter\Database\BaseConnection->query('SELECT count(*) as cntt FROM (
        SELECT a.contact_id as cnt
        FROM `tab_attandance` a
        LEFT JOIN contacts c ON c.id = a.contact_id
        WHERE c.r_status = \'Y\' AND a.rstatus = \'Y\' AND form_type = \'Visitor\' AND a.church_id =  GROUP BY a.contact_id
    ) as A')
 2 APPPATH/Controllers/Dashboard.php(62): get_All_visitors(null, '/home/congreg8/public_html/app.congreg8.org', '/home/congreg8/public_html/app.congreg8.org')
 3 SYSTEMPATH/CodeIgniter.php(934): App\Controllers\Dashboard->getvalues()
 4 SYSTEMPATH/CodeIgniter.php(499): CodeIgniter\CodeIgniter->runController(Object(App\Controllers\Dashboard))
 5 SYSTEMPATH/CodeIgniter.php(368): CodeIgniter\CodeIgniter->handleRequest(null, Object(Config\Cache), false)
 6 FCPATH/index.php(67): CodeIgniter\CodeIgniter->run()
INFO - 2024-02-26 16:28:22 --> Session: Class initialized using 'CodeIgniter\Session\Handlers\FileHandler' driver.
INFO - 2024-02-26 16:28:25 --> Session: Class initialized using 'CodeIgniter\Session\Handlers\FileHandler' driver.
INFO - 2024-02-26 16:28:25 --> Session: Class initialized using 'CodeIgniter\Session\Handlers\FileHandler' driver.
INFO - 2024-02-26 17:50:34 --> Session: Class initialized using 'CodeIgniter\Session\Handlers\FileHandler' driver.
INFO - 2024-02-26 19:16:31 --> Session: Class initialized using 'CodeIgniter\Session\Handlers\FileHandler' driver.
INFO - 2024-02-26 19:16:31 --> Session: Class initialized using 'CodeIgniter\Session\Handlers\FileHandler' driver.
INFO - 2024-02-26 19:16:45 --> Session: Class initialized using 'CodeIgniter\Session\Handlers\FileHandler' driver.
INFO - 2024-02-26 19:16:45 --> Session: Class initialized using 'CodeIgniter\Session\Handlers\FileHandler' driver.
INFO - 2024-02-26 19:16:46 --> Session: Class initialized using 'CodeIgniter\Session\Handlers\FileHandler' driver.
INFO - 2024-02-26 19:20:56 --> Session: Class initialized using 'CodeIgniter\Session\Handlers\FileHandler' driver.
INFO - 2024-02-26 19:20:57 --> Session: Class initialized using 'CodeIgniter\Session\Handlers\FileHandler' driver.
INFO - 2024-02-26 19:21:10 --> Session: Class initialized using 'CodeIgniter\Session\Handlers\FileHandler' driver.
INFO - 2024-02-26 19:21:10 --> Session: Class initialized using 'CodeIgniter\Session\Handlers\FileHandler' driver.
INFO - 2024-02-26 19:21:10 --> Session: Class initialized using 'CodeIgniter\Session\Handlers\FileHandler' driver.
INFO - 2024-02-26 19:21:17 --> Session: Class initialized using 'CodeIgniter\Session\Handlers\FileHandler' driver.
INFO - 2024-02-26 19:21:17 --> Session: Class initialized using 'CodeIgniter\Session\Handlers\FileHandler' driver.
INFO - 2024-02-26 19:21:17 --> Session: Class initialized using 'CodeIgniter\Session\Handlers\FileHandler' driver.
INFO - 2024-02-26 19:21:21 --> Session: Class initialized using 'CodeIgniter\Session\Handlers\FileHandler' driver.
INFO - 2024-02-26 19:21:21 --> Session: Class initialized using 'CodeIgniter\Session\Handlers\FileHandler' driver.
INFO - 2024-02-26 19:21:21 --> Session: Class initialized using 'CodeIgniter\Session\Handlers\FileHandler' driver.
INFO - 2024-02-26 19:23:24 --> Session: Class initialized using 'CodeIgniter\Session\Handlers\FileHandler' driver.
INFO - 2024-02-26 19:23:25 --> Session: Class initialized using 'CodeIgniter\Session\Handlers\FileHandler' driver.
INFO - 2024-02-26 19:23:33 --> Session: Class initialized using 'CodeIgniter\Session\Handlers\FileHandler' driver.
INFO - 2024-02-26 19:23:33 --> Session: Class initialized using 'CodeIgniter\Session\Handlers\FileHandler' driver.
INFO - 2024-02-26 19:23:33 --> Session: Class initialized using 'CodeIgniter\Session\Handlers\FileHandler' driver.
INFO - 2024-02-26 19:23:33 --> Session: Class initialized using 'CodeIgniter\Session\Handlers\FileHandler' driver.
WARNING - 2024-02-26 19:23:33 --> Session: Sessions is enabled, and one exists.Please don't $session->start();
INFO - 2024-02-26 19:23:53 --> Session: Class initialized using 'CodeIgniter\Session\Handlers\FileHandler' driver.
WARNING - 2024-02-26 19:23:53 --> Session: Sessions is enabled, and one exists.Please don't $session->start();
INFO - 2024-02-26 19:24:03 --> Session: Class initialized using 'CodeIgniter\Session\Handlers\FileHandler' driver.
INFO - 2024-02-26 19:24:03 --> Session: Class initialized using 'CodeIgniter\Session\Handlers\FileHandler' driver.
INFO - 2024-02-26 19:24:06 --> Session: Class initialized using 'CodeIgniter\Session\Handlers\FileHandler' driver.
INFO - 2024-02-26 19:24:06 --> Session: Class initialized using 'CodeIgniter\Session\Handlers\FileHandler' driver.
INFO - 2024-02-26 19:24:07 --> Session: Class initialized using 'CodeIgniter\Session\Handlers\FileHandler' driver.
INFO - 2024-02-26 19:25:28 --> Session: Class initialized using 'CodeIgniter\Session\Handlers\FileHandler' driver.
INFO - 2024-02-26 19:26:20 --> Session: Class initialized using 'CodeIgniter\Session\Handlers\FileHandler' driver.
INFO - 2024-02-26 19:26:21 --> Session: Class initialized using 'CodeIgniter\Session\Handlers\FileHandler' driver.
ERROR - 2024-02-26 19:26:21 --> mysqli_sql_exception: You have an error in your SQL syntax; check the manual that corresponds to your MySQL server version for the right syntax to use near 'GROUP BY a.contact_id
    ) as A' at line 5 in /home/congreg8/public_html/app.congreg8.org/system/Database/MySQLi/Connection.php:295
Stack trace:
#0 /home/congreg8/public_html/app.congreg8.org/system/Database/MySQLi/Connection.php(295): mysqli->query('SELECT count(*)...', 0)
#1 /home/congreg8/public_html/app.congreg8.org/system/Database/BaseConnection.php(691): CodeIgniter\Database\MySQLi\Connection->execute('SELECT count(*)...')
#2 /home/congreg8/public_html/app.congreg8.org/system/Database/BaseConnection.php(605): CodeIgniter\Database\BaseConnection->simpleQuery('SELECT count(*)...')
#3 /home/congreg8/public_html/app.congreg8.org/app/Helpers/custom_helper.php(353): CodeIgniter\Database\BaseConnection->query('SELECT count(*)...')
#4 /home/congreg8/public_html/app.congreg8.org/app/Controllers/Dashboard.php(62): get_All_visitors(NULL, '', '')
#5 /home/congreg8/public_html/app.congreg8.org/system/CodeIgniter.php(934): App\Controllers\Dashboard->getvalues()
#6 /home/congreg8/public_html/app.congreg8.org/system/CodeIgniter.php(499): CodeIgniter\CodeIgniter->runController(Object(App\Controllers\Dashboard))
#7 /home/congreg8/public_html/app.congreg8.org/system/CodeIgniter.php(368): CodeIgniter\CodeIgniter->handleRequest(NULL, Object(Config\Cache), false)
#8 /home/congreg8/public_html/app.congreg8.org/index.php(67): CodeIgniter\CodeIgniter->run()
#9 {main}
CRITICAL - 2024-02-26 19:26:21 --> You have an error in your SQL syntax; check the manual that corresponds to your MySQL server version for the right syntax to use near 'GROUP BY a.contact_id
    ) as A' at line 5
in SYSTEMPATH/Database/BaseConnection.php on line 645.
 1 APPPATH/Helpers/custom_helper.php(353): CodeIgniter\Database\BaseConnection->query('SELECT count(*) as cntt FROM (
        SELECT a.contact_id as cnt
        FROM `tab_attandance` a
        LEFT JOIN contacts c ON c.id = a.contact_id
        WHERE c.r_status = \'Y\' AND a.rstatus = \'Y\' AND form_type = \'Visitor\' AND a.church_id =  GROUP BY a.contact_id
    ) as A')
 2 APPPATH/Controllers/Dashboard.php(62): get_All_visitors(null, '/home/congreg8/public_html/app.congreg8.org', '/home/congreg8/public_html/app.congreg8.org')
 3 SYSTEMPATH/CodeIgniter.php(934): App\Controllers\Dashboard->getvalues()
 4 SYSTEMPATH/CodeIgniter.php(499): CodeIgniter\CodeIgniter->runController(Object(App\Controllers\Dashboard))
 5 SYSTEMPATH/CodeIgniter.php(368): CodeIgniter\CodeIgniter->handleRequest(null, Object(Config\Cache), false)
 6 FCPATH/index.php(67): CodeIgniter\CodeIgniter->run()
INFO - 2024-02-26 19:26:21 --> Session: Class initialized using 'CodeIgniter\Session\Handlers\FileHandler' driver.
INFO - 2024-02-26 19:26:22 --> Session: Class initialized using 'CodeIgniter\Session\Handlers\FileHandler' driver.
INFO - 2024-02-26 19:26:23 --> Session: Class initialized using 'CodeIgniter\Session\Handlers\FileHandler' driver.
ERROR - 2024-02-26 19:26:23 --> mysqli_sql_exception: You have an error in your SQL syntax; check the manual that corresponds to your MySQL server version for the right syntax to use near 'GROUP BY a.contact_id
    ) as A' at line 5 in /home/congreg8/public_html/app.congreg8.org/system/Database/MySQLi/Connection.php:295
Stack trace:
#0 /home/congreg8/public_html/app.congreg8.org/system/Database/MySQLi/Connection.php(295): mysqli->query('SELECT count(*)...', 0)
#1 /home/congreg8/public_html/app.congreg8.org/system/Database/BaseConnection.php(691): CodeIgniter\Database\MySQLi\Connection->execute('SELECT count(*)...')
#2 /home/congreg8/public_html/app.congreg8.org/system/Database/BaseConnection.php(605): CodeIgniter\Database\BaseConnection->simpleQuery('SELECT count(*)...')
#3 /home/congreg8/public_html/app.congreg8.org/app/Helpers/custom_helper.php(353): CodeIgniter\Database\BaseConnection->query('SELECT count(*)...')
#4 /home/congreg8/public_html/app.congreg8.org/app/Controllers/Dashboard.php(62): get_All_visitors(NULL, '', '')
#5 /home/congreg8/public_html/app.congreg8.org/system/CodeIgniter.php(934): App\Controllers\Dashboard->getvalues()
#6 /home/congreg8/public_html/app.congreg8.org/system/CodeIgniter.php(499): CodeIgniter\CodeIgniter->runController(Object(App\Controllers\Dashboard))
#7 /home/congreg8/public_html/app.congreg8.org/system/CodeIgniter.php(368): CodeIgniter\CodeIgniter->handleRequest(NULL, Object(Config\Cache), false)
#8 /home/congreg8/public_html/app.congreg8.org/index.php(67): CodeIgniter\CodeIgniter->run()
#9 {main}
CRITICAL - 2024-02-26 19:26:23 --> You have an error in your SQL syntax; check the manual that corresponds to your MySQL server version for the right syntax to use near 'GROUP BY a.contact_id
    ) as A' at line 5
in SYSTEMPATH/Database/BaseConnection.php on line 645.
 1 APPPATH/Helpers/custom_helper.php(353): CodeIgniter\Database\BaseConnection->query('SELECT count(*) as cntt FROM (
        SELECT a.contact_id as cnt
        FROM `tab_attandance` a
        LEFT JOIN contacts c ON c.id = a.contact_id
        WHERE c.r_status = \'Y\' AND a.rstatus = \'Y\' AND form_type = \'Visitor\' AND a.church_id =  GROUP BY a.contact_id
    ) as A')
 2 APPPATH/Controllers/Dashboard.php(62): get_All_visitors(null, '/home/congreg8/public_html/app.congreg8.org', '/home/congreg8/public_html/app.congreg8.org')
 3 SYSTEMPATH/CodeIgniter.php(934): App\Controllers\Dashboard->getvalues()
 4 SYSTEMPATH/CodeIgniter.php(499): CodeIgniter\CodeIgniter->runController(Object(App\Controllers\Dashboard))
 5 SYSTEMPATH/CodeIgniter.php(368): CodeIgniter\CodeIgniter->handleRequest(null, Object(Config\Cache), false)
 6 FCPATH/index.php(67): CodeIgniter\CodeIgniter->run()
INFO - 2024-02-26 19:26:23 --> Session: Class initialized using 'CodeIgniter\Session\Handlers\FileHandler' driver.
INFO - 2024-02-26 19:26:50 --> Session: Class initialized using 'CodeIgniter\Session\Handlers\FileHandler' driver.
INFO - 2024-02-26 19:26:51 --> Session: Class initialized using 'CodeIgniter\Session\Handlers\FileHandler' driver.
ERROR - 2024-02-26 19:26:51 --> mysqli_sql_exception: You have an error in your SQL syntax; check the manual that corresponds to your MySQL server version for the right syntax to use near 'GROUP BY a.contact_id
    ) as A' at line 5 in /home/congreg8/public_html/app.congreg8.org/system/Database/MySQLi/Connection.php:295
Stack trace:
#0 /home/congreg8/public_html/app.congreg8.org/system/Database/MySQLi/Connection.php(295): mysqli->query('SELECT count(*)...', 0)
#1 /home/congreg8/public_html/app.congreg8.org/system/Database/BaseConnection.php(691): CodeIgniter\Database\MySQLi\Connection->execute('SELECT count(*)...')
#2 /home/congreg8/public_html/app.congreg8.org/system/Database/BaseConnection.php(605): CodeIgniter\Database\BaseConnection->simpleQuery('SELECT count(*)...')
#3 /home/congreg8/public_html/app.congreg8.org/app/Helpers/custom_helper.php(353): CodeIgniter\Database\BaseConnection->query('SELECT count(*)...')
#4 /home/congreg8/public_html/app.congreg8.org/app/Controllers/Dashboard.php(62): get_All_visitors(NULL, '', '')
#5 /home/congreg8/public_html/app.congreg8.org/system/CodeIgniter.php(934): App\Controllers\Dashboard->getvalues()
#6 /home/congreg8/public_html/app.congreg8.org/system/CodeIgniter.php(499): CodeIgniter\CodeIgniter->runController(Object(App\Controllers\Dashboard))
#7 /home/congreg8/public_html/app.congreg8.org/system/CodeIgniter.php(368): CodeIgniter\CodeIgniter->handleRequest(NULL, Object(Config\Cache), false)
#8 /home/congreg8/public_html/app.congreg8.org/index.php(67): CodeIgniter\CodeIgniter->run()
#9 {main}
CRITICAL - 2024-02-26 19:26:51 --> You have an error in your SQL syntax; check the manual that corresponds to your MySQL server version for the right syntax to use near 'GROUP BY a.contact_id
    ) as A' at line 5
in SYSTEMPATH/Database/BaseConnection.php on line 645.
 1 APPPATH/Helpers/custom_helper.php(353): CodeIgniter\Database\BaseConnection->query('SELECT count(*) as cntt FROM (
        SELECT a.contact_id as cnt
        FROM `tab_attandance` a
        LEFT JOIN contacts c ON c.id = a.contact_id
        WHERE c.r_status = \'Y\' AND a.rstatus = \'Y\' AND form_type = \'Visitor\' AND a.church_id =  GROUP BY a.contact_id
    ) as A')
 2 APPPATH/Controllers/Dashboard.php(62): get_All_visitors(null, '/home/congreg8/public_html/app.congreg8.org', '/home/congreg8/public_html/app.congreg8.org')
 3 SYSTEMPATH/CodeIgniter.php(934): App\Controllers\Dashboard->getvalues()
 4 SYSTEMPATH/CodeIgniter.php(499): CodeIgniter\CodeIgniter->runController(Object(App\Controllers\Dashboard))
 5 SYSTEMPATH/CodeIgniter.php(368): CodeIgniter\CodeIgniter->handleRequest(null, Object(Config\Cache), false)
 6 FCPATH/index.php(67): CodeIgniter\CodeIgniter->run()
INFO - 2024-02-26 19:27:51 --> Session: Class initialized using 'CodeIgniter\Session\Handlers\FileHandler' driver.
INFO - 2024-02-26 19:27:52 --> Session: Class initialized using 'CodeIgniter\Session\Handlers\FileHandler' driver.
ERROR - 2024-02-26 19:27:52 --> mysqli_sql_exception: You have an error in your SQL syntax; check the manual that corresponds to your MySQL server version for the right syntax to use near 'GROUP BY a.contact_id
    ) as A' at line 5 in /home/congreg8/public_html/app.congreg8.org/system/Database/MySQLi/Connection.php:295
Stack trace:
#0 /home/congreg8/public_html/app.congreg8.org/system/Database/MySQLi/Connection.php(295): mysqli->query('SELECT count(*)...', 0)
#1 /home/congreg8/public_html/app.congreg8.org/system/Database/BaseConnection.php(691): CodeIgniter\Database\MySQLi\Connection->execute('SELECT count(*)...')
#2 /home/congreg8/public_html/app.congreg8.org/system/Database/BaseConnection.php(605): CodeIgniter\Database\BaseConnection->simpleQuery('SELECT count(*)...')
#3 /home/congreg8/public_html/app.congreg8.org/app/Helpers/custom_helper.php(353): CodeIgniter\Database\BaseConnection->query('SELECT count(*)...')
#4 /home/congreg8/public_html/app.congreg8.org/app/Controllers/Dashboard.php(62): get_All_visitors(NULL, '', '')
#5 /home/congreg8/public_html/app.congreg8.org/system/CodeIgniter.php(934): App\Controllers\Dashboard->getvalues()
#6 /home/congreg8/public_html/app.congreg8.org/system/CodeIgniter.php(499): CodeIgniter\CodeIgniter->runController(Object(App\Controllers\Dashboard))
#7 /home/congreg8/public_html/app.congreg8.org/system/CodeIgniter.php(368): CodeIgniter\CodeIgniter->handleRequest(NULL, Object(Config\Cache), false)
#8 /home/congreg8/public_html/app.congreg8.org/index.php(67): CodeIgniter\CodeIgniter->run()
#9 {main}
CRITICAL - 2024-02-26 19:27:52 --> You have an error in your SQL syntax; check the manual that corresponds to your MySQL server version for the right syntax to use near 'GROUP BY a.contact_id
    ) as A' at line 5
in SYSTEMPATH/Database/BaseConnection.php on line 645.
 1 APPPATH/Helpers/custom_helper.php(353): CodeIgniter\Database\BaseConnection->query('SELECT count(*) as cntt FROM (
        SELECT a.contact_id as cnt
        FROM `tab_attandance` a
        LEFT JOIN contacts c ON c.id = a.contact_id
        WHERE c.r_status = \'Y\' AND a.rstatus = \'Y\' AND form_type = \'Visitor\' AND a.church_id =  GROUP BY a.contact_id
    ) as A')
 2 APPPATH/Controllers/Dashboard.php(62): get_All_visitors(null, '/home/congreg8/public_html/app.congreg8.org', '/home/congreg8/public_html/app.congreg8.org')
 3 SYSTEMPATH/CodeIgniter.php(934): App\Controllers\Dashboard->getvalues()
 4 SYSTEMPATH/CodeIgniter.php(499): CodeIgniter\CodeIgniter->runController(Object(App\Controllers\Dashboard))
 5 SYSTEMPATH/CodeIgniter.php(368): CodeIgniter\CodeIgniter->handleRequest(null, Object(Config\Cache), false)
 6 FCPATH/index.php(67): CodeIgniter\CodeIgniter->run()
INFO - 2024-02-26 19:27:52 --> Session: Class initialized using 'CodeIgniter\Session\Handlers\FileHandler' driver.
INFO - 2024-02-26 19:27:55 --> Session: Class initialized using 'CodeIgniter\Session\Handlers\FileHandler' driver.
INFO - 2024-02-26 19:27:55 --> Session: Class initialized using 'CodeIgniter\Session\Handlers\FileHandler' driver.
ERROR - 2024-02-26 19:27:55 --> mysqli_sql_exception: You have an error in your SQL syntax; check the manual that corresponds to your MySQL server version for the right syntax to use near 'GROUP BY a.contact_id
    ) as A' at line 5 in /home/congreg8/public_html/app.congreg8.org/system/Database/MySQLi/Connection.php:295
Stack trace:
#0 /home/congreg8/public_html/app.congreg8.org/system/Database/MySQLi/Connection.php(295): mysqli->query('SELECT count(*)...', 0)
#1 /home/congreg8/public_html/app.congreg8.org/system/Database/BaseConnection.php(691): CodeIgniter\Database\MySQLi\Connection->execute('SELECT count(*)...')
#2 /home/congreg8/public_html/app.congreg8.org/system/Database/BaseConnection.php(605): CodeIgniter\Database\BaseConnection->simpleQuery('SELECT count(*)...')
#3 /home/congreg8/public_html/app.congreg8.org/app/Helpers/custom_helper.php(353): CodeIgniter\Database\BaseConnection->query('SELECT count(*)...')
#4 /home/congreg8/public_html/app.congreg8.org/app/Controllers/Dashboard.php(62): get_All_visitors(NULL, '', '')
#5 /home/congreg8/public_html/app.congreg8.org/system/CodeIgniter.php(934): App\Controllers\Dashboard->getvalues()
#6 /home/congreg8/public_html/app.congreg8.org/system/CodeIgniter.php(499): CodeIgniter\CodeIgniter->runController(Object(App\Controllers\Dashboard))
#7 /home/congreg8/public_html/app.congreg8.org/system/CodeIgniter.php(368): CodeIgniter\CodeIgniter->handleRequest(NULL, Object(Config\Cache), false)
#8 /home/congreg8/public_html/app.congreg8.org/index.php(67): CodeIgniter\CodeIgniter->run()
#9 {main}
CRITICAL - 2024-02-26 19:27:55 --> You have an error in your SQL syntax; check the manual that corresponds to your MySQL server version for the right syntax to use near 'GROUP BY a.contact_id
    ) as A' at line 5
in SYSTEMPATH/Database/BaseConnection.php on line 645.
 1 APPPATH/Helpers/custom_helper.php(353): CodeIgniter\Database\BaseConnection->query('SELECT count(*) as cntt FROM (
        SELECT a.contact_id as cnt
        FROM `tab_attandance` a
        LEFT JOIN contacts c ON c.id = a.contact_id
        WHERE c.r_status = \'Y\' AND a.rstatus = \'Y\' AND form_type = \'Visitor\' AND a.church_id =  GROUP BY a.contact_id
    ) as A')
 2 APPPATH/Controllers/Dashboard.php(62): get_All_visitors(null, '/home/congreg8/public_html/app.congreg8.org', '/home/congreg8/public_html/app.congreg8.org')
 3 SYSTEMPATH/CodeIgniter.php(934): App\Controllers\Dashboard->getvalues()
 4 SYSTEMPATH/CodeIgniter.php(499): CodeIgniter\CodeIgniter->runController(Object(App\Controllers\Dashboard))
 5 SYSTEMPATH/CodeIgniter.php(368): CodeIgniter\CodeIgniter->handleRequest(null, Object(Config\Cache), false)
 6 FCPATH/index.php(67): CodeIgniter\CodeIgniter->run()
INFO - 2024-02-26 19:28:08 --> Session: Class initialized using 'CodeIgniter\Session\Handlers\FileHandler' driver.
INFO - 2024-02-26 19:28:08 --> Session: Class initialized using 'CodeIgniter\Session\Handlers\FileHandler' driver.
INFO - 2024-02-26 19:28:08 --> Session: Class initialized using 'CodeIgniter\Session\Handlers\FileHandler' driver.
ERROR - 2024-02-26 19:28:08 --> mysqli_sql_exception: You have an error in your SQL syntax; check the manual that corresponds to your MySQL server version for the right syntax to use near 'GROUP BY a.contact_id
    ) as A' at line 5 in /home/congreg8/public_html/app.congreg8.org/system/Database/MySQLi/Connection.php:295
Stack trace:
#0 /home/congreg8/public_html/app.congreg8.org/system/Database/MySQLi/Connection.php(295): mysqli->query('SELECT count(*)...', 0)
#1 /home/congreg8/public_html/app.congreg8.org/system/Database/BaseConnection.php(691): CodeIgniter\Database\MySQLi\Connection->execute('SELECT count(*)...')
#2 /home/congreg8/public_html/app.congreg8.org/system/Database/BaseConnection.php(605): CodeIgniter\Database\BaseConnection->simpleQuery('SELECT count(*)...')
#3 /home/congreg8/public_html/app.congreg8.org/app/Helpers/custom_helper.php(353): CodeIgniter\Database\BaseConnection->query('SELECT count(*)...')
#4 /home/congreg8/public_html/app.congreg8.org/app/Controllers/Dashboard.php(62): get_All_visitors(NULL, '', '')
#5 /home/congreg8/public_html/app.congreg8.org/system/CodeIgniter.php(934): App\Controllers\Dashboard->getvalues()
#6 /home/congreg8/public_html/app.congreg8.org/system/CodeIgniter.php(499): CodeIgniter\CodeIgniter->runController(Object(App\Controllers\Dashboard))
#7 /home/congreg8/public_html/app.congreg8.org/system/CodeIgniter.php(368): CodeIgniter\CodeIgniter->handleRequest(NULL, Object(Config\Cache), false)
#8 /home/congreg8/public_html/app.congreg8.org/index.php(67): CodeIgniter\CodeIgniter->run()
#9 {main}
CRITICAL - 2024-02-26 19:28:08 --> You have an error in your SQL syntax; check the manual that corresponds to your MySQL server version for the right syntax to use near 'GROUP BY a.contact_id
    ) as A' at line 5
in SYSTEMPATH/Database/BaseConnection.php on line 645.
 1 APPPATH/Helpers/custom_helper.php(353): CodeIgniter\Database\BaseConnection->query('SELECT count(*) as cntt FROM (
        SELECT a.contact_id as cnt
        FROM `tab_attandance` a
        LEFT JOIN contacts c ON c.id = a.contact_id
        WHERE c.r_status = \'Y\' AND a.rstatus = \'Y\' AND form_type = \'Visitor\' AND a.church_id =  GROUP BY a.contact_id
    ) as A')
 2 APPPATH/Controllers/Dashboard.php(62): get_All_visitors(null, '/home/congreg8/public_html/app.congreg8.org', '/home/congreg8/public_html/app.congreg8.org')
 3 SYSTEMPATH/CodeIgniter.php(934): App\Controllers\Dashboard->getvalues()
 4 SYSTEMPATH/CodeIgniter.php(499): CodeIgniter\CodeIgniter->runController(Object(App\Controllers\Dashboard))
 5 SYSTEMPATH/CodeIgniter.php(368): CodeIgniter\CodeIgniter->handleRequest(null, Object(Config\Cache), false)
 6 FCPATH/index.php(67): CodeIgniter\CodeIgniter->run()
INFO - 2024-02-26 19:28:08 --> Session: Class initialized using 'CodeIgniter\Session\Handlers\FileHandler' driver.
INFO - 2024-02-26 19:28:19 --> Session: Class initialized using 'CodeIgniter\Session\Handlers\FileHandler' driver.
INFO - 2024-02-26 19:28:19 --> Session: Class initialized using 'CodeIgniter\Session\Handlers\FileHandler' driver.
ERROR - 2024-02-26 19:28:19 --> mysqli_sql_exception: You have an error in your SQL syntax; check the manual that corresponds to your MySQL server version for the right syntax to use near 'GROUP BY a.contact_id
    ) as A' at line 5 in /home/congreg8/public_html/app.congreg8.org/system/Database/MySQLi/Connection.php:295
Stack trace:
#0 /home/congreg8/public_html/app.congreg8.org/system/Database/MySQLi/Connection.php(295): mysqli->query('SELECT count(*)...', 0)
#1 /home/congreg8/public_html/app.congreg8.org/system/Database/BaseConnection.php(691): CodeIgniter\Database\MySQLi\Connection->execute('SELECT count(*)...')
#2 /home/congreg8/public_html/app.congreg8.org/system/Database/BaseConnection.php(605): CodeIgniter\Database\BaseConnection->simpleQuery('SELECT count(*)...')
#3 /home/congreg8/public_html/app.congreg8.org/app/Helpers/custom_helper.php(353): CodeIgniter\Database\BaseConnection->query('SELECT count(*)...')
#4 /home/congreg8/public_html/app.congreg8.org/app/Controllers/Dashboard.php(62): get_All_visitors(NULL, '', '')
#5 /home/congreg8/public_html/app.congreg8.org/system/CodeIgniter.php(934): App\Controllers\Dashboard->getvalues()
#6 /home/congreg8/public_html/app.congreg8.org/system/CodeIgniter.php(499): CodeIgniter\CodeIgniter->runController(Object(App\Controllers\Dashboard))
#7 /home/congreg8/public_html/app.congreg8.org/system/CodeIgniter.php(368): CodeIgniter\CodeIgniter->handleRequest(NULL, Object(Config\Cache), false)
#8 /home/congreg8/public_html/app.congreg8.org/index.php(67): CodeIgniter\CodeIgniter->run()
#9 {main}
CRITICAL - 2024-02-26 19:28:19 --> You have an error in your SQL syntax; check the manual that corresponds to your MySQL server version for the right syntax to use near 'GROUP BY a.contact_id
    ) as A' at line 5
in SYSTEMPATH/Database/BaseConnection.php on line 645.
 1 APPPATH/Helpers/custom_helper.php(353): CodeIgniter\Database\BaseConnection->query('SELECT count(*) as cntt FROM (
        SELECT a.contact_id as cnt
        FROM `tab_attandance` a
        LEFT JOIN contacts c ON c.id = a.contact_id
        WHERE c.r_status = \'Y\' AND a.rstatus = \'Y\' AND form_type = \'Visitor\' AND a.church_id =  GROUP BY a.contact_id
    ) as A')
 2 APPPATH/Controllers/Dashboard.php(62): get_All_visitors(null, '/home/congreg8/public_html/app.congreg8.org', '/home/congreg8/public_html/app.congreg8.org')
 3 SYSTEMPATH/CodeIgniter.php(934): App\Controllers\Dashboard->getvalues()
 4 SYSTEMPATH/CodeIgniter.php(499): CodeIgniter\CodeIgniter->runController(Object(App\Controllers\Dashboard))
 5 SYSTEMPATH/CodeIgniter.php(368): CodeIgniter\CodeIgniter->handleRequest(null, Object(Config\Cache), false)
 6 FCPATH/index.php(67): CodeIgniter\CodeIgniter->run()
INFO - 2024-02-26 19:28:19 --> Session: Class initialized using 'CodeIgniter\Session\Handlers\FileHandler' driver.
INFO - 2024-02-26 19:28:27 --> Session: Class initialized using 'CodeIgniter\Session\Handlers\FileHandler' driver.
INFO - 2024-02-26 19:28:28 --> Session: Class initialized using 'CodeIgniter\Session\Handlers\FileHandler' driver.
ERROR - 2024-02-26 19:28:28 --> mysqli_sql_exception: You have an error in your SQL syntax; check the manual that corresponds to your MySQL server version for the right syntax to use near 'GROUP BY a.contact_id
    ) as A' at line 5 in /home/congreg8/public_html/app.congreg8.org/system/Database/MySQLi/Connection.php:295
Stack trace:
#0 /home/congreg8/public_html/app.congreg8.org/system/Database/MySQLi/Connection.php(295): mysqli->query('SELECT count(*)...', 0)
#1 /home/congreg8/public_html/app.congreg8.org/system/Database/BaseConnection.php(691): CodeIgniter\Database\MySQLi\Connection->execute('SELECT count(*)...')
#2 /home/congreg8/public_html/app.congreg8.org/system/Database/BaseConnection.php(605): CodeIgniter\Database\BaseConnection->simpleQuery('SELECT count(*)...')
#3 /home/congreg8/public_html/app.congreg8.org/app/Helpers/custom_helper.php(353): CodeIgniter\Database\BaseConnection->query('SELECT count(*)...')
#4 /home/congreg8/public_html/app.congreg8.org/app/Controllers/Dashboard.php(62): get_All_visitors(NULL, '', '')
#5 /home/congreg8/public_html/app.congreg8.org/system/CodeIgniter.php(934): App\Controllers\Dashboard->getvalues()
#6 /home/congreg8/public_html/app.congreg8.org/system/CodeIgniter.php(499): CodeIgniter\CodeIgniter->runController(Object(App\Controllers\Dashboard))
#7 /home/congreg8/public_html/app.congreg8.org/system/CodeIgniter.php(368): CodeIgniter\CodeIgniter->handleRequest(NULL, Object(Config\Cache), false)
#8 /home/congreg8/public_html/app.congreg8.org/index.php(67): CodeIgniter\CodeIgniter->run()
#9 {main}
CRITICAL - 2024-02-26 19:28:28 --> You have an error in your SQL syntax; check the manual that corresponds to your MySQL server version for the right syntax to use near 'GROUP BY a.contact_id
    ) as A' at line 5
in SYSTEMPATH/Database/BaseConnection.php on line 645.
 1 APPPATH/Helpers/custom_helper.php(353): CodeIgniter\Database\BaseConnection->query('SELECT count(*) as cntt FROM (
        SELECT a.contact_id as cnt
        FROM `tab_attandance` a
        LEFT JOIN contacts c ON c.id = a.contact_id
        WHERE c.r_status = \'Y\' AND a.rstatus = \'Y\' AND form_type = \'Visitor\' AND a.church_id =  GROUP BY a.contact_id
    ) as A')
 2 APPPATH/Controllers/Dashboard.php(62): get_All_visitors(null, '/home/congreg8/public_html/app.congreg8.org', '/home/congreg8/public_html/app.congreg8.org')
 3 SYSTEMPATH/CodeIgniter.php(934): App\Controllers\Dashboard->getvalues()
 4 SYSTEMPATH/CodeIgniter.php(499): CodeIgniter\CodeIgniter->runController(Object(App\Controllers\Dashboard))
 5 SYSTEMPATH/CodeIgniter.php(368): CodeIgniter\CodeIgniter->handleRequest(null, Object(Config\Cache), false)
 6 FCPATH/index.php(67): CodeIgniter\CodeIgniter->run()
INFO - 2024-02-26 19:28:28 --> Session: Class initialized using 'CodeIgniter\Session\Handlers\FileHandler' driver.
INFO - 2024-02-26 19:28:34 --> Session: Class initialized using 'CodeIgniter\Session\Handlers\FileHandler' driver.
INFO - 2024-02-26 19:28:34 --> Session: Class initialized using 'CodeIgniter\Session\Handlers\FileHandler' driver.
ERROR - 2024-02-26 19:28:34 --> mysqli_sql_exception: You have an error in your SQL syntax; check the manual that corresponds to your MySQL server version for the right syntax to use near 'GROUP BY a.contact_id
    ) as A' at line 5 in /home/congreg8/public_html/app.congreg8.org/system/Database/MySQLi/Connection.php:295
Stack trace:
#0 /home/congreg8/public_html/app.congreg8.org/system/Database/MySQLi/Connection.php(295): mysqli->query('SELECT count(*)...', 0)
#1 /home/congreg8/public_html/app.congreg8.org/system/Database/BaseConnection.php(691): CodeIgniter\Database\MySQLi\Connection->execute('SELECT count(*)...')
#2 /home/congreg8/public_html/app.congreg8.org/system/Database/BaseConnection.php(605): CodeIgniter\Database\BaseConnection->simpleQuery('SELECT count(*)...')
#3 /home/congreg8/public_html/app.congreg8.org/app/Helpers/custom_helper.php(353): CodeIgniter\Database\BaseConnection->query('SELECT count(*)...')
#4 /home/congreg8/public_html/app.congreg8.org/app/Controllers/Dashboard.php(62): get_All_visitors(NULL, '', '')
#5 /home/congreg8/public_html/app.congreg8.org/system/CodeIgniter.php(934): App\Controllers\Dashboard->getvalues()
#6 /home/congreg8/public_html/app.congreg8.org/system/CodeIgniter.php(499): CodeIgniter\CodeIgniter->runController(Object(App\Controllers\Dashboard))
#7 /home/congreg8/public_html/app.congreg8.org/system/CodeIgniter.php(368): CodeIgniter\CodeIgniter->handleRequest(NULL, Object(Config\Cache), false)
#8 /home/congreg8/public_html/app.congreg8.org/index.php(67): CodeIgniter\CodeIgniter->run()
#9 {main}
CRITICAL - 2024-02-26 19:28:34 --> You have an error in your SQL syntax; check the manual that corresponds to your MySQL server version for the right syntax to use near 'GROUP BY a.contact_id
    ) as A' at line 5
in SYSTEMPATH/Database/BaseConnection.php on line 645.
 1 APPPATH/Helpers/custom_helper.php(353): CodeIgniter\Database\BaseConnection->query('SELECT count(*) as cntt FROM (
        SELECT a.contact_id as cnt
        FROM `tab_attandance` a
        LEFT JOIN contacts c ON c.id = a.contact_id
        WHERE c.r_status = \'Y\' AND a.rstatus = \'Y\' AND form_type = \'Visitor\' AND a.church_id =  GROUP BY a.contact_id
    ) as A')
 2 APPPATH/Controllers/Dashboard.php(62): get_All_visitors(null, '/home/congreg8/public_html/app.congreg8.org', '/home/congreg8/public_html/app.congreg8.org')
 3 SYSTEMPATH/CodeIgniter.php(934): App\Controllers\Dashboard->getvalues()
 4 SYSTEMPATH/CodeIgniter.php(499): CodeIgniter\CodeIgniter->runController(Object(App\Controllers\Dashboard))
 5 SYSTEMPATH/CodeIgniter.php(368): CodeIgniter\CodeIgniter->handleRequest(null, Object(Config\Cache), false)
 6 FCPATH/index.php(67): CodeIgniter\CodeIgniter->run()
INFO - 2024-02-26 19:28:34 --> Session: Class initialized using 'CodeIgniter\Session\Handlers\FileHandler' driver.
INFO - 2024-02-26 19:28:39 --> Session: Class initialized using 'CodeIgniter\Session\Handlers\FileHandler' driver.
INFO - 2024-02-26 19:28:39 --> Session: Class initialized using 'CodeIgniter\Session\Handlers\FileHandler' driver.
ERROR - 2024-02-26 19:28:39 --> mysqli_sql_exception: You have an error in your SQL syntax; check the manual that corresponds to your MySQL server version for the right syntax to use near 'GROUP BY a.contact_id
    ) as A' at line 5 in /home/congreg8/public_html/app.congreg8.org/system/Database/MySQLi/Connection.php:295
Stack trace:
#0 /home/congreg8/public_html/app.congreg8.org/system/Database/MySQLi/Connection.php(295): mysqli->query('SELECT count(*)...', 0)
#1 /home/congreg8/public_html/app.congreg8.org/system/Database/BaseConnection.php(691): CodeIgniter\Database\MySQLi\Connection->execute('SELECT count(*)...')
#2 /home/congreg8/public_html/app.congreg8.org/system/Database/BaseConnection.php(605): CodeIgniter\Database\BaseConnection->simpleQuery('SELECT count(*)...')
#3 /home/congreg8/public_html/app.congreg8.org/app/Helpers/custom_helper.php(353): CodeIgniter\Database\BaseConnection->query('SELECT count(*)...')
#4 /home/congreg8/public_html/app.congreg8.org/app/Controllers/Dashboard.php(62): get_All_visitors(NULL, '', '')
#5 /home/congreg8/public_html/app.congreg8.org/system/CodeIgniter.php(934): App\Controllers\Dashboard->getvalues()
#6 /home/congreg8/public_html/app.congreg8.org/system/CodeIgniter.php(499): CodeIgniter\CodeIgniter->runController(Object(App\Controllers\Dashboard))
#7 /home/congreg8/public_html/app.congreg8.org/system/CodeIgniter.php(368): CodeIgniter\CodeIgniter->handleRequest(NULL, Object(Config\Cache), false)
#8 /home/congreg8/public_html/app.congreg8.org/index.php(67): CodeIgniter\CodeIgniter->run()
#9 {main}
CRITICAL - 2024-02-26 19:28:39 --> You have an error in your SQL syntax; check the manual that corresponds to your MySQL server version for the right syntax to use near 'GROUP BY a.contact_id
    ) as A' at line 5
in SYSTEMPATH/Database/BaseConnection.php on line 645.
 1 APPPATH/Helpers/custom_helper.php(353): CodeIgniter\Database\BaseConnection->query('SELECT count(*) as cntt FROM (
        SELECT a.contact_id as cnt
        FROM `tab_attandance` a
        LEFT JOIN contacts c ON c.id = a.contact_id
        WHERE c.r_status = \'Y\' AND a.rstatus = \'Y\' AND form_type = \'Visitor\' AND a.church_id =  GROUP BY a.contact_id
    ) as A')
 2 APPPATH/Controllers/Dashboard.php(62): get_All_visitors(null, '/home/congreg8/public_html/app.congreg8.org', '/home/congreg8/public_html/app.congreg8.org')
 3 SYSTEMPATH/CodeIgniter.php(934): App\Controllers\Dashboard->getvalues()
 4 SYSTEMPATH/CodeIgniter.php(499): CodeIgniter\CodeIgniter->runController(Object(App\Controllers\Dashboard))
 5 SYSTEMPATH/CodeIgniter.php(368): CodeIgniter\CodeIgniter->handleRequest(null, Object(Config\Cache), false)
 6 FCPATH/index.php(67): CodeIgniter\CodeIgniter->run()
INFO - 2024-02-26 19:28:39 --> Session: Class initialized using 'CodeIgniter\Session\Handlers\FileHandler' driver.
INFO - 2024-02-26 19:28:42 --> Session: Class initialized using 'CodeIgniter\Session\Handlers\FileHandler' driver.
INFO - 2024-02-26 19:28:42 --> Session: Class initialized using 'CodeIgniter\Session\Handlers\FileHandler' driver.
ERROR - 2024-02-26 19:28:42 --> mysqli_sql_exception: You have an error in your SQL syntax; check the manual that corresponds to your MySQL server version for the right syntax to use near 'GROUP BY a.contact_id
    ) as A' at line 5 in /home/congreg8/public_html/app.congreg8.org/system/Database/MySQLi/Connection.php:295
Stack trace:
#0 /home/congreg8/public_html/app.congreg8.org/system/Database/MySQLi/Connection.php(295): mysqli->query('SELECT count(*)...', 0)
#1 /home/congreg8/public_html/app.congreg8.org/system/Database/BaseConnection.php(691): CodeIgniter\Database\MySQLi\Connection->execute('SELECT count(*)...')
#2 /home/congreg8/public_html/app.congreg8.org/system/Database/BaseConnection.php(605): CodeIgniter\Database\BaseConnection->simpleQuery('SELECT count(*)...')
#3 /home/congreg8/public_html/app.congreg8.org/app/Helpers/custom_helper.php(353): CodeIgniter\Database\BaseConnection->query('SELECT count(*)...')
#4 /home/congreg8/public_html/app.congreg8.org/app/Controllers/Dashboard.php(62): get_All_visitors(NULL, '', '')
#5 /home/congreg8/public_html/app.congreg8.org/system/CodeIgniter.php(934): App\Controllers\Dashboard->getvalues()
#6 /home/congreg8/public_html/app.congreg8.org/system/CodeIgniter.php(499): CodeIgniter\CodeIgniter->runController(Object(App\Controllers\Dashboard))
#7 /home/congreg8/public_html/app.congreg8.org/system/CodeIgniter.php(368): CodeIgniter\CodeIgniter->handleRequest(NULL, Object(Config\Cache), false)
#8 /home/congreg8/public_html/app.congreg8.org/index.php(67): CodeIgniter\CodeIgniter->run()
#9 {main}
CRITICAL - 2024-02-26 19:28:42 --> You have an error in your SQL syntax; check the manual that corresponds to your MySQL server version for the right syntax to use near 'GROUP BY a.contact_id
    ) as A' at line 5
in SYSTEMPATH/Database/BaseConnection.php on line 645.
 1 APPPATH/Helpers/custom_helper.php(353): CodeIgniter\Database\BaseConnection->query('SELECT count(*) as cntt FROM (
        SELECT a.contact_id as cnt
        FROM `tab_attandance` a
        LEFT JOIN contacts c ON c.id = a.contact_id
        WHERE c.r_status = \'Y\' AND a.rstatus = \'Y\' AND form_type = \'Visitor\' AND a.church_id =  GROUP BY a.contact_id
    ) as A')
 2 APPPATH/Controllers/Dashboard.php(62): get_All_visitors(null, '/home/congreg8/public_html/app.congreg8.org', '/home/congreg8/public_html/app.congreg8.org')
 3 SYSTEMPATH/CodeIgniter.php(934): App\Controllers\Dashboard->getvalues()
 4 SYSTEMPATH/CodeIgniter.php(499): CodeIgniter\CodeIgniter->runController(Object(App\Controllers\Dashboard))
 5 SYSTEMPATH/CodeIgniter.php(368): CodeIgniter\CodeIgniter->handleRequest(null, Object(Config\Cache), false)
 6 FCPATH/index.php(67): CodeIgniter\CodeIgniter->run()
INFO - 2024-02-26 19:28:49 --> Session: Class initialized using 'CodeIgniter\Session\Handlers\FileHandler' driver.
INFO - 2024-02-26 19:28:49 --> Session: Class initialized using 'CodeIgniter\Session\Handlers\FileHandler' driver.
INFO - 2024-02-26 19:28:49 --> Session: Class initialized using 'CodeIgniter\Session\Handlers\FileHandler' driver.
ERROR - 2024-02-26 19:28:49 --> mysqli_sql_exception: You have an error in your SQL syntax; check the manual that corresponds to your MySQL server version for the right syntax to use near 'GROUP BY a.contact_id
    ) as A' at line 5 in /home/congreg8/public_html/app.congreg8.org/system/Database/MySQLi/Connection.php:295
Stack trace:
#0 /home/congreg8/public_html/app.congreg8.org/system/Database/MySQLi/Connection.php(295): mysqli->query('SELECT count(*)...', 0)
#1 /home/congreg8/public_html/app.congreg8.org/system/Database/BaseConnection.php(691): CodeIgniter\Database\MySQLi\Connection->execute('SELECT count(*)...')
#2 /home/congreg8/public_html/app.congreg8.org/system/Database/BaseConnection.php(605): CodeIgniter\Database\BaseConnection->simpleQuery('SELECT count(*)...')
#3 /home/congreg8/public_html/app.congreg8.org/app/Helpers/custom_helper.php(353): CodeIgniter\Database\BaseConnection->query('SELECT count(*)...')
#4 /home/congreg8/public_html/app.congreg8.org/app/Controllers/Dashboard.php(62): get_All_visitors(NULL, '', '')
#5 /home/congreg8/public_html/app.congreg8.org/system/CodeIgniter.php(934): App\Controllers\Dashboard->getvalues()
#6 /home/congreg8/public_html/app.congreg8.org/system/CodeIgniter.php(499): CodeIgniter\CodeIgniter->runController(Object(App\Controllers\Dashboard))
#7 /home/congreg8/public_html/app.congreg8.org/system/CodeIgniter.php(368): CodeIgniter\CodeIgniter->handleRequest(NULL, Object(Config\Cache), false)
#8 /home/congreg8/public_html/app.congreg8.org/index.php(67): CodeIgniter\CodeIgniter->run()
#9 {main}
CRITICAL - 2024-02-26 19:28:49 --> You have an error in your SQL syntax; check the manual that corresponds to your MySQL server version for the right syntax to use near 'GROUP BY a.contact_id
    ) as A' at line 5
in SYSTEMPATH/Database/BaseConnection.php on line 645.
 1 APPPATH/Helpers/custom_helper.php(353): CodeIgniter\Database\BaseConnection->query('SELECT count(*) as cntt FROM (
        SELECT a.contact_id as cnt
        FROM `tab_attandance` a
        LEFT JOIN contacts c ON c.id = a.contact_id
        WHERE c.r_status = \'Y\' AND a.rstatus = \'Y\' AND form_type = \'Visitor\' AND a.church_id =  GROUP BY a.contact_id
    ) as A')
 2 APPPATH/Controllers/Dashboard.php(62): get_All_visitors(null, '/home/congreg8/public_html/app.congreg8.org', '/home/congreg8/public_html/app.congreg8.org')
 3 SYSTEMPATH/CodeIgniter.php(934): App\Controllers\Dashboard->getvalues()
 4 SYSTEMPATH/CodeIgniter.php(499): CodeIgniter\CodeIgniter->runController(Object(App\Controllers\Dashboard))
 5 SYSTEMPATH/CodeIgniter.php(368): CodeIgniter\CodeIgniter->handleRequest(null, Object(Config\Cache), false)
 6 FCPATH/index.php(67): CodeIgniter\CodeIgniter->run()
INFO - 2024-02-26 19:28:49 --> Session: Class initialized using 'CodeIgniter\Session\Handlers\FileHandler' driver.
INFO - 2024-02-26 19:30:38 --> Session: Class initialized using 'CodeIgniter\Session\Handlers\FileHandler' driver.
INFO - 2024-02-26 19:30:39 --> Session: Class initialized using 'CodeIgniter\Session\Handlers\FileHandler' driver.
ERROR - 2024-02-26 19:30:39 --> mysqli_sql_exception: You have an error in your SQL syntax; check the manual that corresponds to your MySQL server version for the right syntax to use near 'GROUP BY a.contact_id
    ) as A' at line 5 in /home/congreg8/public_html/app.congreg8.org/system/Database/MySQLi/Connection.php:295
Stack trace:
#0 /home/congreg8/public_html/app.congreg8.org/system/Database/MySQLi/Connection.php(295): mysqli->query('SELECT count(*)...', 0)
#1 /home/congreg8/public_html/app.congreg8.org/system/Database/BaseConnection.php(691): CodeIgniter\Database\MySQLi\Connection->execute('SELECT count(*)...')
#2 /home/congreg8/public_html/app.congreg8.org/system/Database/BaseConnection.php(605): CodeIgniter\Database\BaseConnection->simpleQuery('SELECT count(*)...')
#3 /home/congreg8/public_html/app.congreg8.org/app/Helpers/custom_helper.php(353): CodeIgniter\Database\BaseConnection->query('SELECT count(*)...')
#4 /home/congreg8/public_html/app.congreg8.org/app/Controllers/Dashboard.php(62): get_All_visitors(NULL, '', '')
#5 /home/congreg8/public_html/app.congreg8.org/system/CodeIgniter.php(934): App\Controllers\Dashboard->getvalues()
#6 /home/congreg8/public_html/app.congreg8.org/system/CodeIgniter.php(499): CodeIgniter\CodeIgniter->runController(Object(App\Controllers\Dashboard))
#7 /home/congreg8/public_html/app.congreg8.org/system/CodeIgniter.php(368): CodeIgniter\CodeIgniter->handleRequest(NULL, Object(Config\Cache), false)
#8 /home/congreg8/public_html/app.congreg8.org/index.php(67): CodeIgniter\CodeIgniter->run()
#9 {main}
CRITICAL - 2024-02-26 19:30:39 --> You have an error in your SQL syntax; check the manual that corresponds to your MySQL server version for the right syntax to use near 'GROUP BY a.contact_id
    ) as A' at line 5
in SYSTEMPATH/Database/BaseConnection.php on line 645.
 1 APPPATH/Helpers/custom_helper.php(353): CodeIgniter\Database\BaseConnection->query('SELECT count(*) as cntt FROM (
        SELECT a.contact_id as cnt
        FROM `tab_attandance` a
        LEFT JOIN contacts c ON c.id = a.contact_id
        WHERE c.r_status = \'Y\' AND a.rstatus = \'Y\' AND form_type = \'Visitor\' AND a.church_id =  GROUP BY a.contact_id
    ) as A')
 2 APPPATH/Controllers/Dashboard.php(62): get_All_visitors(null, '/home/congreg8/public_html/app.congreg8.org', '/home/congreg8/public_html/app.congreg8.org')
 3 SYSTEMPATH/CodeIgniter.php(934): App\Controllers\Dashboard->getvalues()
 4 SYSTEMPATH/CodeIgniter.php(499): CodeIgniter\CodeIgniter->runController(Object(App\Controllers\Dashboard))
 5 SYSTEMPATH/CodeIgniter.php(368): CodeIgniter\CodeIgniter->handleRequest(null, Object(Config\Cache), false)
 6 FCPATH/index.php(67): CodeIgniter\CodeIgniter->run()
INFO - 2024-02-26 19:44:07 --> Session: Class initialized using 'CodeIgniter\Session\Handlers\FileHandler' driver.
INFO - 2024-02-26 19:44:07 --> Session: Class initialized using 'CodeIgniter\Session\Handlers\FileHandler' driver.
ERROR - 2024-02-26 19:44:07 --> mysqli_sql_exception: You have an error in your SQL syntax; check the manual that corresponds to your MySQL server version for the right syntax to use near 'GROUP BY a.contact_id
    ) as A' at line 5 in /home/congreg8/public_html/app.congreg8.org/system/Database/MySQLi/Connection.php:295
Stack trace:
#0 /home/congreg8/public_html/app.congreg8.org/system/Database/MySQLi/Connection.php(295): mysqli->query('SELECT count(*)...', 0)
#1 /home/congreg8/public_html/app.congreg8.org/system/Database/BaseConnection.php(691): CodeIgniter\Database\MySQLi\Connection->execute('SELECT count(*)...')
#2 /home/congreg8/public_html/app.congreg8.org/system/Database/BaseConnection.php(605): CodeIgniter\Database\BaseConnection->simpleQuery('SELECT count(*)...')
#3 /home/congreg8/public_html/app.congreg8.org/app/Helpers/custom_helper.php(353): CodeIgniter\Database\BaseConnection->query('SELECT count(*)...')
#4 /home/congreg8/public_html/app.congreg8.org/app/Controllers/Dashboard.php(62): get_All_visitors(NULL, '', '')
#5 /home/congreg8/public_html/app.congreg8.org/system/CodeIgniter.php(934): App\Controllers\Dashboard->getvalues()
#6 /home/congreg8/public_html/app.congreg8.org/system/CodeIgniter.php(499): CodeIgniter\CodeIgniter->runController(Object(App\Controllers\Dashboard))
#7 /home/congreg8/public_html/app.congreg8.org/system/CodeIgniter.php(368): CodeIgniter\CodeIgniter->handleRequest(NULL, Object(Config\Cache), false)
#8 /home/congreg8/public_html/app.congreg8.org/index.php(67): CodeIgniter\CodeIgniter->run()
#9 {main}
CRITICAL - 2024-02-26 19:44:07 --> You have an error in your SQL syntax; check the manual that corresponds to your MySQL server version for the right syntax to use near 'GROUP BY a.contact_id
    ) as A' at line 5
in SYSTEMPATH/Database/BaseConnection.php on line 645.
 1 APPPATH/Helpers/custom_helper.php(353): CodeIgniter\Database\BaseConnection->query('SELECT count(*) as cntt FROM (
        SELECT a.contact_id as cnt
        FROM `tab_attandance` a
        LEFT JOIN contacts c ON c.id = a.contact_id
        WHERE c.r_status = \'Y\' AND a.rstatus = \'Y\' AND form_type = \'Visitor\' AND a.church_id =  GROUP BY a.contact_id
    ) as A')
 2 APPPATH/Controllers/Dashboard.php(62): get_All_visitors(null, '/home/congreg8/public_html/app.congreg8.org', '/home/congreg8/public_html/app.congreg8.org')
 3 SYSTEMPATH/CodeIgniter.php(934): App\Controllers\Dashboard->getvalues()
 4 SYSTEMPATH/CodeIgniter.php(499): CodeIgniter\CodeIgniter->runController(Object(App\Controllers\Dashboard))
 5 SYSTEMPATH/CodeIgniter.php(368): CodeIgniter\CodeIgniter->handleRequest(null, Object(Config\Cache), false)
 6 FCPATH/index.php(67): CodeIgniter\CodeIgniter->run()
INFO - 2024-02-26 19:44:07 --> Session: Class initialized using 'CodeIgniter\Session\Handlers\FileHandler' driver.
INFO - 2024-02-26 19:44:47 --> Session: Class initialized using 'CodeIgniter\Session\Handlers\FileHandler' driver.
INFO - 2024-02-26 19:44:48 --> Session: Class initialized using 'CodeIgniter\Session\Handlers\FileHandler' driver.
ERROR - 2024-02-26 19:44:48 --> mysqli_sql_exception: You have an error in your SQL syntax; check the manual that corresponds to your MySQL server version for the right syntax to use near 'GROUP BY a.contact_id
    ) as A' at line 5 in /home/congreg8/public_html/app.congreg8.org/system/Database/MySQLi/Connection.php:295
Stack trace:
#0 /home/congreg8/public_html/app.congreg8.org/system/Database/MySQLi/Connection.php(295): mysqli->query('SELECT count(*)...', 0)
#1 /home/congreg8/public_html/app.congreg8.org/system/Database/BaseConnection.php(691): CodeIgniter\Database\MySQLi\Connection->execute('SELECT count(*)...')
#2 /home/congreg8/public_html/app.congreg8.org/system/Database/BaseConnection.php(605): CodeIgniter\Database\BaseConnection->simpleQuery('SELECT count(*)...')
#3 /home/congreg8/public_html/app.congreg8.org/app/Helpers/custom_helper.php(353): CodeIgniter\Database\BaseConnection->query('SELECT count(*)...')
#4 /home/congreg8/public_html/app.congreg8.org/app/Controllers/Dashboard.php(62): get_All_visitors(NULL, '', '')
#5 /home/congreg8/public_html/app.congreg8.org/system/CodeIgniter.php(934): App\Controllers\Dashboard->getvalues()
#6 /home/congreg8/public_html/app.congreg8.org/system/CodeIgniter.php(499): CodeIgniter\CodeIgniter->runController(Object(App\Controllers\Dashboard))
#7 /home/congreg8/public_html/app.congreg8.org/system/CodeIgniter.php(368): CodeIgniter\CodeIgniter->handleRequest(NULL, Object(Config\Cache), false)
#8 /home/congreg8/public_html/app.congreg8.org/index.php(67): CodeIgniter\CodeIgniter->run()
#9 {main}
CRITICAL - 2024-02-26 19:44:48 --> You have an error in your SQL syntax; check the manual that corresponds to your MySQL server version for the right syntax to use near 'GROUP BY a.contact_id
    ) as A' at line 5
in SYSTEMPATH/Database/BaseConnection.php on line 645.
 1 APPPATH/Helpers/custom_helper.php(353): CodeIgniter\Database\BaseConnection->query('SELECT count(*) as cntt FROM (
        SELECT a.contact_id as cnt
        FROM `tab_attandance` a
        LEFT JOIN contacts c ON c.id = a.contact_id
        WHERE c.r_status = \'Y\' AND a.rstatus = \'Y\' AND form_type = \'Visitor\' AND a.church_id =  GROUP BY a.contact_id
    ) as A')
 2 APPPATH/Controllers/Dashboard.php(62): get_All_visitors(null, '/home/congreg8/public_html/app.congreg8.org', '/home/congreg8/public_html/app.congreg8.org')
 3 SYSTEMPATH/CodeIgniter.php(934): App\Controllers\Dashboard->getvalues()
 4 SYSTEMPATH/CodeIgniter.php(499): CodeIgniter\CodeIgniter->runController(Object(App\Controllers\Dashboard))
 5 SYSTEMPATH/CodeIgniter.php(368): CodeIgniter\CodeIgniter->handleRequest(null, Object(Config\Cache), false)
 6 FCPATH/index.php(67): CodeIgniter\CodeIgniter->run()
INFO - 2024-02-26 19:44:48 --> Session: Class initialized using 'CodeIgniter\Session\Handlers\FileHandler' driver.
