INFO - 2024-11-03 10:05:05 --> Session: Class initialized using 'CodeIgniter\Session\Handlers\FileHandler' driver.
INFO - 2024-11-03 10:09:13 --> Session: Class initialized using 'CodeIgniter\Session\Handlers\FileHandler' driver.
INFO - 2024-11-03 10:16:07 --> Session: Class initialized using 'CodeIgniter\Session\Handlers\FileHandler' driver.
INFO - 2024-11-03 10:16:07 --> Session: Class initialized using 'CodeIgniter\Session\Handlers\FileHandler' driver.
INFO - 2024-11-03 10:18:48 --> Session: Class initialized using 'CodeIgniter\Session\Handlers\FileHandler' driver.
INFO - 2024-11-03 10:18:49 --> Session: Class initialized using 'CodeIgniter\Session\Handlers\FileHandler' driver.
INFO - 2024-11-03 10:19:20 --> Session: Class initialized using 'CodeIgniter\Session\Handlers\FileHandler' driver.
INFO - 2024-11-03 10:19:21 --> Session: Class initialized using 'CodeIgniter\Session\Handlers\FileHandler' driver.
INFO - 2024-11-03 10:19:35 --> Session: Class initialized using 'CodeIgniter\Session\Handlers\FileHandler' driver.
INFO - 2024-11-03 10:20:39 --> Session: Class initialized using 'CodeIgniter\Session\Handlers\FileHandler' driver.
INFO - 2024-11-03 10:20:52 --> Session: Class initialized using 'CodeIgniter\Session\Handlers\FileHandler' driver.
ERROR - 2024-11-03 10:20:54 --> mysqli_sql_exception: Table 'congreg8_development.bugbugusers' doesn't exist in C:\laragon\www\conger8\system\Database\MySQLi\Connection.php:295
Stack trace:
#0 C:\laragon\www\conger8\system\Database\MySQLi\Connection.php(295): mysqli->query('SELECT *\nFROM `...', 0)
#1 C:\laragon\www\conger8\system\Database\BaseConnection.php(691): CodeIgniter\Database\MySQLi\Connection->execute('SELECT *\nFROM `...')
#2 C:\laragon\www\conger8\system\Database\BaseConnection.php(605): CodeIgniter\Database\BaseConnection->simpleQuery('SELECT *\nFROM `...')
#3 C:\laragon\www\conger8\system\Database\BaseBuilder.php(1616): CodeIgniter\Database\BaseConnection->query('SELECT *\nFROM `...', Array, false)
#4 C:\laragon\www\conger8\system\Model.php(268): CodeIgniter\Database\BaseBuilder->get()
#5 C:\laragon\www\conger8\system\BaseModel.php(656): CodeIgniter\Model->doFirst()
#6 C:\laragon\www\conger8\app\Controllers\Login.php(47): CodeIgniter\BaseModel->first()
#7 C:\laragon\www\conger8\system\CodeIgniter.php(934): App\Controllers\Login->index()
#8 C:\laragon\www\conger8\system\CodeIgniter.php(499): CodeIgniter\CodeIgniter->runController(Object(App\Controllers\Login))
#9 C:\laragon\www\conger8\system\CodeIgniter.php(368): CodeIgniter\CodeIgniter->handleRequest(NULL, Object(Config\Cache), false)
#10 C:\laragon\www\conger8\public\index.php(67): CodeIgniter\CodeIgniter->run()
#11 C:\laragon\www\conger8\system\Commands\Server\rewrite.php(47): require_once('C:\\laragon\\www\\...')
#12 {main}
CRITICAL - 2024-11-03 10:20:54 --> Table 'congreg8_development.bugbugusers' doesn't exist
in SYSTEMPATH\Database\BaseConnection.php on line 645.
 1 SYSTEMPATH\Database\BaseBuilder.php(1616): CodeIgniter\Database\BaseConnection->query('SELECT *
FROM `bugbugusers`
WHERE `email` = :email:
 LIMIT 1', [...], false)
 2 SYSTEMPATH\Model.php(268): CodeIgniter\Database\BaseBuilder->get()
 3 SYSTEMPATH\BaseModel.php(656): CodeIgniter\Model->doFirst()
 4 APPPATH\Controllers\Login.php(47): CodeIgniter\BaseModel->first()
 5 SYSTEMPATH\CodeIgniter.php(934): App\Controllers\Login->index()
 6 SYSTEMPATH\CodeIgniter.php(499): CodeIgniter\CodeIgniter->runController(Object(App\Controllers\Login))
 7 SYSTEMPATH\CodeIgniter.php(368): CodeIgniter\CodeIgniter->handleRequest(null, Object(Config\Cache), false)
 8 FCPATH\index.php(67): CodeIgniter\CodeIgniter->run()
 9 SYSTEMPATH\Commands\Server\rewrite.php(47): require_once('FCPATH\\index.php')
INFO - 2024-11-03 10:29:07 --> Session: Class initialized using 'CodeIgniter\Session\Handlers\FileHandler' driver.
ERROR - 2024-11-03 10:29:08 --> mysqli_sql_exception: Table 'congreg8_development.bugbugusers' doesn't exist in C:\laragon\www\conger8\system\Database\MySQLi\Connection.php:295
Stack trace:
#0 C:\laragon\www\conger8\system\Database\MySQLi\Connection.php(295): mysqli->query('SELECT *\nFROM `...', 0)
#1 C:\laragon\www\conger8\system\Database\BaseConnection.php(691): CodeIgniter\Database\MySQLi\Connection->execute('SELECT *\nFROM `...')
#2 C:\laragon\www\conger8\system\Database\BaseConnection.php(605): CodeIgniter\Database\BaseConnection->simpleQuery('SELECT *\nFROM `...')
#3 C:\laragon\www\conger8\system\Database\BaseBuilder.php(1616): CodeIgniter\Database\BaseConnection->query('SELECT *\nFROM `...', Array, false)
#4 C:\laragon\www\conger8\system\Model.php(268): CodeIgniter\Database\BaseBuilder->get()
#5 C:\laragon\www\conger8\system\BaseModel.php(656): CodeIgniter\Model->doFirst()
#6 C:\laragon\www\conger8\app\Controllers\Login.php(47): CodeIgniter\BaseModel->first()
#7 C:\laragon\www\conger8\system\CodeIgniter.php(934): App\Controllers\Login->index()
#8 C:\laragon\www\conger8\system\CodeIgniter.php(499): CodeIgniter\CodeIgniter->runController(Object(App\Controllers\Login))
#9 C:\laragon\www\conger8\system\CodeIgniter.php(368): CodeIgniter\CodeIgniter->handleRequest(NULL, Object(Config\Cache), false)
#10 C:\laragon\www\conger8\public\index.php(67): CodeIgniter\CodeIgniter->run()
#11 C:\laragon\www\conger8\system\Commands\Server\rewrite.php(47): require_once('C:\\laragon\\www\\...')
#12 {main}
CRITICAL - 2024-11-03 10:29:08 --> Table 'congreg8_development.bugbugusers' doesn't exist
in SYSTEMPATH\Database\BaseConnection.php on line 645.
 1 SYSTEMPATH\Database\BaseBuilder.php(1616): CodeIgniter\Database\BaseConnection->query('SELECT *
FROM `bugbugusers`
WHERE `email` = :email:
 LIMIT 1', [...], false)
 2 SYSTEMPATH\Model.php(268): CodeIgniter\Database\BaseBuilder->get()
 3 SYSTEMPATH\BaseModel.php(656): CodeIgniter\Model->doFirst()
 4 APPPATH\Controllers\Login.php(47): CodeIgniter\BaseModel->first()
 5 SYSTEMPATH\CodeIgniter.php(934): App\Controllers\Login->index()
 6 SYSTEMPATH\CodeIgniter.php(499): CodeIgniter\CodeIgniter->runController(Object(App\Controllers\Login))
 7 SYSTEMPATH\CodeIgniter.php(368): CodeIgniter\CodeIgniter->handleRequest(null, Object(Config\Cache), false)
 8 FCPATH\index.php(67): CodeIgniter\CodeIgniter->run()
 9 SYSTEMPATH\Commands\Server\rewrite.php(47): require_once('FCPATH\\index.php')
INFO - 2024-11-03 10:31:18 --> Session: Class initialized using 'CodeIgniter\Session\Handlers\FileHandler' driver.
ERROR - 2024-11-03 10:31:20 --> mysqli_sql_exception: Table 'congreg8_development.bugbugusers' doesn't exist in C:\laragon\www\conger8\system\Database\MySQLi\Connection.php:295
Stack trace:
#0 C:\laragon\www\conger8\system\Database\MySQLi\Connection.php(295): mysqli->query('SELECT *\nFROM `...', 0)
#1 C:\laragon\www\conger8\system\Database\BaseConnection.php(691): CodeIgniter\Database\MySQLi\Connection->execute('SELECT *\nFROM `...')
#2 C:\laragon\www\conger8\system\Database\BaseConnection.php(605): CodeIgniter\Database\BaseConnection->simpleQuery('SELECT *\nFROM `...')
#3 C:\laragon\www\conger8\system\Database\BaseBuilder.php(1616): CodeIgniter\Database\BaseConnection->query('SELECT *\nFROM `...', Array, false)
#4 C:\laragon\www\conger8\system\Model.php(268): CodeIgniter\Database\BaseBuilder->get()
#5 C:\laragon\www\conger8\system\BaseModel.php(656): CodeIgniter\Model->doFirst()
#6 C:\laragon\www\conger8\app\Controllers\Login.php(47): CodeIgniter\BaseModel->first()
#7 C:\laragon\www\conger8\system\CodeIgniter.php(934): App\Controllers\Login->index()
#8 C:\laragon\www\conger8\system\CodeIgniter.php(499): CodeIgniter\CodeIgniter->runController(Object(App\Controllers\Login))
#9 C:\laragon\www\conger8\system\CodeIgniter.php(368): CodeIgniter\CodeIgniter->handleRequest(NULL, Object(Config\Cache), false)
#10 C:\laragon\www\conger8\public\index.php(67): CodeIgniter\CodeIgniter->run()
#11 C:\laragon\www\conger8\system\Commands\Server\rewrite.php(47): require_once('C:\\laragon\\www\\...')
#12 {main}
CRITICAL - 2024-11-03 10:31:20 --> Table 'congreg8_development.bugbugusers' doesn't exist
in SYSTEMPATH\Database\BaseConnection.php on line 645.
 1 SYSTEMPATH\Database\BaseBuilder.php(1616): CodeIgniter\Database\BaseConnection->query('SELECT *
FROM `bugbugusers`
WHERE `email` = :email:
 LIMIT 1', [...], false)
 2 SYSTEMPATH\Model.php(268): CodeIgniter\Database\BaseBuilder->get()
 3 SYSTEMPATH\BaseModel.php(656): CodeIgniter\Model->doFirst()
 4 APPPATH\Controllers\Login.php(47): CodeIgniter\BaseModel->first()
 5 SYSTEMPATH\CodeIgniter.php(934): App\Controllers\Login->index()
 6 SYSTEMPATH\CodeIgniter.php(499): CodeIgniter\CodeIgniter->runController(Object(App\Controllers\Login))
 7 SYSTEMPATH\CodeIgniter.php(368): CodeIgniter\CodeIgniter->handleRequest(null, Object(Config\Cache), false)
 8 FCPATH\index.php(67): CodeIgniter\CodeIgniter->run()
 9 SYSTEMPATH\Commands\Server\rewrite.php(47): require_once('FCPATH\\index.php')
INFO - 2024-11-03 10:32:22 --> Session: Class initialized using 'CodeIgniter\Session\Handlers\FileHandler' driver.
ERROR - 2024-11-03 10:32:23 --> mysqli_sql_exception: Table 'congreg8_development.bugbugusers' doesn't exist in C:\laragon\www\conger8\system\Database\MySQLi\Connection.php:295
Stack trace:
#0 C:\laragon\www\conger8\system\Database\MySQLi\Connection.php(295): mysqli->query('SELECT *\nFROM `...', 0)
#1 C:\laragon\www\conger8\system\Database\BaseConnection.php(691): CodeIgniter\Database\MySQLi\Connection->execute('SELECT *\nFROM `...')
#2 C:\laragon\www\conger8\system\Database\BaseConnection.php(605): CodeIgniter\Database\BaseConnection->simpleQuery('SELECT *\nFROM `...')
#3 C:\laragon\www\conger8\system\Database\BaseBuilder.php(1616): CodeIgniter\Database\BaseConnection->query('SELECT *\nFROM `...', Array, false)
#4 C:\laragon\www\conger8\system\Model.php(268): CodeIgniter\Database\BaseBuilder->get()
#5 C:\laragon\www\conger8\system\BaseModel.php(656): CodeIgniter\Model->doFirst()
#6 C:\laragon\www\conger8\app\Controllers\Login.php(47): CodeIgniter\BaseModel->first()
#7 C:\laragon\www\conger8\system\CodeIgniter.php(934): App\Controllers\Login->index()
#8 C:\laragon\www\conger8\system\CodeIgniter.php(499): CodeIgniter\CodeIgniter->runController(Object(App\Controllers\Login))
#9 C:\laragon\www\conger8\system\CodeIgniter.php(368): CodeIgniter\CodeIgniter->handleRequest(NULL, Object(Config\Cache), false)
#10 C:\laragon\www\conger8\public\index.php(67): CodeIgniter\CodeIgniter->run()
#11 C:\laragon\www\conger8\system\Commands\Server\rewrite.php(47): require_once('C:\\laragon\\www\\...')
#12 {main}
CRITICAL - 2024-11-03 10:32:23 --> Table 'congreg8_development.bugbugusers' doesn't exist
in SYSTEMPATH\Database\BaseConnection.php on line 645.
 1 SYSTEMPATH\Database\BaseBuilder.php(1616): CodeIgniter\Database\BaseConnection->query('SELECT *
FROM `bugbugusers`
WHERE `email` = :email:
 LIMIT 1', [...], false)
 2 SYSTEMPATH\Model.php(268): CodeIgniter\Database\BaseBuilder->get()
 3 SYSTEMPATH\BaseModel.php(656): CodeIgniter\Model->doFirst()
 4 APPPATH\Controllers\Login.php(47): CodeIgniter\BaseModel->first()
 5 SYSTEMPATH\CodeIgniter.php(934): App\Controllers\Login->index()
 6 SYSTEMPATH\CodeIgniter.php(499): CodeIgniter\CodeIgniter->runController(Object(App\Controllers\Login))
 7 SYSTEMPATH\CodeIgniter.php(368): CodeIgniter\CodeIgniter->handleRequest(null, Object(Config\Cache), false)
 8 FCPATH\index.php(67): CodeIgniter\CodeIgniter->run()
 9 SYSTEMPATH\Commands\Server\rewrite.php(47): require_once('FCPATH\\index.php')
INFO - 2024-11-03 10:33:20 --> Session: Class initialized using 'CodeIgniter\Session\Handlers\FileHandler' driver.
ERROR - 2024-11-03 10:33:21 --> mysqli_sql_exception: Table 'congreg8_development.bugbugusers' doesn't exist in C:\laragon\www\conger8\system\Database\MySQLi\Connection.php:295
Stack trace:
#0 C:\laragon\www\conger8\system\Database\MySQLi\Connection.php(295): mysqli->query('SELECT *\nFROM `...', 0)
#1 C:\laragon\www\conger8\system\Database\BaseConnection.php(691): CodeIgniter\Database\MySQLi\Connection->execute('SELECT *\nFROM `...')
#2 C:\laragon\www\conger8\system\Database\BaseConnection.php(605): CodeIgniter\Database\BaseConnection->simpleQuery('SELECT *\nFROM `...')
#3 C:\laragon\www\conger8\system\Database\BaseBuilder.php(1616): CodeIgniter\Database\BaseConnection->query('SELECT *\nFROM `...', Array, false)
#4 C:\laragon\www\conger8\system\Model.php(268): CodeIgniter\Database\BaseBuilder->get()
#5 C:\laragon\www\conger8\system\BaseModel.php(656): CodeIgniter\Model->doFirst()
#6 C:\laragon\www\conger8\app\Controllers\Login.php(47): CodeIgniter\BaseModel->first()
#7 C:\laragon\www\conger8\system\CodeIgniter.php(934): App\Controllers\Login->index()
#8 C:\laragon\www\conger8\system\CodeIgniter.php(499): CodeIgniter\CodeIgniter->runController(Object(App\Controllers\Login))
#9 C:\laragon\www\conger8\system\CodeIgniter.php(368): CodeIgniter\CodeIgniter->handleRequest(NULL, Object(Config\Cache), false)
#10 C:\laragon\www\conger8\public\index.php(67): CodeIgniter\CodeIgniter->run()
#11 C:\laragon\www\conger8\system\Commands\Server\rewrite.php(47): require_once('C:\\laragon\\www\\...')
#12 {main}
CRITICAL - 2024-11-03 10:33:21 --> Table 'congreg8_development.bugbugusers' doesn't exist
in SYSTEMPATH\Database\BaseConnection.php on line 645.
 1 SYSTEMPATH\Database\BaseBuilder.php(1616): CodeIgniter\Database\BaseConnection->query('SELECT *
FROM `bugbugusers`
WHERE `email` = :email:
 LIMIT 1', [...], false)
 2 SYSTEMPATH\Model.php(268): CodeIgniter\Database\BaseBuilder->get()
 3 SYSTEMPATH\BaseModel.php(656): CodeIgniter\Model->doFirst()
 4 APPPATH\Controllers\Login.php(47): CodeIgniter\BaseModel->first()
 5 SYSTEMPATH\CodeIgniter.php(934): App\Controllers\Login->index()
 6 SYSTEMPATH\CodeIgniter.php(499): CodeIgniter\CodeIgniter->runController(Object(App\Controllers\Login))
 7 SYSTEMPATH\CodeIgniter.php(368): CodeIgniter\CodeIgniter->handleRequest(null, Object(Config\Cache), false)
 8 FCPATH\index.php(67): CodeIgniter\CodeIgniter->run()
 9 SYSTEMPATH\Commands\Server\rewrite.php(47): require_once('FCPATH\\index.php')
INFO - 2024-11-03 10:34:35 --> Session: Class initialized using 'CodeIgniter\Session\Handlers\FileHandler' driver.
ERROR - 2024-11-03 10:34:38 --> mysqli_sql_exception: Table 'congreg8_development.bugbugusers' doesn't exist in C:\laragon\www\conger8\system\Database\MySQLi\Connection.php:295
Stack trace:
#0 C:\laragon\www\conger8\system\Database\MySQLi\Connection.php(295): mysqli->query('SELECT *\nFROM `...', 0)
#1 C:\laragon\www\conger8\system\Database\BaseConnection.php(691): CodeIgniter\Database\MySQLi\Connection->execute('SELECT *\nFROM `...')
#2 C:\laragon\www\conger8\system\Database\BaseConnection.php(605): CodeIgniter\Database\BaseConnection->simpleQuery('SELECT *\nFROM `...')
#3 C:\laragon\www\conger8\system\Database\BaseBuilder.php(1616): CodeIgniter\Database\BaseConnection->query('SELECT *\nFROM `...', Array, false)
#4 C:\laragon\www\conger8\system\Model.php(268): CodeIgniter\Database\BaseBuilder->get()
#5 C:\laragon\www\conger8\system\BaseModel.php(656): CodeIgniter\Model->doFirst()
#6 C:\laragon\www\conger8\app\Controllers\Login.php(47): CodeIgniter\BaseModel->first()
#7 C:\laragon\www\conger8\system\CodeIgniter.php(934): App\Controllers\Login->index()
#8 C:\laragon\www\conger8\system\CodeIgniter.php(499): CodeIgniter\CodeIgniter->runController(Object(App\Controllers\Login))
#9 C:\laragon\www\conger8\system\CodeIgniter.php(368): CodeIgniter\CodeIgniter->handleRequest(NULL, Object(Config\Cache), false)
#10 C:\laragon\www\conger8\public\index.php(67): CodeIgniter\CodeIgniter->run()
#11 C:\laragon\www\conger8\system\Commands\Server\rewrite.php(47): require_once('C:\\laragon\\www\\...')
#12 {main}
CRITICAL - 2024-11-03 10:34:38 --> Table 'congreg8_development.bugbugusers' doesn't exist
in SYSTEMPATH\Database\BaseConnection.php on line 645.
 1 SYSTEMPATH\Database\BaseBuilder.php(1616): CodeIgniter\Database\BaseConnection->query('SELECT *
FROM `bugbugusers`
WHERE `email` = :email:
 LIMIT 1', [...], false)
 2 SYSTEMPATH\Model.php(268): CodeIgniter\Database\BaseBuilder->get()
 3 SYSTEMPATH\BaseModel.php(656): CodeIgniter\Model->doFirst()
 4 APPPATH\Controllers\Login.php(47): CodeIgniter\BaseModel->first()
 5 SYSTEMPATH\CodeIgniter.php(934): App\Controllers\Login->index()
 6 SYSTEMPATH\CodeIgniter.php(499): CodeIgniter\CodeIgniter->runController(Object(App\Controllers\Login))
 7 SYSTEMPATH\CodeIgniter.php(368): CodeIgniter\CodeIgniter->handleRequest(null, Object(Config\Cache), false)
 8 FCPATH\index.php(67): CodeIgniter\CodeIgniter->run()
 9 SYSTEMPATH\Commands\Server\rewrite.php(47): require_once('FCPATH\\index.php')
INFO - 2024-11-03 10:34:55 --> Session: Class initialized using 'CodeIgniter\Session\Handlers\FileHandler' driver.
ERROR - 2024-11-03 10:34:57 --> mysqli_sql_exception: Table 'congreg8_development.bugbugusers' doesn't exist in C:\laragon\www\conger8\system\Database\MySQLi\Connection.php:295
Stack trace:
#0 C:\laragon\www\conger8\system\Database\MySQLi\Connection.php(295): mysqli->query('SELECT *\nFROM `...', 0)
#1 C:\laragon\www\conger8\system\Database\BaseConnection.php(691): CodeIgniter\Database\MySQLi\Connection->execute('SELECT *\nFROM `...')
#2 C:\laragon\www\conger8\system\Database\BaseConnection.php(605): CodeIgniter\Database\BaseConnection->simpleQuery('SELECT *\nFROM `...')
#3 C:\laragon\www\conger8\system\Database\BaseBuilder.php(1616): CodeIgniter\Database\BaseConnection->query('SELECT *\nFROM `...', Array, false)
#4 C:\laragon\www\conger8\system\Model.php(268): CodeIgniter\Database\BaseBuilder->get()
#5 C:\laragon\www\conger8\system\BaseModel.php(656): CodeIgniter\Model->doFirst()
#6 C:\laragon\www\conger8\app\Controllers\Login.php(47): CodeIgniter\BaseModel->first()
#7 C:\laragon\www\conger8\system\CodeIgniter.php(934): App\Controllers\Login->index()
#8 C:\laragon\www\conger8\system\CodeIgniter.php(499): CodeIgniter\CodeIgniter->runController(Object(App\Controllers\Login))
#9 C:\laragon\www\conger8\system\CodeIgniter.php(368): CodeIgniter\CodeIgniter->handleRequest(NULL, Object(Config\Cache), false)
#10 C:\laragon\www\conger8\public\index.php(67): CodeIgniter\CodeIgniter->run()
#11 C:\laragon\www\conger8\system\Commands\Server\rewrite.php(47): require_once('C:\\laragon\\www\\...')
#12 {main}
CRITICAL - 2024-11-03 10:34:57 --> Table 'congreg8_development.bugbugusers' doesn't exist
in SYSTEMPATH\Database\BaseConnection.php on line 645.
 1 SYSTEMPATH\Database\BaseBuilder.php(1616): CodeIgniter\Database\BaseConnection->query('SELECT *
FROM `bugbugusers`
WHERE `email` = :email:
 LIMIT 1', [...], false)
 2 SYSTEMPATH\Model.php(268): CodeIgniter\Database\BaseBuilder->get()
 3 SYSTEMPATH\BaseModel.php(656): CodeIgniter\Model->doFirst()
 4 APPPATH\Controllers\Login.php(47): CodeIgniter\BaseModel->first()
 5 SYSTEMPATH\CodeIgniter.php(934): App\Controllers\Login->index()
 6 SYSTEMPATH\CodeIgniter.php(499): CodeIgniter\CodeIgniter->runController(Object(App\Controllers\Login))
 7 SYSTEMPATH\CodeIgniter.php(368): CodeIgniter\CodeIgniter->handleRequest(null, Object(Config\Cache), false)
 8 FCPATH\index.php(67): CodeIgniter\CodeIgniter->run()
 9 SYSTEMPATH\Commands\Server\rewrite.php(47): require_once('FCPATH\\index.php')
ERROR - 2024-11-03 10:41:57 --> mysqli_sql_exception: Table 'congreg8_development.bugbugusers' doesn't exist in C:\laragon\www\conger8\system\Database\MySQLi\Connection.php:295
Stack trace:
#0 C:\laragon\www\conger8\system\Database\MySQLi\Connection.php(295): mysqli->query('SELECT *\nFROM `...', 0)
#1 C:\laragon\www\conger8\system\Database\BaseConnection.php(691): CodeIgniter\Database\MySQLi\Connection->execute('SELECT *\nFROM `...')
#2 C:\laragon\www\conger8\system\Database\BaseConnection.php(605): CodeIgniter\Database\BaseConnection->simpleQuery('SELECT *\nFROM `...')
#3 C:\laragon\www\conger8\system\Database\BaseBuilder.php(1616): CodeIgniter\Database\BaseConnection->query('SELECT *\nFROM `...', Array, false)
#4 C:\laragon\www\conger8\app\Controllers\Login.php(36): CodeIgniter\Database\BaseBuilder->get()
#5 C:\laragon\www\conger8\system\CodeIgniter.php(934): App\Controllers\Login->index()
#6 C:\laragon\www\conger8\system\CodeIgniter.php(499): CodeIgniter\CodeIgniter->runController(Object(App\Controllers\Login))
#7 C:\laragon\www\conger8\system\CodeIgniter.php(368): CodeIgniter\CodeIgniter->handleRequest(NULL, Object(Config\Cache), false)
#8 C:\laragon\www\conger8\public\index.php(67): CodeIgniter\CodeIgniter->run()
#9 C:\laragon\www\conger8\system\Commands\Server\rewrite.php(47): require_once('C:\\laragon\\www\\...')
#10 {main}
CRITICAL - 2024-11-03 10:41:57 --> Table 'congreg8_development.bugbugusers' doesn't exist
in SYSTEMPATH\Database\BaseConnection.php on line 645.
 1 SYSTEMPATH\Database\BaseBuilder.php(1616): CodeIgniter\Database\BaseConnection->query('SELECT *
FROM `bugbugusers`', [], false)
 2 APPPATH\Controllers\Login.php(36): CodeIgniter\Database\BaseBuilder->get()
 3 SYSTEMPATH\CodeIgniter.php(934): App\Controllers\Login->index()
 4 SYSTEMPATH\CodeIgniter.php(499): CodeIgniter\CodeIgniter->runController(Object(App\Controllers\Login))
 5 SYSTEMPATH\CodeIgniter.php(368): CodeIgniter\CodeIgniter->handleRequest(null, Object(Config\Cache), false)
 6 FCPATH\index.php(67): CodeIgniter\CodeIgniter->run()
 7 SYSTEMPATH\Commands\Server\rewrite.php(47): require_once('FCPATH\\index.php')
ERROR - 2024-11-03 10:43:34 --> Error connecting to the database: ErrorException: mysqli::real_connect(): php_network_getaddresses: getaddrinfo for sdasdasd failed: No such host is known.  in C:\laragon\www\conger8\system\Database\MySQLi\Connection.php:173
Stack trace:
#0 [internal function]: CodeIgniter\Debug\Exceptions->errorHandler(2, 'mysqli::real_co...', 'C:\\laragon\\www\\...', 173)
#1 C:\laragon\www\conger8\system\Database\MySQLi\Connection.php(173): mysqli->real_connect('sdasdasd', 'asdasdsada', Object(SensitiveParameterValue), 'sdasfsdf', 3306, '', 0)
#2 C:\laragon\www\conger8\system\Database\BaseConnection.php(391): CodeIgniter\Database\MySQLi\Connection->connect(false)
#3 C:\laragon\www\conger8\system\Database\BaseConnection.php(573): CodeIgniter\Database\BaseConnection->initialize()
#4 C:\laragon\www\conger8\system\Database\BaseBuilder.php(1616): CodeIgniter\Database\BaseConnection->query('SELECT *\nFROM `...', Array, false)
#5 C:\laragon\www\conger8\app\Controllers\Login.php(36): CodeIgniter\Database\BaseBuilder->get()
#6 C:\laragon\www\conger8\system\CodeIgniter.php(934): App\Controllers\Login->index()
#7 C:\laragon\www\conger8\system\CodeIgniter.php(499): CodeIgniter\CodeIgniter->runController(Object(App\Controllers\Login))
#8 C:\laragon\www\conger8\system\CodeIgniter.php(368): CodeIgniter\CodeIgniter->handleRequest(NULL, Object(Config\Cache), false)
#9 C:\laragon\www\conger8\public\index.php(67): CodeIgniter\CodeIgniter->run()
#10 C:\laragon\www\conger8\system\Commands\Server\rewrite.php(47): require_once('C:\\laragon\\www\\...')
#11 {main}

Next mysqli_sql_exception: php_network_getaddresses: getaddrinfo for sdasdasd failed: No such host is known.  in C:\laragon\www\conger8\system\Database\MySQLi\Connection.php:173
Stack trace:
#0 C:\laragon\www\conger8\system\Database\MySQLi\Connection.php(173): mysqli->real_connect('sdasdasd', 'asdasdsada', Object(SensitiveParameterValue), 'sdasfsdf', 3306, '', 0)
#1 C:\laragon\www\conger8\system\Database\BaseConnection.php(391): CodeIgniter\Database\MySQLi\Connection->connect(false)
#2 C:\laragon\www\conger8\system\Database\BaseConnection.php(573): CodeIgniter\Database\BaseConnection->initialize()
#3 C:\laragon\www\conger8\system\Database\BaseBuilder.php(1616): CodeIgniter\Database\BaseConnection->query('SELECT *\nFROM `...', Array, false)
#4 C:\laragon\www\conger8\app\Controllers\Login.php(36): CodeIgniter\Database\BaseBuilder->get()
#5 C:\laragon\www\conger8\system\CodeIgniter.php(934): App\Controllers\Login->index()
#6 C:\laragon\www\conger8\system\CodeIgniter.php(499): CodeIgniter\CodeIgniter->runController(Object(App\Controllers\Login))
#7 C:\laragon\www\conger8\system\CodeIgniter.php(368): CodeIgniter\CodeIgniter->handleRequest(NULL, Object(Config\Cache), false)
#8 C:\laragon\www\conger8\public\index.php(67): CodeIgniter\CodeIgniter->run()
#9 C:\laragon\www\conger8\system\Commands\Server\rewrite.php(47): require_once('C:\\laragon\\www\\...')
#10 {main}

Next CodeIgniter\Database\Exceptions\DatabaseException: php_network_getaddresses: getaddrinfo for sdasdasd failed: No such host is known.  in C:\laragon\www\conger8\system\Database\MySQLi\Connection.php:218
Stack trace:
#0 C:\laragon\www\conger8\system\Database\BaseConnection.php(391): CodeIgniter\Database\MySQLi\Connection->connect(false)
#1 C:\laragon\www\conger8\system\Database\BaseConnection.php(573): CodeIgniter\Database\BaseConnection->initialize()
#2 C:\laragon\www\conger8\system\Database\BaseBuilder.php(1616): CodeIgniter\Database\BaseConnection->query('SELECT *\nFROM `...', Array, false)
#3 C:\laragon\www\conger8\app\Controllers\Login.php(36): CodeIgniter\Database\BaseBuilder->get()
#4 C:\laragon\www\conger8\system\CodeIgniter.php(934): App\Controllers\Login->index()
#5 C:\laragon\www\conger8\system\CodeIgniter.php(499): CodeIgniter\CodeIgniter->runController(Object(App\Controllers\Login))
#6 C:\laragon\www\conger8\system\CodeIgniter.php(368): CodeIgniter\CodeIgniter->handleRequest(NULL, Object(Config\Cache), false)
#7 C:\laragon\www\conger8\public\index.php(67): CodeIgniter\CodeIgniter->run()
#8 C:\laragon\www\conger8\system\Commands\Server\rewrite.php(47): require_once('C:\\laragon\\www\\...')
#9 {main}
CRITICAL - 2024-11-03 10:43:34 --> Unable to connect to the database.
Main connection [MySQLi]: php_network_getaddresses: getaddrinfo for sdasdasd failed: No such host is known. 
in SYSTEMPATH\Database\BaseConnection.php on line 427.
 1 SYSTEMPATH\Database\BaseConnection.php(573): CodeIgniter\Database\BaseConnection->initialize()
 2 SYSTEMPATH\Database\BaseBuilder.php(1616): CodeIgniter\Database\BaseConnection->query('SELECT *
FROM `users`', [], false)
 3 APPPATH\Controllers\Login.php(36): CodeIgniter\Database\BaseBuilder->get()
 4 SYSTEMPATH\CodeIgniter.php(934): App\Controllers\Login->index()
 5 SYSTEMPATH\CodeIgniter.php(499): CodeIgniter\CodeIgniter->runController(Object(App\Controllers\Login))
 6 SYSTEMPATH\CodeIgniter.php(368): CodeIgniter\CodeIgniter->handleRequest(null, Object(Config\Cache), false)
 7 FCPATH\index.php(67): CodeIgniter\CodeIgniter->run()
 8 SYSTEMPATH\Commands\Server\rewrite.php(47): require_once('FCPATH\\index.php')
ERROR - 2024-11-03 10:44:05 --> Error connecting to the database: mysqli_sql_exception: Access denied for user 'asdasdsada'@'localhost' (using password: YES) in C:\laragon\www\conger8\system\Database\MySQLi\Connection.php:173
Stack trace:
#0 C:\laragon\www\conger8\system\Database\MySQLi\Connection.php(173): mysqli->real_connect('localhost', 'asdasdsada', Object(SensitiveParameterValue), 'sdasfsdf123', 3306, '', 0)
#1 C:\laragon\www\conger8\system\Database\BaseConnection.php(391): CodeIgniter\Database\MySQLi\Connection->connect(false)
#2 C:\laragon\www\conger8\system\Database\BaseConnection.php(573): CodeIgniter\Database\BaseConnection->initialize()
#3 C:\laragon\www\conger8\system\Database\BaseBuilder.php(1616): CodeIgniter\Database\BaseConnection->query('SELECT *\nFROM `...', Array, false)
#4 C:\laragon\www\conger8\app\Controllers\Login.php(36): CodeIgniter\Database\BaseBuilder->get()
#5 C:\laragon\www\conger8\system\CodeIgniter.php(934): App\Controllers\Login->index()
#6 C:\laragon\www\conger8\system\CodeIgniter.php(499): CodeIgniter\CodeIgniter->runController(Object(App\Controllers\Login))
#7 C:\laragon\www\conger8\system\CodeIgniter.php(368): CodeIgniter\CodeIgniter->handleRequest(NULL, Object(Config\Cache), false)
#8 C:\laragon\www\conger8\public\index.php(67): CodeIgniter\CodeIgniter->run()
#9 C:\laragon\www\conger8\system\Commands\Server\rewrite.php(47): require_once('C:\\laragon\\www\\...')
#10 {main}

Next CodeIgniter\Database\Exceptions\DatabaseException: Access denied for user '****'@'localhost' (using password: YES) in C:\laragon\www\conger8\system\Database\MySQLi\Connection.php:218
Stack trace:
#0 C:\laragon\www\conger8\system\Database\BaseConnection.php(391): CodeIgniter\Database\MySQLi\Connection->connect(false)
#1 C:\laragon\www\conger8\system\Database\BaseConnection.php(573): CodeIgniter\Database\BaseConnection->initialize()
#2 C:\laragon\www\conger8\system\Database\BaseBuilder.php(1616): CodeIgniter\Database\BaseConnection->query('SELECT *\nFROM `...', Array, false)
#3 C:\laragon\www\conger8\app\Controllers\Login.php(36): CodeIgniter\Database\BaseBuilder->get()
#4 C:\laragon\www\conger8\system\CodeIgniter.php(934): App\Controllers\Login->index()
#5 C:\laragon\www\conger8\system\CodeIgniter.php(499): CodeIgniter\CodeIgniter->runController(Object(App\Controllers\Login))
#6 C:\laragon\www\conger8\system\CodeIgniter.php(368): CodeIgniter\CodeIgniter->handleRequest(NULL, Object(Config\Cache), false)
#7 C:\laragon\www\conger8\public\index.php(67): CodeIgniter\CodeIgniter->run()
#8 C:\laragon\www\conger8\system\Commands\Server\rewrite.php(47): require_once('C:\\laragon\\www\\...')
#9 {main}
CRITICAL - 2024-11-03 10:44:05 --> Unable to connect to the database.
Main connection [MySQLi]: Access denied for user '****'@'localhost' (using password: YES)
in SYSTEMPATH\Database\BaseConnection.php on line 427.
 1 SYSTEMPATH\Database\BaseConnection.php(573): CodeIgniter\Database\BaseConnection->initialize()
 2 SYSTEMPATH\Database\BaseBuilder.php(1616): CodeIgniter\Database\BaseConnection->query('SELECT *
FROM `users`', [], false)
 3 APPPATH\Controllers\Login.php(36): CodeIgniter\Database\BaseBuilder->get()
 4 SYSTEMPATH\CodeIgniter.php(934): App\Controllers\Login->index()
 5 SYSTEMPATH\CodeIgniter.php(499): CodeIgniter\CodeIgniter->runController(Object(App\Controllers\Login))
 6 SYSTEMPATH\CodeIgniter.php(368): CodeIgniter\CodeIgniter->handleRequest(null, Object(Config\Cache), false)
 7 FCPATH\index.php(67): CodeIgniter\CodeIgniter->run()
 8 SYSTEMPATH\Commands\Server\rewrite.php(47): require_once('FCPATH\\index.php')
ERROR - 2024-11-03 10:44:23 --> Error connecting to the database: mysqli_sql_exception: Unknown database 'sdasfsdf123' in C:\laragon\www\conger8\system\Database\MySQLi\Connection.php:173
Stack trace:
#0 C:\laragon\www\conger8\system\Database\MySQLi\Connection.php(173): mysqli->real_connect('localhost', 'root', Object(SensitiveParameterValue), 'sdasfsdf123', 3306, '', 0)
#1 C:\laragon\www\conger8\system\Database\BaseConnection.php(391): CodeIgniter\Database\MySQLi\Connection->connect(false)
#2 C:\laragon\www\conger8\system\Database\BaseConnection.php(573): CodeIgniter\Database\BaseConnection->initialize()
#3 C:\laragon\www\conger8\system\Database\BaseBuilder.php(1616): CodeIgniter\Database\BaseConnection->query('SELECT *\nFROM `...', Array, false)
#4 C:\laragon\www\conger8\app\Controllers\Login.php(36): CodeIgniter\Database\BaseBuilder->get()
#5 C:\laragon\www\conger8\system\CodeIgniter.php(934): App\Controllers\Login->index()
#6 C:\laragon\www\conger8\system\CodeIgniter.php(499): CodeIgniter\CodeIgniter->runController(Object(App\Controllers\Login))
#7 C:\laragon\www\conger8\system\CodeIgniter.php(368): CodeIgniter\CodeIgniter->handleRequest(NULL, Object(Config\Cache), false)
#8 C:\laragon\www\conger8\public\index.php(67): CodeIgniter\CodeIgniter->run()
#9 C:\laragon\www\conger8\system\Commands\Server\rewrite.php(47): require_once('C:\\laragon\\www\\...')
#10 {main}

Next CodeIgniter\Database\Exceptions\DatabaseException: Unknown database 'sdasfsdf123' in C:\laragon\www\conger8\system\Database\MySQLi\Connection.php:218
Stack trace:
#0 C:\laragon\www\conger8\system\Database\BaseConnection.php(391): CodeIgniter\Database\MySQLi\Connection->connect(false)
#1 C:\laragon\www\conger8\system\Database\BaseConnection.php(573): CodeIgniter\Database\BaseConnection->initialize()
#2 C:\laragon\www\conger8\system\Database\BaseBuilder.php(1616): CodeIgniter\Database\BaseConnection->query('SELECT *\nFROM `...', Array, false)
#3 C:\laragon\www\conger8\app\Controllers\Login.php(36): CodeIgniter\Database\BaseBuilder->get()
#4 C:\laragon\www\conger8\system\CodeIgniter.php(934): App\Controllers\Login->index()
#5 C:\laragon\www\conger8\system\CodeIgniter.php(499): CodeIgniter\CodeIgniter->runController(Object(App\Controllers\Login))
#6 C:\laragon\www\conger8\system\CodeIgniter.php(368): CodeIgniter\CodeIgniter->handleRequest(NULL, Object(Config\Cache), false)
#7 C:\laragon\www\conger8\public\index.php(67): CodeIgniter\CodeIgniter->run()
#8 C:\laragon\www\conger8\system\Commands\Server\rewrite.php(47): require_once('C:\\laragon\\www\\...')
#9 {main}
CRITICAL - 2024-11-03 10:44:23 --> Unable to connect to the database.
Main connection [MySQLi]: Unknown database 'sdasfsdf123'
in SYSTEMPATH\Database\BaseConnection.php on line 427.
 1 SYSTEMPATH\Database\BaseConnection.php(573): CodeIgniter\Database\BaseConnection->initialize()
 2 SYSTEMPATH\Database\BaseBuilder.php(1616): CodeIgniter\Database\BaseConnection->query('SELECT *
FROM `users`', [], false)
 3 APPPATH\Controllers\Login.php(36): CodeIgniter\Database\BaseBuilder->get()
 4 SYSTEMPATH\CodeIgniter.php(934): App\Controllers\Login->index()
 5 SYSTEMPATH\CodeIgniter.php(499): CodeIgniter\CodeIgniter->runController(Object(App\Controllers\Login))
 6 SYSTEMPATH\CodeIgniter.php(368): CodeIgniter\CodeIgniter->handleRequest(null, Object(Config\Cache), false)
 7 FCPATH\index.php(67): CodeIgniter\CodeIgniter->run()
 8 SYSTEMPATH\Commands\Server\rewrite.php(47): require_once('FCPATH\\index.php')
INFO - 2024-11-03 10:46:29 --> Session: Class initialized using 'CodeIgniter\Session\Handlers\FileHandler' driver.
INFO - 2024-11-03 10:46:39 --> Session: Class initialized using 'CodeIgniter\Session\Handlers\FileHandler' driver.
INFO - 2024-11-03 10:47:14 --> Session: Class initialized using 'CodeIgniter\Session\Handlers\FileHandler' driver.
INFO - 2024-11-03 10:47:14 --> Session: Class initialized using 'CodeIgniter\Session\Handlers\FileHandler' driver.
INFO - 2024-11-03 10:47:32 --> Session: Class initialized using 'CodeIgniter\Session\Handlers\FileHandler' driver.
INFO - 2024-11-03 10:53:13 --> Session: Class initialized using 'CodeIgniter\Session\Handlers\FileHandler' driver.
INFO - 2024-11-03 10:53:23 --> Session: Class initialized using 'CodeIgniter\Session\Handlers\FileHandler' driver.
INFO - 2024-11-03 10:53:41 --> Session: Class initialized using 'CodeIgniter\Session\Handlers\FileHandler' driver.
INFO - 2024-11-03 10:55:26 --> Session: Class initialized using 'CodeIgniter\Session\Handlers\FileHandler' driver.
INFO - 2024-11-03 10:55:46 --> Session: Class initialized using 'CodeIgniter\Session\Handlers\FileHandler' driver.
INFO - 2024-11-03 10:56:55 --> Session: Class initialized using 'CodeIgniter\Session\Handlers\FileHandler' driver.
INFO - 2024-11-03 10:56:59 --> Session: Class initialized using 'CodeIgniter\Session\Handlers\FileHandler' driver.
INFO - 2024-11-03 10:57:55 --> Session: Class initialized using 'CodeIgniter\Session\Handlers\FileHandler' driver.
INFO - 2024-11-03 11:00:06 --> Session: Class initialized using 'CodeIgniter\Session\Handlers\FileHandler' driver.
INFO - 2024-11-03 11:00:43 --> Session: Class initialized using 'CodeIgniter\Session\Handlers\FileHandler' driver.
INFO - 2024-11-03 11:00:46 --> Session: Class initialized using 'CodeIgniter\Session\Handlers\FileHandler' driver.
INFO - 2024-11-03 11:00:51 --> Session: Class initialized using 'CodeIgniter\Session\Handlers\FileHandler' driver.
INFO - 2024-11-03 11:00:53 --> Session: Class initialized using 'CodeIgniter\Session\Handlers\FileHandler' driver.
INFO - 2024-11-03 11:01:04 --> Session: Class initialized using 'CodeIgniter\Session\Handlers\FileHandler' driver.
INFO - 2024-11-03 11:01:27 --> Session: Class initialized using 'CodeIgniter\Session\Handlers\FileHandler' driver.
INFO - 2024-11-03 11:01:35 --> Session: Class initialized using 'CodeIgniter\Session\Handlers\FileHandler' driver.
INFO - 2024-11-03 11:01:43 --> Session: Class initialized using 'CodeIgniter\Session\Handlers\FileHandler' driver.
INFO - 2024-11-03 11:01:44 --> Session: Class initialized using 'CodeIgniter\Session\Handlers\FileHandler' driver.
INFO - 2024-11-03 11:02:44 --> Session: Class initialized using 'CodeIgniter\Session\Handlers\FileHandler' driver.
INFO - 2024-11-03 11:02:49 --> Session: Class initialized using 'CodeIgniter\Session\Handlers\FileHandler' driver.
INFO - 2024-11-03 11:02:54 --> Session: Class initialized using 'CodeIgniter\Session\Handlers\FileHandler' driver.
INFO - 2024-11-03 11:05:24 --> Session: Class initialized using 'CodeIgniter\Session\Handlers\FileHandler' driver.
INFO - 2024-11-03 11:05:25 --> Session: Class initialized using 'CodeIgniter\Session\Handlers\FileHandler' driver.
INFO - 2024-11-03 11:05:59 --> Session: Class initialized using 'CodeIgniter\Session\Handlers\FileHandler' driver.
INFO - 2024-11-03 11:06:59 --> Session: Class initialized using 'CodeIgniter\Session\Handlers\FileHandler' driver.
INFO - 2024-11-03 11:20:54 --> Session: Class initialized using 'CodeIgniter\Session\Handlers\FileHandler' driver.
INFO - 2024-11-03 11:21:18 --> Session: Class initialized using 'CodeIgniter\Session\Handlers\FileHandler' driver.
INFO - 2024-11-03 11:21:40 --> Session: Class initialized using 'CodeIgniter\Session\Handlers\FileHandler' driver.
INFO - 2024-11-03 11:21:58 --> Session: Class initialized using 'CodeIgniter\Session\Handlers\FileHandler' driver.
INFO - 2024-11-03 11:22:00 --> Session: Class initialized using 'CodeIgniter\Session\Handlers\FileHandler' driver.
INFO - 2024-11-03 11:26:09 --> Session: Class initialized using 'CodeIgniter\Session\Handlers\FileHandler' driver.
INFO - 2024-11-03 11:26:19 --> Session: Class initialized using 'CodeIgniter\Session\Handlers\FileHandler' driver.
INFO - 2024-11-03 11:26:42 --> Session: Class initialized using 'CodeIgniter\Session\Handlers\FileHandler' driver.
INFO - 2024-11-03 11:26:42 --> Session: Class initialized using 'CodeIgniter\Session\Handlers\FileHandler' driver.
INFO - 2024-11-03 11:26:48 --> Session: Class initialized using 'CodeIgniter\Session\Handlers\FileHandler' driver.
INFO - 2024-11-03 11:26:48 --> Session: Class initialized using 'CodeIgniter\Session\Handlers\FileHandler' driver.
INFO - 2024-11-03 11:26:48 --> Session: Class initialized using 'CodeIgniter\Session\Handlers\FileHandler' driver.
